[0.019s] Invoking command in '/home/echedey/Desktop/TFG/TFGwebots_ws/build/rtabmap_rviz_plugins': CMAKE_PREFIX_PATH=/home/echedey/Desktop/TFG/TFGwebots_ws/install/rtabmap_conversions:/home/echedey/Desktop/TFG/TFGwebots_ws/install/rtabmap_msgs:/home/echedey/Desktop/TFG/TFGwebots_ws/install/rtabmap_ros:/home/echedey/Desktop/TFG/TFGwebots_ws/install/rtabmap_rviz_plugins:/home/echedey/Desktop/TFG/TFG_ws/install/turtlebot4_simulator:/home/echedey/Desktop/TFG/TFG_ws/install/turtlebot4_gz_bringup:/home/echedey/Desktop/TFG/TFG_ws/install/turtlebot4_gz_toolbox:/home/echedey/Desktop/TFG/TFG_ws/install/turtlebot4_description:/home/echedey/Desktop/TFG/TFG_ws/install/room3:/home/echedey/Desktop/TFG/TFGwebots_ws/install/tb4_sim:/home/echedey/Desktop/TFG/TFGwebots_ws/install/rtabmap_python:/opt/ros/humble LD_LIBRARY_PATH=/home/echedey/Desktop/TFG/TFGwebots_ws/install/rtabmap_conversions/lib:/home/echedey/Desktop/TFG/TFGwebots_ws/install/rtabmap_msgs/lib:/home/echedey/Desktop/TFG/TFGwebots_ws/install/rtabmap_rviz_plugins/lib:/usr/lib/x86_64-linux-gnu/gazebo-11/plugins:/opt/ros/humble/opt/rviz_ogre_vendor/lib:/opt/ros/humble/lib/x86_64-linux-gnu:/opt/ros/humble/lib /usr/bin/cmake --build /home/echedey/Desktop/TFG/TFGwebots_ws/build/rtabmap_rviz_plugins -- -j16 -l16
[0.104s] [ 16%] [34m[1mAutomatic MOC for target rtabmap_rviz_plugins[0m
[0.161s] [ 16%] Built target rtabmap_rviz_plugins_autogen
[0.203s] [35m[1mConsolidate compiler generated dependencies of target rtabmap_rviz_plugins[0m
[0.286s] [100%] Built target rtabmap_rviz_plugins
[0.308s] Invoked command in '/home/echedey/Desktop/TFG/TFGwebots_ws/build/rtabmap_rviz_plugins' returned '0': CMAKE_PREFIX_PATH=/home/echedey/Desktop/TFG/TFGwebots_ws/install/rtabmap_conversions:/home/echedey/Desktop/TFG/TFGwebots_ws/install/rtabmap_msgs:/home/echedey/Desktop/TFG/TFGwebots_ws/install/rtabmap_ros:/home/echedey/Desktop/TFG/TFGwebots_ws/install/rtabmap_rviz_plugins:/home/echedey/Desktop/TFG/TFG_ws/install/turtlebot4_simulator:/home/echedey/Desktop/TFG/TFG_ws/install/turtlebot4_gz_bringup:/home/echedey/Desktop/TFG/TFG_ws/install/turtlebot4_gz_toolbox:/home/echedey/Desktop/TFG/TFG_ws/install/turtlebot4_description:/home/echedey/Desktop/TFG/TFG_ws/install/room3:/home/echedey/Desktop/TFG/TFGwebots_ws/install/tb4_sim:/home/echedey/Desktop/TFG/TFGwebots_ws/install/rtabmap_python:/opt/ros/humble LD_LIBRARY_PATH=/home/echedey/Desktop/TFG/TFGwebots_ws/install/rtabmap_conversions/lib:/home/echedey/Desktop/TFG/TFGwebots_ws/install/rtabmap_msgs/lib:/home/echedey/Desktop/TFG/TFGwebots_ws/install/rtabmap_rviz_plugins/lib:/usr/lib/x86_64-linux-gnu/gazebo-11/plugins:/opt/ros/humble/opt/rviz_ogre_vendor/lib:/opt/ros/humble/lib/x86_64-linux-gnu:/opt/ros/humble/lib /usr/bin/cmake --build /home/echedey/Desktop/TFG/TFGwebots_ws/build/rtabmap_rviz_plugins -- -j16 -l16
[0.314s] Invoking command in '/home/echedey/Desktop/TFG/TFGwebots_ws/build/rtabmap_rviz_plugins': CMAKE_PREFIX_PATH=/home/echedey/Desktop/TFG/TFGwebots_ws/install/rtabmap_conversions:/home/echedey/Desktop/TFG/TFGwebots_ws/install/rtabmap_msgs:/home/echedey/Desktop/TFG/TFGwebots_ws/install/rtabmap_ros:/home/echedey/Desktop/TFG/TFGwebots_ws/install/rtabmap_rviz_plugins:/home/echedey/Desktop/TFG/TFG_ws/install/turtlebot4_simulator:/home/echedey/Desktop/TFG/TFG_ws/install/turtlebot4_gz_bringup:/home/echedey/Desktop/TFG/TFG_ws/install/turtlebot4_gz_toolbox:/home/echedey/Desktop/TFG/TFG_ws/install/turtlebot4_description:/home/echedey/Desktop/TFG/TFG_ws/install/room3:/home/echedey/Desktop/TFG/TFGwebots_ws/install/tb4_sim:/home/echedey/Desktop/TFG/TFGwebots_ws/install/rtabmap_python:/opt/ros/humble LD_LIBRARY_PATH=/home/echedey/Desktop/TFG/TFGwebots_ws/install/rtabmap_conversions/lib:/home/echedey/Desktop/TFG/TFGwebots_ws/install/rtabmap_msgs/lib:/home/echedey/Desktop/TFG/TFGwebots_ws/install/rtabmap_rviz_plugins/lib:/usr/lib/x86_64-linux-gnu/gazebo-11/plugins:/opt/ros/humble/opt/rviz_ogre_vendor/lib:/opt/ros/humble/lib/x86_64-linux-gnu:/opt/ros/humble/lib /usr/bin/cmake --install /home/echedey/Desktop/TFG/TFGwebots_ws/build/rtabmap_rviz_plugins
[0.326s] -- Install configuration: ""
[0.327s] -- Execute custom install script
[0.328s] -- Up-to-date symlink: /home/echedey/Desktop/TFG/TFGwebots_ws/install/rtabmap_rviz_plugins/share/rtabmap_rviz_plugins//rviz_plugins.xml
[0.328s] -- Up-to-date symlink: /home/echedey/Desktop/TFG/TFGwebots_ws/install/rtabmap_rviz_plugins/share/ament_index/resource_index/package_run_dependencies/rtabmap_rviz_plugins
[0.329s] -- Up-to-date symlink: /home/echedey/Desktop/TFG/TFGwebots_ws/install/rtabmap_rviz_plugins/share/ament_index/resource_index/parent_prefix_path/rtabmap_rviz_plugins
[0.330s] -- Up-to-date symlink: /home/echedey/Desktop/TFG/TFGwebots_ws/install/rtabmap_rviz_plugins/share/rtabmap_rviz_plugins/environment/ament_prefix_path.sh
[0.330s] -- Up-to-date symlink: /home/echedey/Desktop/TFG/TFGwebots_ws/install/rtabmap_rviz_plugins/share/rtabmap_rviz_plugins/environment/ament_prefix_path.dsv
[0.330s] -- Up-to-date symlink: /home/echedey/Desktop/TFG/TFGwebots_ws/install/rtabmap_rviz_plugins/share/rtabmap_rviz_plugins/environment/path.sh
[0.331s] -- Up-to-date symlink: /home/echedey/Desktop/TFG/TFGwebots_ws/install/rtabmap_rviz_plugins/share/rtabmap_rviz_plugins/environment/path.dsv
[0.334s] -- Up-to-date symlink: /home/echedey/Desktop/TFG/TFGwebots_ws/install/rtabmap_rviz_plugins/share/rtabmap_rviz_plugins/local_setup.bash
[0.334s] -- Up-to-date symlink: /home/echedey/Desktop/TFG/TFGwebots_ws/install/rtabmap_rviz_plugins/share/rtabmap_rviz_plugins/local_setup.sh
[0.334s] -- Up-to-date symlink: /home/echedey/Desktop/TFG/TFGwebots_ws/install/rtabmap_rviz_plugins/share/rtabmap_rviz_plugins/local_setup.zsh
[0.336s] -- Up-to-date symlink: /home/echedey/Desktop/TFG/TFGwebots_ws/install/rtabmap_rviz_plugins/share/rtabmap_rviz_plugins/local_setup.dsv
[0.336s] -- Symlinking: /home/echedey/Desktop/TFG/TFGwebots_ws/install/rtabmap_rviz_plugins/share/rtabmap_rviz_plugins/package.dsv
[0.352s] -- Up-to-date symlink: /home/echedey/Desktop/TFG/TFGwebots_ws/install/rtabmap_rviz_plugins/share/ament_index/resource_index/packages/rtabmap_rviz_plugins
[0.352s] -- Up-to-date symlink: /home/echedey/Desktop/TFG/TFGwebots_ws/install/rtabmap_rviz_plugins/share/ament_index/resource_index/rviz_common__pluginlib__plugin/rtabmap_rviz_plugins
[0.354s] -- Up-to-date symlink: /home/echedey/Desktop/TFG/TFGwebots_ws/install/rtabmap_rviz_plugins/share/rtabmap_rviz_plugins/cmake/rtabmap_rviz_pluginsConfig.cmake
[0.356s] -- Up-to-date symlink: /home/echedey/Desktop/TFG/TFGwebots_ws/install/rtabmap_rviz_plugins/share/rtabmap_rviz_plugins/cmake/rtabmap_rviz_pluginsConfig-version.cmake
[0.357s] -- Up-to-date symlink: /home/echedey/Desktop/TFG/TFGwebots_ws/install/rtabmap_rviz_plugins/share/rtabmap_rviz_plugins/package.xml
[0.357s] -- Up-to-date: /home/echedey/Desktop/TFG/TFGwebots_ws/install/rtabmap_rviz_plugins/include
[0.357s] -- Up-to-date: /home/echedey/Desktop/TFG/TFGwebots_ws/install/rtabmap_rviz_plugins/include/rtabmap_rviz_plugins
[0.358s] -- Up-to-date: /home/echedey/Desktop/TFG/TFGwebots_ws/install/rtabmap_rviz_plugins/include/rtabmap_rviz_plugins/MapGraphDisplay.h
[0.359s] -- Up-to-date: /home/echedey/Desktop/TFG/TFGwebots_ws/install/rtabmap_rviz_plugins/include/rtabmap_rviz_plugins/visibility.h
[0.359s] -- Up-to-date: /home/echedey/Desktop/TFG/TFGwebots_ws/install/rtabmap_rviz_plugins/include/rtabmap_rviz_plugins/InfoDisplay.h
[0.359s] -- Up-to-date: /home/echedey/Desktop/TFG/TFGwebots_ws/install/rtabmap_rviz_plugins/include/rtabmap_rviz_plugins/MapCloudDisplay.h
[0.361s] -- Up-to-date: /home/echedey/Desktop/TFG/TFGwebots_ws/install/rtabmap_rviz_plugins/lib/librtabmap_rviz_plugins.so
[0.363s] Invoked command in '/home/echedey/Desktop/TFG/TFGwebots_ws/build/rtabmap_rviz_plugins' returned '0': CMAKE_PREFIX_PATH=/home/echedey/Desktop/TFG/TFGwebots_ws/install/rtabmap_conversions:/home/echedey/Desktop/TFG/TFGwebots_ws/install/rtabmap_msgs:/home/echedey/Desktop/TFG/TFGwebots_ws/install/rtabmap_ros:/home/echedey/Desktop/TFG/TFGwebots_ws/install/rtabmap_rviz_plugins:/home/echedey/Desktop/TFG/TFG_ws/install/turtlebot4_simulator:/home/echedey/Desktop/TFG/TFG_ws/install/turtlebot4_gz_bringup:/home/echedey/Desktop/TFG/TFG_ws/install/turtlebot4_gz_toolbox:/home/echedey/Desktop/TFG/TFG_ws/install/turtlebot4_description:/home/echedey/Desktop/TFG/TFG_ws/install/room3:/home/echedey/Desktop/TFG/TFGwebots_ws/install/tb4_sim:/home/echedey/Desktop/TFG/TFGwebots_ws/install/rtabmap_python:/opt/ros/humble LD_LIBRARY_PATH=/home/echedey/Desktop/TFG/TFGwebots_ws/install/rtabmap_conversions/lib:/home/echedey/Desktop/TFG/TFGwebots_ws/install/rtabmap_msgs/lib:/home/echedey/Desktop/TFG/TFGwebots_ws/install/rtabmap_rviz_plugins/lib:/usr/lib/x86_64-linux-gnu/gazebo-11/plugins:/opt/ros/humble/opt/rviz_ogre_vendor/lib:/opt/ros/humble/lib/x86_64-linux-gnu:/opt/ros/humble/lib /usr/bin/cmake --install /home/echedey/Desktop/TFG/TFGwebots_ws/build/rtabmap_rviz_plugins
