[0.553s] Invoking command in '/home/echedey/Desktop/TFG/TFGwebots_ws/src/tb4_sim': PYTHONPATH=/home/echedey/Desktop/TFG/TFGwebots_ws/build/tb4_sim/prefix_override:/usr/lib/python3/dist-packages/colcon_core/task/python/colcon_distutils_commands:/home/echedey/Desktop/TFG/TFGwebots_ws/install/tb4_sim/lib/python3.10/site-packages:${PYTHONPATH} /usr/bin/python3 -W ignore:setup.py install is deprecated -W ignore:easy_install command is deprecated setup.py egg_info --egg-base ../../build/tb4_sim build --build-base /home/echedey/Desktop/TFG/TFGwebots_ws/build/tb4_sim/build install --record /home/echedey/Desktop/TFG/TFGwebots_ws/build/tb4_sim/install.log --single-version-externally-managed install_data
[0.764s] running egg_info
[0.764s] creating ../../build/tb4_sim/tb4_sim.egg-info
[0.764s] writing ../../build/tb4_sim/tb4_sim.egg-info/PKG-INFO
[0.765s] writing dependency_links to ../../build/tb4_sim/tb4_sim.egg-info/dependency_links.txt
[0.765s] writing entry points to ../../build/tb4_sim/tb4_sim.egg-info/entry_points.txt
[0.765s] writing requirements to ../../build/tb4_sim/tb4_sim.egg-info/requires.txt
[0.765s] writing top-level names to ../../build/tb4_sim/tb4_sim.egg-info/top_level.txt
[0.765s] writing manifest file '../../build/tb4_sim/tb4_sim.egg-info/SOURCES.txt'
[0.767s] reading manifest file '../../build/tb4_sim/tb4_sim.egg-info/SOURCES.txt'
[0.767s] writing manifest file '../../build/tb4_sim/tb4_sim.egg-info/SOURCES.txt'
[0.767s] running build
[0.767s] running build_py
[0.768s] creating /home/echedey/Desktop/TFG/TFGwebots_ws/build/tb4_sim/build
[0.768s] creating /home/echedey/Desktop/TFG/TFGwebots_ws/build/tb4_sim/build/lib
[0.768s] creating /home/echedey/Desktop/TFG/TFGwebots_ws/build/tb4_sim/build/lib/tb4_sim
[0.768s] copying tb4_sim/__init__.py -> /home/echedey/Desktop/TFG/TFGwebots_ws/build/tb4_sim/build/lib/tb4_sim
[0.768s] running install
[0.768s] running install_lib
[0.769s] creating /home/echedey/Desktop/TFG/TFGwebots_ws/install/tb4_sim/lib/python3.10/site-packages/tb4_sim
[0.769s] copying /home/echedey/Desktop/TFG/TFGwebots_ws/build/tb4_sim/build/lib/tb4_sim/__init__.py -> /home/echedey/Desktop/TFG/TFGwebots_ws/install/tb4_sim/lib/python3.10/site-packages/tb4_sim
[0.770s] byte-compiling /home/echedey/Desktop/TFG/TFGwebots_ws/install/tb4_sim/lib/python3.10/site-packages/tb4_sim/__init__.py to __init__.cpython-310.pyc
[0.770s] running install_data
[0.770s] creating /home/echedey/Desktop/TFG/TFGwebots_ws/install/tb4_sim/share/ament_index
[0.770s] creating /home/echedey/Desktop/TFG/TFGwebots_ws/install/tb4_sim/share/ament_index/resource_index
[0.770s] creating /home/echedey/Desktop/TFG/TFGwebots_ws/install/tb4_sim/share/ament_index/resource_index/packages
[0.770s] copying resource/tb4_sim -> /home/echedey/Desktop/TFG/TFGwebots_ws/install/tb4_sim/share/ament_index/resource_index/packages
[0.770s] creating /home/echedey/Desktop/TFG/TFGwebots_ws/install/tb4_sim/share/tb4_sim/launch
[0.770s] copying launch/tb4_launcher.py -> /home/echedey/Desktop/TFG/TFGwebots_ws/install/tb4_sim/share/tb4_sim/launch
[0.770s] creating /home/echedey/Desktop/TFG/TFGwebots_ws/install/tb4_sim/share/tb4_sim/resource
[0.770s] copying resource/tb4_raw.urdf -> /home/echedey/Desktop/TFG/TFGwebots_ws/install/tb4_sim/share/tb4_sim/resource
[0.771s] copying resource/tb4_webots.xacro -> /home/echedey/Desktop/TFG/TFGwebots_ws/install/tb4_sim/share/tb4_sim/resource
[0.771s] copying resource/tb4_control.yaml -> /home/echedey/Desktop/TFG/TFGwebots_ws/install/tb4_sim/share/tb4_sim/resource
[0.771s] copying resource/helper.xacro -> /home/echedey/Desktop/TFG/TFGwebots_ws/install/tb4_sim/share/tb4_sim/resource
[0.771s] creating /home/echedey/Desktop/TFG/TFGwebots_ws/install/tb4_sim/share/tb4_sim/worlds
[0.771s] copying worlds/house.wbt -> /home/echedey/Desktop/TFG/TFGwebots_ws/install/tb4_sim/share/tb4_sim/worlds
[0.771s] copying package.xml -> /home/echedey/Desktop/TFG/TFGwebots_ws/install/tb4_sim/share/tb4_sim
[0.771s] running install_egg_info
[0.773s] Copying ../../build/tb4_sim/tb4_sim.egg-info to /home/echedey/Desktop/TFG/TFGwebots_ws/install/tb4_sim/lib/python3.10/site-packages/tb4_sim-0.1.0-py3.10.egg-info
[0.774s] running install_scripts
[0.791s] writing list of installed files to '/home/echedey/Desktop/TFG/TFGwebots_ws/build/tb4_sim/install.log'
[0.824s] Invoked command in '/home/echedey/Desktop/TFG/TFGwebots_ws/src/tb4_sim' returned '0': PYTHONPATH=/home/echedey/Desktop/TFG/TFGwebots_ws/build/tb4_sim/prefix_override:/usr/lib/python3/dist-packages/colcon_core/task/python/colcon_distutils_commands:/home/echedey/Desktop/TFG/TFGwebots_ws/install/tb4_sim/lib/python3.10/site-packages:${PYTHONPATH} /usr/bin/python3 -W ignore:setup.py install is deprecated -W ignore:easy_install command is deprecated setup.py egg_info --egg-base ../../build/tb4_sim build --build-base /home/echedey/Desktop/TFG/TFGwebots_ws/build/tb4_sim/build install --record /home/echedey/Desktop/TFG/TFGwebots_ws/build/tb4_sim/install.log --single-version-externally-managed install_data
