[0.017s] Invoking command in '/home/echedey/Desktop/TFG/TFGwebots_ws/build/depthai_ros_driver': CMAKE_PREFIX_PATH=/home/echedey/Desktop/TFG/TFGwebots_ws/install/tb4_sim:/home/echedey/Desktop/TFG/TFGwebots_ws/install/formas:/opt/ros/humble /usr/bin/cmake /home/echedey/Desktop/TFG/TFGwebots_ws/src/depthai-ros/depthai_ros_driver -DCMAKE_INSTALL_PREFIX=/home/echedey/Desktop/TFG/TFGwebots_ws/install/depthai_ros_driver
[0.153s] -- The C compiler identification is GNU 11.4.0
[0.257s] -- The CXX compiler identification is GNU 11.4.0
[0.269s] -- Detecting C compiler ABI info
[0.355s] -- Detecting C compiler ABI info - done
[0.361s] -- Check for working C compiler: /usr/bin/cc - skipped
[0.361s] -- Detecting C compile features
[0.362s] -- Detecting C compile features - done
[0.365s] -- Detecting CXX compiler ABI info
[0.456s] -- Detecting CXX compiler ABI info - done
[0.462s] -- Check for working CXX compiler: /usr/bin/c++ - skipped
[0.462s] -- Detecting CXX compile features
[0.462s] -- Detecting CXX compile features - done
[0.466s] -- Found ament_cmake_auto: 1.3.11 (/opt/ros/humble/share/ament_cmake_auto/cmake)
[0.616s] -- Found Python3: /usr/bin/python3 (found version "3.10.12") found components: Interpreter 
[0.852s] -- Found rosidl_generator_c: 3.1.6 (/opt/ros/humble/share/rosidl_generator_c/cmake)
[0.859s] -- Found rosidl_adapter: 3.1.6 (/opt/ros/humble/share/rosidl_adapter/cmake)
[0.871s] -- Found rosidl_generator_cpp: 3.1.6 (/opt/ros/humble/share/rosidl_generator_cpp/cmake)
[0.887s] -- Using all available rosidl_typesupport_c: rosidl_typesupport_fastrtps_c;rosidl_typesupport_introspection_c
[0.907s] -- Using all available rosidl_typesupport_cpp: rosidl_typesupport_fastrtps_cpp;rosidl_typesupport_introspection_cpp
[0.963s] -- Found rmw_implementation_cmake: 6.1.2 (/opt/ros/humble/share/rmw_implementation_cmake/cmake)
[0.967s] -- Found rmw_fastrtps_cpp: 6.2.7 (/opt/ros/humble/share/rmw_fastrtps_cpp/cmake)
[1.108s] -- Found OpenSSL: /usr/lib/x86_64-linux-gnu/libcrypto.so (found version "3.0.2")  
[1.140s] -- Found FastRTPS: /opt/ros/humble/include  
[1.189s] -- Using RMW implementation 'rmw_fastrtps_cpp' as default
[1.202s] -- Looking for pthread.h
[1.291s] -- Looking for pthread.h - found
[1.291s] -- Performing Test CMAKE_HAVE_LIBC_PTHREAD
[1.377s] -- Performing Test CMAKE_HAVE_LIBC_PTHREAD - Success
[1.378s] -- Found Threads: TRUE  
[1.757s] -- Found eigen3_cmake_module: 0.1.1 (/opt/ros/humble/share/eigen3_cmake_module/cmake)
[1.758s] -- Found Eigen3: TRUE (found version "3.4.0") 
[1.758s] -- Ensuring Eigen3 include directory is part of orocos-kdl CMake target
[1.846s] -- Configuring done
[1.894s] -- Generating done
[1.909s] -- Build files have been written to: /home/echedey/Desktop/TFG/TFGwebots_ws/build/depthai_ros_driver
[1.923s] Invoked command in '/home/echedey/Desktop/TFG/TFGwebots_ws/build/depthai_ros_driver' returned '0': CMAKE_PREFIX_PATH=/home/echedey/Desktop/TFG/TFGwebots_ws/install/tb4_sim:/home/echedey/Desktop/TFG/TFGwebots_ws/install/formas:/opt/ros/humble /usr/bin/cmake /home/echedey/Desktop/TFG/TFGwebots_ws/src/depthai-ros/depthai_ros_driver -DCMAKE_INSTALL_PREFIX=/home/echedey/Desktop/TFG/TFGwebots_ws/install/depthai_ros_driver
[1.927s] Invoking command in '/home/echedey/Desktop/TFG/TFGwebots_ws/build/depthai_ros_driver': CMAKE_PREFIX_PATH=/home/echedey/Desktop/TFG/TFGwebots_ws/install/tb4_sim:/home/echedey/Desktop/TFG/TFGwebots_ws/install/formas:/opt/ros/humble /usr/bin/cmake --build /home/echedey/Desktop/TFG/TFGwebots_ws/build/depthai_ros_driver -- -j16 -l16
[2.012s] [  2%] [32mBuilding CXX object CMakeFiles/depthai_ros_driver_common.dir/src/dai_nodes/sys_logger.cpp.o[0m
[2.012s] [ 11%] [32mBuilding CXX object CMakeFiles/depthai_ros_driver_common.dir/src/dai_nodes/sensors/sensor_helpers.cpp.o[0m
[2.012s] [ 11%] [32mBuilding CXX object CMakeFiles/depthai_ros_driver_common.dir/src/utils.cpp.o[0m
[2.012s] [ 11%] [32mBuilding CXX object CMakeFiles/depthai_ros_driver_common.dir/src/param_handlers/camera_param_handler.cpp.o[0m
[2.013s] [ 20%] [32mBuilding CXX object CMakeFiles/depthai_ros_driver_common.dir/src/param_handlers/imu_param_handler.cpp.o[0m
[2.013s] [ 20%] [32mBuilding CXX object CMakeFiles/depthai_ros_driver_common.dir/src/dai_nodes/base_node.cpp.o[0m
[2.013s] [ 20%] [32mBuilding CXX object CMakeFiles/depthai_ros_driver_common.dir/src/dai_nodes/sensors/img_pub.cpp.o[0m
[2.013s] [ 25%] [32mBuilding CXX object CMakeFiles/depthai_ros_driver_common.dir/src/param_handlers/nn_param_handler.cpp.o[0m
[2.013s] [ 25%] [32mBuilding CXX object CMakeFiles/depthai_ros_driver_common.dir/src/param_handlers/stereo_param_handler.cpp.o[0m
[2.013s] [ 28%] [32mBuilding CXX object CMakeFiles/depthai_ros_driver_common.dir/src/param_handlers/tof_param_handler.cpp.o[0m
[2.014s] [ 31%] [32mBuilding CXX object CMakeFiles/depthai_ros_driver_common.dir/src/param_handlers/feature_tracker_param_handler.cpp.o[0m
[2.014s] [ 34%] [32mBuilding CXX object CMakeFiles/depthai_ros_driver_common.dir/src/param_handlers/sensor_param_handler.cpp.o[0m
[2.014s] [ 40%] [32mBuilding CXX object CMakeFiles/depthai_ros_driver_common.dir/src/param_handlers/sync_param_handler.cpp.o[0m
[2.014s] [ 40%] [32mBuilding CXX object CMakeFiles/depthai_ros_driver_common.dir/src/param_handlers/pipeline_gen_param_handler.cpp.o[0m
[2.019s] [ 40%] Built target ament_cmake_python_copy_depthai_ros_driver
[2.450s] running egg_info
[2.450s] creating depthai_ros_driver.egg-info
[2.452s] writing depthai_ros_driver.egg-info/PKG-INFO
[2.452s] writing dependency_links to depthai_ros_driver.egg-info/dependency_links.txt
[2.452s] writing top-level names to depthai_ros_driver.egg-info/top_level.txt
[2.452s] writing manifest file 'depthai_ros_driver.egg-info/SOURCES.txt'
[2.456s] reading manifest file 'depthai_ros_driver.egg-info/SOURCES.txt'
[2.456s] writing manifest file 'depthai_ros_driver.egg-info/SOURCES.txt'
[2.532s] [ 40%] Built target ament_cmake_python_build_depthai_ros_driver_egg
[15.035s] [ 42%] [32m[1mLinking CXX shared library libdepthai_ros_driver_common.so[0m
[16.200s] [ 42%] Built target depthai_ros_driver_common
[16.247s] [ 45%] [32mBuilding CXX object CMakeFiles/depthai_ros_driver_sensor_nodes.dir/src/dai_nodes/sensors/imu.cpp.o[0m
[16.247s] [ 48%] [32mBuilding CXX object CMakeFiles/depthai_ros_driver_sensor_nodes.dir/src/dai_nodes/sensors/feature_tracker.cpp.o[0m
[16.247s] [ 51%] [32mBuilding CXX object CMakeFiles/depthai_ros_driver_sensor_nodes.dir/src/dai_nodes/sensors/mono.cpp.o[0m
[16.248s] [ 54%] [32mBuilding CXX object CMakeFiles/depthai_ros_driver_nn_nodes.dir/src/dai_nodes/nn/nn_wrapper.cpp.o[0m
[16.250s] [ 60%] [32mBuilding CXX object CMakeFiles/depthai_ros_driver_nn_nodes.dir/src/dai_nodes/nn/segmentation.cpp.o[0m
[16.251s] [ 65%] [32mBuilding CXX object CMakeFiles/depthai_ros_driver_sensor_nodes.dir/src/dai_nodes/sensors/sensor_wrapper.cpp.o[0m
[16.251s] [ 60%] [32mBuilding CXX object CMakeFiles/depthai_ros_driver_sensor_nodes.dir/src/dai_nodes/sensors/rgb.cpp.o[0m
[16.251s] [ 68%] [32mBuilding CXX object CMakeFiles/depthai_ros_driver_sensor_nodes.dir/src/dai_nodes/sensors/stereo.cpp.o[0m
[16.252s] [ 68%] [32mBuilding CXX object CMakeFiles/depthai_ros_driver_nn_nodes.dir/src/dai_nodes/nn/spatial_nn_wrapper.cpp.o[0m
[16.252s] [ 71%] [32mBuilding CXX object CMakeFiles/depthai_ros_driver_sensor_nodes.dir/src/dai_nodes/sensors/sync.cpp.o[0m
[16.253s] [ 77%] [32mBuilding CXX object CMakeFiles/depthai_ros_driver_sensor_nodes.dir/src/dai_nodes/sensors/thermal.cpp.o[0m
[16.253s] [ 77%] [32mBuilding CXX object CMakeFiles/depthai_ros_driver_sensor_nodes.dir/src/dai_nodes/sensors/tof.cpp.o[0m
[381.524s] [ 80%] [32m[1mLinking CXX shared library libdepthai_ros_driver_nn_nodes.so[0m
[382.477s] [ 82%] [32m[1mLinking CXX shared library libdepthai_ros_driver_sensor_nodes.so[0m
[382.851s] [ 82%] Built target depthai_ros_driver_nn_nodes
[384.117s] [ 82%] Built target depthai_ros_driver_sensor_nodes
[384.147s] [ 85%] [32mBuilding CXX object CMakeFiles/depthai_ros_driver.dir/src/camera.cpp.o[0m
[396.562s] [ 88%] [32mBuilding CXX object CMakeFiles/depthai_ros_driver.dir/src/pipeline/base_types.cpp.o[0m
[402.442s] [ 91%] [32mBuilding CXX object CMakeFiles/depthai_ros_driver.dir/src/pipeline/pipeline_generator.cpp.o[0m
[411.812s] [ 94%] [32m[1mLinking CXX shared library libdepthai_ros_driver.so[0m
[413.806s] [ 94%] Built target depthai_ros_driver
[413.839s] [ 97%] [32mBuilding CXX object CMakeFiles/camera_node.dir/src/camera_node.cpp.o[0m
[418.600s] [100%] [32m[1mLinking CXX executable camera_node[0m
[419.624s] [100%] Built target camera_node
[419.649s] Invoked command in '/home/echedey/Desktop/TFG/TFGwebots_ws/build/depthai_ros_driver' returned '0': CMAKE_PREFIX_PATH=/home/echedey/Desktop/TFG/TFGwebots_ws/install/tb4_sim:/home/echedey/Desktop/TFG/TFGwebots_ws/install/formas:/opt/ros/humble /usr/bin/cmake --build /home/echedey/Desktop/TFG/TFGwebots_ws/build/depthai_ros_driver -- -j16 -l16
[419.662s] Invoking command in '/home/echedey/Desktop/TFG/TFGwebots_ws/build/depthai_ros_driver': CMAKE_PREFIX_PATH=/home/echedey/Desktop/TFG/TFGwebots_ws/install/tb4_sim:/home/echedey/Desktop/TFG/TFGwebots_ws/install/formas:/opt/ros/humble /usr/bin/cmake --install /home/echedey/Desktop/TFG/TFGwebots_ws/build/depthai_ros_driver
[419.671s] -- Install configuration: ""
[419.672s] -- Installing: /home/echedey/Desktop/TFG/TFGwebots_ws/install/depthai_ros_driver/share/depthai_ros_driver/plugins.xml
[419.673s] -- Installing: /home/echedey/Desktop/TFG/TFGwebots_ws/install/depthai_ros_driver/share/depthai_ros_driver/environment/library_path.sh
[419.673s] -- Installing: /home/echedey/Desktop/TFG/TFGwebots_ws/install/depthai_ros_driver/share/depthai_ros_driver/environment/library_path.dsv
[419.674s] -- Installing: /home/echedey/Desktop/TFG/TFGwebots_ws/install/depthai_ros_driver/share/depthai_ros_driver/launch
[419.674s] -- Installing: /home/echedey/Desktop/TFG/TFGwebots_ws/install/depthai_ros_driver/share/depthai_ros_driver/launch/oak_t.launch.py
[419.674s] -- Installing: /home/echedey/Desktop/TFG/TFGwebots_ws/install/depthai_ros_driver/share/depthai_ros_driver/launch/example_multicam.launch.py
[419.674s] -- Installing: /home/echedey/Desktop/TFG/TFGwebots_ws/install/depthai_ros_driver/share/depthai_ros_driver/launch/stereo_from_rosbag.launch.py
[419.675s] -- Installing: /home/echedey/Desktop/TFG/TFGwebots_ws/install/depthai_ros_driver/share/depthai_ros_driver/launch/example_marker_publish.launch.py
[419.675s] -- Installing: /home/echedey/Desktop/TFG/TFGwebots_ws/install/depthai_ros_driver/share/depthai_ros_driver/launch/example_segmentation.launch.py
[419.675s] -- Installing: /home/echedey/Desktop/TFG/TFGwebots_ws/install/depthai_ros_driver/share/depthai_ros_driver/launch/sr_rgbd_pcl.launch.py
[419.675s] -- Installing: /home/echedey/Desktop/TFG/TFGwebots_ws/install/depthai_ros_driver/share/depthai_ros_driver/launch/camera_as_part_of_a_robot.launch.py
[419.675s] -- Installing: /home/echedey/Desktop/TFG/TFGwebots_ws/install/depthai_ros_driver/share/depthai_ros_driver/launch/camera.launch.py
[419.676s] -- Installing: /home/echedey/Desktop/TFG/TFGwebots_ws/install/depthai_ros_driver/share/depthai_ros_driver/launch/rtabmap.launch.py
[419.676s] -- Installing: /home/echedey/Desktop/TFG/TFGwebots_ws/install/depthai_ros_driver/share/depthai_ros_driver/launch/pointcloud.launch.py
[419.676s] -- Installing: /home/echedey/Desktop/TFG/TFGwebots_ws/install/depthai_ros_driver/share/depthai_ros_driver/launch/sr_poe_rgbd_pcl.launch.py
[419.676s] -- Installing: /home/echedey/Desktop/TFG/TFGwebots_ws/install/depthai_ros_driver/share/depthai_ros_driver/launch/calibration.launch.py
[419.676s] -- Installing: /home/echedey/Desktop/TFG/TFGwebots_ws/install/depthai_ros_driver/share/depthai_ros_driver/launch/rgbd_pcl.launch.py
[419.677s] -- Installing: /home/echedey/Desktop/TFG/TFGwebots_ws/install/depthai_ros_driver/share/depthai_ros_driver/config
[419.677s] -- Installing: /home/echedey/Desktop/TFG/TFGwebots_ws/install/depthai_ros_driver/share/depthai_ros_driver/config/pcl.yaml
[419.677s] -- Installing: /home/echedey/Desktop/TFG/TFGwebots_ws/install/depthai_ros_driver/share/depthai_ros_driver/config/stereo_from_rosbag.yaml
[419.677s] -- Installing: /home/echedey/Desktop/TFG/TFGwebots_ws/install/depthai_ros_driver/share/depthai_ros_driver/config/sr_poe_rgbd.yaml
[419.678s] -- Installing: /home/echedey/Desktop/TFG/TFGwebots_ws/install/depthai_ros_driver/share/depthai_ros_driver/config/rgbd.yaml
[419.678s] -- Installing: /home/echedey/Desktop/TFG/TFGwebots_ws/install/depthai_ros_driver/share/depthai_ros_driver/config/multicam_example.yaml
[419.678s] -- Installing: /home/echedey/Desktop/TFG/TFGwebots_ws/install/depthai_ros_driver/share/depthai_ros_driver/config/camera.yaml
[419.678s] -- Installing: /home/echedey/Desktop/TFG/TFGwebots_ws/install/depthai_ros_driver/share/depthai_ros_driver/config/low_bandwidth.yaml
[419.679s] -- Installing: /home/echedey/Desktop/TFG/TFGwebots_ws/install/depthai_ros_driver/share/depthai_ros_driver/config/calibration.yaml
[419.679s] -- Installing: /home/echedey/Desktop/TFG/TFGwebots_ws/install/depthai_ros_driver/share/depthai_ros_driver/config/oak_t.yaml
[419.679s] -- Installing: /home/echedey/Desktop/TFG/TFGwebots_ws/install/depthai_ros_driver/share/depthai_ros_driver/config/oak_d_pro_w.yaml
[419.680s] -- Installing: /home/echedey/Desktop/TFG/TFGwebots_ws/install/depthai_ros_driver/share/depthai_ros_driver/config/spatial_yolo.yaml
[419.680s] -- Installing: /home/echedey/Desktop/TFG/TFGwebots_ws/install/depthai_ros_driver/share/depthai_ros_driver/config/sr_rgbd.yaml
[419.680s] -- Installing: /home/echedey/Desktop/TFG/TFGwebots_ws/install/depthai_ros_driver/share/depthai_ros_driver/config/oak_d_sr.yaml
[419.680s] -- Installing: /home/echedey/Desktop/TFG/TFGwebots_ws/install/depthai_ros_driver/share/depthai_ros_driver/config/nn
[419.681s] -- Installing: /home/echedey/Desktop/TFG/TFGwebots_ws/install/depthai_ros_driver/share/depthai_ros_driver/config/nn/mobilenet.json
[419.681s] -- Installing: /home/echedey/Desktop/TFG/TFGwebots_ws/install/depthai_ros_driver/share/depthai_ros_driver/config/nn/segmentation.json
[419.681s] -- Installing: /home/echedey/Desktop/TFG/TFGwebots_ws/install/depthai_ros_driver/share/depthai_ros_driver/config/nn/yolo.json
[419.681s] -- Installing: /home/echedey/Desktop/TFG/TFGwebots_ws/install/depthai_ros_driver/share/depthai_ros_driver/config/calibration
[419.681s] -- Installing: /home/echedey/Desktop/TFG/TFGwebots_ws/install/depthai_ros_driver/share/depthai_ros_driver/config/calibration/left.yaml
[419.681s] -- Installing: /home/echedey/Desktop/TFG/TFGwebots_ws/install/depthai_ros_driver/share/depthai_ros_driver/config/calibration/right.yaml
[419.682s] -- Installing: /home/echedey/Desktop/TFG/TFGwebots_ws/install/depthai_ros_driver/share/depthai_ros_driver/config/calibration/rgb.yaml
[419.682s] -- Installing: /home/echedey/Desktop/TFG/TFGwebots_ws/install/depthai_ros_driver/share/depthai_ros_driver/config/segmentation.yaml
[419.682s] -- Installing: /home/echedey/Desktop/TFG/TFGwebots_ws/install/depthai_ros_driver/share/depthai_ros_driver/config/isaac_vslam.yaml
[419.682s] -- Installing: /home/echedey/Desktop/TFG/TFGwebots_ws/install/depthai_ros_driver/share/depthai_ros_driver/config/rviz
[419.682s] -- Installing: /home/echedey/Desktop/TFG/TFGwebots_ws/install/depthai_ros_driver/share/depthai_ros_driver/config/rviz/multicam.rviz
[419.683s] -- Installing: /home/echedey/Desktop/TFG/TFGwebots_ws/install/depthai_ros_driver/share/depthai_ros_driver/config/rviz/segmentation.rviz
[419.683s] -- Installing: /home/echedey/Desktop/TFG/TFGwebots_ws/install/depthai_ros_driver/share/depthai_ros_driver/config/rviz/rgbd.rviz
[419.683s] -- Installing: /home/echedey/Desktop/TFG/TFGwebots_ws/install/depthai_ros_driver/lib/libdepthai_ros_driver.so
[419.695s] -- Set runtime path of "/home/echedey/Desktop/TFG/TFGwebots_ws/install/depthai_ros_driver/lib/libdepthai_ros_driver.so" to ""
[419.695s] -- Installing: /home/echedey/Desktop/TFG/TFGwebots_ws/install/depthai_ros_driver/lib/libdepthai_ros_driver_sensor_nodes.so
[419.705s] -- Set runtime path of "/home/echedey/Desktop/TFG/TFGwebots_ws/install/depthai_ros_driver/lib/libdepthai_ros_driver_sensor_nodes.so" to ""
[419.705s] -- Installing: /home/echedey/Desktop/TFG/TFGwebots_ws/install/depthai_ros_driver/lib/libdepthai_ros_driver_nn_nodes.so
[419.709s] -- Set runtime path of "/home/echedey/Desktop/TFG/TFGwebots_ws/install/depthai_ros_driver/lib/libdepthai_ros_driver_nn_nodes.so" to ""
[419.710s] -- Installing: /home/echedey/Desktop/TFG/TFGwebots_ws/install/depthai_ros_driver/lib/libdepthai_ros_driver_common.so
[419.720s] -- Set runtime path of "/home/echedey/Desktop/TFG/TFGwebots_ws/install/depthai_ros_driver/lib/libdepthai_ros_driver_common.so" to ""
[419.721s] -- Installing: /home/echedey/Desktop/TFG/TFGwebots_ws/install/depthai_ros_driver/share/depthai_ros_driver/cmake/depthai_ros_driverTargets.cmake
[419.721s] -- Installing: /home/echedey/Desktop/TFG/TFGwebots_ws/install/depthai_ros_driver/share/depthai_ros_driver/cmake/depthai_ros_driverTargets-noconfig.cmake
[419.721s] -- Installing: /home/echedey/Desktop/TFG/TFGwebots_ws/install/depthai_ros_driver/lib/depthai_ros_driver/camera_node
[419.722s] -- Set runtime path of "/home/echedey/Desktop/TFG/TFGwebots_ws/install/depthai_ros_driver/lib/depthai_ros_driver/camera_node" to ""
[419.722s] -- Installing: /home/echedey/Desktop/TFG/TFGwebots_ws/install/depthai_ros_driver/share/depthai_ros_driver/environment/pythonpath.sh
[419.722s] -- Installing: /home/echedey/Desktop/TFG/TFGwebots_ws/install/depthai_ros_driver/share/depthai_ros_driver/environment/pythonpath.dsv
[419.722s] -- Installing: /home/echedey/Desktop/TFG/TFGwebots_ws/install/depthai_ros_driver/local/lib/python3.10/dist-packages/depthai_ros_driver-2.11.2-py3.10.egg-info
[419.722s] -- Installing: /home/echedey/Desktop/TFG/TFGwebots_ws/install/depthai_ros_driver/local/lib/python3.10/dist-packages/depthai_ros_driver-2.11.2-py3.10.egg-info/PKG-INFO
[419.723s] -- Installing: /home/echedey/Desktop/TFG/TFGwebots_ws/install/depthai_ros_driver/local/lib/python3.10/dist-packages/depthai_ros_driver-2.11.2-py3.10.egg-info/SOURCES.txt
[419.723s] -- Installing: /home/echedey/Desktop/TFG/TFGwebots_ws/install/depthai_ros_driver/local/lib/python3.10/dist-packages/depthai_ros_driver-2.11.2-py3.10.egg-info/dependency_links.txt
[419.723s] -- Installing: /home/echedey/Desktop/TFG/TFGwebots_ws/install/depthai_ros_driver/local/lib/python3.10/dist-packages/depthai_ros_driver-2.11.2-py3.10.egg-info/top_level.txt
[419.724s] -- Installing: /home/echedey/Desktop/TFG/TFGwebots_ws/install/depthai_ros_driver/local/lib/python3.10/dist-packages/depthai_ros_driver
[419.724s] -- Installing: /home/echedey/Desktop/TFG/TFGwebots_ws/install/depthai_ros_driver/local/lib/python3.10/dist-packages/depthai_ros_driver/__init__.py
[419.778s] Listing '/home/echedey/Desktop/TFG/TFGwebots_ws/install/depthai_ros_driver/local/lib/python3.10/dist-packages/depthai_ros_driver'...
[419.778s] Compiling '/home/echedey/Desktop/TFG/TFGwebots_ws/install/depthai_ros_driver/local/lib/python3.10/dist-packages/depthai_ros_driver/__init__.py'...
[419.783s] -- Installing: /home/echedey/Desktop/TFG/TFGwebots_ws/install/depthai_ros_driver/lib/depthai_ros_driver/obj_pub.py
[419.784s] -- Installing: /home/echedey/Desktop/TFG/TFGwebots_ws/install/depthai_ros_driver/include
[419.784s] -- Installing: /home/echedey/Desktop/TFG/TFGwebots_ws/install/depthai_ros_driver/include/depthai_ros_driver
[419.784s] -- Installing: /home/echedey/Desktop/TFG/TFGwebots_ws/install/depthai_ros_driver/include/depthai_ros_driver/dai_nodes
[419.784s] -- Installing: /home/echedey/Desktop/TFG/TFGwebots_ws/install/depthai_ros_driver/include/depthai_ros_driver/dai_nodes/sensors
[419.784s] -- Installing: /home/echedey/Desktop/TFG/TFGwebots_ws/install/depthai_ros_driver/include/depthai_ros_driver/dai_nodes/sensors/rgb.hpp
[419.784s] -- Installing: /home/echedey/Desktop/TFG/TFGwebots_ws/install/depthai_ros_driver/include/depthai_ros_driver/dai_nodes/sensors/imu.hpp
[419.784s] -- Installing: /home/echedey/Desktop/TFG/TFGwebots_ws/install/depthai_ros_driver/include/depthai_ros_driver/dai_nodes/sensors/thermal.hpp
[419.785s] -- Installing: /home/echedey/Desktop/TFG/TFGwebots_ws/install/depthai_ros_driver/include/depthai_ros_driver/dai_nodes/sensors/img_pub.hpp
[419.785s] -- Installing: /home/echedey/Desktop/TFG/TFGwebots_ws/install/depthai_ros_driver/include/depthai_ros_driver/dai_nodes/sensors/sync.hpp
[419.785s] -- Installing: /home/echedey/Desktop/TFG/TFGwebots_ws/install/depthai_ros_driver/include/depthai_ros_driver/dai_nodes/sensors/sensor_helpers.hpp
[419.785s] -- Installing: /home/echedey/Desktop/TFG/TFGwebots_ws/install/depthai_ros_driver/include/depthai_ros_driver/dai_nodes/sensors/sensor_wrapper.hpp
[419.786s] -- Installing: /home/echedey/Desktop/TFG/TFGwebots_ws/install/depthai_ros_driver/include/depthai_ros_driver/dai_nodes/sensors/stereo.hpp
[419.786s] -- Installing: /home/echedey/Desktop/TFG/TFGwebots_ws/install/depthai_ros_driver/include/depthai_ros_driver/dai_nodes/sensors/mono.hpp
[419.786s] -- Installing: /home/echedey/Desktop/TFG/TFGwebots_ws/install/depthai_ros_driver/include/depthai_ros_driver/dai_nodes/sensors/tof.hpp
[419.786s] -- Installing: /home/echedey/Desktop/TFG/TFGwebots_ws/install/depthai_ros_driver/include/depthai_ros_driver/dai_nodes/sensors/feature_tracker.hpp
[419.786s] -- Installing: /home/echedey/Desktop/TFG/TFGwebots_ws/install/depthai_ros_driver/include/depthai_ros_driver/dai_nodes/sys_logger.hpp
[419.786s] -- Installing: /home/echedey/Desktop/TFG/TFGwebots_ws/install/depthai_ros_driver/include/depthai_ros_driver/dai_nodes/base_node.hpp
[419.786s] -- Installing: /home/echedey/Desktop/TFG/TFGwebots_ws/install/depthai_ros_driver/include/depthai_ros_driver/dai_nodes/nn
[419.786s] -- Installing: /home/echedey/Desktop/TFG/TFGwebots_ws/install/depthai_ros_driver/include/depthai_ros_driver/dai_nodes/nn/segmentation.hpp
[419.786s] -- Installing: /home/echedey/Desktop/TFG/TFGwebots_ws/install/depthai_ros_driver/include/depthai_ros_driver/dai_nodes/nn/nn_helpers.hpp
[419.787s] -- Installing: /home/echedey/Desktop/TFG/TFGwebots_ws/install/depthai_ros_driver/include/depthai_ros_driver/dai_nodes/nn/nn_wrapper.hpp
[419.787s] -- Installing: /home/echedey/Desktop/TFG/TFGwebots_ws/install/depthai_ros_driver/include/depthai_ros_driver/dai_nodes/nn/detection.hpp
[419.787s] -- Installing: /home/echedey/Desktop/TFG/TFGwebots_ws/install/depthai_ros_driver/include/depthai_ros_driver/dai_nodes/nn/spatial_detection.hpp
[419.787s] -- Installing: /home/echedey/Desktop/TFG/TFGwebots_ws/install/depthai_ros_driver/include/depthai_ros_driver/dai_nodes/nn/spatial_nn_wrapper.hpp
[419.787s] -- Installing: /home/echedey/Desktop/TFG/TFGwebots_ws/install/depthai_ros_driver/include/depthai_ros_driver/param_handlers
[419.787s] -- Installing: /home/echedey/Desktop/TFG/TFGwebots_ws/install/depthai_ros_driver/include/depthai_ros_driver/param_handlers/pipeline_gen_param_handler.hpp
[419.788s] -- Installing: /home/echedey/Desktop/TFG/TFGwebots_ws/install/depthai_ros_driver/include/depthai_ros_driver/param_handlers/base_param_handler.hpp
[419.788s] -- Installing: /home/echedey/Desktop/TFG/TFGwebots_ws/install/depthai_ros_driver/include/depthai_ros_driver/param_handlers/feature_tracker_param_handler.hpp
[419.788s] -- Installing: /home/echedey/Desktop/TFG/TFGwebots_ws/install/depthai_ros_driver/include/depthai_ros_driver/param_handlers/stereo_param_handler.hpp
[419.788s] -- Installing: /home/echedey/Desktop/TFG/TFGwebots_ws/install/depthai_ros_driver/include/depthai_ros_driver/param_handlers/camera_param_handler.hpp
[419.788s] -- Installing: /home/echedey/Desktop/TFG/TFGwebots_ws/install/depthai_ros_driver/include/depthai_ros_driver/param_handlers/nn_param_handler.hpp
[419.788s] -- Installing: /home/echedey/Desktop/TFG/TFGwebots_ws/install/depthai_ros_driver/include/depthai_ros_driver/param_handlers/tof_param_handler.hpp
[419.789s] -- Installing: /home/echedey/Desktop/TFG/TFGwebots_ws/install/depthai_ros_driver/include/depthai_ros_driver/param_handlers/imu_param_handler.hpp
[419.789s] -- Installing: /home/echedey/Desktop/TFG/TFGwebots_ws/install/depthai_ros_driver/include/depthai_ros_driver/param_handlers/sensor_param_handler.hpp
[419.789s] -- Installing: /home/echedey/Desktop/TFG/TFGwebots_ws/install/depthai_ros_driver/include/depthai_ros_driver/param_handlers/sync_param_handler.hpp
[419.789s] -- Installing: /home/echedey/Desktop/TFG/TFGwebots_ws/install/depthai_ros_driver/include/depthai_ros_driver/pipeline
[419.789s] -- Installing: /home/echedey/Desktop/TFG/TFGwebots_ws/install/depthai_ros_driver/include/depthai_ros_driver/pipeline/pipeline_generator.hpp
[419.789s] -- Installing: /home/echedey/Desktop/TFG/TFGwebots_ws/install/depthai_ros_driver/include/depthai_ros_driver/pipeline/base_pipeline.hpp
[419.789s] -- Installing: /home/echedey/Desktop/TFG/TFGwebots_ws/install/depthai_ros_driver/include/depthai_ros_driver/pipeline/base_types.hpp
[419.790s] -- Installing: /home/echedey/Desktop/TFG/TFGwebots_ws/install/depthai_ros_driver/include/depthai_ros_driver/utils.hpp
[419.790s] -- Installing: /home/echedey/Desktop/TFG/TFGwebots_ws/install/depthai_ros_driver/include/depthai_ros_driver/camera.hpp
[419.790s] -- Installing: /home/echedey/Desktop/TFG/TFGwebots_ws/install/depthai_ros_driver/share/ament_index/resource_index/package_run_dependencies/depthai_ros_driver
[419.791s] -- Installing: /home/echedey/Desktop/TFG/TFGwebots_ws/install/depthai_ros_driver/share/ament_index/resource_index/parent_prefix_path/depthai_ros_driver
[419.792s] -- Installing: /home/echedey/Desktop/TFG/TFGwebots_ws/install/depthai_ros_driver/share/depthai_ros_driver/environment/ament_prefix_path.sh
[419.792s] -- Installing: /home/echedey/Desktop/TFG/TFGwebots_ws/install/depthai_ros_driver/share/depthai_ros_driver/environment/ament_prefix_path.dsv
[419.792s] -- Installing: /home/echedey/Desktop/TFG/TFGwebots_ws/install/depthai_ros_driver/share/depthai_ros_driver/environment/path.sh
[419.792s] -- Installing: /home/echedey/Desktop/TFG/TFGwebots_ws/install/depthai_ros_driver/share/depthai_ros_driver/environment/path.dsv
[419.793s] -- Installing: /home/echedey/Desktop/TFG/TFGwebots_ws/install/depthai_ros_driver/share/depthai_ros_driver/local_setup.bash
[419.793s] -- Installing: /home/echedey/Desktop/TFG/TFGwebots_ws/install/depthai_ros_driver/share/depthai_ros_driver/local_setup.sh
[419.793s] -- Installing: /home/echedey/Desktop/TFG/TFGwebots_ws/install/depthai_ros_driver/share/depthai_ros_driver/local_setup.zsh
[419.793s] -- Installing: /home/echedey/Desktop/TFG/TFGwebots_ws/install/depthai_ros_driver/share/depthai_ros_driver/local_setup.dsv
[419.794s] -- Installing: /home/echedey/Desktop/TFG/TFGwebots_ws/install/depthai_ros_driver/share/depthai_ros_driver/package.dsv
[419.794s] -- Installing: /home/echedey/Desktop/TFG/TFGwebots_ws/install/depthai_ros_driver/share/ament_index/resource_index/packages/depthai_ros_driver
[419.794s] -- Installing: /home/echedey/Desktop/TFG/TFGwebots_ws/install/depthai_ros_driver/share/ament_index/resource_index/depthai_ros_driver__pluginlib__plugin/depthai_ros_driver
[419.795s] -- Installing: /home/echedey/Desktop/TFG/TFGwebots_ws/install/depthai_ros_driver/share/ament_index/resource_index/rclcpp_components/depthai_ros_driver
[419.795s] -- Installing: /home/echedey/Desktop/TFG/TFGwebots_ws/install/depthai_ros_driver/share/depthai_ros_driver/cmake/depthai_ros_driverTargetsExport.cmake
[419.795s] -- Installing: /home/echedey/Desktop/TFG/TFGwebots_ws/install/depthai_ros_driver/share/depthai_ros_driver/cmake/depthai_ros_driverTargetsExport-noconfig.cmake
[419.795s] -- Installing: /home/echedey/Desktop/TFG/TFGwebots_ws/install/depthai_ros_driver/share/depthai_ros_driver/cmake/ament_cmake_export_include_directories-extras.cmake
[419.796s] -- Installing: /home/echedey/Desktop/TFG/TFGwebots_ws/install/depthai_ros_driver/share/depthai_ros_driver/cmake/ament_cmake_export_targets-extras.cmake
[419.796s] -- Installing: /home/echedey/Desktop/TFG/TFGwebots_ws/install/depthai_ros_driver/share/depthai_ros_driver/cmake/ament_cmake_export_libraries-extras.cmake
[419.796s] -- Installing: /home/echedey/Desktop/TFG/TFGwebots_ws/install/depthai_ros_driver/share/depthai_ros_driver/cmake/ament_cmake_export_dependencies-extras.cmake
[419.797s] -- Installing: /home/echedey/Desktop/TFG/TFGwebots_ws/install/depthai_ros_driver/share/depthai_ros_driver/cmake/depthai_ros_driverConfig.cmake
[419.797s] -- Installing: /home/echedey/Desktop/TFG/TFGwebots_ws/install/depthai_ros_driver/share/depthai_ros_driver/cmake/depthai_ros_driverConfig-version.cmake
[419.797s] -- Installing: /home/echedey/Desktop/TFG/TFGwebots_ws/install/depthai_ros_driver/share/depthai_ros_driver/package.xml
[419.800s] Invoked command in '/home/echedey/Desktop/TFG/TFGwebots_ws/build/depthai_ros_driver' returned '0': CMAKE_PREFIX_PATH=/home/echedey/Desktop/TFG/TFGwebots_ws/install/tb4_sim:/home/echedey/Desktop/TFG/TFGwebots_ws/install/formas:/opt/ros/humble /usr/bin/cmake --install /home/echedey/Desktop/TFG/TFGwebots_ws/build/depthai_ros_driver
