[0.016s] Invoking command in '/home/echedey/Desktop/TFG/TFGwebots_ws/build/rtabmap_conversions': AMENT_PREFIX_PATH=/home/echedey/Desktop/TFG/TFGwebots_ws/install/rtabmap_msgs:${AMENT_PREFIX_PATH} CMAKE_PREFIX_PATH=/home/echedey/Desktop/TFG/TFGwebots_ws/install/rtabmap_msgs:/home/echedey/Desktop/TFG/TFG_ws/install/turtlebot4_simulator:/home/echedey/Desktop/TFG/TFG_ws/install/turtlebot4_gz_bringup:/home/echedey/Desktop/TFG/TFG_ws/install/turtlebot4_gz_toolbox:/home/echedey/Desktop/TFG/TFG_ws/install/turtlebot4_description:/home/echedey/Desktop/TFG/TFG_ws/install/room3:/opt/ros/humble LD_LIBRARY_PATH=/home/echedey/Desktop/TFG/TFGwebots_ws/install/rtabmap_msgs/lib:${LD_LIBRARY_PATH} PYTHONPATH=/home/echedey/Desktop/TFG/TFGwebots_ws/install/rtabmap_msgs/local/lib/python3.10/dist-packages:${PYTHONPATH} /usr/bin/cmake /home/echedey/Desktop/TFG/TFGwebots_ws/src/rtabmap_ros/rtabmap_conversions -DCMAKE_INSTALL_PREFIX=/home/echedey/Desktop/TFG/TFGwebots_ws/install/rtabmap_conversions
[0.029s] -- Found ament_cmake: 1.3.11 (/opt/ros/humble/share/ament_cmake/cmake)
[0.142s] -- Override CMake install command with custom implementation using symlinks instead of copying resources
[0.149s] -- Found cv_bridge: 3.2.1 (/opt/ros/humble/share/cv_bridge/cmake)
[0.181s] -- Found rosidl_generator_c: 3.1.6 (/opt/ros/humble/share/rosidl_generator_c/cmake)
[0.183s] -- Found rosidl_adapter: 3.1.6 (/opt/ros/humble/share/rosidl_adapter/cmake)
[0.188s] -- Found rosidl_generator_cpp: 3.1.6 (/opt/ros/humble/share/rosidl_generator_cpp/cmake)
[0.197s] -- Using all available rosidl_typesupport_c: rosidl_typesupport_fastrtps_c;rosidl_typesupport_introspection_c
[0.207s] -- Using all available rosidl_typesupport_cpp: rosidl_typesupport_fastrtps_cpp;rosidl_typesupport_introspection_cpp
[0.255s] -- Found image_geometry: 3.2.1 (/opt/ros/humble/share/image_geometry/cmake)
[0.258s] -- Found laser_geometry: 2.4.0 (/opt/ros/humble/share/laser_geometry/cmake)
[0.296s] -- Found rmw_implementation_cmake: 6.1.2 (/opt/ros/humble/share/rmw_implementation_cmake/cmake)
[0.299s] -- Found rmw_fastrtps_cpp: 6.2.7 (/opt/ros/humble/share/rmw_fastrtps_cpp/cmake)
[0.428s] -- Using RMW implementation 'rmw_fastrtps_cpp' as default
[0.488s] -- Found pcl_conversions: 2.4.5 (/opt/ros/humble/share/pcl_conversions/cmake)
[0.539s] -- Eigen found (include: /usr/include/eigen3, version: 3.4.0)
[0.586s] -- FLANN found (include: /usr/include, lib: /usr/lib/x86_64-linux-gnu/libflann_cpp.so)
[0.968s] -- OpenNI found (version: 1.5.4.0, include: /usr/include/ni, lib: /usr/lib/libOpenNI.so;libusb::libusb)
[0.976s] -- OpenNI2 found (version: 2.2.0.33, include: /usr/include/openni2, lib: /usr/lib/x86_64-linux-gnu/libOpenNI2.so;libusb::libusb)
[1.136s] -- Eigen found (include: /usr/include/eigen3, version: 3.4.0)
[1.143s] -- OpenNI found (version: 1.5.4.0, include: /usr/include/ni, lib: /usr/lib/libOpenNI.so;libusb::libusb)
[1.151s] -- OpenNI2 found (version: 2.2.0.33, include: /usr/include/openni2, lib: /usr/lib/x86_64-linux-gnu/libOpenNI2.so;libusb::libusb)
[1.302s] -- Found Qhull version 8.0.2
[1.446s] -- OpenNI found (version: 1.5.4.0, include: /usr/include/ni, lib: /usr/lib/libOpenNI.so;libusb::libusb)
[1.588s] -- Found rtabmap_msgs: 0.21.10 (/home/echedey/Desktop/TFG/TFGwebots_ws/install/rtabmap_msgs/share/rtabmap_msgs/cmake)
[1.620s] -- Found tf2_eigen: 0.25.12 (/opt/ros/humble/share/tf2_eigen/cmake)
[1.704s] -- Found tf2_geometry_msgs: 0.25.12 (/opt/ros/humble/share/tf2_geometry_msgs/cmake)
[1.712s] -- Ensuring Eigen3 include directory is part of orocos-kdl CMake target
[1.716s] [33mCMake Warning (dev) at /usr/share/cmake-3.22/Modules/CMakeFindDependencyMacro.cmake:47 (find_package):
[1.716s]   Policy CMP0074 is not set: find_package uses <PackageName>_ROOT variables.
[1.716s]   Run "cmake --help-policy CMP0074" for policy details.  Use the cmake_policy
[1.716s]   command to set the policy and suppress this warning.
[1.716s] 
[1.716s]   CMake variable PCL_ROOT is set to:
[1.716s] 
[1.716s]     /usr
[1.716s] 
[1.716s]   For compatibility, CMake is ignoring the variable.
[1.716s] Call Stack (most recent call first):
[1.716s]   /opt/ros/humble/lib/x86_64-linux-gnu/rtabmap-0.21/RTABMapConfig.cmake:7 (find_dependency)
[1.716s]   CMakeLists.txt:22 (find_package)
[1.716s] This warning is for project developers.  Use -Wno-dev to suppress it.
[1.716s] [0m
[1.803s] -- Configuring done
[1.868s] -- Generating done
[1.880s] -- Build files have been written to: /home/echedey/Desktop/TFG/TFGwebots_ws/build/rtabmap_conversions
[1.897s] Invoked command in '/home/echedey/Desktop/TFG/TFGwebots_ws/build/rtabmap_conversions' returned '0': AMENT_PREFIX_PATH=/home/echedey/Desktop/TFG/TFGwebots_ws/install/rtabmap_msgs:${AMENT_PREFIX_PATH} CMAKE_PREFIX_PATH=/home/echedey/Desktop/TFG/TFGwebots_ws/install/rtabmap_msgs:/home/echedey/Desktop/TFG/TFG_ws/install/turtlebot4_simulator:/home/echedey/Desktop/TFG/TFG_ws/install/turtlebot4_gz_bringup:/home/echedey/Desktop/TFG/TFG_ws/install/turtlebot4_gz_toolbox:/home/echedey/Desktop/TFG/TFG_ws/install/turtlebot4_description:/home/echedey/Desktop/TFG/TFG_ws/install/room3:/opt/ros/humble LD_LIBRARY_PATH=/home/echedey/Desktop/TFG/TFGwebots_ws/install/rtabmap_msgs/lib:${LD_LIBRARY_PATH} PYTHONPATH=/home/echedey/Desktop/TFG/TFGwebots_ws/install/rtabmap_msgs/local/lib/python3.10/dist-packages:${PYTHONPATH} /usr/bin/cmake /home/echedey/Desktop/TFG/TFGwebots_ws/src/rtabmap_ros/rtabmap_conversions -DCMAKE_INSTALL_PREFIX=/home/echedey/Desktop/TFG/TFGwebots_ws/install/rtabmap_conversions
[1.900s] Invoking command in '/home/echedey/Desktop/TFG/TFGwebots_ws/build/rtabmap_conversions': AMENT_PREFIX_PATH=/home/echedey/Desktop/TFG/TFGwebots_ws/install/rtabmap_msgs:${AMENT_PREFIX_PATH} CMAKE_PREFIX_PATH=/home/echedey/Desktop/TFG/TFGwebots_ws/install/rtabmap_msgs:/home/echedey/Desktop/TFG/TFG_ws/install/turtlebot4_simulator:/home/echedey/Desktop/TFG/TFG_ws/install/turtlebot4_gz_bringup:/home/echedey/Desktop/TFG/TFG_ws/install/turtlebot4_gz_toolbox:/home/echedey/Desktop/TFG/TFG_ws/install/turtlebot4_description:/home/echedey/Desktop/TFG/TFG_ws/install/room3:/opt/ros/humble LD_LIBRARY_PATH=/home/echedey/Desktop/TFG/TFGwebots_ws/install/rtabmap_msgs/lib:${LD_LIBRARY_PATH} PYTHONPATH=/home/echedey/Desktop/TFG/TFGwebots_ws/install/rtabmap_msgs/local/lib/python3.10/dist-packages:${PYTHONPATH} /usr/bin/cmake --build /home/echedey/Desktop/TFG/TFGwebots_ws/build/rtabmap_conversions -- -j16 -l16
[1.950s] [35m[1mConsolidate compiler generated dependencies of target rtabmap_conversions[0m
[1.984s] [100%] Built target rtabmap_conversions
[1.998s] Invoked command in '/home/echedey/Desktop/TFG/TFGwebots_ws/build/rtabmap_conversions' returned '0': AMENT_PREFIX_PATH=/home/echedey/Desktop/TFG/TFGwebots_ws/install/rtabmap_msgs:${AMENT_PREFIX_PATH} CMAKE_PREFIX_PATH=/home/echedey/Desktop/TFG/TFGwebots_ws/install/rtabmap_msgs:/home/echedey/Desktop/TFG/TFG_ws/install/turtlebot4_simulator:/home/echedey/Desktop/TFG/TFG_ws/install/turtlebot4_gz_bringup:/home/echedey/Desktop/TFG/TFG_ws/install/turtlebot4_gz_toolbox:/home/echedey/Desktop/TFG/TFG_ws/install/turtlebot4_description:/home/echedey/Desktop/TFG/TFG_ws/install/room3:/opt/ros/humble LD_LIBRARY_PATH=/home/echedey/Desktop/TFG/TFGwebots_ws/install/rtabmap_msgs/lib:${LD_LIBRARY_PATH} PYTHONPATH=/home/echedey/Desktop/TFG/TFGwebots_ws/install/rtabmap_msgs/local/lib/python3.10/dist-packages:${PYTHONPATH} /usr/bin/cmake --build /home/echedey/Desktop/TFG/TFGwebots_ws/build/rtabmap_conversions -- -j16 -l16
[2.000s] Invoking command in '/home/echedey/Desktop/TFG/TFGwebots_ws/build/rtabmap_conversions': AMENT_PREFIX_PATH=/home/echedey/Desktop/TFG/TFGwebots_ws/install/rtabmap_msgs:${AMENT_PREFIX_PATH} CMAKE_PREFIX_PATH=/home/echedey/Desktop/TFG/TFGwebots_ws/install/rtabmap_msgs:/home/echedey/Desktop/TFG/TFG_ws/install/turtlebot4_simulator:/home/echedey/Desktop/TFG/TFG_ws/install/turtlebot4_gz_bringup:/home/echedey/Desktop/TFG/TFG_ws/install/turtlebot4_gz_toolbox:/home/echedey/Desktop/TFG/TFG_ws/install/turtlebot4_description:/home/echedey/Desktop/TFG/TFG_ws/install/room3:/opt/ros/humble LD_LIBRARY_PATH=/home/echedey/Desktop/TFG/TFGwebots_ws/install/rtabmap_msgs/lib:${LD_LIBRARY_PATH} PYTHONPATH=/home/echedey/Desktop/TFG/TFGwebots_ws/install/rtabmap_msgs/local/lib/python3.10/dist-packages:${PYTHONPATH} /usr/bin/cmake --install /home/echedey/Desktop/TFG/TFGwebots_ws/build/rtabmap_conversions
[2.007s] -- Install configuration: ""
[2.008s] -- Execute custom install script
[2.008s] -- Up-to-date symlink: /home/echedey/Desktop/TFG/TFGwebots_ws/install/rtabmap_conversions/share/rtabmap_conversions/environment/library_path.sh
[2.008s] -- Up-to-date symlink: /home/echedey/Desktop/TFG/TFGwebots_ws/install/rtabmap_conversions/share/rtabmap_conversions/environment/library_path.dsv
[2.008s] -- Up-to-date symlink: /home/echedey/Desktop/TFG/TFGwebots_ws/install/rtabmap_conversions/share/ament_index/resource_index/package_run_dependencies/rtabmap_conversions
[2.008s] -- Up-to-date symlink: /home/echedey/Desktop/TFG/TFGwebots_ws/install/rtabmap_conversions/share/ament_index/resource_index/parent_prefix_path/rtabmap_conversions
[2.008s] -- Up-to-date symlink: /home/echedey/Desktop/TFG/TFGwebots_ws/install/rtabmap_conversions/share/rtabmap_conversions/environment/ament_prefix_path.sh
[2.008s] -- Up-to-date symlink: /home/echedey/Desktop/TFG/TFGwebots_ws/install/rtabmap_conversions/share/rtabmap_conversions/environment/ament_prefix_path.dsv
[2.008s] -- Up-to-date symlink: /home/echedey/Desktop/TFG/TFGwebots_ws/install/rtabmap_conversions/share/rtabmap_conversions/environment/path.sh
[2.009s] -- Up-to-date symlink: /home/echedey/Desktop/TFG/TFGwebots_ws/install/rtabmap_conversions/share/rtabmap_conversions/environment/path.dsv
[2.009s] -- Up-to-date symlink: /home/echedey/Desktop/TFG/TFGwebots_ws/install/rtabmap_conversions/share/rtabmap_conversions/local_setup.bash
[2.009s] -- Up-to-date symlink: /home/echedey/Desktop/TFG/TFGwebots_ws/install/rtabmap_conversions/share/rtabmap_conversions/local_setup.sh
[2.009s] -- Up-to-date symlink: /home/echedey/Desktop/TFG/TFGwebots_ws/install/rtabmap_conversions/share/rtabmap_conversions/local_setup.zsh
[2.009s] -- Up-to-date symlink: /home/echedey/Desktop/TFG/TFGwebots_ws/install/rtabmap_conversions/share/rtabmap_conversions/local_setup.dsv
[2.009s] -- Symlinking: /home/echedey/Desktop/TFG/TFGwebots_ws/install/rtabmap_conversions/share/rtabmap_conversions/package.dsv
[2.019s] -- Up-to-date symlink: /home/echedey/Desktop/TFG/TFGwebots_ws/install/rtabmap_conversions/share/ament_index/resource_index/packages/rtabmap_conversions
[2.019s] -- Up-to-date symlink: /home/echedey/Desktop/TFG/TFGwebots_ws/install/rtabmap_conversions/share/rtabmap_conversions/cmake/ament_cmake_export_dependencies-extras.cmake
[2.019s] -- Up-to-date symlink: /home/echedey/Desktop/TFG/TFGwebots_ws/install/rtabmap_conversions/share/rtabmap_conversions/cmake/ament_cmake_export_include_directories-extras.cmake
[2.019s] -- Up-to-date symlink: /home/echedey/Desktop/TFG/TFGwebots_ws/install/rtabmap_conversions/share/rtabmap_conversions/cmake/ament_cmake_export_targets-extras.cmake
[2.019s] -- Up-to-date symlink: /home/echedey/Desktop/TFG/TFGwebots_ws/install/rtabmap_conversions/share/rtabmap_conversions/cmake/ament_cmake_export_libraries-extras.cmake
[2.020s] -- Up-to-date symlink: /home/echedey/Desktop/TFG/TFGwebots_ws/install/rtabmap_conversions/share/rtabmap_conversions/cmake/rtabmap_conversionsConfig.cmake
[2.020s] -- Up-to-date symlink: /home/echedey/Desktop/TFG/TFGwebots_ws/install/rtabmap_conversions/share/rtabmap_conversions/cmake/rtabmap_conversionsConfig-version.cmake
[2.020s] -- Up-to-date symlink: /home/echedey/Desktop/TFG/TFGwebots_ws/install/rtabmap_conversions/share/rtabmap_conversions/package.xml
[2.021s] -- Up-to-date: /home/echedey/Desktop/TFG/TFGwebots_ws/install/rtabmap_conversions/lib/librtabmap_conversions.so
[2.021s] -- Up-to-date: /home/echedey/Desktop/TFG/TFGwebots_ws/install/rtabmap_conversions/include
[2.021s] -- Up-to-date: /home/echedey/Desktop/TFG/TFGwebots_ws/install/rtabmap_conversions/include/rtabmap_conversions
[2.021s] -- Up-to-date: /home/echedey/Desktop/TFG/TFGwebots_ws/install/rtabmap_conversions/include/rtabmap_conversions/MsgConversion.h
[2.021s] -- Up-to-date: /home/echedey/Desktop/TFG/TFGwebots_ws/install/rtabmap_conversions/share/rtabmap_conversions/cmake/rtabmap_conversionsExport.cmake
[2.021s] -- Up-to-date: /home/echedey/Desktop/TFG/TFGwebots_ws/install/rtabmap_conversions/share/rtabmap_conversions/cmake/rtabmap_conversionsExport-noconfig.cmake
[2.025s] Invoked command in '/home/echedey/Desktop/TFG/TFGwebots_ws/build/rtabmap_conversions' returned '0': AMENT_PREFIX_PATH=/home/echedey/Desktop/TFG/TFGwebots_ws/install/rtabmap_msgs:${AMENT_PREFIX_PATH} CMAKE_PREFIX_PATH=/home/echedey/Desktop/TFG/TFGwebots_ws/install/rtabmap_msgs:/home/echedey/Desktop/TFG/TFG_ws/install/turtlebot4_simulator:/home/echedey/Desktop/TFG/TFG_ws/install/turtlebot4_gz_bringup:/home/echedey/Desktop/TFG/TFG_ws/install/turtlebot4_gz_toolbox:/home/echedey/Desktop/TFG/TFG_ws/install/turtlebot4_description:/home/echedey/Desktop/TFG/TFG_ws/install/room3:/opt/ros/humble LD_LIBRARY_PATH=/home/echedey/Desktop/TFG/TFGwebots_ws/install/rtabmap_msgs/lib:${LD_LIBRARY_PATH} PYTHONPATH=/home/echedey/Desktop/TFG/TFGwebots_ws/install/rtabmap_msgs/local/lib/python3.10/dist-packages:${PYTHONPATH} /usr/bin/cmake --install /home/echedey/Desktop/TFG/TFGwebots_ws/build/rtabmap_conversions
