running egg_info
writing ../../build/formas/formas.egg-info/PKG-INFO
writing dependency_links to ../../build/formas/formas.egg-info/dependency_links.txt
writing entry points to ../../build/formas/formas.egg-info/entry_points.txt
writing requirements to ../../build/formas/formas.egg-info/requires.txt
writing top-level names to ../../build/formas/formas.egg-info/top_level.txt
reading manifest file '../../build/formas/formas.egg-info/SOURCES.txt'
writing manifest file '../../build/formas/formas.egg-info/SOURCES.txt'
running build
running build_py
copying formas/sala_completa.py -> /home/echedey/Desktop/TFG/TFGwebots_ws/build/formas/build/lib/formas
running install
running install_lib
copying /home/echedey/Desktop/TFG/TFGwebots_ws/build/formas/build/lib/formas/sala_completa.py -> /home/echedey/Desktop/TFG/TFGwebots_ws/install/formas/lib/python3.10/site-packages/formas
byte-compiling /home/echedey/Desktop/TFG/TFGwebots_ws/install/formas/lib/python3.10/site-packages/formas/sala_completa.py to sala_completa.cpython-310.pyc
running install_data
running install_egg_info
removing '/home/echedey/Desktop/TFG/TFGwebots_ws/install/formas/lib/python3.10/site-packages/formas-0.0.0-py3.10.egg-info' (and everything under it)
Copying ../../build/formas/formas.egg-info to /home/echedey/Desktop/TFG/TFGwebots_ws/install/formas/lib/python3.10/site-packages/formas-0.0.0-py3.10.egg-info
running install_scripts
Installing cuadrado script to /home/echedey/Desktop/TFG/TFGwebots_ws/install/formas/lib/formas
Installing sala script to /home/echedey/Desktop/TFG/TFGwebots_ws/install/formas/lib/formas
writing list of installed files to '/home/echedey/Desktop/TFG/TFGwebots_ws/build/formas/install.log'
