[0.658s] Invoking command in '/home/echedey/Desktop/TFG/TFGwebots_ws/src/formas': PYTHONPATH=/home/echedey/Desktop/TFG/TFGwebots_ws/build/formas/prefix_override:/usr/lib/python3/dist-packages/colcon_core/task/python/colcon_distutils_commands:/home/echedey/Desktop/TFG/TFGwebots_ws/install/formas/lib/python3.10/site-packages:${PYTHONPATH} /usr/bin/python3 -W ignore:setup.py install is deprecated -W ignore:easy_install command is deprecated setup.py egg_info --egg-base ../../build/formas build --build-base /home/echedey/Desktop/TFG/TFGwebots_ws/build/formas/build install --record /home/echedey/Desktop/TFG/TFGwebots_ws/build/formas/install.log --single-version-externally-managed install_data
[0.877s] running egg_info
[0.877s] writing ../../build/formas/formas.egg-info/PKG-INFO
[0.888s] writing dependency_links to ../../build/formas/formas.egg-info/dependency_links.txt
[0.888s] writing entry points to ../../build/formas/formas.egg-info/entry_points.txt
[0.889s] writing requirements to ../../build/formas/formas.egg-info/requires.txt
[0.889s] writing top-level names to ../../build/formas/formas.egg-info/top_level.txt
[0.890s] reading manifest file '../../build/formas/formas.egg-info/SOURCES.txt'
[0.891s] writing manifest file '../../build/formas/formas.egg-info/SOURCES.txt'
[0.891s] running build
[0.891s] running build_py
[0.892s] copying formas/sala_completa.py -> /home/echedey/Desktop/TFG/TFGwebots_ws/build/formas/build/lib/formas
[0.892s] running install
[0.892s] running install_lib
[0.893s] copying /home/echedey/Desktop/TFG/TFGwebots_ws/build/formas/build/lib/formas/sala_completa.py -> /home/echedey/Desktop/TFG/TFGwebots_ws/install/formas/lib/python3.10/site-packages/formas
[0.893s] byte-compiling /home/echedey/Desktop/TFG/TFGwebots_ws/install/formas/lib/python3.10/site-packages/formas/sala_completa.py to sala_completa.cpython-310.pyc
[0.894s] running install_data
[0.894s] running install_egg_info
[0.895s] removing '/home/echedey/Desktop/TFG/TFGwebots_ws/install/formas/lib/python3.10/site-packages/formas-0.0.0-py3.10.egg-info' (and everything under it)
[0.896s] Copying ../../build/formas/formas.egg-info to /home/echedey/Desktop/TFG/TFGwebots_ws/install/formas/lib/python3.10/site-packages/formas-0.0.0-py3.10.egg-info
[0.897s] running install_scripts
[0.916s] Installing cuadrado script to /home/echedey/Desktop/TFG/TFGwebots_ws/install/formas/lib/formas
[0.916s] Installing sala script to /home/echedey/Desktop/TFG/TFGwebots_ws/install/formas/lib/formas
[0.917s] writing list of installed files to '/home/echedey/Desktop/TFG/TFGwebots_ws/build/formas/install.log'
[0.951s] Invoked command in '/home/echedey/Desktop/TFG/TFGwebots_ws/src/formas' returned '0': PYTHONPATH=/home/echedey/Desktop/TFG/TFGwebots_ws/build/formas/prefix_override:/usr/lib/python3/dist-packages/colcon_core/task/python/colcon_distutils_commands:/home/echedey/Desktop/TFG/TFGwebots_ws/install/formas/lib/python3.10/site-packages:${PYTHONPATH} /usr/bin/python3 -W ignore:setup.py install is deprecated -W ignore:easy_install command is deprecated setup.py egg_info --egg-base ../../build/formas build --build-base /home/echedey/Desktop/TFG/TFGwebots_ws/build/formas/build install --record /home/echedey/Desktop/TFG/TFGwebots_ws/build/formas/install.log --single-version-externally-managed install_data
