[0.012s] Invoking command in '/home/echedey/Desktop/TFG/TFG_ws/build/room3': CMAKE_PREFIX_PATH=${CMAKE_PREFIX_PATH}:/opt/ros/humble /usr/bin/cmake --build /home/echedey/Desktop/TFG/TFG_ws/build/room3 -- -j16 -l16
[0.057s] Invoked command in '/home/echedey/Desktop/TFG/TFG_ws/build/room3' returned '0': CMAKE_PREFIX_PATH=${CMAKE_PREFIX_PATH}:/opt/ros/humble /usr/bin/cmake --build /home/echedey/Desktop/TFG/TFG_ws/build/room3 -- -j16 -l16
[0.068s] Invoking command in '/home/echedey/Desktop/TFG/TFG_ws/build/room3': CMAKE_PREFIX_PATH=${CMAKE_PREFIX_PATH}:/opt/ros/humble /usr/bin/cmake --install /home/echedey/Desktop/TFG/TFG_ws/build/room3
[0.076s] -- Install configuration: ""
[0.077s] -- Up-to-date: /home/echedey/Desktop/TFG/TFG_ws/install/room3/share/room3//maps
[0.077s] -- Up-to-date: /home/echedey/Desktop/TFG/TFG_ws/install/room3/share/room3//maps/room_with_walls_2
[0.077s] -- Up-to-date: /home/echedey/Desktop/TFG/TFG_ws/install/room3/share/room3//maps/room_with_walls_2/room3
[0.077s] -- Up-to-date: /home/echedey/Desktop/TFG/TFG_ws/install/room3/share/room3//maps/room_with_walls_2/room3/model.config
[0.078s] -- Up-to-date: /home/echedey/Desktop/TFG/TFG_ws/install/room3/share/room3//maps/room_with_walls_2/room3/model.sdf
[0.078s] -- Up-to-date: /home/echedey/Desktop/TFG/TFG_ws/install/room3/share/room3//maps/room_with_walls_2/map_0.1m-px.png
[0.078s] -- Up-to-date: /home/echedey/Desktop/TFG/TFG_ws/install/room3/share/room3//maps/room_with_walls_2/map.yaml
[0.078s] -- Up-to-date: /home/echedey/Desktop/TFG/TFG_ws/install/room3/share/room3//maps/room_with_walls_2/map_0.05m-px.png
[0.078s] -- Up-to-date: /home/echedey/Desktop/TFG/TFG_ws/install/room3/share/room3//launch
[0.078s] -- Up-to-date: /home/echedey/Desktop/TFG/TFG_ws/install/room3/share/room3//launch/turtlebot4_empty.launch.py
[0.078s] -- Installing: /home/echedey/Desktop/TFG/TFG_ws/install/room3/share/room3//launch/room3_sim.launch.py
[0.078s] -- Up-to-date: /home/echedey/Desktop/TFG/TFG_ws/install/room3/share/ament_index/resource_index/package_run_dependencies/room3
[0.078s] -- Up-to-date: /home/echedey/Desktop/TFG/TFG_ws/install/room3/share/ament_index/resource_index/parent_prefix_path/room3
[0.078s] -- Up-to-date: /home/echedey/Desktop/TFG/TFG_ws/install/room3/share/room3/environment/ament_prefix_path.sh
[0.078s] -- Up-to-date: /home/echedey/Desktop/TFG/TFG_ws/install/room3/share/room3/environment/ament_prefix_path.dsv
[0.078s] -- Up-to-date: /home/echedey/Desktop/TFG/TFG_ws/install/room3/share/room3/environment/path.sh
[0.078s] -- Up-to-date: /home/echedey/Desktop/TFG/TFG_ws/install/room3/share/room3/environment/path.dsv
[0.078s] -- Up-to-date: /home/echedey/Desktop/TFG/TFG_ws/install/room3/share/room3/local_setup.bash
[0.078s] -- Up-to-date: /home/echedey/Desktop/TFG/TFG_ws/install/room3/share/room3/local_setup.sh
[0.078s] -- Up-to-date: /home/echedey/Desktop/TFG/TFG_ws/install/room3/share/room3/local_setup.zsh
[0.078s] -- Up-to-date: /home/echedey/Desktop/TFG/TFG_ws/install/room3/share/room3/local_setup.dsv
[0.078s] -- Installing: /home/echedey/Desktop/TFG/TFG_ws/install/room3/share/room3/package.dsv
[0.078s] -- Up-to-date: /home/echedey/Desktop/TFG/TFG_ws/install/room3/share/ament_index/resource_index/packages/room3
[0.079s] -- Up-to-date: /home/echedey/Desktop/TFG/TFG_ws/install/room3/share/room3/cmake/room3Config.cmake
[0.079s] -- Up-to-date: /home/echedey/Desktop/TFG/TFG_ws/install/room3/share/room3/cmake/room3Config-version.cmake
[0.079s] -- Up-to-date: /home/echedey/Desktop/TFG/TFG_ws/install/room3/share/room3/package.xml
[0.081s] Invoked command in '/home/echedey/Desktop/TFG/TFG_ws/build/room3' returned '0': CMAKE_PREFIX_PATH=${CMAKE_PREFIX_PATH}:/opt/ros/humble /usr/bin/cmake --install /home/echedey/Desktop/TFG/TFG_ws/build/room3
