[0.030s] Invoking command in '/home/echedey/Desktop/TFG/TFGwebots_ws/build/depthai-ros': CMAKE_PREFIX_PATH=/home/echedey/Desktop/TFG/TFGwebots_ws/install/depthai_ros_driver:/home/echedey/Desktop/TFG/TFGwebots_ws/install/depthai_examples:/home/echedey/Desktop/TFG/TFGwebots_ws/install/depthai_filters:/home/echedey/Desktop/TFG/TFGwebots_ws/install/depthai_bridge:/home/echedey/Desktop/TFG/TFGwebots_ws/install/depthai_ros_msgs:/home/echedey/Desktop/TFG/TFGwebots_ws/install/depthai_descriptions:/home/echedey/Desktop/TFG/TFGwebots_ws/install/depthai-ros:/home/echedey/Desktop/TFG/TFGwebots_ws/install/tb4_sim:/home/echedey/Desktop/TFG/TFGwebots_ws/install/formas:/opt/ros/humble GAZEBO_MODEL_PATH=/home/echedey/Desktop/TFG/TFGwebots_ws/install/depthai_descriptions:${GAZEBO_MODEL_PATH} GAZEBO_RESOURCE_PATH=/home/echedey/Desktop/TFG/TFGwebots_ws/install/depthai_descriptions:${GAZEBO_RESOURCE_PATH} IGN_GAZEBO_MODEL_PATH=/home/echedey/Desktop/TFG/TFGwebots_ws/install/depthai_descriptions:${IGN_GAZEBO_MODEL_PATH} IGN_GAZEBO_RESOURCE_PATH=/home/echedey/Desktop/TFG/TFGwebots_ws/install/depthai_descriptions:${IGN_GAZEBO_RESOURCE_PATH} /usr/bin/cmake /home/echedey/Desktop/TFG/TFGwebots_ws/src/depthai-ros/depthai-ros -DAMENT_CMAKE_SYMLINK_INSTALL=1 -DCMAKE_INSTALL_PREFIX=/home/echedey/Desktop/TFG/TFGwebots_ws/install/depthai-ros
[0.110s] -- The CXX compiler identification is GNU 11.4.0
[0.160s] -- The C compiler identification is GNU 11.4.0
[0.170s] -- Detecting CXX compiler ABI info
[0.261s] -- Detecting CXX compiler ABI info - done
[0.267s] -- Check for working CXX compiler: /usr/bin/c++ - skipped
[0.268s] -- Detecting CXX compile features
[0.268s] -- Detecting CXX compile features - done
[0.271s] -- Detecting C compiler ABI info
[0.351s] -- Detecting C compiler ABI info - done
[0.357s] -- Check for working C compiler: /usr/bin/cc - skipped
[0.357s] -- Detecting C compile features
[0.357s] -- Detecting C compile features - done
[0.361s] -- Found ament_cmake: 1.3.11 (/opt/ros/humble/share/ament_cmake/cmake)
[0.515s] -- Found Python3: /usr/bin/python3 (found version "3.10.12") found components: Interpreter 
[0.586s] -- Override CMake install command with custom implementation using symlinks instead of copying resources
[0.706s] -- Configuring done
[0.709s] -- Generating done
[0.710s] -- Build files have been written to: /home/echedey/Desktop/TFG/TFGwebots_ws/build/depthai-ros
[0.715s] Invoked command in '/home/echedey/Desktop/TFG/TFGwebots_ws/build/depthai-ros' returned '0': CMAKE_PREFIX_PATH=/home/echedey/Desktop/TFG/TFGwebots_ws/install/depthai_ros_driver:/home/echedey/Desktop/TFG/TFGwebots_ws/install/depthai_examples:/home/echedey/Desktop/TFG/TFGwebots_ws/install/depthai_filters:/home/echedey/Desktop/TFG/TFGwebots_ws/install/depthai_bridge:/home/echedey/Desktop/TFG/TFGwebots_ws/install/depthai_ros_msgs:/home/echedey/Desktop/TFG/TFGwebots_ws/install/depthai_descriptions:/home/echedey/Desktop/TFG/TFGwebots_ws/install/depthai-ros:/home/echedey/Desktop/TFG/TFGwebots_ws/install/tb4_sim:/home/echedey/Desktop/TFG/TFGwebots_ws/install/formas:/opt/ros/humble GAZEBO_MODEL_PATH=/home/echedey/Desktop/TFG/TFGwebots_ws/install/depthai_descriptions:${GAZEBO_MODEL_PATH} GAZEBO_RESOURCE_PATH=/home/echedey/Desktop/TFG/TFGwebots_ws/install/depthai_descriptions:${GAZEBO_RESOURCE_PATH} IGN_GAZEBO_MODEL_PATH=/home/echedey/Desktop/TFG/TFGwebots_ws/install/depthai_descriptions:${IGN_GAZEBO_MODEL_PATH} IGN_GAZEBO_RESOURCE_PATH=/home/echedey/Desktop/TFG/TFGwebots_ws/install/depthai_descriptions:${IGN_GAZEBO_RESOURCE_PATH} /usr/bin/cmake /home/echedey/Desktop/TFG/TFGwebots_ws/src/depthai-ros/depthai-ros -DAMENT_CMAKE_SYMLINK_INSTALL=1 -DCMAKE_INSTALL_PREFIX=/home/echedey/Desktop/TFG/TFGwebots_ws/install/depthai-ros
[0.718s] Invoking command in '/home/echedey/Desktop/TFG/TFGwebots_ws/build/depthai-ros': CMAKE_PREFIX_PATH=/home/echedey/Desktop/TFG/TFGwebots_ws/install/depthai_ros_driver:/home/echedey/Desktop/TFG/TFGwebots_ws/install/depthai_examples:/home/echedey/Desktop/TFG/TFGwebots_ws/install/depthai_filters:/home/echedey/Desktop/TFG/TFGwebots_ws/install/depthai_bridge:/home/echedey/Desktop/TFG/TFGwebots_ws/install/depthai_ros_msgs:/home/echedey/Desktop/TFG/TFGwebots_ws/install/depthai_descriptions:/home/echedey/Desktop/TFG/TFGwebots_ws/install/depthai-ros:/home/echedey/Desktop/TFG/TFGwebots_ws/install/tb4_sim:/home/echedey/Desktop/TFG/TFGwebots_ws/install/formas:/opt/ros/humble GAZEBO_MODEL_PATH=/home/echedey/Desktop/TFG/TFGwebots_ws/install/depthai_descriptions:${GAZEBO_MODEL_PATH} GAZEBO_RESOURCE_PATH=/home/echedey/Desktop/TFG/TFGwebots_ws/install/depthai_descriptions:${GAZEBO_RESOURCE_PATH} IGN_GAZEBO_MODEL_PATH=/home/echedey/Desktop/TFG/TFGwebots_ws/install/depthai_descriptions:${IGN_GAZEBO_MODEL_PATH} IGN_GAZEBO_RESOURCE_PATH=/home/echedey/Desktop/TFG/TFGwebots_ws/install/depthai_descriptions:${IGN_GAZEBO_RESOURCE_PATH} /usr/bin/cmake --build /home/echedey/Desktop/TFG/TFGwebots_ws/build/depthai-ros -- -j16 -l16
[0.765s] Invoked command in '/home/echedey/Desktop/TFG/TFGwebots_ws/build/depthai-ros' returned '0': CMAKE_PREFIX_PATH=/home/echedey/Desktop/TFG/TFGwebots_ws/install/depthai_ros_driver:/home/echedey/Desktop/TFG/TFGwebots_ws/install/depthai_examples:/home/echedey/Desktop/TFG/TFGwebots_ws/install/depthai_filters:/home/echedey/Desktop/TFG/TFGwebots_ws/install/depthai_bridge:/home/echedey/Desktop/TFG/TFGwebots_ws/install/depthai_ros_msgs:/home/echedey/Desktop/TFG/TFGwebots_ws/install/depthai_descriptions:/home/echedey/Desktop/TFG/TFGwebots_ws/install/depthai-ros:/home/echedey/Desktop/TFG/TFGwebots_ws/install/tb4_sim:/home/echedey/Desktop/TFG/TFGwebots_ws/install/formas:/opt/ros/humble GAZEBO_MODEL_PATH=/home/echedey/Desktop/TFG/TFGwebots_ws/install/depthai_descriptions:${GAZEBO_MODEL_PATH} GAZEBO_RESOURCE_PATH=/home/echedey/Desktop/TFG/TFGwebots_ws/install/depthai_descriptions:${GAZEBO_RESOURCE_PATH} IGN_GAZEBO_MODEL_PATH=/home/echedey/Desktop/TFG/TFGwebots_ws/install/depthai_descriptions:${IGN_GAZEBO_MODEL_PATH} IGN_GAZEBO_RESOURCE_PATH=/home/echedey/Desktop/TFG/TFGwebots_ws/install/depthai_descriptions:${IGN_GAZEBO_RESOURCE_PATH} /usr/bin/cmake --build /home/echedey/Desktop/TFG/TFGwebots_ws/build/depthai-ros -- -j16 -l16
[0.768s] Invoking command in '/home/echedey/Desktop/TFG/TFGwebots_ws/build/depthai-ros': CMAKE_PREFIX_PATH=/home/echedey/Desktop/TFG/TFGwebots_ws/install/depthai_ros_driver:/home/echedey/Desktop/TFG/TFGwebots_ws/install/depthai_examples:/home/echedey/Desktop/TFG/TFGwebots_ws/install/depthai_filters:/home/echedey/Desktop/TFG/TFGwebots_ws/install/depthai_bridge:/home/echedey/Desktop/TFG/TFGwebots_ws/install/depthai_ros_msgs:/home/echedey/Desktop/TFG/TFGwebots_ws/install/depthai_descriptions:/home/echedey/Desktop/TFG/TFGwebots_ws/install/depthai-ros:/home/echedey/Desktop/TFG/TFGwebots_ws/install/tb4_sim:/home/echedey/Desktop/TFG/TFGwebots_ws/install/formas:/opt/ros/humble GAZEBO_MODEL_PATH=/home/echedey/Desktop/TFG/TFGwebots_ws/install/depthai_descriptions:${GAZEBO_MODEL_PATH} GAZEBO_RESOURCE_PATH=/home/echedey/Desktop/TFG/TFGwebots_ws/install/depthai_descriptions:${GAZEBO_RESOURCE_PATH} IGN_GAZEBO_MODEL_PATH=/home/echedey/Desktop/TFG/TFGwebots_ws/install/depthai_descriptions:${IGN_GAZEBO_MODEL_PATH} IGN_GAZEBO_RESOURCE_PATH=/home/echedey/Desktop/TFG/TFGwebots_ws/install/depthai_descriptions:${IGN_GAZEBO_RESOURCE_PATH} /usr/bin/cmake --install /home/echedey/Desktop/TFG/TFGwebots_ws/build/depthai-ros
[0.775s] -- Install configuration: ""
[0.776s] -- Execute custom install script
[0.776s] -- Symlinking: /home/echedey/Desktop/TFG/TFGwebots_ws/install/depthai-ros/share/ament_index/resource_index/package_run_dependencies/depthai-ros
[0.787s] -- Symlinking: /home/echedey/Desktop/TFG/TFGwebots_ws/install/depthai-ros/share/ament_index/resource_index/parent_prefix_path/depthai-ros
[0.799s] -- Symlinking: /home/echedey/Desktop/TFG/TFGwebots_ws/install/depthai-ros/share/depthai-ros/environment/ament_prefix_path.sh
[0.811s] -- Symlinking: /home/echedey/Desktop/TFG/TFGwebots_ws/install/depthai-ros/share/depthai-ros/environment/ament_prefix_path.dsv
[0.821s] -- Symlinking: /home/echedey/Desktop/TFG/TFGwebots_ws/install/depthai-ros/share/depthai-ros/environment/path.sh
[0.831s] -- Symlinking: /home/echedey/Desktop/TFG/TFGwebots_ws/install/depthai-ros/share/depthai-ros/environment/path.dsv
[0.841s] -- Symlinking: /home/echedey/Desktop/TFG/TFGwebots_ws/install/depthai-ros/share/depthai-ros/local_setup.bash
[0.851s] -- Symlinking: /home/echedey/Desktop/TFG/TFGwebots_ws/install/depthai-ros/share/depthai-ros/local_setup.sh
[0.863s] -- Symlinking: /home/echedey/Desktop/TFG/TFGwebots_ws/install/depthai-ros/share/depthai-ros/local_setup.zsh
[0.874s] -- Symlinking: /home/echedey/Desktop/TFG/TFGwebots_ws/install/depthai-ros/share/depthai-ros/local_setup.dsv
[0.886s] -- Symlinking: /home/echedey/Desktop/TFG/TFGwebots_ws/install/depthai-ros/share/depthai-ros/package.dsv
[0.898s] -- Symlinking: /home/echedey/Desktop/TFG/TFGwebots_ws/install/depthai-ros/share/ament_index/resource_index/packages/depthai-ros
[0.908s] -- Symlinking: /home/echedey/Desktop/TFG/TFGwebots_ws/install/depthai-ros/share/depthai-ros/cmake/depthai-rosConfig.cmake
[0.920s] -- Symlinking: /home/echedey/Desktop/TFG/TFGwebots_ws/install/depthai-ros/share/depthai-ros/cmake/depthai-rosConfig-version.cmake
[0.931s] -- Symlinking: /home/echedey/Desktop/TFG/TFGwebots_ws/install/depthai-ros/share/depthai-ros/package.xml
[0.946s] Invoked command in '/home/echedey/Desktop/TFG/TFGwebots_ws/build/depthai-ros' returned '0': CMAKE_PREFIX_PATH=/home/echedey/Desktop/TFG/TFGwebots_ws/install/depthai_ros_driver:/home/echedey/Desktop/TFG/TFGwebots_ws/install/depthai_examples:/home/echedey/Desktop/TFG/TFGwebots_ws/install/depthai_filters:/home/echedey/Desktop/TFG/TFGwebots_ws/install/depthai_bridge:/home/echedey/Desktop/TFG/TFGwebots_ws/install/depthai_ros_msgs:/home/echedey/Desktop/TFG/TFGwebots_ws/install/depthai_descriptions:/home/echedey/Desktop/TFG/TFGwebots_ws/install/depthai-ros:/home/echedey/Desktop/TFG/TFGwebots_ws/install/tb4_sim:/home/echedey/Desktop/TFG/TFGwebots_ws/install/formas:/opt/ros/humble GAZEBO_MODEL_PATH=/home/echedey/Desktop/TFG/TFGwebots_ws/install/depthai_descriptions:${GAZEBO_MODEL_PATH} GAZEBO_RESOURCE_PATH=/home/echedey/Desktop/TFG/TFGwebots_ws/install/depthai_descriptions:${GAZEBO_RESOURCE_PATH} IGN_GAZEBO_MODEL_PATH=/home/echedey/Desktop/TFG/TFGwebots_ws/install/depthai_descriptions:${IGN_GAZEBO_MODEL_PATH} IGN_GAZEBO_RESOURCE_PATH=/home/echedey/Desktop/TFG/TFGwebots_ws/install/depthai_descriptions:${IGN_GAZEBO_RESOURCE_PATH} /usr/bin/cmake --install /home/echedey/Desktop/TFG/TFGwebots_ws/build/depthai-ros
