running egg_info
creating ../../build/turtlebot4_sim/turtlebot4_sim.egg-info
writing ../../build/turtlebot4_sim/turtlebot4_sim.egg-info/PKG-INFO
writing dependency_links to ../../build/turtlebot4_sim/turtlebot4_sim.egg-info/dependency_links.txt
writing entry points to ../../build/turtlebot4_sim/turtlebot4_sim.egg-info/entry_points.txt
writing requirements to ../../build/turtlebot4_sim/turtlebot4_sim.egg-info/requires.txt
writing top-level names to ../../build/turtlebot4_sim/turtlebot4_sim.egg-info/top_level.txt
writing manifest file '../../build/turtlebot4_sim/turtlebot4_sim.egg-info/SOURCES.txt'
reading manifest file '../../build/turtlebot4_sim/turtlebot4_sim.egg-info/SOURCES.txt'
writing manifest file '../../build/turtlebot4_sim/turtlebot4_sim.egg-info/SOURCES.txt'
running build
running build_py
creating /home/echedey/Desktop/TFG/TFG_ws/build/turtlebot4_sim/build
creating /home/echedey/Desktop/TFG/TFG_ws/build/turtlebot4_sim/build/lib
creating /home/echedey/Desktop/TFG/TFG_ws/build/turtlebot4_sim/build/lib/turtlebot4_sim
copying turtlebot4_sim/__init__.py -> /home/echedey/Desktop/TFG/TFG_ws/build/turtlebot4_sim/build/lib/turtlebot4_sim
running install
running install_lib
creating /home/echedey/Desktop/TFG/TFG_ws/install/turtlebot4_sim/lib/python3.10/site-packages/turtlebot4_sim
copying /home/echedey/Desktop/TFG/TFG_ws/build/turtlebot4_sim/build/lib/turtlebot4_sim/__init__.py -> /home/echedey/Desktop/TFG/TFG_ws/install/turtlebot4_sim/lib/python3.10/site-packages/turtlebot4_sim
byte-compiling /home/echedey/Desktop/TFG/TFG_ws/install/turtlebot4_sim/lib/python3.10/site-packages/turtlebot4_sim/__init__.py to __init__.cpython-310.pyc
running install_data
creating /home/echedey/Desktop/TFG/TFG_ws/install/turtlebot4_sim/share/ament_index
creating /home/echedey/Desktop/TFG/TFG_ws/install/turtlebot4_sim/share/ament_index/resource_index
creating /home/echedey/Desktop/TFG/TFG_ws/install/turtlebot4_sim/share/ament_index/resource_index/packages
copying resource/turtlebot4_sim -> /home/echedey/Desktop/TFG/TFG_ws/install/turtlebot4_sim/share/ament_index/resource_index/packages
copying package.xml -> /home/echedey/Desktop/TFG/TFG_ws/install/turtlebot4_sim/share/turtlebot4_sim
creating /home/echedey/Desktop/TFG/TFG_ws/install/turtlebot4_sim/share/turtlebot4_sim/launch
copying launch/launch_sim_turtlebot4.py -> /home/echedey/Desktop/TFG/TFG_ws/install/turtlebot4_sim/share/turtlebot4_sim/launch
copying launch/launch_turtlebot4_empty.py -> /home/echedey/Desktop/TFG/TFG_ws/install/turtlebot4_sim/share/turtlebot4_sim/launch
copying launch/launch_gazebo_robot.py -> /home/echedey/Desktop/TFG/TFG_ws/install/turtlebot4_sim/share/turtlebot4_sim/launch
running install_egg_info
Copying ../../build/turtlebot4_sim/turtlebot4_sim.egg-info to /home/echedey/Desktop/TFG/TFG_ws/install/turtlebot4_sim/lib/python3.10/site-packages/turtlebot4_sim-0.0.0-py3.10.egg-info
running install_scripts
writing list of installed files to '/home/echedey/Desktop/TFG/TFG_ws/build/turtlebot4_sim/install.log'
