[0.901s] Invoking command in '/home/echedey/Desktop/TFG/TFG_ws/src/turtlebot4_sim': PYTHONPATH=/home/echedey/Desktop/TFG/TFG_ws/build/turtlebot4_sim/prefix_override:/usr/lib/python3/dist-packages/colcon_core/task/python/colcon_distutils_commands:/home/echedey/Desktop/TFG/TFG_ws/install/turtlebot4_sim/lib/python3.10/site-packages:${PYTHONPATH} /usr/bin/python3 -W ignore:setup.py install is deprecated -W ignore:easy_install command is deprecated setup.py egg_info --egg-base ../../build/turtlebot4_sim build --build-base /home/echedey/Desktop/TFG/TFG_ws/build/turtlebot4_sim/build install --record /home/echedey/Desktop/TFG/TFG_ws/build/turtlebot4_sim/install.log --single-version-externally-managed install_data
[1.122s] running egg_info
[1.123s] creating ../../build/turtlebot4_sim/turtlebot4_sim.egg-info
[1.123s] writing ../../build/turtlebot4_sim/turtlebot4_sim.egg-info/PKG-INFO
[1.123s] writing dependency_links to ../../build/turtlebot4_sim/turtlebot4_sim.egg-info/dependency_links.txt
[1.123s] writing entry points to ../../build/turtlebot4_sim/turtlebot4_sim.egg-info/entry_points.txt
[1.123s] writing requirements to ../../build/turtlebot4_sim/turtlebot4_sim.egg-info/requires.txt
[1.124s] writing top-level names to ../../build/turtlebot4_sim/turtlebot4_sim.egg-info/top_level.txt
[1.124s] writing manifest file '../../build/turtlebot4_sim/turtlebot4_sim.egg-info/SOURCES.txt'
[1.126s] reading manifest file '../../build/turtlebot4_sim/turtlebot4_sim.egg-info/SOURCES.txt'
[1.126s] writing manifest file '../../build/turtlebot4_sim/turtlebot4_sim.egg-info/SOURCES.txt'
[1.127s] running build
[1.127s] running build_py
[1.127s] creating /home/echedey/Desktop/TFG/TFG_ws/build/turtlebot4_sim/build
[1.127s] creating /home/echedey/Desktop/TFG/TFG_ws/build/turtlebot4_sim/build/lib
[1.127s] creating /home/echedey/Desktop/TFG/TFG_ws/build/turtlebot4_sim/build/lib/turtlebot4_sim
[1.127s] copying turtlebot4_sim/__init__.py -> /home/echedey/Desktop/TFG/TFG_ws/build/turtlebot4_sim/build/lib/turtlebot4_sim
[1.127s] running install
[1.127s] running install_lib
[1.130s] creating /home/echedey/Desktop/TFG/TFG_ws/install/turtlebot4_sim/lib/python3.10/site-packages/turtlebot4_sim
[1.130s] copying /home/echedey/Desktop/TFG/TFG_ws/build/turtlebot4_sim/build/lib/turtlebot4_sim/__init__.py -> /home/echedey/Desktop/TFG/TFG_ws/install/turtlebot4_sim/lib/python3.10/site-packages/turtlebot4_sim
[1.130s] byte-compiling /home/echedey/Desktop/TFG/TFG_ws/install/turtlebot4_sim/lib/python3.10/site-packages/turtlebot4_sim/__init__.py to __init__.cpython-310.pyc
[1.130s] running install_data
[1.130s] creating /home/echedey/Desktop/TFG/TFG_ws/install/turtlebot4_sim/share/ament_index
[1.130s] creating /home/echedey/Desktop/TFG/TFG_ws/install/turtlebot4_sim/share/ament_index/resource_index
[1.130s] creating /home/echedey/Desktop/TFG/TFG_ws/install/turtlebot4_sim/share/ament_index/resource_index/packages
[1.130s] copying resource/turtlebot4_sim -> /home/echedey/Desktop/TFG/TFG_ws/install/turtlebot4_sim/share/ament_index/resource_index/packages
[1.131s] copying package.xml -> /home/echedey/Desktop/TFG/TFG_ws/install/turtlebot4_sim/share/turtlebot4_sim
[1.131s] creating /home/echedey/Desktop/TFG/TFG_ws/install/turtlebot4_sim/share/turtlebot4_sim/launch
[1.131s] copying launch/launch_sim_turtlebot4.py -> /home/echedey/Desktop/TFG/TFG_ws/install/turtlebot4_sim/share/turtlebot4_sim/launch
[1.131s] copying launch/launch_turtlebot4_empty.py -> /home/echedey/Desktop/TFG/TFG_ws/install/turtlebot4_sim/share/turtlebot4_sim/launch
[1.131s] copying launch/launch_gazebo_robot.py -> /home/echedey/Desktop/TFG/TFG_ws/install/turtlebot4_sim/share/turtlebot4_sim/launch
[1.131s] running install_egg_info
[1.133s] Copying ../../build/turtlebot4_sim/turtlebot4_sim.egg-info to /home/echedey/Desktop/TFG/TFG_ws/install/turtlebot4_sim/lib/python3.10/site-packages/turtlebot4_sim-0.0.0-py3.10.egg-info
[1.134s] running install_scripts
[1.155s] writing list of installed files to '/home/echedey/Desktop/TFG/TFG_ws/build/turtlebot4_sim/install.log'
[1.199s] Invoked command in '/home/echedey/Desktop/TFG/TFG_ws/src/turtlebot4_sim' returned '0': PYTHONPATH=/home/echedey/Desktop/TFG/TFG_ws/build/turtlebot4_sim/prefix_override:/usr/lib/python3/dist-packages/colcon_core/task/python/colcon_distutils_commands:/home/echedey/Desktop/TFG/TFG_ws/install/turtlebot4_sim/lib/python3.10/site-packages:${PYTHONPATH} /usr/bin/python3 -W ignore:setup.py install is deprecated -W ignore:easy_install command is deprecated setup.py egg_info --egg-base ../../build/turtlebot4_sim build --build-base /home/echedey/Desktop/TFG/TFG_ws/build/turtlebot4_sim/build install --record /home/echedey/Desktop/TFG/TFG_ws/build/turtlebot4_sim/install.log --single-version-externally-managed install_data
