[0.131s] DEBUG:colcon:Command line arguments: ['/usr/bin/colcon', 'list', '-p', '--base-paths', '/home/echedey/Desktop/TFG/TFGwebots_ws']
[0.131s] DEBUG:colcon:Parsed command line arguments: Namespace(log_base=None, log_level=None, verb_name='list', build_base='build', ignore_user_meta=False, metas=['./colcon.meta'], base_paths=['/home/echedey/Desktop/TFG/TFGwebots_ws'], packages_ignore=None, packages_ignore_regex=None, paths=None, packages_up_to=None, packages_up_to_regex=None, packages_above=None, packages_above_and_dependencies=None, packages_above_depth=None, packages_select_by_dep=None, packages_skip_by_dep=None, packages_skip_up_to=None, packages_select_build_failed=False, packages_skip_build_finished=False, packages_select_test_failures=False, packages_skip_test_passed=False, packages_select=None, packages_skip=None, packages_select_regex=None, packages_skip_regex=None, packages_start=None, packages_end=None, allow_overriding=[], topological_order=False, names_only=False, paths_only=True, topological_graph=False, topological_graph_dot=False, topological_graph_density=False, topological_graph_legend=False, topological_graph_dot_cluster=False, topological_graph_dot_include_skipped=False, mixin_files=None, mixin=None, verb_parser=<colcon_mixin.mixin.mixin_argument.MixinArgumentDecorator object at 0x79176dda0280>, verb_extension=<colcon_package_information.verb.list.ListVerb object at 0x79176dd183d0>, main=<bound method ListVerb.main of <colcon_package_information.verb.list.ListVerb object at 0x79176dd183d0>>, mixin_verb=('list',))
[0.383s] Level 1:colcon.colcon_core.package_discovery:discover_packages(colcon_meta) check parameters
[0.384s] Level 1:colcon.colcon_core.package_discovery:discover_packages(recursive) check parameters
[0.384s] Level 1:colcon.colcon_core.package_discovery:discover_packages(ignore) check parameters
[0.384s] Level 1:colcon.colcon_core.package_discovery:discover_packages(path) check parameters
[0.384s] Level 1:colcon.colcon_core.package_discovery:discover_packages(recursive) discover
[0.384s] INFO:colcon.colcon_core.package_discovery:Crawling recursively for packages in '/home/echedey/Desktop/TFG/TFGwebots_ws'
[0.384s] Level 1:colcon.colcon_core.package_identification:_identify(/home/echedey/Desktop/TFG/TFGwebots_ws) by extensions ['ignore', 'ignore_ament_install']
[0.384s] Level 1:colcon.colcon_core.package_identification:_identify(/home/echedey/Desktop/TFG/TFGwebots_ws) by extension 'ignore'
[0.384s] Level 1:colcon.colcon_core.package_identification:_identify(/home/echedey/Desktop/TFG/TFGwebots_ws) by extension 'ignore_ament_install'
[0.384s] Level 1:colcon.colcon_core.package_identification:_identify(/home/echedey/Desktop/TFG/TFGwebots_ws) by extensions ['colcon_pkg']
[0.384s] Level 1:colcon.colcon_core.package_identification:_identify(/home/echedey/Desktop/TFG/TFGwebots_ws) by extension 'colcon_pkg'
[0.385s] Level 1:colcon.colcon_core.package_identification:_identify(/home/echedey/Desktop/TFG/TFGwebots_ws) by extensions ['colcon_meta']
[0.385s] Level 1:colcon.colcon_core.package_identification:_identify(/home/echedey/Desktop/TFG/TFGwebots_ws) by extension 'colcon_meta'
[0.385s] Level 1:colcon.colcon_core.package_identification:_identify(/home/echedey/Desktop/TFG/TFGwebots_ws) by extensions ['ros']
[0.385s] Level 1:colcon.colcon_core.package_identification:_identify(/home/echedey/Desktop/TFG/TFGwebots_ws) by extension 'ros'
[0.398s] Level 1:colcon.colcon_core.package_identification:_identify(/home/echedey/Desktop/TFG/TFGwebots_ws) by extensions ['cmake', 'python']
[0.398s] Level 1:colcon.colcon_core.package_identification:_identify(/home/echedey/Desktop/TFG/TFGwebots_ws) by extension 'cmake'
[0.398s] Level 1:colcon.colcon_core.package_identification:_identify(/home/echedey/Desktop/TFG/TFGwebots_ws) by extension 'python'
[0.398s] Level 1:colcon.colcon_core.package_identification:_identify(/home/echedey/Desktop/TFG/TFGwebots_ws) by extensions ['python_setup_py']
[0.398s] Level 1:colcon.colcon_core.package_identification:_identify(/home/echedey/Desktop/TFG/TFGwebots_ws) by extension 'python_setup_py'
[0.398s] Level 1:colcon.colcon_core.package_identification:_identify(/home/echedey/Desktop/TFG/TFGwebots_ws/build) by extensions ['ignore', 'ignore_ament_install']
[0.398s] Level 1:colcon.colcon_core.package_identification:_identify(/home/echedey/Desktop/TFG/TFGwebots_ws/build) by extension 'ignore'
[0.398s] Level 1:colcon.colcon_core.package_identification:_identify(/home/echedey/Desktop/TFG/TFGwebots_ws/build) ignored
[0.399s] Level 1:colcon.colcon_core.package_identification:_identify(/home/echedey/Desktop/TFG/TFGwebots_ws/install) by extensions ['ignore', 'ignore_ament_install']
[0.399s] Level 1:colcon.colcon_core.package_identification:_identify(/home/echedey/Desktop/TFG/TFGwebots_ws/install) by extension 'ignore'
[0.399s] Level 1:colcon.colcon_core.package_identification:_identify(/home/echedey/Desktop/TFG/TFGwebots_ws/install) ignored
[0.399s] Level 1:colcon.colcon_core.package_identification:_identify(/home/echedey/Desktop/TFG/TFGwebots_ws/log) by extensions ['ignore', 'ignore_ament_install']
[0.399s] Level 1:colcon.colcon_core.package_identification:_identify(/home/echedey/Desktop/TFG/TFGwebots_ws/log) by extension 'ignore'
[0.399s] Level 1:colcon.colcon_core.package_identification:_identify(/home/echedey/Desktop/TFG/TFGwebots_ws/log) ignored
[0.399s] Level 1:colcon.colcon_core.package_identification:_identify(/home/echedey/Desktop/TFG/TFGwebots_ws/src) by extensions ['ignore', 'ignore_ament_install']
[0.399s] Level 1:colcon.colcon_core.package_identification:_identify(/home/echedey/Desktop/TFG/TFGwebots_ws/src) by extension 'ignore'
[0.399s] Level 1:colcon.colcon_core.package_identification:_identify(/home/echedey/Desktop/TFG/TFGwebots_ws/src) by extension 'ignore_ament_install'
[0.399s] Level 1:colcon.colcon_core.package_identification:_identify(/home/echedey/Desktop/TFG/TFGwebots_ws/src) by extensions ['colcon_pkg']
[0.399s] Level 1:colcon.colcon_core.package_identification:_identify(/home/echedey/Desktop/TFG/TFGwebots_ws/src) by extension 'colcon_pkg'
[0.399s] Level 1:colcon.colcon_core.package_identification:_identify(/home/echedey/Desktop/TFG/TFGwebots_ws/src) by extensions ['colcon_meta']
[0.399s] Level 1:colcon.colcon_core.package_identification:_identify(/home/echedey/Desktop/TFG/TFGwebots_ws/src) by extension 'colcon_meta'
[0.400s] Level 1:colcon.colcon_core.package_identification:_identify(/home/echedey/Desktop/TFG/TFGwebots_ws/src) by extensions ['ros']
[0.400s] Level 1:colcon.colcon_core.package_identification:_identify(/home/echedey/Desktop/TFG/TFGwebots_ws/src) by extension 'ros'
[0.400s] Level 1:colcon.colcon_core.package_identification:_identify(/home/echedey/Desktop/TFG/TFGwebots_ws/src) by extensions ['cmake', 'python']
[0.400s] Level 1:colcon.colcon_core.package_identification:_identify(/home/echedey/Desktop/TFG/TFGwebots_ws/src) by extension 'cmake'
[0.400s] Level 1:colcon.colcon_core.package_identification:_identify(/home/echedey/Desktop/TFG/TFGwebots_ws/src) by extension 'python'
[0.400s] Level 1:colcon.colcon_core.package_identification:_identify(/home/echedey/Desktop/TFG/TFGwebots_ws/src) by extensions ['python_setup_py']
[0.400s] Level 1:colcon.colcon_core.package_identification:_identify(/home/echedey/Desktop/TFG/TFGwebots_ws/src) by extension 'python_setup_py'
[0.400s] Level 1:colcon.colcon_core.package_identification:_identify(/home/echedey/Desktop/TFG/TFGwebots_ws/src/rtabmap_ros) by extensions ['ignore', 'ignore_ament_install']
[0.400s] Level 1:colcon.colcon_core.package_identification:_identify(/home/echedey/Desktop/TFG/TFGwebots_ws/src/rtabmap_ros) by extension 'ignore'
[0.400s] Level 1:colcon.colcon_core.package_identification:_identify(/home/echedey/Desktop/TFG/TFGwebots_ws/src/rtabmap_ros) by extension 'ignore_ament_install'
[0.400s] Level 1:colcon.colcon_core.package_identification:_identify(/home/echedey/Desktop/TFG/TFGwebots_ws/src/rtabmap_ros) by extensions ['colcon_pkg']
[0.400s] Level 1:colcon.colcon_core.package_identification:_identify(/home/echedey/Desktop/TFG/TFGwebots_ws/src/rtabmap_ros) by extension 'colcon_pkg'
[0.400s] Level 1:colcon.colcon_core.package_identification:_identify(/home/echedey/Desktop/TFG/TFGwebots_ws/src/rtabmap_ros) by extensions ['colcon_meta']
[0.400s] Level 1:colcon.colcon_core.package_identification:_identify(/home/echedey/Desktop/TFG/TFGwebots_ws/src/rtabmap_ros) by extension 'colcon_meta'
[0.401s] Level 1:colcon.colcon_core.package_identification:_identify(/home/echedey/Desktop/TFG/TFGwebots_ws/src/rtabmap_ros) by extensions ['ros']
[0.401s] Level 1:colcon.colcon_core.package_identification:_identify(/home/echedey/Desktop/TFG/TFGwebots_ws/src/rtabmap_ros) by extension 'ros'
[0.401s] Level 1:colcon.colcon_core.package_identification:_identify(/home/echedey/Desktop/TFG/TFGwebots_ws/src/rtabmap_ros) by extensions ['cmake', 'python']
[0.401s] Level 1:colcon.colcon_core.package_identification:_identify(/home/echedey/Desktop/TFG/TFGwebots_ws/src/rtabmap_ros) by extension 'cmake'
[0.401s] Level 1:colcon.colcon_core.package_identification:_identify(/home/echedey/Desktop/TFG/TFGwebots_ws/src/rtabmap_ros) by extension 'python'
[0.401s] Level 1:colcon.colcon_core.package_identification:_identify(/home/echedey/Desktop/TFG/TFGwebots_ws/src/rtabmap_ros) by extensions ['python_setup_py']
[0.401s] Level 1:colcon.colcon_core.package_identification:_identify(/home/echedey/Desktop/TFG/TFGwebots_ws/src/rtabmap_ros) by extension 'python_setup_py'
[0.401s] Level 1:colcon.colcon_core.package_identification:_identify(/home/echedey/Desktop/TFG/TFGwebots_ws/src/rtabmap_ros/docker) by extensions ['ignore', 'ignore_ament_install']
[0.401s] Level 1:colcon.colcon_core.package_identification:_identify(/home/echedey/Desktop/TFG/TFGwebots_ws/src/rtabmap_ros/docker) by extension 'ignore'
[0.401s] Level 1:colcon.colcon_core.package_identification:_identify(/home/echedey/Desktop/TFG/TFGwebots_ws/src/rtabmap_ros/docker) by extension 'ignore_ament_install'
[0.401s] Level 1:colcon.colcon_core.package_identification:_identify(/home/echedey/Desktop/TFG/TFGwebots_ws/src/rtabmap_ros/docker) by extensions ['colcon_pkg']
[0.401s] Level 1:colcon.colcon_core.package_identification:_identify(/home/echedey/Desktop/TFG/TFGwebots_ws/src/rtabmap_ros/docker) by extension 'colcon_pkg'
[0.401s] Level 1:colcon.colcon_core.package_identification:_identify(/home/echedey/Desktop/TFG/TFGwebots_ws/src/rtabmap_ros/docker) by extensions ['colcon_meta']
[0.401s] Level 1:colcon.colcon_core.package_identification:_identify(/home/echedey/Desktop/TFG/TFGwebots_ws/src/rtabmap_ros/docker) by extension 'colcon_meta'
[0.401s] Level 1:colcon.colcon_core.package_identification:_identify(/home/echedey/Desktop/TFG/TFGwebots_ws/src/rtabmap_ros/docker) by extensions ['ros']
[0.401s] Level 1:colcon.colcon_core.package_identification:_identify(/home/echedey/Desktop/TFG/TFGwebots_ws/src/rtabmap_ros/docker) by extension 'ros'
[0.402s] Level 1:colcon.colcon_core.package_identification:_identify(/home/echedey/Desktop/TFG/TFGwebots_ws/src/rtabmap_ros/docker) by extensions ['cmake', 'python']
[0.402s] Level 1:colcon.colcon_core.package_identification:_identify(/home/echedey/Desktop/TFG/TFGwebots_ws/src/rtabmap_ros/docker) by extension 'cmake'
[0.402s] Level 1:colcon.colcon_core.package_identification:_identify(/home/echedey/Desktop/TFG/TFGwebots_ws/src/rtabmap_ros/docker) by extension 'python'
[0.402s] Level 1:colcon.colcon_core.package_identification:_identify(/home/echedey/Desktop/TFG/TFGwebots_ws/src/rtabmap_ros/docker) by extensions ['python_setup_py']
[0.402s] Level 1:colcon.colcon_core.package_identification:_identify(/home/echedey/Desktop/TFG/TFGwebots_ws/src/rtabmap_ros/docker) by extension 'python_setup_py'
[0.402s] Level 1:colcon.colcon_core.package_identification:_identify(/home/echedey/Desktop/TFG/TFGwebots_ws/src/rtabmap_ros/docker/foxy) by extensions ['ignore', 'ignore_ament_install']
[0.402s] Level 1:colcon.colcon_core.package_identification:_identify(/home/echedey/Desktop/TFG/TFGwebots_ws/src/rtabmap_ros/docker/foxy) by extension 'ignore'
[0.402s] Level 1:colcon.colcon_core.package_identification:_identify(/home/echedey/Desktop/TFG/TFGwebots_ws/src/rtabmap_ros/docker/foxy) by extension 'ignore_ament_install'
[0.402s] Level 1:colcon.colcon_core.package_identification:_identify(/home/echedey/Desktop/TFG/TFGwebots_ws/src/rtabmap_ros/docker/foxy) by extensions ['colcon_pkg']
[0.402s] Level 1:colcon.colcon_core.package_identification:_identify(/home/echedey/Desktop/TFG/TFGwebots_ws/src/rtabmap_ros/docker/foxy) by extension 'colcon_pkg'
[0.402s] Level 1:colcon.colcon_core.package_identification:_identify(/home/echedey/Desktop/TFG/TFGwebots_ws/src/rtabmap_ros/docker/foxy) by extensions ['colcon_meta']
[0.402s] Level 1:colcon.colcon_core.package_identification:_identify(/home/echedey/Desktop/TFG/TFGwebots_ws/src/rtabmap_ros/docker/foxy) by extension 'colcon_meta'
[0.402s] Level 1:colcon.colcon_core.package_identification:_identify(/home/echedey/Desktop/TFG/TFGwebots_ws/src/rtabmap_ros/docker/foxy) by extensions ['ros']
[0.402s] Level 1:colcon.colcon_core.package_identification:_identify(/home/echedey/Desktop/TFG/TFGwebots_ws/src/rtabmap_ros/docker/foxy) by extension 'ros'
[0.402s] Level 1:colcon.colcon_core.package_identification:_identify(/home/echedey/Desktop/TFG/TFGwebots_ws/src/rtabmap_ros/docker/foxy) by extensions ['cmake', 'python']
[0.402s] Level 1:colcon.colcon_core.package_identification:_identify(/home/echedey/Desktop/TFG/TFGwebots_ws/src/rtabmap_ros/docker/foxy) by extension 'cmake'
[0.403s] Level 1:colcon.colcon_core.package_identification:_identify(/home/echedey/Desktop/TFG/TFGwebots_ws/src/rtabmap_ros/docker/foxy) by extension 'python'
[0.403s] Level 1:colcon.colcon_core.package_identification:_identify(/home/echedey/Desktop/TFG/TFGwebots_ws/src/rtabmap_ros/docker/foxy) by extensions ['python_setup_py']
[0.403s] Level 1:colcon.colcon_core.package_identification:_identify(/home/echedey/Desktop/TFG/TFGwebots_ws/src/rtabmap_ros/docker/foxy) by extension 'python_setup_py'
[0.403s] Level 1:colcon.colcon_core.package_identification:_identify(/home/echedey/Desktop/TFG/TFGwebots_ws/src/rtabmap_ros/docker/foxy/latest) by extensions ['ignore', 'ignore_ament_install']
[0.403s] Level 1:colcon.colcon_core.package_identification:_identify(/home/echedey/Desktop/TFG/TFGwebots_ws/src/rtabmap_ros/docker/foxy/latest) by extension 'ignore'
[0.403s] Level 1:colcon.colcon_core.package_identification:_identify(/home/echedey/Desktop/TFG/TFGwebots_ws/src/rtabmap_ros/docker/foxy/latest) by extension 'ignore_ament_install'
[0.403s] Level 1:colcon.colcon_core.package_identification:_identify(/home/echedey/Desktop/TFG/TFGwebots_ws/src/rtabmap_ros/docker/foxy/latest) by extensions ['colcon_pkg']
[0.403s] Level 1:colcon.colcon_core.package_identification:_identify(/home/echedey/Desktop/TFG/TFGwebots_ws/src/rtabmap_ros/docker/foxy/latest) by extension 'colcon_pkg'
[0.403s] Level 1:colcon.colcon_core.package_identification:_identify(/home/echedey/Desktop/TFG/TFGwebots_ws/src/rtabmap_ros/docker/foxy/latest) by extensions ['colcon_meta']
[0.403s] Level 1:colcon.colcon_core.package_identification:_identify(/home/echedey/Desktop/TFG/TFGwebots_ws/src/rtabmap_ros/docker/foxy/latest) by extension 'colcon_meta'
[0.403s] Level 1:colcon.colcon_core.package_identification:_identify(/home/echedey/Desktop/TFG/TFGwebots_ws/src/rtabmap_ros/docker/foxy/latest) by extensions ['ros']
[0.403s] Level 1:colcon.colcon_core.package_identification:_identify(/home/echedey/Desktop/TFG/TFGwebots_ws/src/rtabmap_ros/docker/foxy/latest) by extension 'ros'
[0.403s] Level 1:colcon.colcon_core.package_identification:_identify(/home/echedey/Desktop/TFG/TFGwebots_ws/src/rtabmap_ros/docker/foxy/latest) by extensions ['cmake', 'python']
[0.403s] Level 1:colcon.colcon_core.package_identification:_identify(/home/echedey/Desktop/TFG/TFGwebots_ws/src/rtabmap_ros/docker/foxy/latest) by extension 'cmake'
[0.403s] Level 1:colcon.colcon_core.package_identification:_identify(/home/echedey/Desktop/TFG/TFGwebots_ws/src/rtabmap_ros/docker/foxy/latest) by extension 'python'
[0.403s] Level 1:colcon.colcon_core.package_identification:_identify(/home/echedey/Desktop/TFG/TFGwebots_ws/src/rtabmap_ros/docker/foxy/latest) by extensions ['python_setup_py']
[0.403s] Level 1:colcon.colcon_core.package_identification:_identify(/home/echedey/Desktop/TFG/TFGwebots_ws/src/rtabmap_ros/docker/foxy/latest) by extension 'python_setup_py'
[0.404s] Level 1:colcon.colcon_core.package_identification:_identify(/home/echedey/Desktop/TFG/TFGwebots_ws/src/rtabmap_ros/docker/foxy/latest/hooks) by extensions ['ignore', 'ignore_ament_install']
[0.404s] Level 1:colcon.colcon_core.package_identification:_identify(/home/echedey/Desktop/TFG/TFGwebots_ws/src/rtabmap_ros/docker/foxy/latest/hooks) by extension 'ignore'
[0.404s] Level 1:colcon.colcon_core.package_identification:_identify(/home/echedey/Desktop/TFG/TFGwebots_ws/src/rtabmap_ros/docker/foxy/latest/hooks) by extension 'ignore_ament_install'
[0.404s] Level 1:colcon.colcon_core.package_identification:_identify(/home/echedey/Desktop/TFG/TFGwebots_ws/src/rtabmap_ros/docker/foxy/latest/hooks) by extensions ['colcon_pkg']
[0.404s] Level 1:colcon.colcon_core.package_identification:_identify(/home/echedey/Desktop/TFG/TFGwebots_ws/src/rtabmap_ros/docker/foxy/latest/hooks) by extension 'colcon_pkg'
[0.404s] Level 1:colcon.colcon_core.package_identification:_identify(/home/echedey/Desktop/TFG/TFGwebots_ws/src/rtabmap_ros/docker/foxy/latest/hooks) by extensions ['colcon_meta']
[0.404s] Level 1:colcon.colcon_core.package_identification:_identify(/home/echedey/Desktop/TFG/TFGwebots_ws/src/rtabmap_ros/docker/foxy/latest/hooks) by extension 'colcon_meta'
[0.404s] Level 1:colcon.colcon_core.package_identification:_identify(/home/echedey/Desktop/TFG/TFGwebots_ws/src/rtabmap_ros/docker/foxy/latest/hooks) by extensions ['ros']
[0.404s] Level 1:colcon.colcon_core.package_identification:_identify(/home/echedey/Desktop/TFG/TFGwebots_ws/src/rtabmap_ros/docker/foxy/latest/hooks) by extension 'ros'
[0.404s] Level 1:colcon.colcon_core.package_identification:_identify(/home/echedey/Desktop/TFG/TFGwebots_ws/src/rtabmap_ros/docker/foxy/latest/hooks) by extensions ['cmake', 'python']
[0.404s] Level 1:colcon.colcon_core.package_identification:_identify(/home/echedey/Desktop/TFG/TFGwebots_ws/src/rtabmap_ros/docker/foxy/latest/hooks) by extension 'cmake'
[0.404s] Level 1:colcon.colcon_core.package_identification:_identify(/home/echedey/Desktop/TFG/TFGwebots_ws/src/rtabmap_ros/docker/foxy/latest/hooks) by extension 'python'
[0.404s] Level 1:colcon.colcon_core.package_identification:_identify(/home/echedey/Desktop/TFG/TFGwebots_ws/src/rtabmap_ros/docker/foxy/latest/hooks) by extensions ['python_setup_py']
[0.405s] Level 1:colcon.colcon_core.package_identification:_identify(/home/echedey/Desktop/TFG/TFGwebots_ws/src/rtabmap_ros/docker/foxy/latest/hooks) by extension 'python_setup_py'
[0.405s] Level 1:colcon.colcon_core.package_identification:_identify(/home/echedey/Desktop/TFG/TFGwebots_ws/src/rtabmap_ros/docker/humble) by extensions ['ignore', 'ignore_ament_install']
[0.405s] Level 1:colcon.colcon_core.package_identification:_identify(/home/echedey/Desktop/TFG/TFGwebots_ws/src/rtabmap_ros/docker/humble) by extension 'ignore'
[0.405s] Level 1:colcon.colcon_core.package_identification:_identify(/home/echedey/Desktop/TFG/TFGwebots_ws/src/rtabmap_ros/docker/humble) by extension 'ignore_ament_install'
[0.405s] Level 1:colcon.colcon_core.package_identification:_identify(/home/echedey/Desktop/TFG/TFGwebots_ws/src/rtabmap_ros/docker/humble) by extensions ['colcon_pkg']
[0.405s] Level 1:colcon.colcon_core.package_identification:_identify(/home/echedey/Desktop/TFG/TFGwebots_ws/src/rtabmap_ros/docker/humble) by extension 'colcon_pkg'
[0.405s] Level 1:colcon.colcon_core.package_identification:_identify(/home/echedey/Desktop/TFG/TFGwebots_ws/src/rtabmap_ros/docker/humble) by extensions ['colcon_meta']
[0.405s] Level 1:colcon.colcon_core.package_identification:_identify(/home/echedey/Desktop/TFG/TFGwebots_ws/src/rtabmap_ros/docker/humble) by extension 'colcon_meta'
[0.405s] Level 1:colcon.colcon_core.package_identification:_identify(/home/echedey/Desktop/TFG/TFGwebots_ws/src/rtabmap_ros/docker/humble) by extensions ['ros']
[0.405s] Level 1:colcon.colcon_core.package_identification:_identify(/home/echedey/Desktop/TFG/TFGwebots_ws/src/rtabmap_ros/docker/humble) by extension 'ros'
[0.405s] Level 1:colcon.colcon_core.package_identification:_identify(/home/echedey/Desktop/TFG/TFGwebots_ws/src/rtabmap_ros/docker/humble) by extensions ['cmake', 'python']
[0.405s] Level 1:colcon.colcon_core.package_identification:_identify(/home/echedey/Desktop/TFG/TFGwebots_ws/src/rtabmap_ros/docker/humble) by extension 'cmake'
[0.405s] Level 1:colcon.colcon_core.package_identification:_identify(/home/echedey/Desktop/TFG/TFGwebots_ws/src/rtabmap_ros/docker/humble) by extension 'python'
[0.405s] Level 1:colcon.colcon_core.package_identification:_identify(/home/echedey/Desktop/TFG/TFGwebots_ws/src/rtabmap_ros/docker/humble) by extensions ['python_setup_py']
[0.405s] Level 1:colcon.colcon_core.package_identification:_identify(/home/echedey/Desktop/TFG/TFGwebots_ws/src/rtabmap_ros/docker/humble) by extension 'python_setup_py'
[0.406s] Level 1:colcon.colcon_core.package_identification:_identify(/home/echedey/Desktop/TFG/TFGwebots_ws/src/rtabmap_ros/docker/humble/latest) by extensions ['ignore', 'ignore_ament_install']
[0.406s] Level 1:colcon.colcon_core.package_identification:_identify(/home/echedey/Desktop/TFG/TFGwebots_ws/src/rtabmap_ros/docker/humble/latest) by extension 'ignore'
[0.406s] Level 1:colcon.colcon_core.package_identification:_identify(/home/echedey/Desktop/TFG/TFGwebots_ws/src/rtabmap_ros/docker/humble/latest) by extension 'ignore_ament_install'
[0.406s] Level 1:colcon.colcon_core.package_identification:_identify(/home/echedey/Desktop/TFG/TFGwebots_ws/src/rtabmap_ros/docker/humble/latest) by extensions ['colcon_pkg']
[0.406s] Level 1:colcon.colcon_core.package_identification:_identify(/home/echedey/Desktop/TFG/TFGwebots_ws/src/rtabmap_ros/docker/humble/latest) by extension 'colcon_pkg'
[0.406s] Level 1:colcon.colcon_core.package_identification:_identify(/home/echedey/Desktop/TFG/TFGwebots_ws/src/rtabmap_ros/docker/humble/latest) by extensions ['colcon_meta']
[0.406s] Level 1:colcon.colcon_core.package_identification:_identify(/home/echedey/Desktop/TFG/TFGwebots_ws/src/rtabmap_ros/docker/humble/latest) by extension 'colcon_meta'
[0.406s] Level 1:colcon.colcon_core.package_identification:_identify(/home/echedey/Desktop/TFG/TFGwebots_ws/src/rtabmap_ros/docker/humble/latest) by extensions ['ros']
[0.406s] Level 1:colcon.colcon_core.package_identification:_identify(/home/echedey/Desktop/TFG/TFGwebots_ws/src/rtabmap_ros/docker/humble/latest) by extension 'ros'
[0.406s] Level 1:colcon.colcon_core.package_identification:_identify(/home/echedey/Desktop/TFG/TFGwebots_ws/src/rtabmap_ros/docker/humble/latest) by extensions ['cmake', 'python']
[0.406s] Level 1:colcon.colcon_core.package_identification:_identify(/home/echedey/Desktop/TFG/TFGwebots_ws/src/rtabmap_ros/docker/humble/latest) by extension 'cmake'
[0.406s] Level 1:colcon.colcon_core.package_identification:_identify(/home/echedey/Desktop/TFG/TFGwebots_ws/src/rtabmap_ros/docker/humble/latest) by extension 'python'
[0.406s] Level 1:colcon.colcon_core.package_identification:_identify(/home/echedey/Desktop/TFG/TFGwebots_ws/src/rtabmap_ros/docker/humble/latest) by extensions ['python_setup_py']
[0.406s] Level 1:colcon.colcon_core.package_identification:_identify(/home/echedey/Desktop/TFG/TFGwebots_ws/src/rtabmap_ros/docker/humble/latest) by extension 'python_setup_py'
[0.406s] Level 1:colcon.colcon_core.package_identification:_identify(/home/echedey/Desktop/TFG/TFGwebots_ws/src/rtabmap_ros/docker/humble/latest/hooks) by extensions ['ignore', 'ignore_ament_install']
[0.407s] Level 1:colcon.colcon_core.package_identification:_identify(/home/echedey/Desktop/TFG/TFGwebots_ws/src/rtabmap_ros/docker/humble/latest/hooks) by extension 'ignore'
[0.407s] Level 1:colcon.colcon_core.package_identification:_identify(/home/echedey/Desktop/TFG/TFGwebots_ws/src/rtabmap_ros/docker/humble/latest/hooks) by extension 'ignore_ament_install'
[0.407s] Level 1:colcon.colcon_core.package_identification:_identify(/home/echedey/Desktop/TFG/TFGwebots_ws/src/rtabmap_ros/docker/humble/latest/hooks) by extensions ['colcon_pkg']
[0.407s] Level 1:colcon.colcon_core.package_identification:_identify(/home/echedey/Desktop/TFG/TFGwebots_ws/src/rtabmap_ros/docker/humble/latest/hooks) by extension 'colcon_pkg'
[0.407s] Level 1:colcon.colcon_core.package_identification:_identify(/home/echedey/Desktop/TFG/TFGwebots_ws/src/rtabmap_ros/docker/humble/latest/hooks) by extensions ['colcon_meta']
[0.407s] Level 1:colcon.colcon_core.package_identification:_identify(/home/echedey/Desktop/TFG/TFGwebots_ws/src/rtabmap_ros/docker/humble/latest/hooks) by extension 'colcon_meta'
[0.407s] Level 1:colcon.colcon_core.package_identification:_identify(/home/echedey/Desktop/TFG/TFGwebots_ws/src/rtabmap_ros/docker/humble/latest/hooks) by extensions ['ros']
[0.407s] Level 1:colcon.colcon_core.package_identification:_identify(/home/echedey/Desktop/TFG/TFGwebots_ws/src/rtabmap_ros/docker/humble/latest/hooks) by extension 'ros'
[0.407s] Level 1:colcon.colcon_core.package_identification:_identify(/home/echedey/Desktop/TFG/TFGwebots_ws/src/rtabmap_ros/docker/humble/latest/hooks) by extensions ['cmake', 'python']
[0.407s] Level 1:colcon.colcon_core.package_identification:_identify(/home/echedey/Desktop/TFG/TFGwebots_ws/src/rtabmap_ros/docker/humble/latest/hooks) by extension 'cmake'
[0.407s] Level 1:colcon.colcon_core.package_identification:_identify(/home/echedey/Desktop/TFG/TFGwebots_ws/src/rtabmap_ros/docker/humble/latest/hooks) by extension 'python'
[0.407s] Level 1:colcon.colcon_core.package_identification:_identify(/home/echedey/Desktop/TFG/TFGwebots_ws/src/rtabmap_ros/docker/humble/latest/hooks) by extensions ['python_setup_py']
[0.407s] Level 1:colcon.colcon_core.package_identification:_identify(/home/echedey/Desktop/TFG/TFGwebots_ws/src/rtabmap_ros/docker/humble/latest/hooks) by extension 'python_setup_py'
[0.407s] Level 1:colcon.colcon_core.package_identification:_identify(/home/echedey/Desktop/TFG/TFGwebots_ws/src/rtabmap_ros/docker/indigo) by extensions ['ignore', 'ignore_ament_install']
[0.408s] Level 1:colcon.colcon_core.package_identification:_identify(/home/echedey/Desktop/TFG/TFGwebots_ws/src/rtabmap_ros/docker/indigo) by extension 'ignore'
[0.408s] Level 1:colcon.colcon_core.package_identification:_identify(/home/echedey/Desktop/TFG/TFGwebots_ws/src/rtabmap_ros/docker/indigo) by extension 'ignore_ament_install'
[0.408s] Level 1:colcon.colcon_core.package_identification:_identify(/home/echedey/Desktop/TFG/TFGwebots_ws/src/rtabmap_ros/docker/indigo) by extensions ['colcon_pkg']
[0.408s] Level 1:colcon.colcon_core.package_identification:_identify(/home/echedey/Desktop/TFG/TFGwebots_ws/src/rtabmap_ros/docker/indigo) by extension 'colcon_pkg'
[0.408s] Level 1:colcon.colcon_core.package_identification:_identify(/home/echedey/Desktop/TFG/TFGwebots_ws/src/rtabmap_ros/docker/indigo) by extensions ['colcon_meta']
[0.408s] Level 1:colcon.colcon_core.package_identification:_identify(/home/echedey/Desktop/TFG/TFGwebots_ws/src/rtabmap_ros/docker/indigo) by extension 'colcon_meta'
[0.408s] Level 1:colcon.colcon_core.package_identification:_identify(/home/echedey/Desktop/TFG/TFGwebots_ws/src/rtabmap_ros/docker/indigo) by extensions ['ros']
[0.408s] Level 1:colcon.colcon_core.package_identification:_identify(/home/echedey/Desktop/TFG/TFGwebots_ws/src/rtabmap_ros/docker/indigo) by extension 'ros'
[0.408s] Level 1:colcon.colcon_core.package_identification:_identify(/home/echedey/Desktop/TFG/TFGwebots_ws/src/rtabmap_ros/docker/indigo) by extensions ['cmake', 'python']
[0.408s] Level 1:colcon.colcon_core.package_identification:_identify(/home/echedey/Desktop/TFG/TFGwebots_ws/src/rtabmap_ros/docker/indigo) by extension 'cmake'
[0.408s] Level 1:colcon.colcon_core.package_identification:_identify(/home/echedey/Desktop/TFG/TFGwebots_ws/src/rtabmap_ros/docker/indigo) by extension 'python'
[0.408s] Level 1:colcon.colcon_core.package_identification:_identify(/home/echedey/Desktop/TFG/TFGwebots_ws/src/rtabmap_ros/docker/indigo) by extensions ['python_setup_py']
[0.408s] Level 1:colcon.colcon_core.package_identification:_identify(/home/echedey/Desktop/TFG/TFGwebots_ws/src/rtabmap_ros/docker/indigo) by extension 'python_setup_py'
[0.408s] Level 1:colcon.colcon_core.package_identification:_identify(/home/echedey/Desktop/TFG/TFGwebots_ws/src/rtabmap_ros/docker/indigo/latest) by extensions ['ignore', 'ignore_ament_install']
[0.408s] Level 1:colcon.colcon_core.package_identification:_identify(/home/echedey/Desktop/TFG/TFGwebots_ws/src/rtabmap_ros/docker/indigo/latest) by extension 'ignore'
[0.408s] Level 1:colcon.colcon_core.package_identification:_identify(/home/echedey/Desktop/TFG/TFGwebots_ws/src/rtabmap_ros/docker/indigo/latest) by extension 'ignore_ament_install'
[0.409s] Level 1:colcon.colcon_core.package_identification:_identify(/home/echedey/Desktop/TFG/TFGwebots_ws/src/rtabmap_ros/docker/indigo/latest) by extensions ['colcon_pkg']
[0.409s] Level 1:colcon.colcon_core.package_identification:_identify(/home/echedey/Desktop/TFG/TFGwebots_ws/src/rtabmap_ros/docker/indigo/latest) by extension 'colcon_pkg'
[0.409s] Level 1:colcon.colcon_core.package_identification:_identify(/home/echedey/Desktop/TFG/TFGwebots_ws/src/rtabmap_ros/docker/indigo/latest) by extensions ['colcon_meta']
[0.409s] Level 1:colcon.colcon_core.package_identification:_identify(/home/echedey/Desktop/TFG/TFGwebots_ws/src/rtabmap_ros/docker/indigo/latest) by extension 'colcon_meta'
[0.409s] Level 1:colcon.colcon_core.package_identification:_identify(/home/echedey/Desktop/TFG/TFGwebots_ws/src/rtabmap_ros/docker/indigo/latest) by extensions ['ros']
[0.409s] Level 1:colcon.colcon_core.package_identification:_identify(/home/echedey/Desktop/TFG/TFGwebots_ws/src/rtabmap_ros/docker/indigo/latest) by extension 'ros'
[0.409s] Level 1:colcon.colcon_core.package_identification:_identify(/home/echedey/Desktop/TFG/TFGwebots_ws/src/rtabmap_ros/docker/indigo/latest) by extensions ['cmake', 'python']
[0.409s] Level 1:colcon.colcon_core.package_identification:_identify(/home/echedey/Desktop/TFG/TFGwebots_ws/src/rtabmap_ros/docker/indigo/latest) by extension 'cmake'
[0.409s] Level 1:colcon.colcon_core.package_identification:_identify(/home/echedey/Desktop/TFG/TFGwebots_ws/src/rtabmap_ros/docker/indigo/latest) by extension 'python'
[0.409s] Level 1:colcon.colcon_core.package_identification:_identify(/home/echedey/Desktop/TFG/TFGwebots_ws/src/rtabmap_ros/docker/indigo/latest) by extensions ['python_setup_py']
[0.409s] Level 1:colcon.colcon_core.package_identification:_identify(/home/echedey/Desktop/TFG/TFGwebots_ws/src/rtabmap_ros/docker/indigo/latest) by extension 'python_setup_py'
[0.409s] Level 1:colcon.colcon_core.package_identification:_identify(/home/echedey/Desktop/TFG/TFGwebots_ws/src/rtabmap_ros/docker/indigo/latest/hooks) by extensions ['ignore', 'ignore_ament_install']
[0.409s] Level 1:colcon.colcon_core.package_identification:_identify(/home/echedey/Desktop/TFG/TFGwebots_ws/src/rtabmap_ros/docker/indigo/latest/hooks) by extension 'ignore'
[0.410s] Level 1:colcon.colcon_core.package_identification:_identify(/home/echedey/Desktop/TFG/TFGwebots_ws/src/rtabmap_ros/docker/indigo/latest/hooks) by extension 'ignore_ament_install'
[0.410s] Level 1:colcon.colcon_core.package_identification:_identify(/home/echedey/Desktop/TFG/TFGwebots_ws/src/rtabmap_ros/docker/indigo/latest/hooks) by extensions ['colcon_pkg']
[0.410s] Level 1:colcon.colcon_core.package_identification:_identify(/home/echedey/Desktop/TFG/TFGwebots_ws/src/rtabmap_ros/docker/indigo/latest/hooks) by extension 'colcon_pkg'
[0.410s] Level 1:colcon.colcon_core.package_identification:_identify(/home/echedey/Desktop/TFG/TFGwebots_ws/src/rtabmap_ros/docker/indigo/latest/hooks) by extensions ['colcon_meta']
[0.410s] Level 1:colcon.colcon_core.package_identification:_identify(/home/echedey/Desktop/TFG/TFGwebots_ws/src/rtabmap_ros/docker/indigo/latest/hooks) by extension 'colcon_meta'
[0.410s] Level 1:colcon.colcon_core.package_identification:_identify(/home/echedey/Desktop/TFG/TFGwebots_ws/src/rtabmap_ros/docker/indigo/latest/hooks) by extensions ['ros']
[0.410s] Level 1:colcon.colcon_core.package_identification:_identify(/home/echedey/Desktop/TFG/TFGwebots_ws/src/rtabmap_ros/docker/indigo/latest/hooks) by extension 'ros'
[0.410s] Level 1:colcon.colcon_core.package_identification:_identify(/home/echedey/Desktop/TFG/TFGwebots_ws/src/rtabmap_ros/docker/indigo/latest/hooks) by extensions ['cmake', 'python']
[0.410s] Level 1:colcon.colcon_core.package_identification:_identify(/home/echedey/Desktop/TFG/TFGwebots_ws/src/rtabmap_ros/docker/indigo/latest/hooks) by extension 'cmake'
[0.410s] Level 1:colcon.colcon_core.package_identification:_identify(/home/echedey/Desktop/TFG/TFGwebots_ws/src/rtabmap_ros/docker/indigo/latest/hooks) by extension 'python'
[0.410s] Level 1:colcon.colcon_core.package_identification:_identify(/home/echedey/Desktop/TFG/TFGwebots_ws/src/rtabmap_ros/docker/indigo/latest/hooks) by extensions ['python_setup_py']
[0.410s] Level 1:colcon.colcon_core.package_identification:_identify(/home/echedey/Desktop/TFG/TFGwebots_ws/src/rtabmap_ros/docker/indigo/latest/hooks) by extension 'python_setup_py'
[0.410s] Level 1:colcon.colcon_core.package_identification:_identify(/home/echedey/Desktop/TFG/TFGwebots_ws/src/rtabmap_ros/docker/iron) by extensions ['ignore', 'ignore_ament_install']
[0.410s] Level 1:colcon.colcon_core.package_identification:_identify(/home/echedey/Desktop/TFG/TFGwebots_ws/src/rtabmap_ros/docker/iron) by extension 'ignore'
[0.410s] Level 1:colcon.colcon_core.package_identification:_identify(/home/echedey/Desktop/TFG/TFGwebots_ws/src/rtabmap_ros/docker/iron) by extension 'ignore_ament_install'
[0.410s] Level 1:colcon.colcon_core.package_identification:_identify(/home/echedey/Desktop/TFG/TFGwebots_ws/src/rtabmap_ros/docker/iron) by extensions ['colcon_pkg']
[0.411s] Level 1:colcon.colcon_core.package_identification:_identify(/home/echedey/Desktop/TFG/TFGwebots_ws/src/rtabmap_ros/docker/iron) by extension 'colcon_pkg'
[0.411s] Level 1:colcon.colcon_core.package_identification:_identify(/home/echedey/Desktop/TFG/TFGwebots_ws/src/rtabmap_ros/docker/iron) by extensions ['colcon_meta']
[0.411s] Level 1:colcon.colcon_core.package_identification:_identify(/home/echedey/Desktop/TFG/TFGwebots_ws/src/rtabmap_ros/docker/iron) by extension 'colcon_meta'
[0.411s] Level 1:colcon.colcon_core.package_identification:_identify(/home/echedey/Desktop/TFG/TFGwebots_ws/src/rtabmap_ros/docker/iron) by extensions ['ros']
[0.411s] Level 1:colcon.colcon_core.package_identification:_identify(/home/echedey/Desktop/TFG/TFGwebots_ws/src/rtabmap_ros/docker/iron) by extension 'ros'
[0.411s] Level 1:colcon.colcon_core.package_identification:_identify(/home/echedey/Desktop/TFG/TFGwebots_ws/src/rtabmap_ros/docker/iron) by extensions ['cmake', 'python']
[0.411s] Level 1:colcon.colcon_core.package_identification:_identify(/home/echedey/Desktop/TFG/TFGwebots_ws/src/rtabmap_ros/docker/iron) by extension 'cmake'
[0.411s] Level 1:colcon.colcon_core.package_identification:_identify(/home/echedey/Desktop/TFG/TFGwebots_ws/src/rtabmap_ros/docker/iron) by extension 'python'
[0.411s] Level 1:colcon.colcon_core.package_identification:_identify(/home/echedey/Desktop/TFG/TFGwebots_ws/src/rtabmap_ros/docker/iron) by extensions ['python_setup_py']
[0.411s] Level 1:colcon.colcon_core.package_identification:_identify(/home/echedey/Desktop/TFG/TFGwebots_ws/src/rtabmap_ros/docker/iron) by extension 'python_setup_py'
[0.411s] Level 1:colcon.colcon_core.package_identification:_identify(/home/echedey/Desktop/TFG/TFGwebots_ws/src/rtabmap_ros/docker/iron/latest) by extensions ['ignore', 'ignore_ament_install']
[0.411s] Level 1:colcon.colcon_core.package_identification:_identify(/home/echedey/Desktop/TFG/TFGwebots_ws/src/rtabmap_ros/docker/iron/latest) by extension 'ignore'
[0.411s] Level 1:colcon.colcon_core.package_identification:_identify(/home/echedey/Desktop/TFG/TFGwebots_ws/src/rtabmap_ros/docker/iron/latest) by extension 'ignore_ament_install'
[0.411s] Level 1:colcon.colcon_core.package_identification:_identify(/home/echedey/Desktop/TFG/TFGwebots_ws/src/rtabmap_ros/docker/iron/latest) by extensions ['colcon_pkg']
[0.411s] Level 1:colcon.colcon_core.package_identification:_identify(/home/echedey/Desktop/TFG/TFGwebots_ws/src/rtabmap_ros/docker/iron/latest) by extension 'colcon_pkg'
[0.411s] Level 1:colcon.colcon_core.package_identification:_identify(/home/echedey/Desktop/TFG/TFGwebots_ws/src/rtabmap_ros/docker/iron/latest) by extensions ['colcon_meta']
[0.411s] Level 1:colcon.colcon_core.package_identification:_identify(/home/echedey/Desktop/TFG/TFGwebots_ws/src/rtabmap_ros/docker/iron/latest) by extension 'colcon_meta'
[0.412s] Level 1:colcon.colcon_core.package_identification:_identify(/home/echedey/Desktop/TFG/TFGwebots_ws/src/rtabmap_ros/docker/iron/latest) by extensions ['ros']
[0.412s] Level 1:colcon.colcon_core.package_identification:_identify(/home/echedey/Desktop/TFG/TFGwebots_ws/src/rtabmap_ros/docker/iron/latest) by extension 'ros'
[0.412s] Level 1:colcon.colcon_core.package_identification:_identify(/home/echedey/Desktop/TFG/TFGwebots_ws/src/rtabmap_ros/docker/iron/latest) by extensions ['cmake', 'python']
[0.412s] Level 1:colcon.colcon_core.package_identification:_identify(/home/echedey/Desktop/TFG/TFGwebots_ws/src/rtabmap_ros/docker/iron/latest) by extension 'cmake'
[0.412s] Level 1:colcon.colcon_core.package_identification:_identify(/home/echedey/Desktop/TFG/TFGwebots_ws/src/rtabmap_ros/docker/iron/latest) by extension 'python'
[0.412s] Level 1:colcon.colcon_core.package_identification:_identify(/home/echedey/Desktop/TFG/TFGwebots_ws/src/rtabmap_ros/docker/iron/latest) by extensions ['python_setup_py']
[0.412s] Level 1:colcon.colcon_core.package_identification:_identify(/home/echedey/Desktop/TFG/TFGwebots_ws/src/rtabmap_ros/docker/iron/latest) by extension 'python_setup_py'
[0.412s] Level 1:colcon.colcon_core.package_identification:_identify(/home/echedey/Desktop/TFG/TFGwebots_ws/src/rtabmap_ros/docker/jazzy) by extensions ['ignore', 'ignore_ament_install']
[0.412s] Level 1:colcon.colcon_core.package_identification:_identify(/home/echedey/Desktop/TFG/TFGwebots_ws/src/rtabmap_ros/docker/jazzy) by extension 'ignore'
[0.412s] Level 1:colcon.colcon_core.package_identification:_identify(/home/echedey/Desktop/TFG/TFGwebots_ws/src/rtabmap_ros/docker/jazzy) by extension 'ignore_ament_install'
[0.412s] Level 1:colcon.colcon_core.package_identification:_identify(/home/echedey/Desktop/TFG/TFGwebots_ws/src/rtabmap_ros/docker/jazzy) by extensions ['colcon_pkg']
[0.412s] Level 1:colcon.colcon_core.package_identification:_identify(/home/echedey/Desktop/TFG/TFGwebots_ws/src/rtabmap_ros/docker/jazzy) by extension 'colcon_pkg'
[0.412s] Level 1:colcon.colcon_core.package_identification:_identify(/home/echedey/Desktop/TFG/TFGwebots_ws/src/rtabmap_ros/docker/jazzy) by extensions ['colcon_meta']
[0.412s] Level 1:colcon.colcon_core.package_identification:_identify(/home/echedey/Desktop/TFG/TFGwebots_ws/src/rtabmap_ros/docker/jazzy) by extension 'colcon_meta'
[0.412s] Level 1:colcon.colcon_core.package_identification:_identify(/home/echedey/Desktop/TFG/TFGwebots_ws/src/rtabmap_ros/docker/jazzy) by extensions ['ros']
[0.413s] Level 1:colcon.colcon_core.package_identification:_identify(/home/echedey/Desktop/TFG/TFGwebots_ws/src/rtabmap_ros/docker/jazzy) by extension 'ros'
[0.413s] Level 1:colcon.colcon_core.package_identification:_identify(/home/echedey/Desktop/TFG/TFGwebots_ws/src/rtabmap_ros/docker/jazzy) by extensions ['cmake', 'python']
[0.413s] Level 1:colcon.colcon_core.package_identification:_identify(/home/echedey/Desktop/TFG/TFGwebots_ws/src/rtabmap_ros/docker/jazzy) by extension 'cmake'
[0.413s] Level 1:colcon.colcon_core.package_identification:_identify(/home/echedey/Desktop/TFG/TFGwebots_ws/src/rtabmap_ros/docker/jazzy) by extension 'python'
[0.413s] Level 1:colcon.colcon_core.package_identification:_identify(/home/echedey/Desktop/TFG/TFGwebots_ws/src/rtabmap_ros/docker/jazzy) by extensions ['python_setup_py']
[0.413s] Level 1:colcon.colcon_core.package_identification:_identify(/home/echedey/Desktop/TFG/TFGwebots_ws/src/rtabmap_ros/docker/jazzy) by extension 'python_setup_py'
[0.413s] Level 1:colcon.colcon_core.package_identification:_identify(/home/echedey/Desktop/TFG/TFGwebots_ws/src/rtabmap_ros/docker/jazzy/latest) by extensions ['ignore', 'ignore_ament_install']
[0.413s] Level 1:colcon.colcon_core.package_identification:_identify(/home/echedey/Desktop/TFG/TFGwebots_ws/src/rtabmap_ros/docker/jazzy/latest) by extension 'ignore'
[0.413s] Level 1:colcon.colcon_core.package_identification:_identify(/home/echedey/Desktop/TFG/TFGwebots_ws/src/rtabmap_ros/docker/jazzy/latest) by extension 'ignore_ament_install'
[0.413s] Level 1:colcon.colcon_core.package_identification:_identify(/home/echedey/Desktop/TFG/TFGwebots_ws/src/rtabmap_ros/docker/jazzy/latest) by extensions ['colcon_pkg']
[0.413s] Level 1:colcon.colcon_core.package_identification:_identify(/home/echedey/Desktop/TFG/TFGwebots_ws/src/rtabmap_ros/docker/jazzy/latest) by extension 'colcon_pkg'
[0.413s] Level 1:colcon.colcon_core.package_identification:_identify(/home/echedey/Desktop/TFG/TFGwebots_ws/src/rtabmap_ros/docker/jazzy/latest) by extensions ['colcon_meta']
[0.413s] Level 1:colcon.colcon_core.package_identification:_identify(/home/echedey/Desktop/TFG/TFGwebots_ws/src/rtabmap_ros/docker/jazzy/latest) by extension 'colcon_meta'
[0.413s] Level 1:colcon.colcon_core.package_identification:_identify(/home/echedey/Desktop/TFG/TFGwebots_ws/src/rtabmap_ros/docker/jazzy/latest) by extensions ['ros']
[0.413s] Level 1:colcon.colcon_core.package_identification:_identify(/home/echedey/Desktop/TFG/TFGwebots_ws/src/rtabmap_ros/docker/jazzy/latest) by extension 'ros'
[0.413s] Level 1:colcon.colcon_core.package_identification:_identify(/home/echedey/Desktop/TFG/TFGwebots_ws/src/rtabmap_ros/docker/jazzy/latest) by extensions ['cmake', 'python']
[0.414s] Level 1:colcon.colcon_core.package_identification:_identify(/home/echedey/Desktop/TFG/TFGwebots_ws/src/rtabmap_ros/docker/jazzy/latest) by extension 'cmake'
[0.414s] Level 1:colcon.colcon_core.package_identification:_identify(/home/echedey/Desktop/TFG/TFGwebots_ws/src/rtabmap_ros/docker/jazzy/latest) by extension 'python'
[0.414s] Level 1:colcon.colcon_core.package_identification:_identify(/home/echedey/Desktop/TFG/TFGwebots_ws/src/rtabmap_ros/docker/jazzy/latest) by extensions ['python_setup_py']
[0.414s] Level 1:colcon.colcon_core.package_identification:_identify(/home/echedey/Desktop/TFG/TFGwebots_ws/src/rtabmap_ros/docker/jazzy/latest) by extension 'python_setup_py'
[0.414s] Level 1:colcon.colcon_core.package_identification:_identify(/home/echedey/Desktop/TFG/TFGwebots_ws/src/rtabmap_ros/docker/kinetic) by extensions ['ignore', 'ignore_ament_install']
[0.414s] Level 1:colcon.colcon_core.package_identification:_identify(/home/echedey/Desktop/TFG/TFGwebots_ws/src/rtabmap_ros/docker/kinetic) by extension 'ignore'
[0.414s] Level 1:colcon.colcon_core.package_identification:_identify(/home/echedey/Desktop/TFG/TFGwebots_ws/src/rtabmap_ros/docker/kinetic) by extension 'ignore_ament_install'
[0.414s] Level 1:colcon.colcon_core.package_identification:_identify(/home/echedey/Desktop/TFG/TFGwebots_ws/src/rtabmap_ros/docker/kinetic) by extensions ['colcon_pkg']
[0.414s] Level 1:colcon.colcon_core.package_identification:_identify(/home/echedey/Desktop/TFG/TFGwebots_ws/src/rtabmap_ros/docker/kinetic) by extension 'colcon_pkg'
[0.414s] Level 1:colcon.colcon_core.package_identification:_identify(/home/echedey/Desktop/TFG/TFGwebots_ws/src/rtabmap_ros/docker/kinetic) by extensions ['colcon_meta']
[0.414s] Level 1:colcon.colcon_core.package_identification:_identify(/home/echedey/Desktop/TFG/TFGwebots_ws/src/rtabmap_ros/docker/kinetic) by extension 'colcon_meta'
[0.414s] Level 1:colcon.colcon_core.package_identification:_identify(/home/echedey/Desktop/TFG/TFGwebots_ws/src/rtabmap_ros/docker/kinetic) by extensions ['ros']
[0.414s] Level 1:colcon.colcon_core.package_identification:_identify(/home/echedey/Desktop/TFG/TFGwebots_ws/src/rtabmap_ros/docker/kinetic) by extension 'ros'
[0.414s] Level 1:colcon.colcon_core.package_identification:_identify(/home/echedey/Desktop/TFG/TFGwebots_ws/src/rtabmap_ros/docker/kinetic) by extensions ['cmake', 'python']
[0.414s] Level 1:colcon.colcon_core.package_identification:_identify(/home/echedey/Desktop/TFG/TFGwebots_ws/src/rtabmap_ros/docker/kinetic) by extension 'cmake'
[0.414s] Level 1:colcon.colcon_core.package_identification:_identify(/home/echedey/Desktop/TFG/TFGwebots_ws/src/rtabmap_ros/docker/kinetic) by extension 'python'
[0.415s] Level 1:colcon.colcon_core.package_identification:_identify(/home/echedey/Desktop/TFG/TFGwebots_ws/src/rtabmap_ros/docker/kinetic) by extensions ['python_setup_py']
[0.415s] Level 1:colcon.colcon_core.package_identification:_identify(/home/echedey/Desktop/TFG/TFGwebots_ws/src/rtabmap_ros/docker/kinetic) by extension 'python_setup_py'
[0.415s] Level 1:colcon.colcon_core.package_identification:_identify(/home/echedey/Desktop/TFG/TFGwebots_ws/src/rtabmap_ros/docker/kinetic/latest) by extensions ['ignore', 'ignore_ament_install']
[0.415s] Level 1:colcon.colcon_core.package_identification:_identify(/home/echedey/Desktop/TFG/TFGwebots_ws/src/rtabmap_ros/docker/kinetic/latest) by extension 'ignore'
[0.415s] Level 1:colcon.colcon_core.package_identification:_identify(/home/echedey/Desktop/TFG/TFGwebots_ws/src/rtabmap_ros/docker/kinetic/latest) by extension 'ignore_ament_install'
[0.415s] Level 1:colcon.colcon_core.package_identification:_identify(/home/echedey/Desktop/TFG/TFGwebots_ws/src/rtabmap_ros/docker/kinetic/latest) by extensions ['colcon_pkg']
[0.415s] Level 1:colcon.colcon_core.package_identification:_identify(/home/echedey/Desktop/TFG/TFGwebots_ws/src/rtabmap_ros/docker/kinetic/latest) by extension 'colcon_pkg'
[0.415s] Level 1:colcon.colcon_core.package_identification:_identify(/home/echedey/Desktop/TFG/TFGwebots_ws/src/rtabmap_ros/docker/kinetic/latest) by extensions ['colcon_meta']
[0.415s] Level 1:colcon.colcon_core.package_identification:_identify(/home/echedey/Desktop/TFG/TFGwebots_ws/src/rtabmap_ros/docker/kinetic/latest) by extension 'colcon_meta'
[0.415s] Level 1:colcon.colcon_core.package_identification:_identify(/home/echedey/Desktop/TFG/TFGwebots_ws/src/rtabmap_ros/docker/kinetic/latest) by extensions ['ros']
[0.415s] Level 1:colcon.colcon_core.package_identification:_identify(/home/echedey/Desktop/TFG/TFGwebots_ws/src/rtabmap_ros/docker/kinetic/latest) by extension 'ros'
[0.415s] Level 1:colcon.colcon_core.package_identification:_identify(/home/echedey/Desktop/TFG/TFGwebots_ws/src/rtabmap_ros/docker/kinetic/latest) by extensions ['cmake', 'python']
[0.415s] Level 1:colcon.colcon_core.package_identification:_identify(/home/echedey/Desktop/TFG/TFGwebots_ws/src/rtabmap_ros/docker/kinetic/latest) by extension 'cmake'
[0.415s] Level 1:colcon.colcon_core.package_identification:_identify(/home/echedey/Desktop/TFG/TFGwebots_ws/src/rtabmap_ros/docker/kinetic/latest) by extension 'python'
[0.415s] Level 1:colcon.colcon_core.package_identification:_identify(/home/echedey/Desktop/TFG/TFGwebots_ws/src/rtabmap_ros/docker/kinetic/latest) by extensions ['python_setup_py']
[0.415s] Level 1:colcon.colcon_core.package_identification:_identify(/home/echedey/Desktop/TFG/TFGwebots_ws/src/rtabmap_ros/docker/kinetic/latest) by extension 'python_setup_py'
[0.416s] Level 1:colcon.colcon_core.package_identification:_identify(/home/echedey/Desktop/TFG/TFGwebots_ws/src/rtabmap_ros/docker/kinetic/latest/hooks) by extensions ['ignore', 'ignore_ament_install']
[0.416s] Level 1:colcon.colcon_core.package_identification:_identify(/home/echedey/Desktop/TFG/TFGwebots_ws/src/rtabmap_ros/docker/kinetic/latest/hooks) by extension 'ignore'
[0.416s] Level 1:colcon.colcon_core.package_identification:_identify(/home/echedey/Desktop/TFG/TFGwebots_ws/src/rtabmap_ros/docker/kinetic/latest/hooks) by extension 'ignore_ament_install'
[0.416s] Level 1:colcon.colcon_core.package_identification:_identify(/home/echedey/Desktop/TFG/TFGwebots_ws/src/rtabmap_ros/docker/kinetic/latest/hooks) by extensions ['colcon_pkg']
[0.416s] Level 1:colcon.colcon_core.package_identification:_identify(/home/echedey/Desktop/TFG/TFGwebots_ws/src/rtabmap_ros/docker/kinetic/latest/hooks) by extension 'colcon_pkg'
[0.416s] Level 1:colcon.colcon_core.package_identification:_identify(/home/echedey/Desktop/TFG/TFGwebots_ws/src/rtabmap_ros/docker/kinetic/latest/hooks) by extensions ['colcon_meta']
[0.416s] Level 1:colcon.colcon_core.package_identification:_identify(/home/echedey/Desktop/TFG/TFGwebots_ws/src/rtabmap_ros/docker/kinetic/latest/hooks) by extension 'colcon_meta'
[0.416s] Level 1:colcon.colcon_core.package_identification:_identify(/home/echedey/Desktop/TFG/TFGwebots_ws/src/rtabmap_ros/docker/kinetic/latest/hooks) by extensions ['ros']
[0.416s] Level 1:colcon.colcon_core.package_identification:_identify(/home/echedey/Desktop/TFG/TFGwebots_ws/src/rtabmap_ros/docker/kinetic/latest/hooks) by extension 'ros'
[0.416s] Level 1:colcon.colcon_core.package_identification:_identify(/home/echedey/Desktop/TFG/TFGwebots_ws/src/rtabmap_ros/docker/kinetic/latest/hooks) by extensions ['cmake', 'python']
[0.416s] Level 1:colcon.colcon_core.package_identification:_identify(/home/echedey/Desktop/TFG/TFGwebots_ws/src/rtabmap_ros/docker/kinetic/latest/hooks) by extension 'cmake'
[0.416s] Level 1:colcon.colcon_core.package_identification:_identify(/home/echedey/Desktop/TFG/TFGwebots_ws/src/rtabmap_ros/docker/kinetic/latest/hooks) by extension 'python'
[0.416s] Level 1:colcon.colcon_core.package_identification:_identify(/home/echedey/Desktop/TFG/TFGwebots_ws/src/rtabmap_ros/docker/kinetic/latest/hooks) by extensions ['python_setup_py']
[0.416s] Level 1:colcon.colcon_core.package_identification:_identify(/home/echedey/Desktop/TFG/TFGwebots_ws/src/rtabmap_ros/docker/kinetic/latest/hooks) by extension 'python_setup_py'
[0.417s] Level 1:colcon.colcon_core.package_identification:_identify(/home/echedey/Desktop/TFG/TFGwebots_ws/src/rtabmap_ros/docker/melodic) by extensions ['ignore', 'ignore_ament_install']
[0.417s] Level 1:colcon.colcon_core.package_identification:_identify(/home/echedey/Desktop/TFG/TFGwebots_ws/src/rtabmap_ros/docker/melodic) by extension 'ignore'
[0.417s] Level 1:colcon.colcon_core.package_identification:_identify(/home/echedey/Desktop/TFG/TFGwebots_ws/src/rtabmap_ros/docker/melodic) by extension 'ignore_ament_install'
[0.417s] Level 1:colcon.colcon_core.package_identification:_identify(/home/echedey/Desktop/TFG/TFGwebots_ws/src/rtabmap_ros/docker/melodic) by extensions ['colcon_pkg']
[0.417s] Level 1:colcon.colcon_core.package_identification:_identify(/home/echedey/Desktop/TFG/TFGwebots_ws/src/rtabmap_ros/docker/melodic) by extension 'colcon_pkg'
[0.417s] Level 1:colcon.colcon_core.package_identification:_identify(/home/echedey/Desktop/TFG/TFGwebots_ws/src/rtabmap_ros/docker/melodic) by extensions ['colcon_meta']
[0.417s] Level 1:colcon.colcon_core.package_identification:_identify(/home/echedey/Desktop/TFG/TFGwebots_ws/src/rtabmap_ros/docker/melodic) by extension 'colcon_meta'
[0.417s] Level 1:colcon.colcon_core.package_identification:_identify(/home/echedey/Desktop/TFG/TFGwebots_ws/src/rtabmap_ros/docker/melodic) by extensions ['ros']
[0.417s] Level 1:colcon.colcon_core.package_identification:_identify(/home/echedey/Desktop/TFG/TFGwebots_ws/src/rtabmap_ros/docker/melodic) by extension 'ros'
[0.417s] Level 1:colcon.colcon_core.package_identification:_identify(/home/echedey/Desktop/TFG/TFGwebots_ws/src/rtabmap_ros/docker/melodic) by extensions ['cmake', 'python']
[0.417s] Level 1:colcon.colcon_core.package_identification:_identify(/home/echedey/Desktop/TFG/TFGwebots_ws/src/rtabmap_ros/docker/melodic) by extension 'cmake'
[0.417s] Level 1:colcon.colcon_core.package_identification:_identify(/home/echedey/Desktop/TFG/TFGwebots_ws/src/rtabmap_ros/docker/melodic) by extension 'python'
[0.417s] Level 1:colcon.colcon_core.package_identification:_identify(/home/echedey/Desktop/TFG/TFGwebots_ws/src/rtabmap_ros/docker/melodic) by extensions ['python_setup_py']
[0.417s] Level 1:colcon.colcon_core.package_identification:_identify(/home/echedey/Desktop/TFG/TFGwebots_ws/src/rtabmap_ros/docker/melodic) by extension 'python_setup_py'
[0.417s] Level 1:colcon.colcon_core.package_identification:_identify(/home/echedey/Desktop/TFG/TFGwebots_ws/src/rtabmap_ros/docker/melodic/latest) by extensions ['ignore', 'ignore_ament_install']
[0.418s] Level 1:colcon.colcon_core.package_identification:_identify(/home/echedey/Desktop/TFG/TFGwebots_ws/src/rtabmap_ros/docker/melodic/latest) by extension 'ignore'
[0.418s] Level 1:colcon.colcon_core.package_identification:_identify(/home/echedey/Desktop/TFG/TFGwebots_ws/src/rtabmap_ros/docker/melodic/latest) by extension 'ignore_ament_install'
[0.418s] Level 1:colcon.colcon_core.package_identification:_identify(/home/echedey/Desktop/TFG/TFGwebots_ws/src/rtabmap_ros/docker/melodic/latest) by extensions ['colcon_pkg']
[0.418s] Level 1:colcon.colcon_core.package_identification:_identify(/home/echedey/Desktop/TFG/TFGwebots_ws/src/rtabmap_ros/docker/melodic/latest) by extension 'colcon_pkg'
[0.418s] Level 1:colcon.colcon_core.package_identification:_identify(/home/echedey/Desktop/TFG/TFGwebots_ws/src/rtabmap_ros/docker/melodic/latest) by extensions ['colcon_meta']
[0.418s] Level 1:colcon.colcon_core.package_identification:_identify(/home/echedey/Desktop/TFG/TFGwebots_ws/src/rtabmap_ros/docker/melodic/latest) by extension 'colcon_meta'
[0.418s] Level 1:colcon.colcon_core.package_identification:_identify(/home/echedey/Desktop/TFG/TFGwebots_ws/src/rtabmap_ros/docker/melodic/latest) by extensions ['ros']
[0.418s] Level 1:colcon.colcon_core.package_identification:_identify(/home/echedey/Desktop/TFG/TFGwebots_ws/src/rtabmap_ros/docker/melodic/latest) by extension 'ros'
[0.418s] Level 1:colcon.colcon_core.package_identification:_identify(/home/echedey/Desktop/TFG/TFGwebots_ws/src/rtabmap_ros/docker/melodic/latest) by extensions ['cmake', 'python']
[0.418s] Level 1:colcon.colcon_core.package_identification:_identify(/home/echedey/Desktop/TFG/TFGwebots_ws/src/rtabmap_ros/docker/melodic/latest) by extension 'cmake'
[0.418s] Level 1:colcon.colcon_core.package_identification:_identify(/home/echedey/Desktop/TFG/TFGwebots_ws/src/rtabmap_ros/docker/melodic/latest) by extension 'python'
[0.418s] Level 1:colcon.colcon_core.package_identification:_identify(/home/echedey/Desktop/TFG/TFGwebots_ws/src/rtabmap_ros/docker/melodic/latest) by extensions ['python_setup_py']
[0.418s] Level 1:colcon.colcon_core.package_identification:_identify(/home/echedey/Desktop/TFG/TFGwebots_ws/src/rtabmap_ros/docker/melodic/latest) by extension 'python_setup_py'
[0.418s] Level 1:colcon.colcon_core.package_identification:_identify(/home/echedey/Desktop/TFG/TFGwebots_ws/src/rtabmap_ros/docker/melodic/latest/hooks) by extensions ['ignore', 'ignore_ament_install']
[0.418s] Level 1:colcon.colcon_core.package_identification:_identify(/home/echedey/Desktop/TFG/TFGwebots_ws/src/rtabmap_ros/docker/melodic/latest/hooks) by extension 'ignore'
[0.419s] Level 1:colcon.colcon_core.package_identification:_identify(/home/echedey/Desktop/TFG/TFGwebots_ws/src/rtabmap_ros/docker/melodic/latest/hooks) by extension 'ignore_ament_install'
[0.419s] Level 1:colcon.colcon_core.package_identification:_identify(/home/echedey/Desktop/TFG/TFGwebots_ws/src/rtabmap_ros/docker/melodic/latest/hooks) by extensions ['colcon_pkg']
[0.419s] Level 1:colcon.colcon_core.package_identification:_identify(/home/echedey/Desktop/TFG/TFGwebots_ws/src/rtabmap_ros/docker/melodic/latest/hooks) by extension 'colcon_pkg'
[0.419s] Level 1:colcon.colcon_core.package_identification:_identify(/home/echedey/Desktop/TFG/TFGwebots_ws/src/rtabmap_ros/docker/melodic/latest/hooks) by extensions ['colcon_meta']
[0.419s] Level 1:colcon.colcon_core.package_identification:_identify(/home/echedey/Desktop/TFG/TFGwebots_ws/src/rtabmap_ros/docker/melodic/latest/hooks) by extension 'colcon_meta'
[0.419s] Level 1:colcon.colcon_core.package_identification:_identify(/home/echedey/Desktop/TFG/TFGwebots_ws/src/rtabmap_ros/docker/melodic/latest/hooks) by extensions ['ros']
[0.419s] Level 1:colcon.colcon_core.package_identification:_identify(/home/echedey/Desktop/TFG/TFGwebots_ws/src/rtabmap_ros/docker/melodic/latest/hooks) by extension 'ros'
[0.419s] Level 1:colcon.colcon_core.package_identification:_identify(/home/echedey/Desktop/TFG/TFGwebots_ws/src/rtabmap_ros/docker/melodic/latest/hooks) by extensions ['cmake', 'python']
[0.419s] Level 1:colcon.colcon_core.package_identification:_identify(/home/echedey/Desktop/TFG/TFGwebots_ws/src/rtabmap_ros/docker/melodic/latest/hooks) by extension 'cmake'
[0.419s] Level 1:colcon.colcon_core.package_identification:_identify(/home/echedey/Desktop/TFG/TFGwebots_ws/src/rtabmap_ros/docker/melodic/latest/hooks) by extension 'python'
[0.419s] Level 1:colcon.colcon_core.package_identification:_identify(/home/echedey/Desktop/TFG/TFGwebots_ws/src/rtabmap_ros/docker/melodic/latest/hooks) by extensions ['python_setup_py']
[0.419s] Level 1:colcon.colcon_core.package_identification:_identify(/home/echedey/Desktop/TFG/TFGwebots_ws/src/rtabmap_ros/docker/melodic/latest/hooks) by extension 'python_setup_py'
[0.419s] Level 1:colcon.colcon_core.package_identification:_identify(/home/echedey/Desktop/TFG/TFGwebots_ws/src/rtabmap_ros/docker/noetic) by extensions ['ignore', 'ignore_ament_install']
[0.419s] Level 1:colcon.colcon_core.package_identification:_identify(/home/echedey/Desktop/TFG/TFGwebots_ws/src/rtabmap_ros/docker/noetic) by extension 'ignore'
[0.419s] Level 1:colcon.colcon_core.package_identification:_identify(/home/echedey/Desktop/TFG/TFGwebots_ws/src/rtabmap_ros/docker/noetic) by extension 'ignore_ament_install'
[0.419s] Level 1:colcon.colcon_core.package_identification:_identify(/home/echedey/Desktop/TFG/TFGwebots_ws/src/rtabmap_ros/docker/noetic) by extensions ['colcon_pkg']
[0.420s] Level 1:colcon.colcon_core.package_identification:_identify(/home/echedey/Desktop/TFG/TFGwebots_ws/src/rtabmap_ros/docker/noetic) by extension 'colcon_pkg'
[0.420s] Level 1:colcon.colcon_core.package_identification:_identify(/home/echedey/Desktop/TFG/TFGwebots_ws/src/rtabmap_ros/docker/noetic) by extensions ['colcon_meta']
[0.420s] Level 1:colcon.colcon_core.package_identification:_identify(/home/echedey/Desktop/TFG/TFGwebots_ws/src/rtabmap_ros/docker/noetic) by extension 'colcon_meta'
[0.420s] Level 1:colcon.colcon_core.package_identification:_identify(/home/echedey/Desktop/TFG/TFGwebots_ws/src/rtabmap_ros/docker/noetic) by extensions ['ros']
[0.420s] Level 1:colcon.colcon_core.package_identification:_identify(/home/echedey/Desktop/TFG/TFGwebots_ws/src/rtabmap_ros/docker/noetic) by extension 'ros'
[0.420s] Level 1:colcon.colcon_core.package_identification:_identify(/home/echedey/Desktop/TFG/TFGwebots_ws/src/rtabmap_ros/docker/noetic) by extensions ['cmake', 'python']
[0.420s] Level 1:colcon.colcon_core.package_identification:_identify(/home/echedey/Desktop/TFG/TFGwebots_ws/src/rtabmap_ros/docker/noetic) by extension 'cmake'
[0.420s] Level 1:colcon.colcon_core.package_identification:_identify(/home/echedey/Desktop/TFG/TFGwebots_ws/src/rtabmap_ros/docker/noetic) by extension 'python'
[0.420s] Level 1:colcon.colcon_core.package_identification:_identify(/home/echedey/Desktop/TFG/TFGwebots_ws/src/rtabmap_ros/docker/noetic) by extensions ['python_setup_py']
[0.420s] Level 1:colcon.colcon_core.package_identification:_identify(/home/echedey/Desktop/TFG/TFGwebots_ws/src/rtabmap_ros/docker/noetic) by extension 'python_setup_py'
[0.420s] Level 1:colcon.colcon_core.package_identification:_identify(/home/echedey/Desktop/TFG/TFGwebots_ws/src/rtabmap_ros/docker/noetic/latest) by extensions ['ignore', 'ignore_ament_install']
[0.420s] Level 1:colcon.colcon_core.package_identification:_identify(/home/echedey/Desktop/TFG/TFGwebots_ws/src/rtabmap_ros/docker/noetic/latest) by extension 'ignore'
[0.420s] Level 1:colcon.colcon_core.package_identification:_identify(/home/echedey/Desktop/TFG/TFGwebots_ws/src/rtabmap_ros/docker/noetic/latest) by extension 'ignore_ament_install'
[0.420s] Level 1:colcon.colcon_core.package_identification:_identify(/home/echedey/Desktop/TFG/TFGwebots_ws/src/rtabmap_ros/docker/noetic/latest) by extensions ['colcon_pkg']
[0.420s] Level 1:colcon.colcon_core.package_identification:_identify(/home/echedey/Desktop/TFG/TFGwebots_ws/src/rtabmap_ros/docker/noetic/latest) by extension 'colcon_pkg'
[0.420s] Level 1:colcon.colcon_core.package_identification:_identify(/home/echedey/Desktop/TFG/TFGwebots_ws/src/rtabmap_ros/docker/noetic/latest) by extensions ['colcon_meta']
[0.420s] Level 1:colcon.colcon_core.package_identification:_identify(/home/echedey/Desktop/TFG/TFGwebots_ws/src/rtabmap_ros/docker/noetic/latest) by extension 'colcon_meta'
[0.421s] Level 1:colcon.colcon_core.package_identification:_identify(/home/echedey/Desktop/TFG/TFGwebots_ws/src/rtabmap_ros/docker/noetic/latest) by extensions ['ros']
[0.421s] Level 1:colcon.colcon_core.package_identification:_identify(/home/echedey/Desktop/TFG/TFGwebots_ws/src/rtabmap_ros/docker/noetic/latest) by extension 'ros'
[0.421s] Level 1:colcon.colcon_core.package_identification:_identify(/home/echedey/Desktop/TFG/TFGwebots_ws/src/rtabmap_ros/docker/noetic/latest) by extensions ['cmake', 'python']
[0.421s] Level 1:colcon.colcon_core.package_identification:_identify(/home/echedey/Desktop/TFG/TFGwebots_ws/src/rtabmap_ros/docker/noetic/latest) by extension 'cmake'
[0.421s] Level 1:colcon.colcon_core.package_identification:_identify(/home/echedey/Desktop/TFG/TFGwebots_ws/src/rtabmap_ros/docker/noetic/latest) by extension 'python'
[0.421s] Level 1:colcon.colcon_core.package_identification:_identify(/home/echedey/Desktop/TFG/TFGwebots_ws/src/rtabmap_ros/docker/noetic/latest) by extensions ['python_setup_py']
[0.421s] Level 1:colcon.colcon_core.package_identification:_identify(/home/echedey/Desktop/TFG/TFGwebots_ws/src/rtabmap_ros/docker/noetic/latest) by extension 'python_setup_py'
[0.421s] Level 1:colcon.colcon_core.package_identification:_identify(/home/echedey/Desktop/TFG/TFGwebots_ws/src/rtabmap_ros/docker/noetic/latest/hooks) by extensions ['ignore', 'ignore_ament_install']
[0.421s] Level 1:colcon.colcon_core.package_identification:_identify(/home/echedey/Desktop/TFG/TFGwebots_ws/src/rtabmap_ros/docker/noetic/latest/hooks) by extension 'ignore'
[0.421s] Level 1:colcon.colcon_core.package_identification:_identify(/home/echedey/Desktop/TFG/TFGwebots_ws/src/rtabmap_ros/docker/noetic/latest/hooks) by extension 'ignore_ament_install'
[0.421s] Level 1:colcon.colcon_core.package_identification:_identify(/home/echedey/Desktop/TFG/TFGwebots_ws/src/rtabmap_ros/docker/noetic/latest/hooks) by extensions ['colcon_pkg']
[0.421s] Level 1:colcon.colcon_core.package_identification:_identify(/home/echedey/Desktop/TFG/TFGwebots_ws/src/rtabmap_ros/docker/noetic/latest/hooks) by extension 'colcon_pkg'
[0.421s] Level 1:colcon.colcon_core.package_identification:_identify(/home/echedey/Desktop/TFG/TFGwebots_ws/src/rtabmap_ros/docker/noetic/latest/hooks) by extensions ['colcon_meta']
[0.421s] Level 1:colcon.colcon_core.package_identification:_identify(/home/echedey/Desktop/TFG/TFGwebots_ws/src/rtabmap_ros/docker/noetic/latest/hooks) by extension 'colcon_meta'
[0.421s] Level 1:colcon.colcon_core.package_identification:_identify(/home/echedey/Desktop/TFG/TFGwebots_ws/src/rtabmap_ros/docker/noetic/latest/hooks) by extensions ['ros']
[0.421s] Level 1:colcon.colcon_core.package_identification:_identify(/home/echedey/Desktop/TFG/TFGwebots_ws/src/rtabmap_ros/docker/noetic/latest/hooks) by extension 'ros'
[0.422s] Level 1:colcon.colcon_core.package_identification:_identify(/home/echedey/Desktop/TFG/TFGwebots_ws/src/rtabmap_ros/docker/noetic/latest/hooks) by extensions ['cmake', 'python']
[0.422s] Level 1:colcon.colcon_core.package_identification:_identify(/home/echedey/Desktop/TFG/TFGwebots_ws/src/rtabmap_ros/docker/noetic/latest/hooks) by extension 'cmake'
[0.422s] Level 1:colcon.colcon_core.package_identification:_identify(/home/echedey/Desktop/TFG/TFGwebots_ws/src/rtabmap_ros/docker/noetic/latest/hooks) by extension 'python'
[0.422s] Level 1:colcon.colcon_core.package_identification:_identify(/home/echedey/Desktop/TFG/TFGwebots_ws/src/rtabmap_ros/docker/noetic/latest/hooks) by extensions ['python_setup_py']
[0.422s] Level 1:colcon.colcon_core.package_identification:_identify(/home/echedey/Desktop/TFG/TFGwebots_ws/src/rtabmap_ros/docker/noetic/latest/hooks) by extension 'python_setup_py'
[0.422s] Level 1:colcon.colcon_core.package_identification:_identify(/home/echedey/Desktop/TFG/TFGwebots_ws/src/rtabmap_ros/docker/noetic/superpoint) by extensions ['ignore', 'ignore_ament_install']
[0.422s] Level 1:colcon.colcon_core.package_identification:_identify(/home/echedey/Desktop/TFG/TFGwebots_ws/src/rtabmap_ros/docker/noetic/superpoint) by extension 'ignore'
[0.422s] Level 1:colcon.colcon_core.package_identification:_identify(/home/echedey/Desktop/TFG/TFGwebots_ws/src/rtabmap_ros/docker/noetic/superpoint) by extension 'ignore_ament_install'
[0.422s] Level 1:colcon.colcon_core.package_identification:_identify(/home/echedey/Desktop/TFG/TFGwebots_ws/src/rtabmap_ros/docker/noetic/superpoint) by extensions ['colcon_pkg']
[0.422s] Level 1:colcon.colcon_core.package_identification:_identify(/home/echedey/Desktop/TFG/TFGwebots_ws/src/rtabmap_ros/docker/noetic/superpoint) by extension 'colcon_pkg'
[0.422s] Level 1:colcon.colcon_core.package_identification:_identify(/home/echedey/Desktop/TFG/TFGwebots_ws/src/rtabmap_ros/docker/noetic/superpoint) by extensions ['colcon_meta']
[0.422s] Level 1:colcon.colcon_core.package_identification:_identify(/home/echedey/Desktop/TFG/TFGwebots_ws/src/rtabmap_ros/docker/noetic/superpoint) by extension 'colcon_meta'
[0.422s] Level 1:colcon.colcon_core.package_identification:_identify(/home/echedey/Desktop/TFG/TFGwebots_ws/src/rtabmap_ros/docker/noetic/superpoint) by extensions ['ros']
[0.422s] Level 1:colcon.colcon_core.package_identification:_identify(/home/echedey/Desktop/TFG/TFGwebots_ws/src/rtabmap_ros/docker/noetic/superpoint) by extension 'ros'
[0.422s] Level 1:colcon.colcon_core.package_identification:_identify(/home/echedey/Desktop/TFG/TFGwebots_ws/src/rtabmap_ros/docker/noetic/superpoint) by extensions ['cmake', 'python']
[0.422s] Level 1:colcon.colcon_core.package_identification:_identify(/home/echedey/Desktop/TFG/TFGwebots_ws/src/rtabmap_ros/docker/noetic/superpoint) by extension 'cmake'
[0.423s] Level 1:colcon.colcon_core.package_identification:_identify(/home/echedey/Desktop/TFG/TFGwebots_ws/src/rtabmap_ros/docker/noetic/superpoint) by extension 'python'
[0.423s] Level 1:colcon.colcon_core.package_identification:_identify(/home/echedey/Desktop/TFG/TFGwebots_ws/src/rtabmap_ros/docker/noetic/superpoint) by extensions ['python_setup_py']
[0.423s] Level 1:colcon.colcon_core.package_identification:_identify(/home/echedey/Desktop/TFG/TFGwebots_ws/src/rtabmap_ros/docker/noetic/superpoint) by extension 'python_setup_py'
[0.423s] Level 1:colcon.colcon_core.package_identification:_identify(/home/echedey/Desktop/TFG/TFGwebots_ws/src/rtabmap_ros/rtabmap_conversions) by extensions ['ignore', 'ignore_ament_install']
[0.423s] Level 1:colcon.colcon_core.package_identification:_identify(/home/echedey/Desktop/TFG/TFGwebots_ws/src/rtabmap_ros/rtabmap_conversions) by extension 'ignore'
[0.423s] Level 1:colcon.colcon_core.package_identification:_identify(/home/echedey/Desktop/TFG/TFGwebots_ws/src/rtabmap_ros/rtabmap_conversions) by extension 'ignore_ament_install'
[0.423s] Level 1:colcon.colcon_core.package_identification:_identify(/home/echedey/Desktop/TFG/TFGwebots_ws/src/rtabmap_ros/rtabmap_conversions) by extensions ['colcon_pkg']
[0.423s] Level 1:colcon.colcon_core.package_identification:_identify(/home/echedey/Desktop/TFG/TFGwebots_ws/src/rtabmap_ros/rtabmap_conversions) by extension 'colcon_pkg'
[0.423s] Level 1:colcon.colcon_core.package_identification:_identify(/home/echedey/Desktop/TFG/TFGwebots_ws/src/rtabmap_ros/rtabmap_conversions) by extensions ['colcon_meta']
[0.423s] Level 1:colcon.colcon_core.package_identification:_identify(/home/echedey/Desktop/TFG/TFGwebots_ws/src/rtabmap_ros/rtabmap_conversions) by extension 'colcon_meta'
[0.423s] Level 1:colcon.colcon_core.package_identification:_identify(/home/echedey/Desktop/TFG/TFGwebots_ws/src/rtabmap_ros/rtabmap_conversions) by extensions ['ros']
[0.423s] Level 1:colcon.colcon_core.package_identification:_identify(/home/echedey/Desktop/TFG/TFGwebots_ws/src/rtabmap_ros/rtabmap_conversions) by extension 'ros'
[0.428s] DEBUG:colcon.colcon_core.package_identification:Package '/home/echedey/Desktop/TFG/TFGwebots_ws/src/rtabmap_ros/rtabmap_conversions' with type 'ros.ament_cmake' and name 'rtabmap_conversions'
[0.428s] Level 1:colcon.colcon_core.package_identification:_identify(/home/echedey/Desktop/TFG/TFGwebots_ws/src/rtabmap_ros/rtabmap_demos) by extensions ['ignore', 'ignore_ament_install']
[0.428s] Level 1:colcon.colcon_core.package_identification:_identify(/home/echedey/Desktop/TFG/TFGwebots_ws/src/rtabmap_ros/rtabmap_demos) by extension 'ignore'
[0.428s] Level 1:colcon.colcon_core.package_identification:_identify(/home/echedey/Desktop/TFG/TFGwebots_ws/src/rtabmap_ros/rtabmap_demos) by extension 'ignore_ament_install'
[0.428s] Level 1:colcon.colcon_core.package_identification:_identify(/home/echedey/Desktop/TFG/TFGwebots_ws/src/rtabmap_ros/rtabmap_demos) by extensions ['colcon_pkg']
[0.428s] Level 1:colcon.colcon_core.package_identification:_identify(/home/echedey/Desktop/TFG/TFGwebots_ws/src/rtabmap_ros/rtabmap_demos) by extension 'colcon_pkg'
[0.428s] Level 1:colcon.colcon_core.package_identification:_identify(/home/echedey/Desktop/TFG/TFGwebots_ws/src/rtabmap_ros/rtabmap_demos) by extensions ['colcon_meta']
[0.428s] Level 1:colcon.colcon_core.package_identification:_identify(/home/echedey/Desktop/TFG/TFGwebots_ws/src/rtabmap_ros/rtabmap_demos) by extension 'colcon_meta'
[0.428s] Level 1:colcon.colcon_core.package_identification:_identify(/home/echedey/Desktop/TFG/TFGwebots_ws/src/rtabmap_ros/rtabmap_demos) by extensions ['ros']
[0.428s] Level 1:colcon.colcon_core.package_identification:_identify(/home/echedey/Desktop/TFG/TFGwebots_ws/src/rtabmap_ros/rtabmap_demos) by extension 'ros'
[0.429s] DEBUG:colcon.colcon_core.package_identification:Package '/home/echedey/Desktop/TFG/TFGwebots_ws/src/rtabmap_ros/rtabmap_demos' with type 'ros.ament_cmake' and name 'rtabmap_demos'
[0.429s] Level 1:colcon.colcon_core.package_identification:_identify(/home/echedey/Desktop/TFG/TFGwebots_ws/src/rtabmap_ros/rtabmap_examples) by extensions ['ignore', 'ignore_ament_install']
[0.429s] Level 1:colcon.colcon_core.package_identification:_identify(/home/echedey/Desktop/TFG/TFGwebots_ws/src/rtabmap_ros/rtabmap_examples) by extension 'ignore'
[0.430s] Level 1:colcon.colcon_core.package_identification:_identify(/home/echedey/Desktop/TFG/TFGwebots_ws/src/rtabmap_ros/rtabmap_examples) by extension 'ignore_ament_install'
[0.430s] Level 1:colcon.colcon_core.package_identification:_identify(/home/echedey/Desktop/TFG/TFGwebots_ws/src/rtabmap_ros/rtabmap_examples) by extensions ['colcon_pkg']
[0.430s] Level 1:colcon.colcon_core.package_identification:_identify(/home/echedey/Desktop/TFG/TFGwebots_ws/src/rtabmap_ros/rtabmap_examples) by extension 'colcon_pkg'
[0.430s] Level 1:colcon.colcon_core.package_identification:_identify(/home/echedey/Desktop/TFG/TFGwebots_ws/src/rtabmap_ros/rtabmap_examples) by extensions ['colcon_meta']
[0.430s] Level 1:colcon.colcon_core.package_identification:_identify(/home/echedey/Desktop/TFG/TFGwebots_ws/src/rtabmap_ros/rtabmap_examples) by extension 'colcon_meta'
[0.430s] Level 1:colcon.colcon_core.package_identification:_identify(/home/echedey/Desktop/TFG/TFGwebots_ws/src/rtabmap_ros/rtabmap_examples) by extensions ['ros']
[0.430s] Level 1:colcon.colcon_core.package_identification:_identify(/home/echedey/Desktop/TFG/TFGwebots_ws/src/rtabmap_ros/rtabmap_examples) by extension 'ros'
[0.431s] DEBUG:colcon.colcon_core.package_identification:Package '/home/echedey/Desktop/TFG/TFGwebots_ws/src/rtabmap_ros/rtabmap_examples' with type 'ros.ament_cmake' and name 'rtabmap_examples'
[0.431s] Level 1:colcon.colcon_core.package_identification:_identify(/home/echedey/Desktop/TFG/TFGwebots_ws/src/rtabmap_ros/rtabmap_launch) by extensions ['ignore', 'ignore_ament_install']
[0.431s] Level 1:colcon.colcon_core.package_identification:_identify(/home/echedey/Desktop/TFG/TFGwebots_ws/src/rtabmap_ros/rtabmap_launch) by extension 'ignore'
[0.431s] Level 1:colcon.colcon_core.package_identification:_identify(/home/echedey/Desktop/TFG/TFGwebots_ws/src/rtabmap_ros/rtabmap_launch) by extension 'ignore_ament_install'
[0.431s] Level 1:colcon.colcon_core.package_identification:_identify(/home/echedey/Desktop/TFG/TFGwebots_ws/src/rtabmap_ros/rtabmap_launch) by extensions ['colcon_pkg']
[0.431s] Level 1:colcon.colcon_core.package_identification:_identify(/home/echedey/Desktop/TFG/TFGwebots_ws/src/rtabmap_ros/rtabmap_launch) by extension 'colcon_pkg'
[0.431s] Level 1:colcon.colcon_core.package_identification:_identify(/home/echedey/Desktop/TFG/TFGwebots_ws/src/rtabmap_ros/rtabmap_launch) by extensions ['colcon_meta']
[0.431s] Level 1:colcon.colcon_core.package_identification:_identify(/home/echedey/Desktop/TFG/TFGwebots_ws/src/rtabmap_ros/rtabmap_launch) by extension 'colcon_meta'
[0.431s] Level 1:colcon.colcon_core.package_identification:_identify(/home/echedey/Desktop/TFG/TFGwebots_ws/src/rtabmap_ros/rtabmap_launch) by extensions ['ros']
[0.431s] Level 1:colcon.colcon_core.package_identification:_identify(/home/echedey/Desktop/TFG/TFGwebots_ws/src/rtabmap_ros/rtabmap_launch) by extension 'ros'
[0.432s] DEBUG:colcon.colcon_core.package_identification:Package '/home/echedey/Desktop/TFG/TFGwebots_ws/src/rtabmap_ros/rtabmap_launch' with type 'ros.ament_cmake' and name 'rtabmap_launch'
[0.432s] Level 1:colcon.colcon_core.package_identification:_identify(/home/echedey/Desktop/TFG/TFGwebots_ws/src/rtabmap_ros/rtabmap_msgs) by extensions ['ignore', 'ignore_ament_install']
[0.433s] Level 1:colcon.colcon_core.package_identification:_identify(/home/echedey/Desktop/TFG/TFGwebots_ws/src/rtabmap_ros/rtabmap_msgs) by extension 'ignore'
[0.433s] Level 1:colcon.colcon_core.package_identification:_identify(/home/echedey/Desktop/TFG/TFGwebots_ws/src/rtabmap_ros/rtabmap_msgs) by extension 'ignore_ament_install'
[0.433s] Level 1:colcon.colcon_core.package_identification:_identify(/home/echedey/Desktop/TFG/TFGwebots_ws/src/rtabmap_ros/rtabmap_msgs) by extensions ['colcon_pkg']
[0.433s] Level 1:colcon.colcon_core.package_identification:_identify(/home/echedey/Desktop/TFG/TFGwebots_ws/src/rtabmap_ros/rtabmap_msgs) by extension 'colcon_pkg'
[0.433s] Level 1:colcon.colcon_core.package_identification:_identify(/home/echedey/Desktop/TFG/TFGwebots_ws/src/rtabmap_ros/rtabmap_msgs) by extensions ['colcon_meta']
[0.433s] Level 1:colcon.colcon_core.package_identification:_identify(/home/echedey/Desktop/TFG/TFGwebots_ws/src/rtabmap_ros/rtabmap_msgs) by extension 'colcon_meta'
[0.433s] Level 1:colcon.colcon_core.package_identification:_identify(/home/echedey/Desktop/TFG/TFGwebots_ws/src/rtabmap_ros/rtabmap_msgs) by extensions ['ros']
[0.433s] Level 1:colcon.colcon_core.package_identification:_identify(/home/echedey/Desktop/TFG/TFGwebots_ws/src/rtabmap_ros/rtabmap_msgs) by extension 'ros'
[0.434s] DEBUG:colcon.colcon_core.package_identification:Package '/home/echedey/Desktop/TFG/TFGwebots_ws/src/rtabmap_ros/rtabmap_msgs' with type 'ros.ament_cmake' and name 'rtabmap_msgs'
[0.434s] Level 1:colcon.colcon_core.package_identification:_identify(/home/echedey/Desktop/TFG/TFGwebots_ws/src/rtabmap_ros/rtabmap_odom) by extensions ['ignore', 'ignore_ament_install']
[0.434s] Level 1:colcon.colcon_core.package_identification:_identify(/home/echedey/Desktop/TFG/TFGwebots_ws/src/rtabmap_ros/rtabmap_odom) by extension 'ignore'
[0.434s] Level 1:colcon.colcon_core.package_identification:_identify(/home/echedey/Desktop/TFG/TFGwebots_ws/src/rtabmap_ros/rtabmap_odom) by extension 'ignore_ament_install'
[0.434s] Level 1:colcon.colcon_core.package_identification:_identify(/home/echedey/Desktop/TFG/TFGwebots_ws/src/rtabmap_ros/rtabmap_odom) by extensions ['colcon_pkg']
[0.434s] Level 1:colcon.colcon_core.package_identification:_identify(/home/echedey/Desktop/TFG/TFGwebots_ws/src/rtabmap_ros/rtabmap_odom) by extension 'colcon_pkg'
[0.435s] Level 1:colcon.colcon_core.package_identification:_identify(/home/echedey/Desktop/TFG/TFGwebots_ws/src/rtabmap_ros/rtabmap_odom) by extensions ['colcon_meta']
[0.435s] Level 1:colcon.colcon_core.package_identification:_identify(/home/echedey/Desktop/TFG/TFGwebots_ws/src/rtabmap_ros/rtabmap_odom) by extension 'colcon_meta'
[0.435s] Level 1:colcon.colcon_core.package_identification:_identify(/home/echedey/Desktop/TFG/TFGwebots_ws/src/rtabmap_ros/rtabmap_odom) by extensions ['ros']
[0.435s] Level 1:colcon.colcon_core.package_identification:_identify(/home/echedey/Desktop/TFG/TFGwebots_ws/src/rtabmap_ros/rtabmap_odom) by extension 'ros'
[0.437s] DEBUG:colcon.colcon_core.package_identification:Package '/home/echedey/Desktop/TFG/TFGwebots_ws/src/rtabmap_ros/rtabmap_odom' with type 'ros.ament_cmake' and name 'rtabmap_odom'
[0.437s] Level 1:colcon.colcon_core.package_identification:_identify(/home/echedey/Desktop/TFG/TFGwebots_ws/src/rtabmap_ros/rtabmap_python) by extensions ['ignore', 'ignore_ament_install']
[0.437s] Level 1:colcon.colcon_core.package_identification:_identify(/home/echedey/Desktop/TFG/TFGwebots_ws/src/rtabmap_ros/rtabmap_python) by extension 'ignore'
[0.437s] Level 1:colcon.colcon_core.package_identification:_identify(/home/echedey/Desktop/TFG/TFGwebots_ws/src/rtabmap_ros/rtabmap_python) by extension 'ignore_ament_install'
[0.437s] Level 1:colcon.colcon_core.package_identification:_identify(/home/echedey/Desktop/TFG/TFGwebots_ws/src/rtabmap_ros/rtabmap_python) by extensions ['colcon_pkg']
[0.437s] Level 1:colcon.colcon_core.package_identification:_identify(/home/echedey/Desktop/TFG/TFGwebots_ws/src/rtabmap_ros/rtabmap_python) by extension 'colcon_pkg'
[0.437s] Level 1:colcon.colcon_core.package_identification:_identify(/home/echedey/Desktop/TFG/TFGwebots_ws/src/rtabmap_ros/rtabmap_python) by extensions ['colcon_meta']
[0.437s] Level 1:colcon.colcon_core.package_identification:_identify(/home/echedey/Desktop/TFG/TFGwebots_ws/src/rtabmap_ros/rtabmap_python) by extension 'colcon_meta'
[0.437s] Level 1:colcon.colcon_core.package_identification:_identify(/home/echedey/Desktop/TFG/TFGwebots_ws/src/rtabmap_ros/rtabmap_python) by extensions ['ros']
[0.437s] Level 1:colcon.colcon_core.package_identification:_identify(/home/echedey/Desktop/TFG/TFGwebots_ws/src/rtabmap_ros/rtabmap_python) by extension 'ros'
[0.438s] DEBUG:colcon.colcon_core.package_identification:Package '/home/echedey/Desktop/TFG/TFGwebots_ws/src/rtabmap_ros/rtabmap_python' with type 'ros.ament_python' and name 'rtabmap_python'
[0.438s] Level 1:colcon.colcon_core.package_identification:_identify(/home/echedey/Desktop/TFG/TFGwebots_ws/src/rtabmap_ros/rtabmap_ros) by extensions ['ignore', 'ignore_ament_install']
[0.438s] Level 1:colcon.colcon_core.package_identification:_identify(/home/echedey/Desktop/TFG/TFGwebots_ws/src/rtabmap_ros/rtabmap_ros) by extension 'ignore'
[0.438s] Level 1:colcon.colcon_core.package_identification:_identify(/home/echedey/Desktop/TFG/TFGwebots_ws/src/rtabmap_ros/rtabmap_ros) by extension 'ignore_ament_install'
[0.438s] Level 1:colcon.colcon_core.package_identification:_identify(/home/echedey/Desktop/TFG/TFGwebots_ws/src/rtabmap_ros/rtabmap_ros) by extensions ['colcon_pkg']
[0.438s] Level 1:colcon.colcon_core.package_identification:_identify(/home/echedey/Desktop/TFG/TFGwebots_ws/src/rtabmap_ros/rtabmap_ros) by extension 'colcon_pkg'
[0.438s] Level 1:colcon.colcon_core.package_identification:_identify(/home/echedey/Desktop/TFG/TFGwebots_ws/src/rtabmap_ros/rtabmap_ros) by extensions ['colcon_meta']
[0.439s] Level 1:colcon.colcon_core.package_identification:_identify(/home/echedey/Desktop/TFG/TFGwebots_ws/src/rtabmap_ros/rtabmap_ros) by extension 'colcon_meta'
[0.439s] Level 1:colcon.colcon_core.package_identification:_identify(/home/echedey/Desktop/TFG/TFGwebots_ws/src/rtabmap_ros/rtabmap_ros) by extensions ['ros']
[0.439s] Level 1:colcon.colcon_core.package_identification:_identify(/home/echedey/Desktop/TFG/TFGwebots_ws/src/rtabmap_ros/rtabmap_ros) by extension 'ros'
[0.441s] DEBUG:colcon.colcon_core.package_identification:Package '/home/echedey/Desktop/TFG/TFGwebots_ws/src/rtabmap_ros/rtabmap_ros' with type 'ros.ament_cmake' and name 'rtabmap_ros'
[0.441s] Level 1:colcon.colcon_core.package_identification:_identify(/home/echedey/Desktop/TFG/TFGwebots_ws/src/rtabmap_ros/rtabmap_rviz_plugins) by extensions ['ignore', 'ignore_ament_install']
[0.441s] Level 1:colcon.colcon_core.package_identification:_identify(/home/echedey/Desktop/TFG/TFGwebots_ws/src/rtabmap_ros/rtabmap_rviz_plugins) by extension 'ignore'
[0.441s] Level 1:colcon.colcon_core.package_identification:_identify(/home/echedey/Desktop/TFG/TFGwebots_ws/src/rtabmap_ros/rtabmap_rviz_plugins) by extension 'ignore_ament_install'
[0.442s] Level 1:colcon.colcon_core.package_identification:_identify(/home/echedey/Desktop/TFG/TFGwebots_ws/src/rtabmap_ros/rtabmap_rviz_plugins) by extensions ['colcon_pkg']
[0.442s] Level 1:colcon.colcon_core.package_identification:_identify(/home/echedey/Desktop/TFG/TFGwebots_ws/src/rtabmap_ros/rtabmap_rviz_plugins) by extension 'colcon_pkg'
[0.442s] Level 1:colcon.colcon_core.package_identification:_identify(/home/echedey/Desktop/TFG/TFGwebots_ws/src/rtabmap_ros/rtabmap_rviz_plugins) by extensions ['colcon_meta']
[0.442s] Level 1:colcon.colcon_core.package_identification:_identify(/home/echedey/Desktop/TFG/TFGwebots_ws/src/rtabmap_ros/rtabmap_rviz_plugins) by extension 'colcon_meta'
[0.442s] Level 1:colcon.colcon_core.package_identification:_identify(/home/echedey/Desktop/TFG/TFGwebots_ws/src/rtabmap_ros/rtabmap_rviz_plugins) by extensions ['ros']
[0.442s] Level 1:colcon.colcon_core.package_identification:_identify(/home/echedey/Desktop/TFG/TFGwebots_ws/src/rtabmap_ros/rtabmap_rviz_plugins) by extension 'ros'
[0.443s] DEBUG:colcon.colcon_core.package_identification:Package '/home/echedey/Desktop/TFG/TFGwebots_ws/src/rtabmap_ros/rtabmap_rviz_plugins' with type 'ros.ament_cmake' and name 'rtabmap_rviz_plugins'
[0.444s] Level 1:colcon.colcon_core.package_identification:_identify(/home/echedey/Desktop/TFG/TFGwebots_ws/src/rtabmap_ros/rtabmap_slam) by extensions ['ignore', 'ignore_ament_install']
[0.444s] Level 1:colcon.colcon_core.package_identification:_identify(/home/echedey/Desktop/TFG/TFGwebots_ws/src/rtabmap_ros/rtabmap_slam) by extension 'ignore'
[0.444s] Level 1:colcon.colcon_core.package_identification:_identify(/home/echedey/Desktop/TFG/TFGwebots_ws/src/rtabmap_ros/rtabmap_slam) by extension 'ignore_ament_install'
[0.444s] Level 1:colcon.colcon_core.package_identification:_identify(/home/echedey/Desktop/TFG/TFGwebots_ws/src/rtabmap_ros/rtabmap_slam) by extensions ['colcon_pkg']
[0.444s] Level 1:colcon.colcon_core.package_identification:_identify(/home/echedey/Desktop/TFG/TFGwebots_ws/src/rtabmap_ros/rtabmap_slam) by extension 'colcon_pkg'
[0.444s] Level 1:colcon.colcon_core.package_identification:_identify(/home/echedey/Desktop/TFG/TFGwebots_ws/src/rtabmap_ros/rtabmap_slam) by extensions ['colcon_meta']
[0.444s] Level 1:colcon.colcon_core.package_identification:_identify(/home/echedey/Desktop/TFG/TFGwebots_ws/src/rtabmap_ros/rtabmap_slam) by extension 'colcon_meta'
[0.444s] Level 1:colcon.colcon_core.package_identification:_identify(/home/echedey/Desktop/TFG/TFGwebots_ws/src/rtabmap_ros/rtabmap_slam) by extensions ['ros']
[0.444s] Level 1:colcon.colcon_core.package_identification:_identify(/home/echedey/Desktop/TFG/TFGwebots_ws/src/rtabmap_ros/rtabmap_slam) by extension 'ros'
[0.446s] DEBUG:colcon.colcon_core.package_identification:Package '/home/echedey/Desktop/TFG/TFGwebots_ws/src/rtabmap_ros/rtabmap_slam' with type 'ros.ament_cmake' and name 'rtabmap_slam'
[0.446s] Level 1:colcon.colcon_core.package_identification:_identify(/home/echedey/Desktop/TFG/TFGwebots_ws/src/rtabmap_ros/rtabmap_sync) by extensions ['ignore', 'ignore_ament_install']
[0.446s] Level 1:colcon.colcon_core.package_identification:_identify(/home/echedey/Desktop/TFG/TFGwebots_ws/src/rtabmap_ros/rtabmap_sync) by extension 'ignore'
[0.446s] Level 1:colcon.colcon_core.package_identification:_identify(/home/echedey/Desktop/TFG/TFGwebots_ws/src/rtabmap_ros/rtabmap_sync) by extension 'ignore_ament_install'
[0.446s] Level 1:colcon.colcon_core.package_identification:_identify(/home/echedey/Desktop/TFG/TFGwebots_ws/src/rtabmap_ros/rtabmap_sync) by extensions ['colcon_pkg']
[0.446s] Level 1:colcon.colcon_core.package_identification:_identify(/home/echedey/Desktop/TFG/TFGwebots_ws/src/rtabmap_ros/rtabmap_sync) by extension 'colcon_pkg'
[0.447s] Level 1:colcon.colcon_core.package_identification:_identify(/home/echedey/Desktop/TFG/TFGwebots_ws/src/rtabmap_ros/rtabmap_sync) by extensions ['colcon_meta']
[0.447s] Level 1:colcon.colcon_core.package_identification:_identify(/home/echedey/Desktop/TFG/TFGwebots_ws/src/rtabmap_ros/rtabmap_sync) by extension 'colcon_meta'
[0.447s] Level 1:colcon.colcon_core.package_identification:_identify(/home/echedey/Desktop/TFG/TFGwebots_ws/src/rtabmap_ros/rtabmap_sync) by extensions ['ros']
[0.447s] Level 1:colcon.colcon_core.package_identification:_identify(/home/echedey/Desktop/TFG/TFGwebots_ws/src/rtabmap_ros/rtabmap_sync) by extension 'ros'
[0.464s] DEBUG:colcon.colcon_core.package_identification:Package '/home/echedey/Desktop/TFG/TFGwebots_ws/src/rtabmap_ros/rtabmap_sync' with type 'ros.ament_cmake' and name 'rtabmap_sync'
[0.465s] Level 1:colcon.colcon_core.package_identification:_identify(/home/echedey/Desktop/TFG/TFGwebots_ws/src/rtabmap_ros/rtabmap_util) by extensions ['ignore', 'ignore_ament_install']
[0.465s] Level 1:colcon.colcon_core.package_identification:_identify(/home/echedey/Desktop/TFG/TFGwebots_ws/src/rtabmap_ros/rtabmap_util) by extension 'ignore'
[0.465s] Level 1:colcon.colcon_core.package_identification:_identify(/home/echedey/Desktop/TFG/TFGwebots_ws/src/rtabmap_ros/rtabmap_util) by extension 'ignore_ament_install'
[0.465s] Level 1:colcon.colcon_core.package_identification:_identify(/home/echedey/Desktop/TFG/TFGwebots_ws/src/rtabmap_ros/rtabmap_util) by extensions ['colcon_pkg']
[0.465s] Level 1:colcon.colcon_core.package_identification:_identify(/home/echedey/Desktop/TFG/TFGwebots_ws/src/rtabmap_ros/rtabmap_util) by extension 'colcon_pkg'
[0.465s] Level 1:colcon.colcon_core.package_identification:_identify(/home/echedey/Desktop/TFG/TFGwebots_ws/src/rtabmap_ros/rtabmap_util) by extensions ['colcon_meta']
[0.465s] Level 1:colcon.colcon_core.package_identification:_identify(/home/echedey/Desktop/TFG/TFGwebots_ws/src/rtabmap_ros/rtabmap_util) by extension 'colcon_meta'
[0.465s] Level 1:colcon.colcon_core.package_identification:_identify(/home/echedey/Desktop/TFG/TFGwebots_ws/src/rtabmap_ros/rtabmap_util) by extensions ['ros']
[0.465s] Level 1:colcon.colcon_core.package_identification:_identify(/home/echedey/Desktop/TFG/TFGwebots_ws/src/rtabmap_ros/rtabmap_util) by extension 'ros'
[0.467s] DEBUG:colcon.colcon_core.package_identification:Package '/home/echedey/Desktop/TFG/TFGwebots_ws/src/rtabmap_ros/rtabmap_util' with type 'ros.ament_cmake' and name 'rtabmap_util'
[0.468s] Level 1:colcon.colcon_core.package_identification:_identify(/home/echedey/Desktop/TFG/TFGwebots_ws/src/rtabmap_ros/rtabmap_viz) by extensions ['ignore', 'ignore_ament_install']
[0.468s] Level 1:colcon.colcon_core.package_identification:_identify(/home/echedey/Desktop/TFG/TFGwebots_ws/src/rtabmap_ros/rtabmap_viz) by extension 'ignore'
[0.468s] Level 1:colcon.colcon_core.package_identification:_identify(/home/echedey/Desktop/TFG/TFGwebots_ws/src/rtabmap_ros/rtabmap_viz) by extension 'ignore_ament_install'
[0.468s] Level 1:colcon.colcon_core.package_identification:_identify(/home/echedey/Desktop/TFG/TFGwebots_ws/src/rtabmap_ros/rtabmap_viz) by extensions ['colcon_pkg']
[0.468s] Level 1:colcon.colcon_core.package_identification:_identify(/home/echedey/Desktop/TFG/TFGwebots_ws/src/rtabmap_ros/rtabmap_viz) by extension 'colcon_pkg'
[0.468s] Level 1:colcon.colcon_core.package_identification:_identify(/home/echedey/Desktop/TFG/TFGwebots_ws/src/rtabmap_ros/rtabmap_viz) by extensions ['colcon_meta']
[0.468s] Level 1:colcon.colcon_core.package_identification:_identify(/home/echedey/Desktop/TFG/TFGwebots_ws/src/rtabmap_ros/rtabmap_viz) by extension 'colcon_meta'
[0.468s] Level 1:colcon.colcon_core.package_identification:_identify(/home/echedey/Desktop/TFG/TFGwebots_ws/src/rtabmap_ros/rtabmap_viz) by extensions ['ros']
[0.468s] Level 1:colcon.colcon_core.package_identification:_identify(/home/echedey/Desktop/TFG/TFGwebots_ws/src/rtabmap_ros/rtabmap_viz) by extension 'ros'
[0.469s] DEBUG:colcon.colcon_core.package_identification:Package '/home/echedey/Desktop/TFG/TFGwebots_ws/src/rtabmap_ros/rtabmap_viz' with type 'ros.ament_cmake' and name 'rtabmap_viz'
[0.469s] Level 1:colcon.colcon_core.package_identification:_identify(/home/echedey/Desktop/TFG/TFGwebots_ws/tb4_sim) by extensions ['ignore', 'ignore_ament_install']
[0.470s] Level 1:colcon.colcon_core.package_identification:_identify(/home/echedey/Desktop/TFG/TFGwebots_ws/tb4_sim) by extension 'ignore'
[0.470s] Level 1:colcon.colcon_core.package_identification:_identify(/home/echedey/Desktop/TFG/TFGwebots_ws/tb4_sim) by extension 'ignore_ament_install'
[0.470s] Level 1:colcon.colcon_core.package_identification:_identify(/home/echedey/Desktop/TFG/TFGwebots_ws/tb4_sim) by extensions ['colcon_pkg']
[0.470s] Level 1:colcon.colcon_core.package_identification:_identify(/home/echedey/Desktop/TFG/TFGwebots_ws/tb4_sim) by extension 'colcon_pkg'
[0.470s] Level 1:colcon.colcon_core.package_identification:_identify(/home/echedey/Desktop/TFG/TFGwebots_ws/tb4_sim) by extensions ['colcon_meta']
[0.470s] Level 1:colcon.colcon_core.package_identification:_identify(/home/echedey/Desktop/TFG/TFGwebots_ws/tb4_sim) by extension 'colcon_meta'
[0.470s] Level 1:colcon.colcon_core.package_identification:_identify(/home/echedey/Desktop/TFG/TFGwebots_ws/tb4_sim) by extensions ['ros']
[0.470s] Level 1:colcon.colcon_core.package_identification:_identify(/home/echedey/Desktop/TFG/TFGwebots_ws/tb4_sim) by extension 'ros'
[0.482s] DEBUG:colcon.colcon_core.package_identification:Package '/home/echedey/Desktop/TFG/TFGwebots_ws/tb4_sim' with type 'ros.ament_python' and name 'tb4_sim'
[0.482s] Level 1:colcon.colcon_core.package_discovery:discover_packages(recursive) using defaults
