[0.945s] Invoking command in '/home/echedey/Desktop/TFG/TFGwebots_ws/build/formas': PYTHONPATH=/home/echedey/Desktop/TFG/TFGwebots_ws/build/formas/prefix_override:/usr/lib/python3/dist-packages/colcon_core/task/python/colcon_distutils_commands:/home/echedey/Desktop/TFG/TFGwebots_ws/install/formas/lib/python3.10/site-packages:${PYTHONPATH} /usr/bin/python3 -W ignore:setup.py install is deprecated -W ignore:easy_install command is deprecated setup.py develop --editable --build-directory /home/echedey/Desktop/TFG/TFGwebots_ws/build/formas/build --no-deps symlink_data
[1.179s] running develop
[1.341s] running egg_info
[1.341s] creating formas.egg-info
[1.341s] writing formas.egg-info/PKG-INFO
[1.341s] writing dependency_links to formas.egg-info/dependency_links.txt
[1.341s] writing entry points to formas.egg-info/entry_points.txt
[1.341s] writing requirements to formas.egg-info/requires.txt
[1.341s] writing top-level names to formas.egg-info/top_level.txt
[1.341s] writing manifest file 'formas.egg-info/SOURCES.txt'
[1.343s] reading manifest file 'formas.egg-info/SOURCES.txt'
[1.343s] writing manifest file 'formas.egg-info/SOURCES.txt'
[1.345s] running build_ext
[1.345s] Creating /home/echedey/Desktop/TFG/TFGwebots_ws/install/formas/lib/python3.10/site-packages/formas.egg-link (link to .)
[1.346s] Installing cuadrado script to /home/echedey/Desktop/TFG/TFGwebots_ws/install/formas/lib/formas
[1.346s] Installing sala script to /home/echedey/Desktop/TFG/TFGwebots_ws/install/formas/lib/formas
[1.346s] 
[1.346s] Installed /home/echedey/Desktop/TFG/TFGwebots_ws/build/formas
[1.346s] running symlink_data
[1.346s] creating /home/echedey/Desktop/TFG/TFGwebots_ws/install/formas/share/ament_index
[1.346s] creating /home/echedey/Desktop/TFG/TFGwebots_ws/install/formas/share/ament_index/resource_index
[1.346s] creating /home/echedey/Desktop/TFG/TFGwebots_ws/install/formas/share/ament_index/resource_index/packages
[1.346s] symbolically linking /home/echedey/Desktop/TFG/TFGwebots_ws/build/formas/resource/formas -> /home/echedey/Desktop/TFG/TFGwebots_ws/install/formas/share/ament_index/resource_index/packages
[1.346s] symbolically linking /home/echedey/Desktop/TFG/TFGwebots_ws/build/formas/package.xml -> /home/echedey/Desktop/TFG/TFGwebots_ws/install/formas/share/formas
[1.385s] Invoked command in '/home/echedey/Desktop/TFG/TFGwebots_ws/build/formas' returned '0': PYTHONPATH=/home/echedey/Desktop/TFG/TFGwebots_ws/build/formas/prefix_override:/usr/lib/python3/dist-packages/colcon_core/task/python/colcon_distutils_commands:/home/echedey/Desktop/TFG/TFGwebots_ws/install/formas/lib/python3.10/site-packages:${PYTHONPATH} /usr/bin/python3 -W ignore:setup.py install is deprecated -W ignore:easy_install command is deprecated setup.py develop --editable --build-directory /home/echedey/Desktop/TFG/TFGwebots_ws/build/formas/build --no-deps symlink_data
