running egg_info
creating ../build/room3/room3.egg-info
writing ../build/room3/room3.egg-info/PKG-INFO
writing dependency_links to ../build/room3/room3.egg-info/dependency_links.txt
writing entry points to ../build/room3/room3.egg-info/entry_points.txt
writing requirements to ../build/room3/room3.egg-info/requires.txt
writing top-level names to ../build/room3/room3.egg-info/top_level.txt
writing manifest file '../build/room3/room3.egg-info/SOURCES.txt'
reading manifest file '../build/room3/room3.egg-info/SOURCES.txt'
writing manifest file '../build/room3/room3.egg-info/SOURCES.txt'
running build
running build_py
creating /home/echedey/Desktop/TFG/TFG_ws/build/room3/build
creating /home/echedey/Desktop/TFG/TFG_ws/build/room3/build/lib
creating /home/echedey/Desktop/TFG/TFG_ws/build/room3/build/lib/room3
copying room3/__init__.py -> /home/echedey/Desktop/TFG/TFG_ws/build/room3/build/lib/room3
running install
running install_lib
creating /home/echedey/Desktop/TFG/TFG_ws/install/room3/lib/python3.10/site-packages/room3
copying /home/echedey/Desktop/TFG/TFG_ws/build/room3/build/lib/room3/__init__.py -> /home/echedey/Desktop/TFG/TFG_ws/install/room3/lib/python3.10/site-packages/room3
byte-compiling /home/echedey/Desktop/TFG/TFG_ws/install/room3/lib/python3.10/site-packages/room3/__init__.py to __init__.cpython-310.pyc
running install_data
creating /home/echedey/Desktop/TFG/TFG_ws/install/room3/share/ament_index
creating /home/echedey/Desktop/TFG/TFG_ws/install/room3/share/ament_index/resource_index
creating /home/echedey/Desktop/TFG/TFG_ws/install/room3/share/ament_index/resource_index/packages
copying resource/room3 -> /home/echedey/Desktop/TFG/TFG_ws/install/room3/share/ament_index/resource_index/packages
copying package.xml -> /home/echedey/Desktop/TFG/TFG_ws/install/room3/share/room3
creating /home/echedey/Desktop/TFG/TFG_ws/install/room3/share/room3/launch
copying launch/room3_sim.launch.py -> /home/echedey/Desktop/TFG/TFG_ws/install/room3/share/room3/launch
running install_egg_info
Copying ../build/room3/room3.egg-info to /home/echedey/Desktop/TFG/TFG_ws/install/room3/lib/python3.10/site-packages/room3-0.0.0-py3.10.egg-info
running install_scripts
writing list of installed files to '/home/echedey/Desktop/TFG/TFG_ws/build/room3/install.log'
