[0.893s] Invoking command in '/home/echedey/Desktop/TFG/TFG_ws/room3': PYTHONPATH=/home/echedey/Desktop/TFG/TFG_ws/build/room3/prefix_override:/usr/lib/python3/dist-packages/colcon_core/task/python/colcon_distutils_commands:/home/echedey/Desktop/TFG/TFG_ws/install/room3/lib/python3.10/site-packages:${PYTHONPATH} /usr/bin/python3 -W ignore:setup.py install is deprecated -W ignore:easy_install command is deprecated setup.py egg_info --egg-base ../build/room3 build --build-base /home/echedey/Desktop/TFG/TFG_ws/build/room3/build install --record /home/echedey/Desktop/TFG/TFG_ws/build/room3/install.log --single-version-externally-managed install_data
[1.113s] running egg_info
[1.114s] creating ../build/room3/room3.egg-info
[1.114s] writing ../build/room3/room3.egg-info/PKG-INFO
[1.114s] writing dependency_links to ../build/room3/room3.egg-info/dependency_links.txt
[1.114s] writing entry points to ../build/room3/room3.egg-info/entry_points.txt
[1.114s] writing requirements to ../build/room3/room3.egg-info/requires.txt
[1.114s] writing top-level names to ../build/room3/room3.egg-info/top_level.txt
[1.114s] writing manifest file '../build/room3/room3.egg-info/SOURCES.txt'
[1.116s] reading manifest file '../build/room3/room3.egg-info/SOURCES.txt'
[1.117s] writing manifest file '../build/room3/room3.egg-info/SOURCES.txt'
[1.117s] running build
[1.117s] running build_py
[1.117s] creating /home/echedey/Desktop/TFG/TFG_ws/build/room3/build
[1.117s] creating /home/echedey/Desktop/TFG/TFG_ws/build/room3/build/lib
[1.117s] creating /home/echedey/Desktop/TFG/TFG_ws/build/room3/build/lib/room3
[1.117s] copying room3/__init__.py -> /home/echedey/Desktop/TFG/TFG_ws/build/room3/build/lib/room3
[1.117s] running install
[1.118s] running install_lib
[1.120s] creating /home/echedey/Desktop/TFG/TFG_ws/install/room3/lib/python3.10/site-packages/room3
[1.120s] copying /home/echedey/Desktop/TFG/TFG_ws/build/room3/build/lib/room3/__init__.py -> /home/echedey/Desktop/TFG/TFG_ws/install/room3/lib/python3.10/site-packages/room3
[1.121s] byte-compiling /home/echedey/Desktop/TFG/TFG_ws/install/room3/lib/python3.10/site-packages/room3/__init__.py to __init__.cpython-310.pyc
[1.121s] running install_data
[1.121s] creating /home/echedey/Desktop/TFG/TFG_ws/install/room3/share/ament_index
[1.121s] creating /home/echedey/Desktop/TFG/TFG_ws/install/room3/share/ament_index/resource_index
[1.121s] creating /home/echedey/Desktop/TFG/TFG_ws/install/room3/share/ament_index/resource_index/packages
[1.121s] copying resource/room3 -> /home/echedey/Desktop/TFG/TFG_ws/install/room3/share/ament_index/resource_index/packages
[1.121s] copying package.xml -> /home/echedey/Desktop/TFG/TFG_ws/install/room3/share/room3
[1.121s] creating /home/echedey/Desktop/TFG/TFG_ws/install/room3/share/room3/launch
[1.121s] copying launch/room3_sim.launch.py -> /home/echedey/Desktop/TFG/TFG_ws/install/room3/share/room3/launch
[1.122s] running install_egg_info
[1.123s] Copying ../build/room3/room3.egg-info to /home/echedey/Desktop/TFG/TFG_ws/install/room3/lib/python3.10/site-packages/room3-0.0.0-py3.10.egg-info
[1.124s] running install_scripts
[1.145s] writing list of installed files to '/home/echedey/Desktop/TFG/TFG_ws/build/room3/install.log'
[1.186s] Invoked command in '/home/echedey/Desktop/TFG/TFG_ws/room3' returned '0': PYTHONPATH=/home/echedey/Desktop/TFG/TFG_ws/build/room3/prefix_override:/usr/lib/python3/dist-packages/colcon_core/task/python/colcon_distutils_commands:/home/echedey/Desktop/TFG/TFG_ws/install/room3/lib/python3.10/site-packages:${PYTHONPATH} /usr/bin/python3 -W ignore:setup.py install is deprecated -W ignore:easy_install command is deprecated setup.py egg_info --egg-base ../build/room3 build --build-base /home/echedey/Desktop/TFG/TFG_ws/build/room3/build install --record /home/echedey/Desktop/TFG/TFG_ws/build/room3/install.log --single-version-externally-managed install_data
