[0.802s] Invoking command in '/home/echedey/Desktop/TFG/TFG_ws/room3': PYTHONPATH=/home/echedey/Desktop/TFG/TFG_ws/build/room3/prefix_override:/usr/lib/python3/dist-packages/colcon_core/task/python/colcon_distutils_commands:/home/echedey/Desktop/TFG/TFG_ws/install/room3/lib/python3.10/site-packages:${PYTHONPATH} /usr/bin/python3 -W ignore:setup.py install is deprecated -W ignore:easy_install command is deprecated setup.py egg_info --egg-base ../build/room3 build --build-base /home/echedey/Desktop/TFG/TFG_ws/build/room3/build install --record /home/echedey/Desktop/TFG/TFG_ws/build/room3/install.log --single-version-externally-managed install_data
[1.021s] running egg_info
[1.021s] writing ../build/room3/room3.egg-info/PKG-INFO
[1.022s] writing dependency_links to ../build/room3/room3.egg-info/dependency_links.txt
[1.022s] writing entry points to ../build/room3/room3.egg-info/entry_points.txt
[1.022s] writing requirements to ../build/room3/room3.egg-info/requires.txt
[1.022s] writing top-level names to ../build/room3/room3.egg-info/top_level.txt
[1.024s] reading manifest file '../build/room3/room3.egg-info/SOURCES.txt'
[1.025s] writing manifest file '../build/room3/room3.egg-info/SOURCES.txt'
[1.025s] running build
[1.025s] running build_py
[1.025s] running install
[1.026s] running install_lib
[1.028s] running install_data
[1.028s] running install_egg_info
[1.030s] removing '/home/echedey/Desktop/TFG/TFG_ws/install/room3/lib/python3.10/site-packages/room3-0.0.0-py3.10.egg-info' (and everything under it)
[1.030s] Copying ../build/room3/room3.egg-info to /home/echedey/Desktop/TFG/TFG_ws/install/room3/lib/python3.10/site-packages/room3-0.0.0-py3.10.egg-info
[1.031s] running install_scripts
[1.052s] writing list of installed files to '/home/echedey/Desktop/TFG/TFG_ws/build/room3/install.log'
[1.097s] Invoked command in '/home/echedey/Desktop/TFG/TFG_ws/room3' returned '0': PYTHONPATH=/home/echedey/Desktop/TFG/TFG_ws/build/room3/prefix_override:/usr/lib/python3/dist-packages/colcon_core/task/python/colcon_distutils_commands:/home/echedey/Desktop/TFG/TFG_ws/install/room3/lib/python3.10/site-packages:${PYTHONPATH} /usr/bin/python3 -W ignore:setup.py install is deprecated -W ignore:easy_install command is deprecated setup.py egg_info --egg-base ../build/room3 build --build-base /home/echedey/Desktop/TFG/TFG_ws/build/room3/build install --record /home/echedey/Desktop/TFG/TFG_ws/build/room3/install.log --single-version-externally-managed install_data
