[0.014s] Invoking command in '/home/echedey/Desktop/TFG/TFGwebots_ws/build/rtabmap_sync': AMENT_PREFIX_PATH=/home/echedey/Desktop/TFG/TFGwebots_ws/install/rtabmap_conversions:/home/echedey/Desktop/TFG/TFGwebots_ws/install/rtabmap_msgs:${AMENT_PREFIX_PATH} CMAKE_PREFIX_PATH=/home/echedey/Desktop/TFG/TFGwebots_ws/install/rtabmap_conversions:/home/echedey/Desktop/TFG/TFGwebots_ws/install/rtabmap_msgs:/home/echedey/Desktop/TFG/TFG_ws/install/turtlebot4_simulator:/home/echedey/Desktop/TFG/TFG_ws/install/turtlebot4_gz_bringup:/home/echedey/Desktop/TFG/TFG_ws/install/turtlebot4_gz_toolbox:/home/echedey/Desktop/TFG/TFG_ws/install/turtlebot4_description:/home/echedey/Desktop/TFG/TFG_ws/install/room3:/opt/ros/humble LD_LIBRARY_PATH=/home/echedey/Desktop/TFG/TFGwebots_ws/install/rtabmap_conversions/lib:/home/echedey/Desktop/TFG/TFGwebots_ws/install/rtabmap_msgs/lib:${LD_LIBRARY_PATH} PYTHONPATH=/home/echedey/Desktop/TFG/TFGwebots_ws/install/rtabmap_msgs/local/lib/python3.10/dist-packages:${PYTHONPATH} /usr/bin/cmake /home/echedey/Desktop/TFG/TFGwebots_ws/src/rtabmap_ros/rtabmap_sync -DAMENT_CMAKE_SYMLINK_INSTALL=1 -DCMAKE_INSTALL_PREFIX=/home/echedey/Desktop/TFG/TFGwebots_ws/install/rtabmap_sync
[0.071s] -- The C compiler identification is GNU 11.4.0
[0.126s] -- The CXX compiler identification is GNU 11.4.0
[0.134s] -- Detecting C compiler ABI info
[0.209s] -- Detecting C compiler ABI info - done
[0.215s] -- Check for working C compiler: /usr/bin/cc - skipped
[0.215s] -- Detecting C compile features
[0.215s] -- Detecting C compile features - done
[0.218s] -- Detecting CXX compiler ABI info
[0.305s] -- Detecting CXX compiler ABI info - done
[0.311s] -- Check for working CXX compiler: /usr/bin/c++ - skipped
[0.311s] -- Detecting CXX compile features
[0.312s] -- Detecting CXX compile features - done
[0.315s] -- Found cv_bridge: 3.2.1 (/opt/ros/humble/share/cv_bridge/cmake)
[0.452s] -- Found Python3: /usr/bin/python3 (found version "3.10.12") found components: Interpreter 
[0.506s] -- Override CMake install command with custom implementation using symlinks instead of copying resources
[0.601s] -- Found rosidl_generator_c: 3.1.6 (/opt/ros/humble/share/rosidl_generator_c/cmake)
[0.607s] -- Found rosidl_adapter: 3.1.6 (/opt/ros/humble/share/rosidl_adapter/cmake)
[0.616s] -- Found rosidl_generator_cpp: 3.1.6 (/opt/ros/humble/share/rosidl_generator_cpp/cmake)
[0.629s] -- Using all available rosidl_typesupport_c: rosidl_typesupport_fastrtps_c;rosidl_typesupport_introspection_c
[0.646s] -- Using all available rosidl_typesupport_cpp: rosidl_typesupport_fastrtps_cpp;rosidl_typesupport_introspection_cpp
[0.702s] -- Found image_transport: 3.1.11 (/opt/ros/humble/share/image_transport/cmake)
[0.751s] -- Found rmw_implementation_cmake: 6.1.2 (/opt/ros/humble/share/rmw_implementation_cmake/cmake)
[0.755s] -- Found rmw_fastrtps_cpp: 6.2.7 (/opt/ros/humble/share/rmw_fastrtps_cpp/cmake)
[0.879s] -- Found OpenSSL: /usr/lib/x86_64-linux-gnu/libcrypto.so (found version "3.0.2")  
[0.910s] -- Found FastRTPS: /opt/ros/humble/include  
[0.956s] -- Using RMW implementation 'rmw_fastrtps_cpp' as default
[0.967s] -- Looking for pthread.h
[1.046s] -- Looking for pthread.h - found
[1.046s] -- Performing Test CMAKE_HAVE_LIBC_PTHREAD
[1.127s] -- Performing Test CMAKE_HAVE_LIBC_PTHREAD - Success
[1.128s] -- Found Threads: TRUE  
[1.199s] -- Found nav_msgs: 4.8.0 (/opt/ros/humble/share/nav_msgs/cmake)
[1.215s] -- Found rclcpp_components: 16.0.12 (/opt/ros/humble/share/rclcpp_components/cmake)
[1.230s] -- Found rtabmap_conversions: 0.21.10 (/home/echedey/Desktop/TFG/TFGwebots_ws/install/rtabmap_conversions/share/rtabmap_conversions/cmake)
[1.294s] -- Checking for module 'eigen3'
[1.316s] --   Found eigen3, version 3.4.0
[1.371s] -- Found Eigen: /usr/include/eigen3 (Required is at least version "3.1") 
[1.372s] -- Eigen found (include: /usr/include/eigen3, version: 3.4.0)
[1.416s] -- Checking for module 'flann'
[1.439s] --   Found flann, version 1.9.1
[1.501s] -- Found FLANN: /usr/lib/x86_64-linux-gnu/libflann_cpp.so  
[1.501s] -- FLANN found (include: /usr/include, lib: /usr/lib/x86_64-linux-gnu/libflann_cpp.so)
[2.580s] -- Checking for module 'libusb-1.0'
[2.602s] --   Found libusb-1.0, version 1.0.25
[2.666s] -- Found libusb: /usr/lib/x86_64-linux-gnu/libusb-1.0.so  
[2.666s] -- OpenNI found (version: 1.5.4.0, include: /usr/include/ni, lib: /usr/lib/libOpenNI.so;libusb::libusb)
[2.762s] -- OpenNI2 found (version: 2.2.0.33, include: /usr/include/openni2, lib: /usr/lib/x86_64-linux-gnu/libOpenNI2.so;libusb::libusb)
[2.912s] -- Eigen found (include: /usr/include/eigen3, version: 3.4.0)
[2.919s] -- OpenNI found (version: 1.5.4.0, include: /usr/include/ni, lib: /usr/lib/libOpenNI.so;libusb::libusb)
[2.926s] -- OpenNI2 found (version: 2.2.0.33, include: /usr/include/openni2, lib: /usr/lib/x86_64-linux-gnu/libOpenNI2.so;libusb::libusb)
[3.067s] -- Found Qhull version 8.0.2
[3.214s] -- OpenNI found (version: 1.5.4.0, include: /usr/include/ni, lib: /usr/lib/libOpenNI.so;libusb::libusb)
[3.355s] -- Found PCL_COMMON: /usr/lib/x86_64-linux-gnu/libpcl_common.so  
[3.355s] -- Found PCL_KDTREE: /usr/lib/x86_64-linux-gnu/libpcl_kdtree.so  
[3.356s] -- Found PCL_OCTREE: /usr/lib/x86_64-linux-gnu/libpcl_octree.so  
[3.357s] -- Found PCL_SEARCH: /usr/lib/x86_64-linux-gnu/libpcl_search.so  
[3.357s] -- Found PCL_SAMPLE_CONSENSUS: /usr/lib/x86_64-linux-gnu/libpcl_sample_consensus.so  
[3.358s] -- Found PCL_FILTERS: /usr/lib/x86_64-linux-gnu/libpcl_filters.so  
[3.358s] -- Found PCL_2D: /usr/include/pcl-1.12  
[3.359s] -- Found PCL_GEOMETRY: /usr/include/pcl-1.12  
[3.359s] -- Found PCL_IO: /usr/lib/x86_64-linux-gnu/libpcl_io.so  
[3.360s] -- Found PCL_FEATURES: /usr/lib/x86_64-linux-gnu/libpcl_features.so  
[3.361s] -- Found PCL_ML: /usr/lib/x86_64-linux-gnu/libpcl_ml.so  
[3.362s] -- Found PCL_SEGMENTATION: /usr/lib/x86_64-linux-gnu/libpcl_segmentation.so  
[3.363s] -- Found PCL_VISUALIZATION: /usr/lib/x86_64-linux-gnu/libpcl_visualization.so  
[3.364s] -- Found PCL_SURFACE: /usr/lib/x86_64-linux-gnu/libpcl_surface.so  
[3.364s] -- Found PCL_REGISTRATION: /usr/lib/x86_64-linux-gnu/libpcl_registration.so  
[3.365s] -- Found PCL_KEYPOINTS: /usr/lib/x86_64-linux-gnu/libpcl_keypoints.so  
[3.366s] -- Found PCL_TRACKING: /usr/lib/x86_64-linux-gnu/libpcl_tracking.so  
[3.367s] -- Found PCL_RECOGNITION: /usr/lib/x86_64-linux-gnu/libpcl_recognition.so  
[3.368s] -- Found PCL_STEREO: /usr/lib/x86_64-linux-gnu/libpcl_stereo.so  
[3.368s] -- Found PCL_APPS: /usr/lib/x86_64-linux-gnu/libpcl_apps.so  
[3.369s] -- Found PCL_IN_HAND_SCANNER: /usr/include/pcl-1.12  
[3.369s] -- Found PCL_MODELER: /usr/include/pcl-1.12  
[3.370s] -- Found PCL_POINT_CLOUD_EDITOR: /usr/include/pcl-1.12  
[3.371s] -- Found PCL_OUTOFCORE: /usr/lib/x86_64-linux-gnu/libpcl_outofcore.so  
[3.371s] -- Found PCL_PEOPLE: /usr/lib/x86_64-linux-gnu/libpcl_people.so  
[3.478s] -- Found Eigen3: TRUE (found version "3.4.0") 
[3.478s] -- Ensuring Eigen3 include directory is part of orocos-kdl CMake target
[3.482s] [33mCMake Warning (dev) at /usr/share/cmake-3.22/Modules/CMakeFindDependencyMacro.cmake:47 (find_package):
[3.483s]   Policy CMP0074 is not set: find_package uses <PackageName>_ROOT variables.
[3.483s]   Run "cmake --help-policy CMP0074" for policy details.  Use the cmake_policy
[3.483s]   command to set the policy and suppress this warning.
[3.483s] 
[3.483s]   CMake variable PCL_ROOT is set to:
[3.483s] 
[3.483s]     /usr
[3.484s] 
[3.484s]   For compatibility, CMake is ignoring the variable.
[3.484s] Call Stack (most recent call first):
[3.484s]   /opt/ros/humble/lib/x86_64-linux-gnu/rtabmap-0.21/RTABMapConfig.cmake:7 (find_dependency)
[3.484s]   /home/echedey/Desktop/TFG/TFGwebots_ws/install/rtabmap_conversions/share/rtabmap_conversions/cmake/ament_cmake_export_dependencies-extras.cmake:21 (find_package)
[3.484s]   /home/echedey/Desktop/TFG/TFGwebots_ws/install/rtabmap_conversions/share/rtabmap_conversions/cmake/rtabmap_conversionsConfig.cmake:41 (include)
[3.484s]   CMakeLists.txt:10 (find_package)
[3.484s] This warning is for project developers.  Use -Wno-dev to suppress it.
[3.484s] [0m
[3.516s] -- Found diagnostic_updater: 4.0.2 (/opt/ros/humble/share/diagnostic_updater/cmake)
[3.538s] -- RTABMAP_SYNC_MULTI_RGBD = OFF
[3.539s] -- RTABMAP_SYNC_USER_DATA  = OFF
[3.622s] -- Configuring done
[3.819s] -- Generating done
[3.872s] -- Build files have been written to: /home/echedey/Desktop/TFG/TFGwebots_ws/build/rtabmap_sync
[3.897s] Invoked command in '/home/echedey/Desktop/TFG/TFGwebots_ws/build/rtabmap_sync' returned '0': AMENT_PREFIX_PATH=/home/echedey/Desktop/TFG/TFGwebots_ws/install/rtabmap_conversions:/home/echedey/Desktop/TFG/TFGwebots_ws/install/rtabmap_msgs:${AMENT_PREFIX_PATH} CMAKE_PREFIX_PATH=/home/echedey/Desktop/TFG/TFGwebots_ws/install/rtabmap_conversions:/home/echedey/Desktop/TFG/TFGwebots_ws/install/rtabmap_msgs:/home/echedey/Desktop/TFG/TFG_ws/install/turtlebot4_simulator:/home/echedey/Desktop/TFG/TFG_ws/install/turtlebot4_gz_bringup:/home/echedey/Desktop/TFG/TFG_ws/install/turtlebot4_gz_toolbox:/home/echedey/Desktop/TFG/TFG_ws/install/turtlebot4_description:/home/echedey/Desktop/TFG/TFG_ws/install/room3:/opt/ros/humble LD_LIBRARY_PATH=/home/echedey/Desktop/TFG/TFGwebots_ws/install/rtabmap_conversions/lib:/home/echedey/Desktop/TFG/TFGwebots_ws/install/rtabmap_msgs/lib:${LD_LIBRARY_PATH} PYTHONPATH=/home/echedey/Desktop/TFG/TFGwebots_ws/install/rtabmap_msgs/local/lib/python3.10/dist-packages:${PYTHONPATH} /usr/bin/cmake /home/echedey/Desktop/TFG/TFGwebots_ws/src/rtabmap_ros/rtabmap_sync -DAMENT_CMAKE_SYMLINK_INSTALL=1 -DCMAKE_INSTALL_PREFIX=/home/echedey/Desktop/TFG/TFGwebots_ws/install/rtabmap_sync
[3.899s] Invoking command in '/home/echedey/Desktop/TFG/TFGwebots_ws/build/rtabmap_sync': AMENT_PREFIX_PATH=/home/echedey/Desktop/TFG/TFGwebots_ws/install/rtabmap_conversions:/home/echedey/Desktop/TFG/TFGwebots_ws/install/rtabmap_msgs:${AMENT_PREFIX_PATH} CMAKE_PREFIX_PATH=/home/echedey/Desktop/TFG/TFGwebots_ws/install/rtabmap_conversions:/home/echedey/Desktop/TFG/TFGwebots_ws/install/rtabmap_msgs:/home/echedey/Desktop/TFG/TFG_ws/install/turtlebot4_simulator:/home/echedey/Desktop/TFG/TFG_ws/install/turtlebot4_gz_bringup:/home/echedey/Desktop/TFG/TFG_ws/install/turtlebot4_gz_toolbox:/home/echedey/Desktop/TFG/TFG_ws/install/turtlebot4_description:/home/echedey/Desktop/TFG/TFG_ws/install/room3:/opt/ros/humble LD_LIBRARY_PATH=/home/echedey/Desktop/TFG/TFGwebots_ws/install/rtabmap_conversions/lib:/home/echedey/Desktop/TFG/TFGwebots_ws/install/rtabmap_msgs/lib:${LD_LIBRARY_PATH} PYTHONPATH=/home/echedey/Desktop/TFG/TFGwebots_ws/install/rtabmap_msgs/local/lib/python3.10/dist-packages:${PYTHONPATH} /usr/bin/cmake --build /home/echedey/Desktop/TFG/TFGwebots_ws/build/rtabmap_sync -- -j16 -l16
[3.964s] [ 21%] [32mBuilding CXX object CMakeFiles/rtabmap_sync.dir/src/impl/CommonDataSubscriberStereo.cpp.o[0m
[3.965s] [ 21%] [32mBuilding CXX object CMakeFiles/rtabmap_sync.dir/src/impl/CommonDataSubscriberDepth.cpp.o[0m
[3.965s] [ 21%] [32mBuilding CXX object CMakeFiles/rtabmap_sync.dir/src/impl/CommonDataSubscriberRGBDX.cpp.o[0m
[3.965s] [ 21%] [32mBuilding CXX object CMakeFiles/rtabmap_sync.dir/src/CommonDataSubscriber.cpp.o[0m
[3.966s] [ 21%] [32mBuilding CXX object CMakeFiles/rtabmap_sync_plugins.dir/src/nodelets/rgbdx_sync.cpp.o[0m
[3.966s] [ 43%] [32mBuilding CXX object CMakeFiles/rtabmap_sync_plugins.dir/src/nodelets/rgb_sync.cpp.o[0m
[3.966s] [ 43%] [32mBuilding CXX object CMakeFiles/rtabmap_sync_plugins.dir/src/nodelets/stereo_sync.cpp.o[0m
[3.966s] [ 43%] [32mBuilding CXX object CMakeFiles/rtabmap_sync.dir/src/impl/CommonDataSubscriberRGBD.cpp.o[0m
[3.966s] [ 43%] [32mBuilding CXX object CMakeFiles/rtabmap_sync.dir/src/impl/CommonDataSubscriberRGB.cpp.o[0m
[3.966s] [ 43%] [32mBuilding CXX object CMakeFiles/rtabmap_sync.dir/src/impl/CommonDataSubscriberScan.cpp.o[0m
[3.966s] [ 47%] [32mBuilding CXX object CMakeFiles/rtabmap_sync.dir/src/impl/CommonDataSubscriberOdom.cpp.o[0m
[3.966s] [ 52%] [32mBuilding CXX object CMakeFiles/rtabmap_sync_plugins.dir/src/nodelets/rgbd_sync.cpp.o[0m
[3.968s] [ 56%] [32mBuilding CXX object CMakeFiles/rtabmap_sync.dir/src/impl/CommonDataSubscriberSensorData.cpp.o[0m
