[0.027s] Invoking command in '/home/echedey/Desktop/TFG/TFG_ws/build/turtlebot4_description': CMAKE_PREFIX_PATH=${CMAKE_PREFIX_PATH}:/opt/ros/humble /usr/bin/cmake /home/echedey/Desktop/TFG/TFG_ws/src/turtlebot4_description -DCMAKE_INSTALL_PREFIX=/home/echedey/Desktop/TFG/TFG_ws/install/turtlebot4_description
[0.169s] -- The C compiler identification is GNU 11.4.0
[0.281s] -- The CXX compiler identification is GNU 11.4.0
[0.295s] -- Detecting C compiler ABI info
[0.401s] -- Detecting C compiler ABI info - done
[0.416s] -- Check for working C compiler: /usr/bin/cc - skipped
[0.417s] -- Detecting C compile features
[0.417s] -- Detecting C compile features - done
[0.423s] -- Detecting CXX compiler ABI info
[0.553s] -- Detecting CXX compiler ABI info - done
[0.563s] -- Check for working CXX compiler: /usr/bin/c++ - skipped
[0.563s] -- Detecting CXX compile features
[0.564s] -- Detecting CXX compile features - done
[0.568s] -- Found ament_cmake: 1.3.11 (/opt/ros/humble/share/ament_cmake/cmake)
[0.766s] -- Found Python3: /usr/bin/python3 (found version "3.10.12") found components: Interpreter 
[0.896s] -- Found urdf: 2.6.1 (/opt/ros/humble/share/urdf/cmake)
[0.983s] -- Found irobot_create_description: 2.1.0 (/opt/ros/humble/share/irobot_create_description/cmake)
[0.986s] -- Found ament_lint_auto: 0.12.12 (/opt/ros/humble/share/ament_lint_auto/cmake)
[1.099s] -- Added test 'copyright' to check source files copyright and LICENSE
[1.105s] -- Added test 'flake8' to check Python code syntax and style conventions
[1.107s] -- Added test 'lint_cmake' to check CMake code style
[1.108s] -- Added test 'pep257' to check Python code against some of the docstring style conventions in PEP 257
[1.113s] -- Added test 'xmllint' to check XML markup files
[1.114s] -- Configuring done
[1.119s] -- Generating done
[1.122s] -- Build files have been written to: /home/echedey/Desktop/TFG/TFG_ws/build/turtlebot4_description
[1.130s] Invoked command in '/home/echedey/Desktop/TFG/TFG_ws/build/turtlebot4_description' returned '0': CMAKE_PREFIX_PATH=${CMAKE_PREFIX_PATH}:/opt/ros/humble /usr/bin/cmake /home/echedey/Desktop/TFG/TFG_ws/src/turtlebot4_description -DCMAKE_INSTALL_PREFIX=/home/echedey/Desktop/TFG/TFG_ws/install/turtlebot4_description
[1.132s] Invoking command in '/home/echedey/Desktop/TFG/TFG_ws/build/turtlebot4_description': CMAKE_PREFIX_PATH=${CMAKE_PREFIX_PATH}:/opt/ros/humble /usr/bin/cmake --build /home/echedey/Desktop/TFG/TFG_ws/build/turtlebot4_description -- -j16 -l16
[1.191s] Invoked command in '/home/echedey/Desktop/TFG/TFG_ws/build/turtlebot4_description' returned '0': CMAKE_PREFIX_PATH=${CMAKE_PREFIX_PATH}:/opt/ros/humble /usr/bin/cmake --build /home/echedey/Desktop/TFG/TFG_ws/build/turtlebot4_description -- -j16 -l16
[1.193s] Invoking command in '/home/echedey/Desktop/TFG/TFG_ws/build/turtlebot4_description': CMAKE_PREFIX_PATH=${CMAKE_PREFIX_PATH}:/opt/ros/humble /usr/bin/cmake --install /home/echedey/Desktop/TFG/TFG_ws/build/turtlebot4_description
[1.203s] -- Install configuration: ""
[1.203s] -- Installing: /home/echedey/Desktop/TFG/TFG_ws/install/turtlebot4_description/share/turtlebot4_description/launch
[1.204s] -- Installing: /home/echedey/Desktop/TFG/TFG_ws/install/turtlebot4_description/share/turtlebot4_description/launch/robot_description.launch.py
[1.204s] -- Installing: /home/echedey/Desktop/TFG/TFG_ws/install/turtlebot4_description/share/turtlebot4_description/meshes
[1.204s] -- Installing: /home/echedey/Desktop/TFG/TFG_ws/install/turtlebot4_description/share/turtlebot4_description/meshes/tower.dae
[1.206s] -- Installing: /home/echedey/Desktop/TFG/TFG_ws/install/turtlebot4_description/share/turtlebot4_description/meshes/shell_collision.dae
[1.215s] -- Installing: /home/echedey/Desktop/TFG/TFG_ws/install/turtlebot4_description/share/turtlebot4_description/meshes/weight_block.dae
[1.216s] -- Installing: /home/echedey/Desktop/TFG/TFG_ws/install/turtlebot4_description/share/turtlebot4_description/meshes/tower_sensor_plate.dae
[1.216s] -- Installing: /home/echedey/Desktop/TFG/TFG_ws/install/turtlebot4_description/share/turtlebot4_description/meshes/rplidar.dae
[1.217s] -- Installing: /home/echedey/Desktop/TFG/TFG_ws/install/turtlebot4_description/share/turtlebot4_description/meshes/oakd_lite.dae
[1.232s] -- Installing: /home/echedey/Desktop/TFG/TFG_ws/install/turtlebot4_description/share/turtlebot4_description/meshes/oakd_pro.dae
[1.260s] -- Installing: /home/echedey/Desktop/TFG/TFG_ws/install/turtlebot4_description/share/turtlebot4_description/meshes/camera_bracket.dae
[1.260s] -- Installing: /home/echedey/Desktop/TFG/TFG_ws/install/turtlebot4_description/share/turtlebot4_description/meshes/tower_standoff.dae
[1.262s] -- Installing: /home/echedey/Desktop/TFG/TFG_ws/install/turtlebot4_description/share/turtlebot4_description/meshes/shell.dae
[1.278s] -- Installing: /home/echedey/Desktop/TFG/TFG_ws/install/turtlebot4_description/share/turtlebot4_description/urdf
[1.278s] -- Installing: /home/echedey/Desktop/TFG/TFG_ws/install/turtlebot4_description/share/turtlebot4_description/urdf/standard
[1.278s] -- Installing: /home/echedey/Desktop/TFG/TFG_ws/install/turtlebot4_description/share/turtlebot4_description/urdf/standard/turtlebot4.urdf.xacro
[1.279s] -- Installing: /home/echedey/Desktop/TFG/TFG_ws/install/turtlebot4_description/share/turtlebot4_description/urdf/standard/tower_standoff.urdf.xacro
[1.279s] -- Installing: /home/echedey/Desktop/TFG/TFG_ws/install/turtlebot4_description/share/turtlebot4_description/urdf/standard/weight_block.urdf.xacro
[1.279s] -- Installing: /home/echedey/Desktop/TFG/TFG_ws/install/turtlebot4_description/share/turtlebot4_description/urdf/standard/tower_sensor_plate.urdf.xacro
[1.280s] -- Installing: /home/echedey/Desktop/TFG/TFG_ws/install/turtlebot4_description/share/turtlebot4_description/urdf/sensors
[1.280s] -- Installing: /home/echedey/Desktop/TFG/TFG_ws/install/turtlebot4_description/share/turtlebot4_description/urdf/sensors/camera_bracket.urdf.xacro
[1.280s] -- Installing: /home/echedey/Desktop/TFG/TFG_ws/install/turtlebot4_description/share/turtlebot4_description/urdf/sensors/rplidar.urdf.xacro
[1.281s] -- Installing: /home/echedey/Desktop/TFG/TFG_ws/install/turtlebot4_description/share/turtlebot4_description/urdf/sensors/oakd.urdf.xacro
[1.282s] -- Installing: /home/echedey/Desktop/TFG/TFG_ws/install/turtlebot4_description/share/turtlebot4_description/urdf/lite
[1.282s] -- Installing: /home/echedey/Desktop/TFG/TFG_ws/install/turtlebot4_description/share/turtlebot4_description/urdf/lite/turtlebot4.urdf.xacro
[1.283s] -- Installing: /home/echedey/Desktop/TFG/TFG_ws/install/turtlebot4_description/share/ament_index/resource_index/package_run_dependencies/turtlebot4_description
[1.283s] -- Installing: /home/echedey/Desktop/TFG/TFG_ws/install/turtlebot4_description/share/ament_index/resource_index/parent_prefix_path/turtlebot4_description
[1.283s] -- Installing: /home/echedey/Desktop/TFG/TFG_ws/install/turtlebot4_description/share/turtlebot4_description/environment/ament_prefix_path.sh
[1.283s] -- Installing: /home/echedey/Desktop/TFG/TFG_ws/install/turtlebot4_description/share/turtlebot4_description/environment/ament_prefix_path.dsv
[1.284s] -- Installing: /home/echedey/Desktop/TFG/TFG_ws/install/turtlebot4_description/share/turtlebot4_description/environment/path.sh
[1.284s] -- Installing: /home/echedey/Desktop/TFG/TFG_ws/install/turtlebot4_description/share/turtlebot4_description/environment/path.dsv
[1.284s] -- Installing: /home/echedey/Desktop/TFG/TFG_ws/install/turtlebot4_description/share/turtlebot4_description/local_setup.bash
[1.284s] -- Installing: /home/echedey/Desktop/TFG/TFG_ws/install/turtlebot4_description/share/turtlebot4_description/local_setup.sh
[1.285s] -- Installing: /home/echedey/Desktop/TFG/TFG_ws/install/turtlebot4_description/share/turtlebot4_description/local_setup.zsh
[1.285s] -- Installing: /home/echedey/Desktop/TFG/TFG_ws/install/turtlebot4_description/share/turtlebot4_description/local_setup.dsv
[1.285s] -- Installing: /home/echedey/Desktop/TFG/TFG_ws/install/turtlebot4_description/share/turtlebot4_description/package.dsv
[1.285s] -- Installing: /home/echedey/Desktop/TFG/TFG_ws/install/turtlebot4_description/share/ament_index/resource_index/packages/turtlebot4_description
[1.286s] -- Installing: /home/echedey/Desktop/TFG/TFG_ws/install/turtlebot4_description/share/turtlebot4_description/cmake/turtlebot4_descriptionConfig.cmake
[1.286s] -- Installing: /home/echedey/Desktop/TFG/TFG_ws/install/turtlebot4_description/share/turtlebot4_description/cmake/turtlebot4_descriptionConfig-version.cmake
[1.286s] -- Installing: /home/echedey/Desktop/TFG/TFG_ws/install/turtlebot4_description/share/turtlebot4_description/package.xml
[1.290s] Invoked command in '/home/echedey/Desktop/TFG/TFG_ws/build/turtlebot4_description' returned '0': CMAKE_PREFIX_PATH=${CMAKE_PREFIX_PATH}:/opt/ros/humble /usr/bin/cmake --install /home/echedey/Desktop/TFG/TFG_ws/build/turtlebot4_description
