[0.876s] Invoking command in '/home/echedey/Desktop/TFG/TFGwebots_ws/build/rtabmap_python': PYTHONPATH=/home/echedey/Desktop/TFG/TFGwebots_ws/build/rtabmap_python/prefix_override:/usr/lib/python3/dist-packages/colcon_core/task/python/colcon_distutils_commands:/home/echedey/Desktop/TFG/TFGwebots_ws/install/rtabmap_python/lib/python3.10/site-packages:${PYTHONPATH} /usr/bin/python3 -W ignore:setup.py install is deprecated -W ignore:easy_install command is deprecated setup.py develop --uninstall --editable --build-directory /home/echedey/Desktop/TFG/TFGwebots_ws/build/rtabmap_python/build
[1.094s] running develop
[1.242s] Removing /home/echedey/Desktop/TFG/TFGwebots_ws/install/rtabmap_python/lib/python3.10/site-packages/rtabmap-python.egg-link (link to .)
[1.288s] Invoked command in '/home/echedey/Desktop/TFG/TFGwebots_ws/build/rtabmap_python' returned '0': PYTHONPATH=/home/echedey/Desktop/TFG/TFGwebots_ws/build/rtabmap_python/prefix_override:/usr/lib/python3/dist-packages/colcon_core/task/python/colcon_distutils_commands:/home/echedey/Desktop/TFG/TFGwebots_ws/install/rtabmap_python/lib/python3.10/site-packages:${PYTHONPATH} /usr/bin/python3 -W ignore:setup.py install is deprecated -W ignore:easy_install command is deprecated setup.py develop --uninstall --editable --build-directory /home/echedey/Desktop/TFG/TFGwebots_ws/build/rtabmap_python/build
[1.289s] Invoking command in '/home/echedey/Desktop/TFG/TFGwebots_ws/src/rtabmap_ros/rtabmap_python': PYTHONPATH=/home/echedey/Desktop/TFG/TFGwebots_ws/build/rtabmap_python/prefix_override:/usr/lib/python3/dist-packages/colcon_core/task/python/colcon_distutils_commands:/home/echedey/Desktop/TFG/TFGwebots_ws/install/rtabmap_python/lib/python3.10/site-packages:${PYTHONPATH} /usr/bin/python3 -W ignore:setup.py install is deprecated -W ignore:easy_install command is deprecated setup.py egg_info --egg-base ../../../build/rtabmap_python build --build-base /home/echedey/Desktop/TFG/TFGwebots_ws/build/rtabmap_python/build install --record /home/echedey/Desktop/TFG/TFGwebots_ws/build/rtabmap_python/install.log --single-version-externally-managed install_data --force
[1.492s] running egg_info
[1.494s] writing ../../../build/rtabmap_python/rtabmap_python.egg-info/PKG-INFO
[1.494s] writing dependency_links to ../../../build/rtabmap_python/rtabmap_python.egg-info/dependency_links.txt
[1.494s] writing entry points to ../../../build/rtabmap_python/rtabmap_python.egg-info/entry_points.txt
[1.494s] writing requirements to ../../../build/rtabmap_python/rtabmap_python.egg-info/requires.txt
[1.494s] writing top-level names to ../../../build/rtabmap_python/rtabmap_python.egg-info/top_level.txt
[1.496s] reading manifest file '../../../build/rtabmap_python/rtabmap_python.egg-info/SOURCES.txt'
[1.497s] writing manifest file '../../../build/rtabmap_python/rtabmap_python.egg-info/SOURCES.txt'
[1.497s] running build
[1.497s] running build_py
[1.497s] creating /home/echedey/Desktop/TFG/TFGwebots_ws/build/rtabmap_python/build
[1.497s] creating /home/echedey/Desktop/TFG/TFGwebots_ws/build/rtabmap_python/build/lib
[1.497s] creating /home/echedey/Desktop/TFG/TFGwebots_ws/build/rtabmap_python/build/lib/rtabmap_python
[1.497s] copying rtabmap_python/__init__.py -> /home/echedey/Desktop/TFG/TFGwebots_ws/build/rtabmap_python/build/lib/rtabmap_python
[1.498s] copying rtabmap_python/compression.py -> /home/echedey/Desktop/TFG/TFGwebots_ws/build/rtabmap_python/build/lib/rtabmap_python
[1.498s] running install
[1.498s] running install_lib
[1.499s] creating /home/echedey/Desktop/TFG/TFGwebots_ws/install/rtabmap_python/lib/python3.10/site-packages/rtabmap_python
[1.499s] copying /home/echedey/Desktop/TFG/TFGwebots_ws/build/rtabmap_python/build/lib/rtabmap_python/__init__.py -> /home/echedey/Desktop/TFG/TFGwebots_ws/install/rtabmap_python/lib/python3.10/site-packages/rtabmap_python
[1.499s] copying /home/echedey/Desktop/TFG/TFGwebots_ws/build/rtabmap_python/build/lib/rtabmap_python/compression.py -> /home/echedey/Desktop/TFG/TFGwebots_ws/install/rtabmap_python/lib/python3.10/site-packages/rtabmap_python
[1.500s] byte-compiling /home/echedey/Desktop/TFG/TFGwebots_ws/install/rtabmap_python/lib/python3.10/site-packages/rtabmap_python/__init__.py to __init__.cpython-310.pyc
[1.500s] byte-compiling /home/echedey/Desktop/TFG/TFGwebots_ws/install/rtabmap_python/lib/python3.10/site-packages/rtabmap_python/compression.py to compression.cpython-310.pyc
[1.500s] running install_data
[1.500s] copying resource/rtabmap_python -> /home/echedey/Desktop/TFG/TFGwebots_ws/install/rtabmap_python/share/ament_index/resource_index/packages
[1.500s] copying package.xml -> /home/echedey/Desktop/TFG/TFGwebots_ws/install/rtabmap_python/share/rtabmap_python
[1.500s] running install_egg_info
[1.502s] Copying ../../../build/rtabmap_python/rtabmap_python.egg-info to /home/echedey/Desktop/TFG/TFGwebots_ws/install/rtabmap_python/lib/python3.10/site-packages/rtabmap_python-0.1.0-py3.10.egg-info
[1.504s] running install_scripts
[1.521s] writing list of installed files to '/home/echedey/Desktop/TFG/TFGwebots_ws/build/rtabmap_python/install.log'
[1.556s] Invoked command in '/home/echedey/Desktop/TFG/TFGwebots_ws/src/rtabmap_ros/rtabmap_python' returned '0': PYTHONPATH=/home/echedey/Desktop/TFG/TFGwebots_ws/build/rtabmap_python/prefix_override:/usr/lib/python3/dist-packages/colcon_core/task/python/colcon_distutils_commands:/home/echedey/Desktop/TFG/TFGwebots_ws/install/rtabmap_python/lib/python3.10/site-packages:${PYTHONPATH} /usr/bin/python3 -W ignore:setup.py install is deprecated -W ignore:easy_install command is deprecated setup.py egg_info --egg-base ../../../build/rtabmap_python build --build-base /home/echedey/Desktop/TFG/TFGwebots_ws/build/rtabmap_python/build install --record /home/echedey/Desktop/TFG/TFGwebots_ws/build/rtabmap_python/install.log --single-version-externally-managed install_data --force
