[0.020s] Invoking command in '/home/echedey/Desktop/TFG/TFGwebots_ws/build/depthai_examples': CMAKE_PREFIX_PATH=/home/echedey/Desktop/TFG/TFGwebots_ws/install/depthai_bridge:/home/echedey/Desktop/TFG/TFGwebots_ws/install/depthai_ros_msgs:/home/echedey/Desktop/TFG/TFGwebots_ws/install/depthai_descriptions:/home/echedey/Desktop/TFG/TFGwebots_ws/install/depthai-ros:/home/echedey/Desktop/TFG/TFGwebots_ws/install/depthai_ros_driver:/home/echedey/Desktop/TFG/TFGwebots_ws/install/depthai_filters:/home/echedey/Desktop/TFG/TFGwebots_ws/install/depthai_examples:/home/echedey/Desktop/TFG/TFGwebots_ws/install/tb4_sim:/home/echedey/Desktop/TFG/TFGwebots_ws/install/formas:/opt/ros/humble GAZEBO_MODEL_PATH=/home/echedey/Desktop/TFG/TFGwebots_ws/install/depthai_descriptions:${GAZEBO_MODEL_PATH} GAZEBO_RESOURCE_PATH=/home/echedey/Desktop/TFG/TFGwebots_ws/install/depthai_descriptions:${GAZEBO_RESOURCE_PATH} IGN_GAZEBO_MODEL_PATH=/home/echedey/Desktop/TFG/TFGwebots_ws/install/depthai_descriptions:${IGN_GAZEBO_MODEL_PATH} IGN_GAZEBO_RESOURCE_PATH=/home/echedey/Desktop/TFG/TFGwebots_ws/install/depthai_descriptions:${IGN_GAZEBO_RESOURCE_PATH} LD_LIBRARY_PATH=/home/echedey/Desktop/TFG/TFGwebots_ws/install/depthai_bridge/lib:/home/echedey/Desktop/TFG/TFGwebots_ws/install/depthai_ros_msgs/lib:/home/echedey/Desktop/TFG/TFGwebots_ws/install/depthai_ros_driver/lib:/home/echedey/Desktop/TFG/TFGwebots_ws/install/depthai_filters/lib:/usr/lib/x86_64-linux-gnu/gazebo-11/plugins:/opt/ros/humble/opt/rviz_ogre_vendor/lib:/opt/ros/humble/lib/x86_64-linux-gnu:/opt/ros/humble/lib /usr/bin/cmake --build /home/echedey/Desktop/TFG/TFGwebots_ws/build/depthai_examples -- -j16 -l16
[0.127s] [ 20%] Built target crop_control_service
[0.128s] [ 20%] Built target rgb_stereo_node
[0.131s] [ 30%] Built target mobilenet_node
[0.132s] [ 40%] Built target yolov4_node
[0.133s] [ 70%] Built target stereo_inertial_node
[0.133s] [ 70%] Built target feature_tracker
[0.133s] [ 70%] Built target tracker_yolov4_node
[0.133s] [ 80%] Built target stereo_node
[0.139s] [ 90%] Built target yolov4_spatial_node
[0.141s] [100%] Built target tracker_yolov4_spatial_node
[0.159s] Invoked command in '/home/echedey/Desktop/TFG/TFGwebots_ws/build/depthai_examples' returned '0': CMAKE_PREFIX_PATH=/home/echedey/Desktop/TFG/TFGwebots_ws/install/depthai_bridge:/home/echedey/Desktop/TFG/TFGwebots_ws/install/depthai_ros_msgs:/home/echedey/Desktop/TFG/TFGwebots_ws/install/depthai_descriptions:/home/echedey/Desktop/TFG/TFGwebots_ws/install/depthai-ros:/home/echedey/Desktop/TFG/TFGwebots_ws/install/depthai_ros_driver:/home/echedey/Desktop/TFG/TFGwebots_ws/install/depthai_filters:/home/echedey/Desktop/TFG/TFGwebots_ws/install/depthai_examples:/home/echedey/Desktop/TFG/TFGwebots_ws/install/tb4_sim:/home/echedey/Desktop/TFG/TFGwebots_ws/install/formas:/opt/ros/humble GAZEBO_MODEL_PATH=/home/echedey/Desktop/TFG/TFGwebots_ws/install/depthai_descriptions:${GAZEBO_MODEL_PATH} GAZEBO_RESOURCE_PATH=/home/echedey/Desktop/TFG/TFGwebots_ws/install/depthai_descriptions:${GAZEBO_RESOURCE_PATH} IGN_GAZEBO_MODEL_PATH=/home/echedey/Desktop/TFG/TFGwebots_ws/install/depthai_descriptions:${IGN_GAZEBO_MODEL_PATH} IGN_GAZEBO_RESOURCE_PATH=/home/echedey/Desktop/TFG/TFGwebots_ws/install/depthai_descriptions:${IGN_GAZEBO_RESOURCE_PATH} LD_LIBRARY_PATH=/home/echedey/Desktop/TFG/TFGwebots_ws/install/depthai_bridge/lib:/home/echedey/Desktop/TFG/TFGwebots_ws/install/depthai_ros_msgs/lib:/home/echedey/Desktop/TFG/TFGwebots_ws/install/depthai_ros_driver/lib:/home/echedey/Desktop/TFG/TFGwebots_ws/install/depthai_filters/lib:/usr/lib/x86_64-linux-gnu/gazebo-11/plugins:/opt/ros/humble/opt/rviz_ogre_vendor/lib:/opt/ros/humble/lib/x86_64-linux-gnu:/opt/ros/humble/lib /usr/bin/cmake --build /home/echedey/Desktop/TFG/TFGwebots_ws/build/depthai_examples -- -j16 -l16
[0.161s] Invoking command in '/home/echedey/Desktop/TFG/TFGwebots_ws/build/depthai_examples': CMAKE_PREFIX_PATH=/home/echedey/Desktop/TFG/TFGwebots_ws/install/depthai_bridge:/home/echedey/Desktop/TFG/TFGwebots_ws/install/depthai_ros_msgs:/home/echedey/Desktop/TFG/TFGwebots_ws/install/depthai_descriptions:/home/echedey/Desktop/TFG/TFGwebots_ws/install/depthai-ros:/home/echedey/Desktop/TFG/TFGwebots_ws/install/depthai_ros_driver:/home/echedey/Desktop/TFG/TFGwebots_ws/install/depthai_filters:/home/echedey/Desktop/TFG/TFGwebots_ws/install/depthai_examples:/home/echedey/Desktop/TFG/TFGwebots_ws/install/tb4_sim:/home/echedey/Desktop/TFG/TFGwebots_ws/install/formas:/opt/ros/humble GAZEBO_MODEL_PATH=/home/echedey/Desktop/TFG/TFGwebots_ws/install/depthai_descriptions:${GAZEBO_MODEL_PATH} GAZEBO_RESOURCE_PATH=/home/echedey/Desktop/TFG/TFGwebots_ws/install/depthai_descriptions:${GAZEBO_RESOURCE_PATH} IGN_GAZEBO_MODEL_PATH=/home/echedey/Desktop/TFG/TFGwebots_ws/install/depthai_descriptions:${IGN_GAZEBO_MODEL_PATH} IGN_GAZEBO_RESOURCE_PATH=/home/echedey/Desktop/TFG/TFGwebots_ws/install/depthai_descriptions:${IGN_GAZEBO_RESOURCE_PATH} LD_LIBRARY_PATH=/home/echedey/Desktop/TFG/TFGwebots_ws/install/depthai_bridge/lib:/home/echedey/Desktop/TFG/TFGwebots_ws/install/depthai_ros_msgs/lib:/home/echedey/Desktop/TFG/TFGwebots_ws/install/depthai_ros_driver/lib:/home/echedey/Desktop/TFG/TFGwebots_ws/install/depthai_filters/lib:/usr/lib/x86_64-linux-gnu/gazebo-11/plugins:/opt/ros/humble/opt/rviz_ogre_vendor/lib:/opt/ros/humble/lib/x86_64-linux-gnu:/opt/ros/humble/lib /usr/bin/cmake --install /home/echedey/Desktop/TFG/TFGwebots_ws/build/depthai_examples
[0.173s] -- Install configuration: ""
[0.174s] -- Execute custom install script
[0.174s] -- Up-to-date symlink: /home/echedey/Desktop/TFG/TFGwebots_ws/install/depthai_examples/share/depthai_examples/params/camera/color.yaml
[0.174s] -- Up-to-date symlink: /home/echedey/Desktop/TFG/TFGwebots_ws/install/depthai_examples/share/depthai_examples/params/camera/left.yaml
[0.175s] -- Up-to-date symlink: /home/echedey/Desktop/TFG/TFGwebots_ws/install/depthai_examples/share/depthai_examples/params/camera/right.yaml
[0.175s] -- Up-to-date symlink: /home/echedey/Desktop/TFG/TFGwebots_ws/install/depthai_examples/share/depthai_examples/rviz/pointCloud.rviz
[0.175s] -- Up-to-date symlink: /home/echedey/Desktop/TFG/TFGwebots_ws/install/depthai_examples/share/depthai_examples/rviz/rgb_camera.rviz
[0.175s] -- Up-to-date symlink: /home/echedey/Desktop/TFG/TFGwebots_ws/install/depthai_examples/share/depthai_examples/rviz/stereoInertial.rviz
[0.175s] -- Up-to-date symlink: /home/echedey/Desktop/TFG/TFGwebots_ws/install/depthai_examples/share/depthai_examples/rviz/stereoInertialDepthAlign.rviz
[0.175s] -- Up-to-date symlink: /home/echedey/Desktop/TFG/TFGwebots_ws/install/depthai_examples/share/depthai_examples/rviz/stereoInertialDepthAlignROS2.rviz
[0.175s] -- Up-to-date symlink: /home/echedey/Desktop/TFG/TFGwebots_ws/install/depthai_examples/share/depthai_examples/rviz/stereoInertialROS1.rviz
[0.175s] -- Up-to-date symlink: /home/echedey/Desktop/TFG/TFGwebots_ws/install/depthai_examples/share/depthai_examples/rviz/stereoPointCloud.rviz
[0.176s] -- Up-to-date symlink: /home/echedey/Desktop/TFG/TFGwebots_ws/install/depthai_examples/share/depthai_examples/rviz/stereoPointCloud_v1.rviz
[0.176s] -- Up-to-date symlink: /home/echedey/Desktop/TFG/TFGwebots_ws/install/depthai_examples/share/depthai_examples/rviz/stereo_config.rviz
[0.176s] -- Up-to-date symlink: /home/echedey/Desktop/TFG/TFGwebots_ws/install/depthai_examples/share/depthai_examples/rviz/stereo_nodelet.rviz
[0.176s] -- Up-to-date symlink: /home/echedey/Desktop/TFG/TFGwebots_ws/install/depthai_examples/share/depthai_examples/resources/deeplab_v3_plus_mnv2_decoder_256_openvino_2021.4.blob
[0.176s] -- Up-to-date symlink: /home/echedey/Desktop/TFG/TFGwebots_ws/install/depthai_examples/share/depthai_examples/resources/mobilenet-ssd_openvino_2021.2_6shave.blob
[0.176s] -- Up-to-date symlink: /home/echedey/Desktop/TFG/TFGwebots_ws/install/depthai_examples/share/depthai_examples/resources/yolov4_tiny_coco_416x416_openvino_2021.4_6shave_bgr.blob
[0.176s] -- Up-to-date symlink: /home/echedey/Desktop/TFG/TFGwebots_ws/install/depthai_examples/lib/depthai_examples/crop_control_service
[0.176s] -- Up-to-date symlink: /home/echedey/Desktop/TFG/TFGwebots_ws/install/depthai_examples/lib/depthai_examples/mobilenet_node
[0.177s] -- Up-to-date symlink: /home/echedey/Desktop/TFG/TFGwebots_ws/install/depthai_examples/lib/depthai_examples/rgb_stereo_node
[0.177s] -- Up-to-date symlink: /home/echedey/Desktop/TFG/TFGwebots_ws/install/depthai_examples/lib/depthai_examples/stereo_inertial_node
[0.177s] -- Up-to-date symlink: /home/echedey/Desktop/TFG/TFGwebots_ws/install/depthai_examples/lib/depthai_examples/stereo_node
[0.177s] -- Up-to-date symlink: /home/echedey/Desktop/TFG/TFGwebots_ws/install/depthai_examples/lib/depthai_examples/yolov4_spatial_node
[0.177s] -- Up-to-date symlink: /home/echedey/Desktop/TFG/TFGwebots_ws/install/depthai_examples/lib/depthai_examples/yolov4_node
[0.177s] -- Up-to-date symlink: /home/echedey/Desktop/TFG/TFGwebots_ws/install/depthai_examples/lib/depthai_examples/feature_tracker
[0.177s] -- Up-to-date symlink: /home/echedey/Desktop/TFG/TFGwebots_ws/install/depthai_examples/lib/depthai_examples/tracker_yolov4_node
[0.178s] -- Up-to-date symlink: /home/echedey/Desktop/TFG/TFGwebots_ws/install/depthai_examples/lib/depthai_examples/tracker_yolov4_spatial_node
[0.178s] -- Up-to-date symlink: /home/echedey/Desktop/TFG/TFGwebots_ws/install/depthai_examples/share/ament_index/resource_index/package_run_dependencies/depthai_examples
[0.178s] -- Up-to-date symlink: /home/echedey/Desktop/TFG/TFGwebots_ws/install/depthai_examples/share/ament_index/resource_index/parent_prefix_path/depthai_examples
[0.178s] -- Up-to-date symlink: /home/echedey/Desktop/TFG/TFGwebots_ws/install/depthai_examples/share/depthai_examples/environment/ament_prefix_path.sh
[0.178s] -- Up-to-date symlink: /home/echedey/Desktop/TFG/TFGwebots_ws/install/depthai_examples/share/depthai_examples/environment/ament_prefix_path.dsv
[0.178s] -- Up-to-date symlink: /home/echedey/Desktop/TFG/TFGwebots_ws/install/depthai_examples/share/depthai_examples/environment/path.sh
[0.178s] -- Up-to-date symlink: /home/echedey/Desktop/TFG/TFGwebots_ws/install/depthai_examples/share/depthai_examples/environment/path.dsv
[0.179s] -- Up-to-date symlink: /home/echedey/Desktop/TFG/TFGwebots_ws/install/depthai_examples/share/depthai_examples/local_setup.bash
[0.179s] -- Up-to-date symlink: /home/echedey/Desktop/TFG/TFGwebots_ws/install/depthai_examples/share/depthai_examples/local_setup.sh
[0.179s] -- Up-to-date symlink: /home/echedey/Desktop/TFG/TFGwebots_ws/install/depthai_examples/share/depthai_examples/local_setup.zsh
[0.179s] -- Up-to-date symlink: /home/echedey/Desktop/TFG/TFGwebots_ws/install/depthai_examples/share/depthai_examples/local_setup.dsv
[0.179s] -- Symlinking: /home/echedey/Desktop/TFG/TFGwebots_ws/install/depthai_examples/share/depthai_examples/package.dsv
[0.192s] -- Up-to-date symlink: /home/echedey/Desktop/TFG/TFGwebots_ws/install/depthai_examples/share/ament_index/resource_index/packages/depthai_examples
[0.192s] -- Up-to-date symlink: /home/echedey/Desktop/TFG/TFGwebots_ws/install/depthai_examples/share/depthai_examples/cmake/depthai_examplesConfig.cmake
[0.192s] -- Up-to-date symlink: /home/echedey/Desktop/TFG/TFGwebots_ws/install/depthai_examples/share/depthai_examples/cmake/depthai_examplesConfig-version.cmake
[0.193s] -- Up-to-date symlink: /home/echedey/Desktop/TFG/TFGwebots_ws/install/depthai_examples/share/depthai_examples/package.xml
[0.193s] -- Up-to-date: /home/echedey/Desktop/TFG/TFGwebots_ws/install/depthai_examples/share/depthai_examples/launch
[0.193s] -- Up-to-date: /home/echedey/Desktop/TFG/TFGwebots_ws/install/depthai_examples/share/depthai_examples/launch/tracker_yolov4_node.launch.py
[0.193s] -- Up-to-date: /home/echedey/Desktop/TFG/TFGwebots_ws/install/depthai_examples/share/depthai_examples/launch/stereo_inertial_node.launch.py
[0.193s] -- Up-to-date: /home/echedey/Desktop/TFG/TFGwebots_ws/install/depthai_examples/share/depthai_examples/launch/stereo.launch.py
[0.193s] -- Up-to-date: /home/echedey/Desktop/TFG/TFGwebots_ws/install/depthai_examples/share/depthai_examples/launch/yolov4_publisher.launch.py
[0.193s] -- Up-to-date: /home/echedey/Desktop/TFG/TFGwebots_ws/install/depthai_examples/share/depthai_examples/launch/tracker_yolov4_spatial_node.launch.py
[0.193s] -- Up-to-date: /home/echedey/Desktop/TFG/TFGwebots_ws/install/depthai_examples/share/depthai_examples/launch/mobile_publisher.launch.py
[0.193s] -- Up-to-date: /home/echedey/Desktop/TFG/TFGwebots_ws/install/depthai_examples/share/depthai_examples/launch/rgb_stereo_node.launch.py
[0.197s] Invoked command in '/home/echedey/Desktop/TFG/TFGwebots_ws/build/depthai_examples' returned '0': CMAKE_PREFIX_PATH=/home/echedey/Desktop/TFG/TFGwebots_ws/install/depthai_bridge:/home/echedey/Desktop/TFG/TFGwebots_ws/install/depthai_ros_msgs:/home/echedey/Desktop/TFG/TFGwebots_ws/install/depthai_descriptions:/home/echedey/Desktop/TFG/TFGwebots_ws/install/depthai-ros:/home/echedey/Desktop/TFG/TFGwebots_ws/install/depthai_ros_driver:/home/echedey/Desktop/TFG/TFGwebots_ws/install/depthai_filters:/home/echedey/Desktop/TFG/TFGwebots_ws/install/depthai_examples:/home/echedey/Desktop/TFG/TFGwebots_ws/install/tb4_sim:/home/echedey/Desktop/TFG/TFGwebots_ws/install/formas:/opt/ros/humble GAZEBO_MODEL_PATH=/home/echedey/Desktop/TFG/TFGwebots_ws/install/depthai_descriptions:${GAZEBO_MODEL_PATH} GAZEBO_RESOURCE_PATH=/home/echedey/Desktop/TFG/TFGwebots_ws/install/depthai_descriptions:${GAZEBO_RESOURCE_PATH} IGN_GAZEBO_MODEL_PATH=/home/echedey/Desktop/TFG/TFGwebots_ws/install/depthai_descriptions:${IGN_GAZEBO_MODEL_PATH} IGN_GAZEBO_RESOURCE_PATH=/home/echedey/Desktop/TFG/TFGwebots_ws/install/depthai_descriptions:${IGN_GAZEBO_RESOURCE_PATH} LD_LIBRARY_PATH=/home/echedey/Desktop/TFG/TFGwebots_ws/install/depthai_bridge/lib:/home/echedey/Desktop/TFG/TFGwebots_ws/install/depthai_ros_msgs/lib:/home/echedey/Desktop/TFG/TFGwebots_ws/install/depthai_ros_driver/lib:/home/echedey/Desktop/TFG/TFGwebots_ws/install/depthai_filters/lib:/usr/lib/x86_64-linux-gnu/gazebo-11/plugins:/opt/ros/humble/opt/rviz_ogre_vendor/lib:/opt/ros/humble/lib/x86_64-linux-gnu:/opt/ros/humble/lib /usr/bin/cmake --install /home/echedey/Desktop/TFG/TFGwebots_ws/build/depthai_examples
