[0.022s] Invoking command in '/home/echedey/Desktop/TFG/TFGwebots_ws/build/depthai_ros_driver': CMAKE_PREFIX_PATH=/home/echedey/Desktop/TFG/TFGwebots_ws/install/depthai_examples:/home/echedey/Desktop/TFG/TFGwebots_ws/install/depthai_bridge:/home/echedey/Desktop/TFG/TFGwebots_ws/install/depthai_ros_msgs:/home/echedey/Desktop/TFG/TFGwebots_ws/install/depthai_descriptions:/home/echedey/Desktop/TFG/TFGwebots_ws/install/depthai-ros:/home/echedey/Desktop/TFG/TFGwebots_ws/install/depthai_ros_driver:/home/echedey/Desktop/TFG/TFGwebots_ws/install/depthai_filters:/home/echedey/Desktop/TFG/TFGwebots_ws/install/tb4_sim:/home/echedey/Desktop/TFG/TFGwebots_ws/install/formas:/opt/ros/humble GAZEBO_MODEL_PATH=/home/echedey/Desktop/TFG/TFGwebots_ws/install/depthai_descriptions:${GAZEBO_MODEL_PATH} GAZEBO_RESOURCE_PATH=/home/echedey/Desktop/TFG/TFGwebots_ws/install/depthai_descriptions:${GAZEBO_RESOURCE_PATH} IGN_GAZEBO_MODEL_PATH=/home/echedey/Desktop/TFG/TFGwebots_ws/install/depthai_descriptions:${IGN_GAZEBO_MODEL_PATH} IGN_GAZEBO_RESOURCE_PATH=/home/echedey/Desktop/TFG/TFGwebots_ws/install/depthai_descriptions:${IGN_GAZEBO_RESOURCE_PATH} LD_LIBRARY_PATH=/home/echedey/Desktop/TFG/TFGwebots_ws/install/depthai_bridge/lib:/home/echedey/Desktop/TFG/TFGwebots_ws/install/depthai_ros_msgs/lib:/home/echedey/Desktop/TFG/TFGwebots_ws/install/depthai_ros_driver/lib:/home/echedey/Desktop/TFG/TFGwebots_ws/install/depthai_filters/lib:/usr/lib/x86_64-linux-gnu/gazebo-11/plugins:/opt/ros/humble/opt/rviz_ogre_vendor/lib:/opt/ros/humble/lib/x86_64-linux-gnu:/opt/ros/humble/lib /usr/bin/cmake /home/echedey/Desktop/TFG/TFGwebots_ws/src/depthai-ros/depthai_ros_driver -DAMENT_CMAKE_SYMLINK_INSTALL=1 -DCMAKE_INSTALL_PREFIX=/home/echedey/Desktop/TFG/TFGwebots_ws/install/depthai_ros_driver
[0.126s] -- The C compiler identification is GNU 11.4.0
[0.191s] -- The CXX compiler identification is GNU 11.4.0
[0.202s] -- Detecting C compiler ABI info
[0.288s] -- Detecting C compiler ABI info - done
[0.295s] -- Check for working C compiler: /usr/bin/cc - skipped
[0.295s] -- Detecting C compile features
[0.295s] -- Detecting C compile features - done
[0.298s] -- Detecting CXX compiler ABI info
[0.390s] -- Detecting CXX compiler ABI info - done
[0.396s] -- Check for working CXX compiler: /usr/bin/c++ - skipped
[0.396s] -- Detecting CXX compile features
[0.397s] -- Detecting CXX compile features - done
[0.401s] -- Found ament_cmake_auto: 1.3.11 (/opt/ros/humble/share/ament_cmake_auto/cmake)
[0.562s] -- Found Python3: /usr/bin/python3 (found version "3.10.12") found components: Interpreter 
[0.631s] -- Override CMake install command with custom implementation using symlinks instead of copying resources
[0.830s] -- Found rosidl_generator_c: 3.1.6 (/opt/ros/humble/share/rosidl_generator_c/cmake)
[0.838s] -- Found rosidl_adapter: 3.1.6 (/opt/ros/humble/share/rosidl_adapter/cmake)
[0.851s] -- Found rosidl_generator_cpp: 3.1.6 (/opt/ros/humble/share/rosidl_generator_cpp/cmake)
[0.868s] -- Using all available rosidl_typesupport_c: rosidl_typesupport_fastrtps_c;rosidl_typesupport_introspection_c
[0.891s] -- Using all available rosidl_typesupport_cpp: rosidl_typesupport_fastrtps_cpp;rosidl_typesupport_introspection_cpp
[0.951s] -- Found rmw_implementation_cmake: 6.1.2 (/opt/ros/humble/share/rmw_implementation_cmake/cmake)
[0.956s] -- Found rmw_fastrtps_cpp: 6.2.7 (/opt/ros/humble/share/rmw_fastrtps_cpp/cmake)
[1.093s] -- Found OpenSSL: /usr/lib/x86_64-linux-gnu/libcrypto.so (found version "3.0.2")  
[1.129s] -- Found FastRTPS: /opt/ros/humble/include  
[1.181s] -- Using RMW implementation 'rmw_fastrtps_cpp' as default
[1.197s] -- Looking for pthread.h
[1.289s] -- Looking for pthread.h - found
[1.289s] -- Performing Test CMAKE_HAVE_LIBC_PTHREAD
[1.373s] -- Performing Test CMAKE_HAVE_LIBC_PTHREAD - Success
[1.374s] -- Found Threads: TRUE  
[1.772s] -- Found eigen3_cmake_module: 0.1.1 (/opt/ros/humble/share/eigen3_cmake_module/cmake)
[1.773s] -- Found Eigen3: TRUE (found version "3.4.0") 
[1.773s] -- Ensuring Eigen3 include directory is part of orocos-kdl CMake target
[1.871s] -- Configuring done
[1.929s] -- Generating done
[1.944s] -- Build files have been written to: /home/echedey/Desktop/TFG/TFGwebots_ws/build/depthai_ros_driver
[1.959s] Invoked command in '/home/echedey/Desktop/TFG/TFGwebots_ws/build/depthai_ros_driver' returned '0': CMAKE_PREFIX_PATH=/home/echedey/Desktop/TFG/TFGwebots_ws/install/depthai_examples:/home/echedey/Desktop/TFG/TFGwebots_ws/install/depthai_bridge:/home/echedey/Desktop/TFG/TFGwebots_ws/install/depthai_ros_msgs:/home/echedey/Desktop/TFG/TFGwebots_ws/install/depthai_descriptions:/home/echedey/Desktop/TFG/TFGwebots_ws/install/depthai-ros:/home/echedey/Desktop/TFG/TFGwebots_ws/install/depthai_ros_driver:/home/echedey/Desktop/TFG/TFGwebots_ws/install/depthai_filters:/home/echedey/Desktop/TFG/TFGwebots_ws/install/tb4_sim:/home/echedey/Desktop/TFG/TFGwebots_ws/install/formas:/opt/ros/humble GAZEBO_MODEL_PATH=/home/echedey/Desktop/TFG/TFGwebots_ws/install/depthai_descriptions:${GAZEBO_MODEL_PATH} GAZEBO_RESOURCE_PATH=/home/echedey/Desktop/TFG/TFGwebots_ws/install/depthai_descriptions:${GAZEBO_RESOURCE_PATH} IGN_GAZEBO_MODEL_PATH=/home/echedey/Desktop/TFG/TFGwebots_ws/install/depthai_descriptions:${IGN_GAZEBO_MODEL_PATH} IGN_GAZEBO_RESOURCE_PATH=/home/echedey/Desktop/TFG/TFGwebots_ws/install/depthai_descriptions:${IGN_GAZEBO_RESOURCE_PATH} LD_LIBRARY_PATH=/home/echedey/Desktop/TFG/TFGwebots_ws/install/depthai_bridge/lib:/home/echedey/Desktop/TFG/TFGwebots_ws/install/depthai_ros_msgs/lib:/home/echedey/Desktop/TFG/TFGwebots_ws/install/depthai_ros_driver/lib:/home/echedey/Desktop/TFG/TFGwebots_ws/install/depthai_filters/lib:/usr/lib/x86_64-linux-gnu/gazebo-11/plugins:/opt/ros/humble/opt/rviz_ogre_vendor/lib:/opt/ros/humble/lib/x86_64-linux-gnu:/opt/ros/humble/lib /usr/bin/cmake /home/echedey/Desktop/TFG/TFGwebots_ws/src/depthai-ros/depthai_ros_driver -DAMENT_CMAKE_SYMLINK_INSTALL=1 -DCMAKE_INSTALL_PREFIX=/home/echedey/Desktop/TFG/TFGwebots_ws/install/depthai_ros_driver
[1.961s] Invoking command in '/home/echedey/Desktop/TFG/TFGwebots_ws/build/depthai_ros_driver': CMAKE_PREFIX_PATH=/home/echedey/Desktop/TFG/TFGwebots_ws/install/depthai_examples:/home/echedey/Desktop/TFG/TFGwebots_ws/install/depthai_bridge:/home/echedey/Desktop/TFG/TFGwebots_ws/install/depthai_ros_msgs:/home/echedey/Desktop/TFG/TFGwebots_ws/install/depthai_descriptions:/home/echedey/Desktop/TFG/TFGwebots_ws/install/depthai-ros:/home/echedey/Desktop/TFG/TFGwebots_ws/install/depthai_ros_driver:/home/echedey/Desktop/TFG/TFGwebots_ws/install/depthai_filters:/home/echedey/Desktop/TFG/TFGwebots_ws/install/tb4_sim:/home/echedey/Desktop/TFG/TFGwebots_ws/install/formas:/opt/ros/humble GAZEBO_MODEL_PATH=/home/echedey/Desktop/TFG/TFGwebots_ws/install/depthai_descriptions:${GAZEBO_MODEL_PATH} GAZEBO_RESOURCE_PATH=/home/echedey/Desktop/TFG/TFGwebots_ws/install/depthai_descriptions:${GAZEBO_RESOURCE_PATH} IGN_GAZEBO_MODEL_PATH=/home/echedey/Desktop/TFG/TFGwebots_ws/install/depthai_descriptions:${IGN_GAZEBO_MODEL_PATH} IGN_GAZEBO_RESOURCE_PATH=/home/echedey/Desktop/TFG/TFGwebots_ws/install/depthai_descriptions:${IGN_GAZEBO_RESOURCE_PATH} LD_LIBRARY_PATH=/home/echedey/Desktop/TFG/TFGwebots_ws/install/depthai_bridge/lib:/home/echedey/Desktop/TFG/TFGwebots_ws/install/depthai_ros_msgs/lib:/home/echedey/Desktop/TFG/TFGwebots_ws/install/depthai_ros_driver/lib:/home/echedey/Desktop/TFG/TFGwebots_ws/install/depthai_filters/lib:/usr/lib/x86_64-linux-gnu/gazebo-11/plugins:/opt/ros/humble/opt/rviz_ogre_vendor/lib:/opt/ros/humble/lib/x86_64-linux-gnu:/opt/ros/humble/lib /usr/bin/cmake --build /home/echedey/Desktop/TFG/TFGwebots_ws/build/depthai_ros_driver -- -j16 -l16
[2.047s] [  5%] [32mBuilding CXX object CMakeFiles/depthai_ros_driver_common.dir/src/utils.cpp.o[0m
[2.047s] [  5%] [32mBuilding CXX object CMakeFiles/depthai_ros_driver_common.dir/src/dai_nodes/base_node.cpp.o[0m
[2.047s] [  8%] [32mBuilding CXX object CMakeFiles/depthai_ros_driver_common.dir/src/dai_nodes/sys_logger.cpp.o[0m
[2.047s] [ 11%] [32mBuilding CXX object CMakeFiles/depthai_ros_driver_common.dir/src/param_handlers/stereo_param_handler.cpp.o[0m
[2.047s] [ 14%] [32mBuilding CXX object CMakeFiles/depthai_ros_driver_common.dir/src/dai_nodes/sensors/sensor_helpers.cpp.o[0m
[2.047s] [ 17%] [32mBuilding CXX object CMakeFiles/depthai_ros_driver_common.dir/src/dai_nodes/sensors/img_pub.cpp.o[0m
[2.047s] [ 20%] [32mBuilding CXX object CMakeFiles/depthai_ros_driver_common.dir/src/param_handlers/camera_param_handler.cpp.o[0m
[2.048s] [ 22%] [32mBuilding CXX object CMakeFiles/depthai_ros_driver_common.dir/src/param_handlers/nn_param_handler.cpp.o[0m
[2.048s] [ 25%] [32mBuilding CXX object CMakeFiles/depthai_ros_driver_common.dir/src/param_handlers/imu_param_handler.cpp.o[0m
[2.049s] [ 28%] [32mBuilding CXX object CMakeFiles/depthai_ros_driver_common.dir/src/param_handlers/sensor_param_handler.cpp.o[0m
[2.054s] [ 37%] [32mBuilding CXX object CMakeFiles/depthai_ros_driver_common.dir/src/param_handlers/pipeline_gen_param_handler.cpp.o[0m
[2.055s] [ 37%] [32mBuilding CXX object CMakeFiles/depthai_ros_driver_common.dir/src/param_handlers/tof_param_handler.cpp.o[0m
[2.055s] [ 37%] [32mBuilding CXX object CMakeFiles/depthai_ros_driver_common.dir/src/param_handlers/feature_tracker_param_handler.cpp.o[0m
[2.056s] [ 40%] [32mBuilding CXX object CMakeFiles/depthai_ros_driver_common.dir/src/param_handlers/sync_param_handler.cpp.o[0m
[2.081s] [ 40%] Built target ament_cmake_python_symlink_depthai_ros_driver
[3.685s] running egg_info
[3.693s] creating depthai_ros_driver.egg-info
[3.694s] writing depthai_ros_driver.egg-info/PKG-INFO
[3.695s] writing dependency_links to depthai_ros_driver.egg-info/dependency_links.txt
[3.696s] writing top-level names to depthai_ros_driver.egg-info/top_level.txt
[3.697s] writing manifest file 'depthai_ros_driver.egg-info/SOURCES.txt'
[3.703s] reading manifest file 'depthai_ros_driver.egg-info/SOURCES.txt'
[3.704s] writing manifest file 'depthai_ros_driver.egg-info/SOURCES.txt'
[3.867s] [ 40%] Built target ament_cmake_python_build_depthai_ros_driver_egg
[22.537s] [ 42%] [32m[1mLinking CXX shared library libdepthai_ros_driver_common.so[0m
[23.760s] [ 42%] Built target depthai_ros_driver_common
[23.784s] [ 48%] [32mBuilding CXX object CMakeFiles/depthai_ros_driver_nn_nodes.dir/src/dai_nodes/nn/segmentation.cpp.o[0m
[23.784s] [ 48%] [32mBuilding CXX object CMakeFiles/depthai_ros_driver_nn_nodes.dir/src/dai_nodes/nn/spatial_nn_wrapper.cpp.o[0m
[23.785s] [ 51%] [32mBuilding CXX object CMakeFiles/depthai_ros_driver_nn_nodes.dir/src/dai_nodes/nn/nn_wrapper.cpp.o[0m
[23.814s] [ 54%] [32mBuilding CXX object CMakeFiles/depthai_ros_driver_sensor_nodes.dir/src/dai_nodes/sensors/rgb.cpp.o[0m
[23.814s] [ 57%] [32mBuilding CXX object CMakeFiles/depthai_ros_driver_sensor_nodes.dir/src/dai_nodes/sensors/stereo.cpp.o[0m
[23.815s] [ 62%] [32mBuilding CXX object CMakeFiles/depthai_ros_driver_sensor_nodes.dir/src/dai_nodes/sensors/sync.cpp.o[0m
[23.815s] [ 62%] [32mBuilding CXX object CMakeFiles/depthai_ros_driver_sensor_nodes.dir/src/dai_nodes/sensors/imu.cpp.o[0m
[23.816s] [ 71%] [32mBuilding CXX object CMakeFiles/depthai_ros_driver_sensor_nodes.dir/src/dai_nodes/sensors/mono.cpp.o[0m
[23.816s] [ 71%] [32mBuilding CXX object CMakeFiles/depthai_ros_driver_sensor_nodes.dir/src/dai_nodes/sensors/feature_tracker.cpp.o[0m
[23.816s] [ 71%] [32mBuilding CXX object CMakeFiles/depthai_ros_driver_sensor_nodes.dir/src/dai_nodes/sensors/thermal.cpp.o[0m
[23.816s] [ 74%] [32mBuilding CXX object CMakeFiles/depthai_ros_driver_sensor_nodes.dir/src/dai_nodes/sensors/sensor_wrapper.cpp.o[0m
[23.818s] [ 77%] [32mBuilding CXX object CMakeFiles/depthai_ros_driver_sensor_nodes.dir/src/dai_nodes/sensors/tof.cpp.o[0m
[43.089s] [ 80%] [32m[1mLinking CXX shared library libdepthai_ros_driver_sensor_nodes.so[0m
[43.112s] [ 82%] [32m[1mLinking CXX shared library libdepthai_ros_driver_nn_nodes.so[0m
[44.608s] [ 82%] Built target depthai_ros_driver_nn_nodes
[45.023s] [ 82%] Built target depthai_ros_driver_sensor_nodes
[45.052s] [ 91%] [32mBuilding CXX object CMakeFiles/depthai_ros_driver.dir/src/camera.cpp.o[0m
[45.052s] [ 91%] [32mBuilding CXX object CMakeFiles/depthai_ros_driver.dir/src/pipeline/pipeline_generator.cpp.o[0m
[45.053s] [ 91%] [32mBuilding CXX object CMakeFiles/depthai_ros_driver.dir/src/pipeline/base_types.cpp.o[0m
[57.214s] [ 94%] [32m[1mLinking CXX shared library libdepthai_ros_driver.so[0m
[59.259s] [ 94%] Built target depthai_ros_driver
[59.288s] [ 97%] [32mBuilding CXX object CMakeFiles/camera_node.dir/src/camera_node.cpp.o[0m
[64.040s] [100%] [32m[1mLinking CXX executable camera_node[0m
[64.999s] [100%] Built target camera_node
[65.014s] Invoked command in '/home/echedey/Desktop/TFG/TFGwebots_ws/build/depthai_ros_driver' returned '0': CMAKE_PREFIX_PATH=/home/echedey/Desktop/TFG/TFGwebots_ws/install/depthai_examples:/home/echedey/Desktop/TFG/TFGwebots_ws/install/depthai_bridge:/home/echedey/Desktop/TFG/TFGwebots_ws/install/depthai_ros_msgs:/home/echedey/Desktop/TFG/TFGwebots_ws/install/depthai_descriptions:/home/echedey/Desktop/TFG/TFGwebots_ws/install/depthai-ros:/home/echedey/Desktop/TFG/TFGwebots_ws/install/depthai_ros_driver:/home/echedey/Desktop/TFG/TFGwebots_ws/install/depthai_filters:/home/echedey/Desktop/TFG/TFGwebots_ws/install/tb4_sim:/home/echedey/Desktop/TFG/TFGwebots_ws/install/formas:/opt/ros/humble GAZEBO_MODEL_PATH=/home/echedey/Desktop/TFG/TFGwebots_ws/install/depthai_descriptions:${GAZEBO_MODEL_PATH} GAZEBO_RESOURCE_PATH=/home/echedey/Desktop/TFG/TFGwebots_ws/install/depthai_descriptions:${GAZEBO_RESOURCE_PATH} IGN_GAZEBO_MODEL_PATH=/home/echedey/Desktop/TFG/TFGwebots_ws/install/depthai_descriptions:${IGN_GAZEBO_MODEL_PATH} IGN_GAZEBO_RESOURCE_PATH=/home/echedey/Desktop/TFG/TFGwebots_ws/install/depthai_descriptions:${IGN_GAZEBO_RESOURCE_PATH} LD_LIBRARY_PATH=/home/echedey/Desktop/TFG/TFGwebots_ws/install/depthai_bridge/lib:/home/echedey/Desktop/TFG/TFGwebots_ws/install/depthai_ros_msgs/lib:/home/echedey/Desktop/TFG/TFGwebots_ws/install/depthai_ros_driver/lib:/home/echedey/Desktop/TFG/TFGwebots_ws/install/depthai_filters/lib:/usr/lib/x86_64-linux-gnu/gazebo-11/plugins:/opt/ros/humble/opt/rviz_ogre_vendor/lib:/opt/ros/humble/lib/x86_64-linux-gnu:/opt/ros/humble/lib /usr/bin/cmake --build /home/echedey/Desktop/TFG/TFGwebots_ws/build/depthai_ros_driver -- -j16 -l16
[65.016s] Invoking command in '/home/echedey/Desktop/TFG/TFGwebots_ws/build/depthai_ros_driver': CMAKE_PREFIX_PATH=/home/echedey/Desktop/TFG/TFGwebots_ws/install/depthai_examples:/home/echedey/Desktop/TFG/TFGwebots_ws/install/depthai_bridge:/home/echedey/Desktop/TFG/TFGwebots_ws/install/depthai_ros_msgs:/home/echedey/Desktop/TFG/TFGwebots_ws/install/depthai_descriptions:/home/echedey/Desktop/TFG/TFGwebots_ws/install/depthai-ros:/home/echedey/Desktop/TFG/TFGwebots_ws/install/depthai_ros_driver:/home/echedey/Desktop/TFG/TFGwebots_ws/install/depthai_filters:/home/echedey/Desktop/TFG/TFGwebots_ws/install/tb4_sim:/home/echedey/Desktop/TFG/TFGwebots_ws/install/formas:/opt/ros/humble GAZEBO_MODEL_PATH=/home/echedey/Desktop/TFG/TFGwebots_ws/install/depthai_descriptions:${GAZEBO_MODEL_PATH} GAZEBO_RESOURCE_PATH=/home/echedey/Desktop/TFG/TFGwebots_ws/install/depthai_descriptions:${GAZEBO_RESOURCE_PATH} IGN_GAZEBO_MODEL_PATH=/home/echedey/Desktop/TFG/TFGwebots_ws/install/depthai_descriptions:${IGN_GAZEBO_MODEL_PATH} IGN_GAZEBO_RESOURCE_PATH=/home/echedey/Desktop/TFG/TFGwebots_ws/install/depthai_descriptions:${IGN_GAZEBO_RESOURCE_PATH} LD_LIBRARY_PATH=/home/echedey/Desktop/TFG/TFGwebots_ws/install/depthai_bridge/lib:/home/echedey/Desktop/TFG/TFGwebots_ws/install/depthai_ros_msgs/lib:/home/echedey/Desktop/TFG/TFGwebots_ws/install/depthai_ros_driver/lib:/home/echedey/Desktop/TFG/TFGwebots_ws/install/depthai_filters/lib:/usr/lib/x86_64-linux-gnu/gazebo-11/plugins:/opt/ros/humble/opt/rviz_ogre_vendor/lib:/opt/ros/humble/lib/x86_64-linux-gnu:/opt/ros/humble/lib /usr/bin/cmake --install /home/echedey/Desktop/TFG/TFGwebots_ws/build/depthai_ros_driver
[65.024s] -- Install configuration: ""
[65.024s] -- Execute custom install script
[65.024s] -- Symlinking: /home/echedey/Desktop/TFG/TFGwebots_ws/install/depthai_ros_driver/share/depthai_ros_driver//plugins.xml
[65.035s] -- Symlinking: /home/echedey/Desktop/TFG/TFGwebots_ws/install/depthai_ros_driver/share/depthai_ros_driver/environment/library_path.sh
[65.045s] -- Symlinking: /home/echedey/Desktop/TFG/TFGwebots_ws/install/depthai_ros_driver/share/depthai_ros_driver/environment/library_path.dsv
[65.057s] -- Symlinking: /home/echedey/Desktop/TFG/TFGwebots_ws/install/depthai_ros_driver/share/depthai_ros_driver/launch/calibration.launch.py
[65.068s] -- Symlinking: /home/echedey/Desktop/TFG/TFGwebots_ws/install/depthai_ros_driver/share/depthai_ros_driver/launch/camera.launch.py
[65.080s] -- Symlinking: /home/echedey/Desktop/TFG/TFGwebots_ws/install/depthai_ros_driver/share/depthai_ros_driver/launch/camera_as_part_of_a_robot.launch.py
[65.090s] -- Symlinking: /home/echedey/Desktop/TFG/TFGwebots_ws/install/depthai_ros_driver/share/depthai_ros_driver/launch/example_marker_publish.launch.py
[65.101s] -- Symlinking: /home/echedey/Desktop/TFG/TFGwebots_ws/install/depthai_ros_driver/share/depthai_ros_driver/launch/example_multicam.launch.py
[65.112s] -- Symlinking: /home/echedey/Desktop/TFG/TFGwebots_ws/install/depthai_ros_driver/share/depthai_ros_driver/launch/example_segmentation.launch.py
[65.121s] -- Symlinking: /home/echedey/Desktop/TFG/TFGwebots_ws/install/depthai_ros_driver/share/depthai_ros_driver/launch/oak_t.launch.py
[65.132s] -- Symlinking: /home/echedey/Desktop/TFG/TFGwebots_ws/install/depthai_ros_driver/share/depthai_ros_driver/launch/pointcloud.launch.py
[65.144s] -- Symlinking: /home/echedey/Desktop/TFG/TFGwebots_ws/install/depthai_ros_driver/share/depthai_ros_driver/launch/rgbd_pcl.launch.py
[65.155s] -- Symlinking: /home/echedey/Desktop/TFG/TFGwebots_ws/install/depthai_ros_driver/share/depthai_ros_driver/launch/rtabmap.launch.py
[65.165s] -- Symlinking: /home/echedey/Desktop/TFG/TFGwebots_ws/install/depthai_ros_driver/share/depthai_ros_driver/launch/sr_poe_rgbd_pcl.launch.py
[65.176s] -- Symlinking: /home/echedey/Desktop/TFG/TFGwebots_ws/install/depthai_ros_driver/share/depthai_ros_driver/launch/sr_rgbd_pcl.launch.py
[65.187s] -- Symlinking: /home/echedey/Desktop/TFG/TFGwebots_ws/install/depthai_ros_driver/share/depthai_ros_driver/launch/stereo_from_rosbag.launch.py
[65.209s] -- Symlinking: /home/echedey/Desktop/TFG/TFGwebots_ws/install/depthai_ros_driver/share/depthai_ros_driver/config/calibration.yaml
[65.219s] -- Symlinking: /home/echedey/Desktop/TFG/TFGwebots_ws/install/depthai_ros_driver/share/depthai_ros_driver/config/calibration/left.yaml
[65.230s] -- Symlinking: /home/echedey/Desktop/TFG/TFGwebots_ws/install/depthai_ros_driver/share/depthai_ros_driver/config/calibration/rgb.yaml
[65.241s] -- Symlinking: /home/echedey/Desktop/TFG/TFGwebots_ws/install/depthai_ros_driver/share/depthai_ros_driver/config/calibration/right.yaml
[65.253s] -- Symlinking: /home/echedey/Desktop/TFG/TFGwebots_ws/install/depthai_ros_driver/share/depthai_ros_driver/config/camera.yaml
[65.264s] -- Symlinking: /home/echedey/Desktop/TFG/TFGwebots_ws/install/depthai_ros_driver/share/depthai_ros_driver/config/isaac_vslam.yaml
[65.275s] -- Symlinking: /home/echedey/Desktop/TFG/TFGwebots_ws/install/depthai_ros_driver/share/depthai_ros_driver/config/low_bandwidth.yaml
[65.287s] -- Symlinking: /home/echedey/Desktop/TFG/TFGwebots_ws/install/depthai_ros_driver/share/depthai_ros_driver/config/multicam_example.yaml
[65.298s] -- Symlinking: /home/echedey/Desktop/TFG/TFGwebots_ws/install/depthai_ros_driver/share/depthai_ros_driver/config/nn/mobilenet.json
[65.309s] -- Symlinking: /home/echedey/Desktop/TFG/TFGwebots_ws/install/depthai_ros_driver/share/depthai_ros_driver/config/nn/segmentation.json
[65.321s] -- Symlinking: /home/echedey/Desktop/TFG/TFGwebots_ws/install/depthai_ros_driver/share/depthai_ros_driver/config/nn/yolo.json
[65.332s] -- Symlinking: /home/echedey/Desktop/TFG/TFGwebots_ws/install/depthai_ros_driver/share/depthai_ros_driver/config/oak_d_pro_w.yaml
[65.342s] -- Symlinking: /home/echedey/Desktop/TFG/TFGwebots_ws/install/depthai_ros_driver/share/depthai_ros_driver/config/oak_d_sr.yaml
[65.353s] -- Symlinking: /home/echedey/Desktop/TFG/TFGwebots_ws/install/depthai_ros_driver/share/depthai_ros_driver/config/oak_t.yaml
[65.363s] -- Symlinking: /home/echedey/Desktop/TFG/TFGwebots_ws/install/depthai_ros_driver/share/depthai_ros_driver/config/pcl.yaml
[65.374s] -- Symlinking: /home/echedey/Desktop/TFG/TFGwebots_ws/install/depthai_ros_driver/share/depthai_ros_driver/config/rgbd.yaml
[65.385s] -- Symlinking: /home/echedey/Desktop/TFG/TFGwebots_ws/install/depthai_ros_driver/share/depthai_ros_driver/config/rviz/multicam.rviz
[65.396s] -- Symlinking: /home/echedey/Desktop/TFG/TFGwebots_ws/install/depthai_ros_driver/share/depthai_ros_driver/config/rviz/rgbd.rviz
[65.408s] -- Symlinking: /home/echedey/Desktop/TFG/TFGwebots_ws/install/depthai_ros_driver/share/depthai_ros_driver/config/rviz/segmentation.rviz
[65.419s] -- Symlinking: /home/echedey/Desktop/TFG/TFGwebots_ws/install/depthai_ros_driver/share/depthai_ros_driver/config/segmentation.yaml
[65.430s] -- Symlinking: /home/echedey/Desktop/TFG/TFGwebots_ws/install/depthai_ros_driver/share/depthai_ros_driver/config/spatial_yolo.yaml
[65.441s] -- Symlinking: /home/echedey/Desktop/TFG/TFGwebots_ws/install/depthai_ros_driver/share/depthai_ros_driver/config/sr_poe_rgbd.yaml
[65.452s] -- Symlinking: /home/echedey/Desktop/TFG/TFGwebots_ws/install/depthai_ros_driver/share/depthai_ros_driver/config/sr_rgbd.yaml
[65.463s] -- Symlinking: /home/echedey/Desktop/TFG/TFGwebots_ws/install/depthai_ros_driver/share/depthai_ros_driver/config/stereo_from_rosbag.yaml
[65.484s] -- Symlinking: /home/echedey/Desktop/TFG/TFGwebots_ws/install/depthai_ros_driver/lib/depthai_ros_driver/camera_node
[65.496s] -- Symlinking: /home/echedey/Desktop/TFG/TFGwebots_ws/install/depthai_ros_driver/share/depthai_ros_driver/environment/pythonpath.sh
[65.507s] -- Symlinking: /home/echedey/Desktop/TFG/TFGwebots_ws/install/depthai_ros_driver/share/depthai_ros_driver/environment/pythonpath.dsv
[65.519s] -- Symlinking: /home/echedey/Desktop/TFG/TFGwebots_ws/install/depthai_ros_driver/local/lib/python3.10/dist-packages/depthai_ros_driver-2.11.2-py3.10.egg-info/PKG-INFO
[65.530s] -- Symlinking: /home/echedey/Desktop/TFG/TFGwebots_ws/install/depthai_ros_driver/local/lib/python3.10/dist-packages/depthai_ros_driver-2.11.2-py3.10.egg-info/SOURCES.txt
[65.541s] -- Symlinking: /home/echedey/Desktop/TFG/TFGwebots_ws/install/depthai_ros_driver/local/lib/python3.10/dist-packages/depthai_ros_driver-2.11.2-py3.10.egg-info/dependency_links.txt
[65.553s] -- Symlinking: /home/echedey/Desktop/TFG/TFGwebots_ws/install/depthai_ros_driver/local/lib/python3.10/dist-packages/depthai_ros_driver-2.11.2-py3.10.egg-info/top_level.txt
[65.564s] -- Symlinking: /home/echedey/Desktop/TFG/TFGwebots_ws/install/depthai_ros_driver/local/lib/python3.10/dist-packages/depthai_ros_driver/__init__.py
[65.575s] -- Symlinking: /home/echedey/Desktop/TFG/TFGwebots_ws/install/depthai_ros_driver/lib/depthai_ros_driver/obj_pub.py
[65.587s] -- Symlinking: /home/echedey/Desktop/TFG/TFGwebots_ws/install/depthai_ros_driver/include/depthai_ros_driver/camera.hpp
[65.598s] -- Symlinking: /home/echedey/Desktop/TFG/TFGwebots_ws/install/depthai_ros_driver/include/depthai_ros_driver/dai_nodes/base_node.hpp
[65.610s] -- Symlinking: /home/echedey/Desktop/TFG/TFGwebots_ws/install/depthai_ros_driver/include/depthai_ros_driver/dai_nodes/nn/detection.hpp
[65.621s] -- Symlinking: /home/echedey/Desktop/TFG/TFGwebots_ws/install/depthai_ros_driver/include/depthai_ros_driver/dai_nodes/nn/nn_helpers.hpp
[65.632s] -- Symlinking: /home/echedey/Desktop/TFG/TFGwebots_ws/install/depthai_ros_driver/include/depthai_ros_driver/dai_nodes/nn/nn_wrapper.hpp
[65.645s] -- Symlinking: /home/echedey/Desktop/TFG/TFGwebots_ws/install/depthai_ros_driver/include/depthai_ros_driver/dai_nodes/nn/segmentation.hpp
[65.657s] -- Symlinking: /home/echedey/Desktop/TFG/TFGwebots_ws/install/depthai_ros_driver/include/depthai_ros_driver/dai_nodes/nn/spatial_detection.hpp
[65.669s] -- Symlinking: /home/echedey/Desktop/TFG/TFGwebots_ws/install/depthai_ros_driver/include/depthai_ros_driver/dai_nodes/nn/spatial_nn_wrapper.hpp
[65.680s] -- Symlinking: /home/echedey/Desktop/TFG/TFGwebots_ws/install/depthai_ros_driver/include/depthai_ros_driver/dai_nodes/sensors/feature_tracker.hpp
[65.691s] -- Symlinking: /home/echedey/Desktop/TFG/TFGwebots_ws/install/depthai_ros_driver/include/depthai_ros_driver/dai_nodes/sensors/img_pub.hpp
[65.703s] -- Symlinking: /home/echedey/Desktop/TFG/TFGwebots_ws/install/depthai_ros_driver/include/depthai_ros_driver/dai_nodes/sensors/imu.hpp
[65.713s] -- Symlinking: /home/echedey/Desktop/TFG/TFGwebots_ws/install/depthai_ros_driver/include/depthai_ros_driver/dai_nodes/sensors/mono.hpp
[65.725s] -- Symlinking: /home/echedey/Desktop/TFG/TFGwebots_ws/install/depthai_ros_driver/include/depthai_ros_driver/dai_nodes/sensors/rgb.hpp
[65.736s] -- Symlinking: /home/echedey/Desktop/TFG/TFGwebots_ws/install/depthai_ros_driver/include/depthai_ros_driver/dai_nodes/sensors/sensor_helpers.hpp
[65.746s] -- Symlinking: /home/echedey/Desktop/TFG/TFGwebots_ws/install/depthai_ros_driver/include/depthai_ros_driver/dai_nodes/sensors/sensor_wrapper.hpp
[65.757s] -- Symlinking: /home/echedey/Desktop/TFG/TFGwebots_ws/install/depthai_ros_driver/include/depthai_ros_driver/dai_nodes/sensors/stereo.hpp
[65.767s] -- Symlinking: /home/echedey/Desktop/TFG/TFGwebots_ws/install/depthai_ros_driver/include/depthai_ros_driver/dai_nodes/sensors/sync.hpp
[65.778s] -- Symlinking: /home/echedey/Desktop/TFG/TFGwebots_ws/install/depthai_ros_driver/include/depthai_ros_driver/dai_nodes/sensors/thermal.hpp
[65.787s] -- Symlinking: /home/echedey/Desktop/TFG/TFGwebots_ws/install/depthai_ros_driver/include/depthai_ros_driver/dai_nodes/sensors/tof.hpp
[65.797s] -- Symlinking: /home/echedey/Desktop/TFG/TFGwebots_ws/install/depthai_ros_driver/include/depthai_ros_driver/dai_nodes/sys_logger.hpp
[65.807s] -- Symlinking: /home/echedey/Desktop/TFG/TFGwebots_ws/install/depthai_ros_driver/include/depthai_ros_driver/param_handlers/base_param_handler.hpp
[65.818s] -- Symlinking: /home/echedey/Desktop/TFG/TFGwebots_ws/install/depthai_ros_driver/include/depthai_ros_driver/param_handlers/camera_param_handler.hpp
[65.827s] -- Symlinking: /home/echedey/Desktop/TFG/TFGwebots_ws/install/depthai_ros_driver/include/depthai_ros_driver/param_handlers/feature_tracker_param_handler.hpp
[65.838s] -- Symlinking: /home/echedey/Desktop/TFG/TFGwebots_ws/install/depthai_ros_driver/include/depthai_ros_driver/param_handlers/imu_param_handler.hpp
[65.848s] -- Symlinking: /home/echedey/Desktop/TFG/TFGwebots_ws/install/depthai_ros_driver/include/depthai_ros_driver/param_handlers/nn_param_handler.hpp
[65.859s] -- Symlinking: /home/echedey/Desktop/TFG/TFGwebots_ws/install/depthai_ros_driver/include/depthai_ros_driver/param_handlers/pipeline_gen_param_handler.hpp
[65.869s] -- Symlinking: /home/echedey/Desktop/TFG/TFGwebots_ws/install/depthai_ros_driver/include/depthai_ros_driver/param_handlers/sensor_param_handler.hpp
[65.881s] -- Symlinking: /home/echedey/Desktop/TFG/TFGwebots_ws/install/depthai_ros_driver/include/depthai_ros_driver/param_handlers/stereo_param_handler.hpp
[65.892s] -- Symlinking: /home/echedey/Desktop/TFG/TFGwebots_ws/install/depthai_ros_driver/include/depthai_ros_driver/param_handlers/sync_param_handler.hpp
[65.902s] -- Symlinking: /home/echedey/Desktop/TFG/TFGwebots_ws/install/depthai_ros_driver/include/depthai_ros_driver/param_handlers/tof_param_handler.hpp
[65.913s] -- Symlinking: /home/echedey/Desktop/TFG/TFGwebots_ws/install/depthai_ros_driver/include/depthai_ros_driver/pipeline/base_pipeline.hpp
[65.924s] -- Symlinking: /home/echedey/Desktop/TFG/TFGwebots_ws/install/depthai_ros_driver/include/depthai_ros_driver/pipeline/base_types.hpp
[65.935s] -- Symlinking: /home/echedey/Desktop/TFG/TFGwebots_ws/install/depthai_ros_driver/include/depthai_ros_driver/pipeline/pipeline_generator.hpp
[65.946s] -- Symlinking: /home/echedey/Desktop/TFG/TFGwebots_ws/install/depthai_ros_driver/include/depthai_ros_driver/utils.hpp
[65.958s] -- Symlinking: /home/echedey/Desktop/TFG/TFGwebots_ws/install/depthai_ros_driver/share/ament_index/resource_index/package_run_dependencies/depthai_ros_driver
[65.969s] -- Symlinking: /home/echedey/Desktop/TFG/TFGwebots_ws/install/depthai_ros_driver/share/ament_index/resource_index/parent_prefix_path/depthai_ros_driver
[65.982s] -- Symlinking: /home/echedey/Desktop/TFG/TFGwebots_ws/install/depthai_ros_driver/share/depthai_ros_driver/environment/ament_prefix_path.sh
[65.994s] -- Symlinking: /home/echedey/Desktop/TFG/TFGwebots_ws/install/depthai_ros_driver/share/depthai_ros_driver/environment/ament_prefix_path.dsv
[66.005s] -- Symlinking: /home/echedey/Desktop/TFG/TFGwebots_ws/install/depthai_ros_driver/share/depthai_ros_driver/environment/path.sh
[66.015s] -- Symlinking: /home/echedey/Desktop/TFG/TFGwebots_ws/install/depthai_ros_driver/share/depthai_ros_driver/environment/path.dsv
[66.027s] -- Symlinking: /home/echedey/Desktop/TFG/TFGwebots_ws/install/depthai_ros_driver/share/depthai_ros_driver/local_setup.bash
[66.039s] -- Symlinking: /home/echedey/Desktop/TFG/TFGwebots_ws/install/depthai_ros_driver/share/depthai_ros_driver/local_setup.sh
[66.050s] -- Symlinking: /home/echedey/Desktop/TFG/TFGwebots_ws/install/depthai_ros_driver/share/depthai_ros_driver/local_setup.zsh
[66.060s] -- Symlinking: /home/echedey/Desktop/TFG/TFGwebots_ws/install/depthai_ros_driver/share/depthai_ros_driver/local_setup.dsv
[66.071s] -- Symlinking: /home/echedey/Desktop/TFG/TFGwebots_ws/install/depthai_ros_driver/share/depthai_ros_driver/package.dsv
[66.083s] -- Symlinking: /home/echedey/Desktop/TFG/TFGwebots_ws/install/depthai_ros_driver/share/ament_index/resource_index/packages/depthai_ros_driver
[66.095s] -- Symlinking: /home/echedey/Desktop/TFG/TFGwebots_ws/install/depthai_ros_driver/share/ament_index/resource_index/depthai_ros_driver__pluginlib__plugin/depthai_ros_driver
[66.106s] -- Symlinking: /home/echedey/Desktop/TFG/TFGwebots_ws/install/depthai_ros_driver/share/ament_index/resource_index/rclcpp_components/depthai_ros_driver
[66.118s] -- Symlinking: /home/echedey/Desktop/TFG/TFGwebots_ws/install/depthai_ros_driver/share/depthai_ros_driver/cmake/ament_cmake_export_include_directories-extras.cmake
[66.128s] -- Symlinking: /home/echedey/Desktop/TFG/TFGwebots_ws/install/depthai_ros_driver/share/depthai_ros_driver/cmake/ament_cmake_export_targets-extras.cmake
[66.139s] -- Symlinking: /home/echedey/Desktop/TFG/TFGwebots_ws/install/depthai_ros_driver/share/depthai_ros_driver/cmake/ament_cmake_export_libraries-extras.cmake
[66.151s] -- Symlinking: /home/echedey/Desktop/TFG/TFGwebots_ws/install/depthai_ros_driver/share/depthai_ros_driver/cmake/ament_cmake_export_dependencies-extras.cmake
[66.163s] -- Symlinking: /home/echedey/Desktop/TFG/TFGwebots_ws/install/depthai_ros_driver/share/depthai_ros_driver/cmake/depthai_ros_driverConfig.cmake
[66.173s] -- Symlinking: /home/echedey/Desktop/TFG/TFGwebots_ws/install/depthai_ros_driver/share/depthai_ros_driver/cmake/depthai_ros_driverConfig-version.cmake
[66.183s] -- Symlinking: /home/echedey/Desktop/TFG/TFGwebots_ws/install/depthai_ros_driver/share/depthai_ros_driver/package.xml
[66.194s] -- Installing: /home/echedey/Desktop/TFG/TFGwebots_ws/install/depthai_ros_driver/lib/libdepthai_ros_driver.so
[66.205s] -- Set runtime path of "/home/echedey/Desktop/TFG/TFGwebots_ws/install/depthai_ros_driver/lib/libdepthai_ros_driver.so" to ""
[66.205s] -- Installing: /home/echedey/Desktop/TFG/TFGwebots_ws/install/depthai_ros_driver/lib/libdepthai_ros_driver_sensor_nodes.so
[66.215s] -- Set runtime path of "/home/echedey/Desktop/TFG/TFGwebots_ws/install/depthai_ros_driver/lib/libdepthai_ros_driver_sensor_nodes.so" to ""
[66.215s] -- Installing: /home/echedey/Desktop/TFG/TFGwebots_ws/install/depthai_ros_driver/lib/libdepthai_ros_driver_nn_nodes.so
[66.220s] -- Set runtime path of "/home/echedey/Desktop/TFG/TFGwebots_ws/install/depthai_ros_driver/lib/libdepthai_ros_driver_nn_nodes.so" to ""
[66.220s] -- Installing: /home/echedey/Desktop/TFG/TFGwebots_ws/install/depthai_ros_driver/lib/libdepthai_ros_driver_common.so
[66.242s] -- Set runtime path of "/home/echedey/Desktop/TFG/TFGwebots_ws/install/depthai_ros_driver/lib/libdepthai_ros_driver_common.so" to ""
[66.242s] -- Installing: /home/echedey/Desktop/TFG/TFGwebots_ws/install/depthai_ros_driver/share/depthai_ros_driver/cmake/depthai_ros_driverTargets.cmake
[66.243s] -- Installing: /home/echedey/Desktop/TFG/TFGwebots_ws/install/depthai_ros_driver/share/depthai_ros_driver/cmake/depthai_ros_driverTargets-noconfig.cmake
[66.283s] Listing '/home/echedey/Desktop/TFG/TFGwebots_ws/install/depthai_ros_driver/local/lib/python3.10/dist-packages/depthai_ros_driver'...
[66.284s] Compiling '/home/echedey/Desktop/TFG/TFGwebots_ws/install/depthai_ros_driver/local/lib/python3.10/dist-packages/depthai_ros_driver/__init__.py'...
[66.289s] -- Installing: /home/echedey/Desktop/TFG/TFGwebots_ws/install/depthai_ros_driver/share/depthai_ros_driver/cmake/depthai_ros_driverTargetsExport.cmake
[66.289s] -- Installing: /home/echedey/Desktop/TFG/TFGwebots_ws/install/depthai_ros_driver/share/depthai_ros_driver/cmake/depthai_ros_driverTargetsExport-noconfig.cmake
[66.293s] Invoked command in '/home/echedey/Desktop/TFG/TFGwebots_ws/build/depthai_ros_driver' returned '0': CMAKE_PREFIX_PATH=/home/echedey/Desktop/TFG/TFGwebots_ws/install/depthai_examples:/home/echedey/Desktop/TFG/TFGwebots_ws/install/depthai_bridge:/home/echedey/Desktop/TFG/TFGwebots_ws/install/depthai_ros_msgs:/home/echedey/Desktop/TFG/TFGwebots_ws/install/depthai_descriptions:/home/echedey/Desktop/TFG/TFGwebots_ws/install/depthai-ros:/home/echedey/Desktop/TFG/TFGwebots_ws/install/depthai_ros_driver:/home/echedey/Desktop/TFG/TFGwebots_ws/install/depthai_filters:/home/echedey/Desktop/TFG/TFGwebots_ws/install/tb4_sim:/home/echedey/Desktop/TFG/TFGwebots_ws/install/formas:/opt/ros/humble GAZEBO_MODEL_PATH=/home/echedey/Desktop/TFG/TFGwebots_ws/install/depthai_descriptions:${GAZEBO_MODEL_PATH} GAZEBO_RESOURCE_PATH=/home/echedey/Desktop/TFG/TFGwebots_ws/install/depthai_descriptions:${GAZEBO_RESOURCE_PATH} IGN_GAZEBO_MODEL_PATH=/home/echedey/Desktop/TFG/TFGwebots_ws/install/depthai_descriptions:${IGN_GAZEBO_MODEL_PATH} IGN_GAZEBO_RESOURCE_PATH=/home/echedey/Desktop/TFG/TFGwebots_ws/install/depthai_descriptions:${IGN_GAZEBO_RESOURCE_PATH} LD_LIBRARY_PATH=/home/echedey/Desktop/TFG/TFGwebots_ws/install/depthai_bridge/lib:/home/echedey/Desktop/TFG/TFGwebots_ws/install/depthai_ros_msgs/lib:/home/echedey/Desktop/TFG/TFGwebots_ws/install/depthai_ros_driver/lib:/home/echedey/Desktop/TFG/TFGwebots_ws/install/depthai_filters/lib:/usr/lib/x86_64-linux-gnu/gazebo-11/plugins:/opt/ros/humble/opt/rviz_ogre_vendor/lib:/opt/ros/humble/lib/x86_64-linux-gnu:/opt/ros/humble/lib /usr/bin/cmake --install /home/echedey/Desktop/TFG/TFGwebots_ws/build/depthai_ros_driver
