-- Install configuration: ""
-- Up-to-date: /home/echedey/Desktop/TFG/TFG_ws/install/room3/share/room3//maps
-- Up-to-date: /home/echedey/Desktop/TFG/TFG_ws/install/room3/share/room3//maps/room_with_walls_2
-- Up-to-date: /home/echedey/Desktop/TFG/TFG_ws/install/room3/share/room3//maps/room_with_walls_2/room3
-- Up-to-date: /home/echedey/Desktop/TFG/TFG_ws/install/room3/share/room3//maps/room_with_walls_2/room3/model.config
-- Up-to-date: /home/echedey/Desktop/TFG/TFG_ws/install/room3/share/room3//maps/room_with_walls_2/room3/model.sdf
-- Up-to-date: /home/echedey/Desktop/TFG/TFG_ws/install/room3/share/room3//maps/room_with_walls_2/map_0.1m-px.png
-- Up-to-date: /home/echedey/Desktop/TFG/TFG_ws/install/room3/share/room3//maps/room_with_walls_2/map.yaml
-- Up-to-date: /home/echedey/Desktop/TFG/TFG_ws/install/room3/share/room3//maps/room_with_walls_2/map_0.05m-px.png
-- Up-to-date: /home/echedey/Desktop/TFG/TFG_ws/install/room3/share/room3//launch
-- Installing: /home/echedey/Desktop/TFG/TFG_ws/install/room3/share/room3//launch/turtlebot4_empty.launch.py
-- Installing: /home/echedey/Desktop/TFG/TFG_ws/install/room3/share/room3//launch/build
-- Installing: /home/echedey/Desktop/TFG/TFG_ws/install/room3/share/room3//launch/build/.built_by
-- Installing: /home/echedey/Desktop/TFG/TFG_ws/install/room3/share/room3//launch/build/COLCON_IGNORE
-- Installing: /home/echedey/Desktop/TFG/TFG_ws/install/room3/share/room3//launch/install
-- Installing: /home/echedey/Desktop/TFG/TFG_ws/install/room3/share/room3//launch/install/local_setup.sh
-- Installing: /home/echedey/Desktop/TFG/TFG_ws/install/room3/share/room3//launch/install/setup.sh
-- Installing: /home/echedey/Desktop/TFG/TFG_ws/install/room3/share/room3//launch/install/_local_setup_util_sh.py
-- Installing: /home/echedey/Desktop/TFG/TFG_ws/install/room3/share/room3//launch/install/local_setup.ps1
-- Installing: /home/echedey/Desktop/TFG/TFG_ws/install/room3/share/room3//launch/install/COLCON_IGNORE
-- Installing: /home/echedey/Desktop/TFG/TFG_ws/install/room3/share/room3//launch/install/setup.ps1
-- Installing: /home/echedey/Desktop/TFG/TFG_ws/install/room3/share/room3//launch/install/setup.zsh
-- Installing: /home/echedey/Desktop/TFG/TFG_ws/install/room3/share/room3//launch/install/_local_setup_util_ps1.py
-- Installing: /home/echedey/Desktop/TFG/TFG_ws/install/room3/share/room3//launch/install/.colcon_install_layout
-- Installing: /home/echedey/Desktop/TFG/TFG_ws/install/room3/share/room3//launch/install/local_setup.zsh
-- Installing: /home/echedey/Desktop/TFG/TFG_ws/install/room3/share/room3//launch/install/local_setup.bash
-- Installing: /home/echedey/Desktop/TFG/TFG_ws/install/room3/share/room3//launch/install/setup.bash
-- Installing: /home/echedey/Desktop/TFG/TFG_ws/install/room3/share/room3//launch/room3_sim.launch.py
-- Installing: /home/echedey/Desktop/TFG/TFG_ws/install/room3/share/room3//launch/log
-- Installing: /home/echedey/Desktop/TFG/TFG_ws/install/room3/share/room3//launch/log/latest_build
-- Installing: /home/echedey/Desktop/TFG/TFG_ws/install/room3/share/room3//launch/log/COLCON_IGNORE
-- Installing: /home/echedey/Desktop/TFG/TFG_ws/install/room3/share/room3//launch/log/latest
-- Installing: /home/echedey/Desktop/TFG/TFG_ws/install/room3/share/room3//launch/log/build_2025-04-14_00-38-40
-- Installing: /home/echedey/Desktop/TFG/TFG_ws/install/room3/share/room3//launch/log/build_2025-04-14_00-38-40/events.log
-- Installing: /home/echedey/Desktop/TFG/TFG_ws/install/room3/share/room3//launch/log/build_2025-04-14_00-38-40/logger_all.log
-- Up-to-date: /home/echedey/Desktop/TFG/TFG_ws/install/room3/share/ament_index/resource_index/package_run_dependencies/room3
-- Up-to-date: /home/echedey/Desktop/TFG/TFG_ws/install/room3/share/ament_index/resource_index/parent_prefix_path/room3
-- Up-to-date: /home/echedey/Desktop/TFG/TFG_ws/install/room3/share/room3/environment/ament_prefix_path.sh
-- Up-to-date: /home/echedey/Desktop/TFG/TFG_ws/install/room3/share/room3/environment/ament_prefix_path.dsv
-- Up-to-date: /home/echedey/Desktop/TFG/TFG_ws/install/room3/share/room3/environment/path.sh
-- Up-to-date: /home/echedey/Desktop/TFG/TFG_ws/install/room3/share/room3/environment/path.dsv
-- Up-to-date: /home/echedey/Desktop/TFG/TFG_ws/install/room3/share/room3/local_setup.bash
-- Up-to-date: /home/echedey/Desktop/TFG/TFG_ws/install/room3/share/room3/local_setup.sh
-- Up-to-date: /home/echedey/Desktop/TFG/TFG_ws/install/room3/share/room3/local_setup.zsh
-- Up-to-date: /home/echedey/Desktop/TFG/TFG_ws/install/room3/share/room3/local_setup.dsv
-- Up-to-date: /home/echedey/Desktop/TFG/TFG_ws/install/room3/share/room3/package.dsv
-- Up-to-date: /home/echedey/Desktop/TFG/TFG_ws/install/room3/share/ament_index/resource_index/packages/room3
-- Up-to-date: /home/echedey/Desktop/TFG/TFG_ws/install/room3/share/room3/cmake/room3Config.cmake
-- Up-to-date: /home/echedey/Desktop/TFG/TFG_ws/install/room3/share/room3/cmake/room3Config-version.cmake
-- Up-to-date: /home/echedey/Desktop/TFG/TFG_ws/install/room3/share/room3/package.xml
