[0.019s] Invoking command in '/home/echedey/Desktop/TFG/TFG_ws/build/room3': CMAKE_PREFIX_PATH=${CMAKE_PREFIX_PATH}:/opt/ros/humble /usr/bin/cmake --build /home/echedey/Desktop/TFG/TFG_ws/build/room3 -- -j16 -l16
[0.085s] Invoked command in '/home/echedey/Desktop/TFG/TFG_ws/build/room3' returned '0': CMAKE_PREFIX_PATH=${CMAKE_PREFIX_PATH}:/opt/ros/humble /usr/bin/cmake --build /home/echedey/Desktop/TFG/TFG_ws/build/room3 -- -j16 -l16
[0.103s] Invoking command in '/home/echedey/Desktop/TFG/TFG_ws/build/room3': CMAKE_PREFIX_PATH=${CMAKE_PREFIX_PATH}:/opt/ros/humble /usr/bin/cmake --install /home/echedey/Desktop/TFG/TFG_ws/build/room3
[0.114s] -- Install configuration: ""
[0.114s] -- Up-to-date: /home/echedey/Desktop/TFG/TFG_ws/install/room3/share/room3//maps
[0.115s] -- Up-to-date: /home/echedey/Desktop/TFG/TFG_ws/install/room3/share/room3//maps/room_with_walls_2
[0.115s] -- Up-to-date: /home/echedey/Desktop/TFG/TFG_ws/install/room3/share/room3//maps/room_with_walls_2/room3
[0.115s] -- Up-to-date: /home/echedey/Desktop/TFG/TFG_ws/install/room3/share/room3//maps/room_with_walls_2/room3/model.config
[0.115s] -- Up-to-date: /home/echedey/Desktop/TFG/TFG_ws/install/room3/share/room3//maps/room_with_walls_2/room3/model.sdf
[0.115s] -- Up-to-date: /home/echedey/Desktop/TFG/TFG_ws/install/room3/share/room3//maps/room_with_walls_2/map_0.1m-px.png
[0.116s] -- Up-to-date: /home/echedey/Desktop/TFG/TFG_ws/install/room3/share/room3//maps/room_with_walls_2/map.yaml
[0.116s] -- Up-to-date: /home/echedey/Desktop/TFG/TFG_ws/install/room3/share/room3//maps/room_with_walls_2/map_0.05m-px.png
[0.116s] -- Up-to-date: /home/echedey/Desktop/TFG/TFG_ws/install/room3/share/room3//launch
[0.116s] -- Installing: /home/echedey/Desktop/TFG/TFG_ws/install/room3/share/room3//launch/turtlebot4_empty.launch.py
[0.116s] -- Installing: /home/echedey/Desktop/TFG/TFG_ws/install/room3/share/room3//launch/build
[0.116s] -- Installing: /home/echedey/Desktop/TFG/TFG_ws/install/room3/share/room3//launch/build/.built_by
[0.116s] -- Installing: /home/echedey/Desktop/TFG/TFG_ws/install/room3/share/room3//launch/build/COLCON_IGNORE
[0.116s] -- Installing: /home/echedey/Desktop/TFG/TFG_ws/install/room3/share/room3//launch/install
[0.117s] -- Installing: /home/echedey/Desktop/TFG/TFG_ws/install/room3/share/room3//launch/install/local_setup.sh
[0.117s] -- Installing: /home/echedey/Desktop/TFG/TFG_ws/install/room3/share/room3//launch/install/setup.sh
[0.117s] -- Installing: /home/echedey/Desktop/TFG/TFG_ws/install/room3/share/room3//launch/install/_local_setup_util_sh.py
[0.117s] -- Installing: /home/echedey/Desktop/TFG/TFG_ws/install/room3/share/room3//launch/install/local_setup.ps1
[0.117s] -- Installing: /home/echedey/Desktop/TFG/TFG_ws/install/room3/share/room3//launch/install/COLCON_IGNORE
[0.117s] -- Installing: /home/echedey/Desktop/TFG/TFG_ws/install/room3/share/room3//launch/install/setup.ps1
[0.117s] -- Installing: /home/echedey/Desktop/TFG/TFG_ws/install/room3/share/room3//launch/install/setup.zsh
[0.117s] -- Installing: /home/echedey/Desktop/TFG/TFG_ws/install/room3/share/room3//launch/install/_local_setup_util_ps1.py
[0.117s] -- Installing: /home/echedey/Desktop/TFG/TFG_ws/install/room3/share/room3//launch/install/.colcon_install_layout
[0.117s] -- Installing: /home/echedey/Desktop/TFG/TFG_ws/install/room3/share/room3//launch/install/local_setup.zsh
[0.118s] -- Installing: /home/echedey/Desktop/TFG/TFG_ws/install/room3/share/room3//launch/install/local_setup.bash
[0.118s] -- Installing: /home/echedey/Desktop/TFG/TFG_ws/install/room3/share/room3//launch/install/setup.bash
[0.118s] -- Installing: /home/echedey/Desktop/TFG/TFG_ws/install/room3/share/room3//launch/room3_sim.launch.py
[0.118s] -- Installing: /home/echedey/Desktop/TFG/TFG_ws/install/room3/share/room3//launch/log
[0.118s] -- Installing: /home/echedey/Desktop/TFG/TFG_ws/install/room3/share/room3//launch/log/latest_build
[0.118s] -- Installing: /home/echedey/Desktop/TFG/TFG_ws/install/room3/share/room3//launch/log/COLCON_IGNORE
[0.118s] -- Installing: /home/echedey/Desktop/TFG/TFG_ws/install/room3/share/room3//launch/log/latest
[0.118s] -- Installing: /home/echedey/Desktop/TFG/TFG_ws/install/room3/share/room3//launch/log/build_2025-04-14_00-38-40
[0.118s] -- Installing: /home/echedey/Desktop/TFG/TFG_ws/install/room3/share/room3//launch/log/build_2025-04-14_00-38-40/events.log
[0.118s] -- Installing: /home/echedey/Desktop/TFG/TFG_ws/install/room3/share/room3//launch/log/build_2025-04-14_00-38-40/logger_all.log
[0.119s] -- Up-to-date: /home/echedey/Desktop/TFG/TFG_ws/install/room3/share/ament_index/resource_index/package_run_dependencies/room3
[0.119s] -- Up-to-date: /home/echedey/Desktop/TFG/TFG_ws/install/room3/share/ament_index/resource_index/parent_prefix_path/room3
[0.119s] -- Up-to-date: /home/echedey/Desktop/TFG/TFG_ws/install/room3/share/room3/environment/ament_prefix_path.sh
[0.119s] -- Up-to-date: /home/echedey/Desktop/TFG/TFG_ws/install/room3/share/room3/environment/ament_prefix_path.dsv
[0.119s] -- Up-to-date: /home/echedey/Desktop/TFG/TFG_ws/install/room3/share/room3/environment/path.sh
[0.119s] -- Up-to-date: /home/echedey/Desktop/TFG/TFG_ws/install/room3/share/room3/environment/path.dsv
[0.119s] -- Up-to-date: /home/echedey/Desktop/TFG/TFG_ws/install/room3/share/room3/local_setup.bash
[0.119s] -- Up-to-date: /home/echedey/Desktop/TFG/TFG_ws/install/room3/share/room3/local_setup.sh
[0.119s] -- Up-to-date: /home/echedey/Desktop/TFG/TFG_ws/install/room3/share/room3/local_setup.zsh
[0.120s] -- Up-to-date: /home/echedey/Desktop/TFG/TFG_ws/install/room3/share/room3/local_setup.dsv
[0.120s] -- Up-to-date: /home/echedey/Desktop/TFG/TFG_ws/install/room3/share/room3/package.dsv
[0.120s] -- Up-to-date: /home/echedey/Desktop/TFG/TFG_ws/install/room3/share/ament_index/resource_index/packages/room3
[0.120s] -- Up-to-date: /home/echedey/Desktop/TFG/TFG_ws/install/room3/share/room3/cmake/room3Config.cmake
[0.120s] -- Up-to-date: /home/echedey/Desktop/TFG/TFG_ws/install/room3/share/room3/cmake/room3Config-version.cmake
[0.120s] -- Up-to-date: /home/echedey/Desktop/TFG/TFG_ws/install/room3/share/room3/package.xml
[0.124s] Invoked command in '/home/echedey/Desktop/TFG/TFG_ws/build/room3' returned '0': CMAKE_PREFIX_PATH=${CMAKE_PREFIX_PATH}:/opt/ros/humble /usr/bin/cmake --install /home/echedey/Desktop/TFG/TFG_ws/build/room3
