[0.017s] Invoking command in '/home/echedey/Desktop/TFG/TFGwebots_ws/build/rtabmap_sync': AMENT_PREFIX_PATH=/home/echedey/Desktop/TFG/TFGwebots_ws/install/rtabmap_conversions:/home/echedey/Desktop/TFG/TFGwebots_ws/install/rtabmap_msgs:${AMENT_PREFIX_PATH} CMAKE_PREFIX_PATH=/home/echedey/Desktop/TFG/TFGwebots_ws/install/rtabmap_conversions:/home/echedey/Desktop/TFG/TFGwebots_ws/install/rtabmap_msgs:/home/echedey/Desktop/TFG/TFG_ws/install/turtlebot4_simulator:/home/echedey/Desktop/TFG/TFG_ws/install/turtlebot4_gz_bringup:/home/echedey/Desktop/TFG/TFG_ws/install/turtlebot4_gz_toolbox:/home/echedey/Desktop/TFG/TFG_ws/install/turtlebot4_description:/home/echedey/Desktop/TFG/TFG_ws/install/room3:/opt/ros/humble LD_LIBRARY_PATH=/home/echedey/Desktop/TFG/TFGwebots_ws/install/rtabmap_conversions/lib:/home/echedey/Desktop/TFG/TFGwebots_ws/install/rtabmap_msgs/lib:${LD_LIBRARY_PATH} PYTHONPATH=/home/echedey/Desktop/TFG/TFGwebots_ws/install/rtabmap_msgs/local/lib/python3.10/dist-packages:${PYTHONPATH} /usr/bin/cmake /home/echedey/Desktop/TFG/TFGwebots_ws/src/rtabmap_ros/rtabmap_sync -DCMAKE_INSTALL_PREFIX=/home/echedey/Desktop/TFG/TFGwebots_ws/install/rtabmap_sync
[0.030s] -- Found cv_bridge: 3.2.1 (/opt/ros/humble/share/cv_bridge/cmake)
[0.141s] -- Override CMake install command with custom implementation using symlinks instead of copying resources
[0.176s] -- Found rosidl_generator_c: 3.1.6 (/opt/ros/humble/share/rosidl_generator_c/cmake)
[0.178s] -- Found rosidl_adapter: 3.1.6 (/opt/ros/humble/share/rosidl_adapter/cmake)
[0.183s] -- Found rosidl_generator_cpp: 3.1.6 (/opt/ros/humble/share/rosidl_generator_cpp/cmake)
[0.191s] -- Using all available rosidl_typesupport_c: rosidl_typesupport_fastrtps_c;rosidl_typesupport_introspection_c
[0.202s] -- Using all available rosidl_typesupport_cpp: rosidl_typesupport_fastrtps_cpp;rosidl_typesupport_introspection_cpp
[0.252s] -- Found image_transport: 3.1.11 (/opt/ros/humble/share/image_transport/cmake)
[0.276s] -- Found rmw_implementation_cmake: 6.1.2 (/opt/ros/humble/share/rmw_implementation_cmake/cmake)
[0.277s] -- Found rmw_fastrtps_cpp: 6.2.7 (/opt/ros/humble/share/rmw_fastrtps_cpp/cmake)
[0.394s] -- Using RMW implementation 'rmw_fastrtps_cpp' as default
[0.459s] -- Found nav_msgs: 4.8.0 (/opt/ros/humble/share/nav_msgs/cmake)
[0.475s] -- Found rclcpp_components: 16.0.12 (/opt/ros/humble/share/rclcpp_components/cmake)
[0.489s] -- Found rtabmap_conversions: 0.21.10 (/home/echedey/Desktop/TFG/TFGwebots_ws/install/rtabmap_conversions/share/rtabmap_conversions/cmake)
[0.529s] -- Eigen found (include: /usr/include/eigen3, version: 3.4.0)
[0.562s] -- FLANN found (include: /usr/include, lib: /usr/lib/x86_64-linux-gnu/libflann_cpp.so)
[0.872s] -- OpenNI found (version: 1.5.4.0, include: /usr/include/ni, lib: /usr/lib/libOpenNI.so;libusb::libusb)
[0.880s] -- OpenNI2 found (version: 2.2.0.33, include: /usr/include/openni2, lib: /usr/lib/x86_64-linux-gnu/libOpenNI2.so;libusb::libusb)
[1.032s] -- Eigen found (include: /usr/include/eigen3, version: 3.4.0)
[1.040s] -- OpenNI found (version: 1.5.4.0, include: /usr/include/ni, lib: /usr/lib/libOpenNI.so;libusb::libusb)
[1.048s] -- OpenNI2 found (version: 2.2.0.33, include: /usr/include/openni2, lib: /usr/lib/x86_64-linux-gnu/libOpenNI2.so;libusb::libusb)
[1.189s] -- Found Qhull version 8.0.2
[1.335s] -- OpenNI found (version: 1.5.4.0, include: /usr/include/ni, lib: /usr/lib/libOpenNI.so;libusb::libusb)
[1.565s] -- Ensuring Eigen3 include directory is part of orocos-kdl CMake target
[1.569s] [33mCMake Warning (dev) at /usr/share/cmake-3.22/Modules/CMakeFindDependencyMacro.cmake:47 (find_package):
[1.569s]   Policy CMP0074 is not set: find_package uses <PackageName>_ROOT variables.
[1.569s]   Run "cmake --help-policy CMP0074" for policy details.  Use the cmake_policy
[1.569s]   command to set the policy and suppress this warning.
[1.569s] 
[1.569s]   CMake variable PCL_ROOT is set to:
[1.569s] 
[1.570s]     /usr
[1.570s] 
[1.570s]   For compatibility, CMake is ignoring the variable.
[1.570s] Call Stack (most recent call first):
[1.570s]   /opt/ros/humble/lib/x86_64-linux-gnu/rtabmap-0.21/RTABMapConfig.cmake:7 (find_dependency)
[1.570s]   /home/echedey/Desktop/TFG/TFGwebots_ws/install/rtabmap_conversions/share/rtabmap_conversions/cmake/ament_cmake_export_dependencies-extras.cmake:21 (find_package)
[1.570s]   /home/echedey/Desktop/TFG/TFGwebots_ws/install/rtabmap_conversions/share/rtabmap_conversions/cmake/rtabmap_conversionsConfig.cmake:41 (include)
[1.570s]   CMakeLists.txt:10 (find_package)
[1.570s] This warning is for project developers.  Use -Wno-dev to suppress it.
[1.570s] [0m
[1.585s] -- Found diagnostic_updater: 4.0.2 (/opt/ros/humble/share/diagnostic_updater/cmake)
[1.602s] -- RTABMAP_SYNC_MULTI_RGBD = OFF
[1.602s] -- RTABMAP_SYNC_USER_DATA  = OFF
[1.692s] -- Configuring done
[1.903s] -- Generating done
[1.967s] -- Build files have been written to: /home/echedey/Desktop/TFG/TFGwebots_ws/build/rtabmap_sync
[1.989s] Invoked command in '/home/echedey/Desktop/TFG/TFGwebots_ws/build/rtabmap_sync' returned '0': AMENT_PREFIX_PATH=/home/echedey/Desktop/TFG/TFGwebots_ws/install/rtabmap_conversions:/home/echedey/Desktop/TFG/TFGwebots_ws/install/rtabmap_msgs:${AMENT_PREFIX_PATH} CMAKE_PREFIX_PATH=/home/echedey/Desktop/TFG/TFGwebots_ws/install/rtabmap_conversions:/home/echedey/Desktop/TFG/TFGwebots_ws/install/rtabmap_msgs:/home/echedey/Desktop/TFG/TFG_ws/install/turtlebot4_simulator:/home/echedey/Desktop/TFG/TFG_ws/install/turtlebot4_gz_bringup:/home/echedey/Desktop/TFG/TFG_ws/install/turtlebot4_gz_toolbox:/home/echedey/Desktop/TFG/TFG_ws/install/turtlebot4_description:/home/echedey/Desktop/TFG/TFG_ws/install/room3:/opt/ros/humble LD_LIBRARY_PATH=/home/echedey/Desktop/TFG/TFGwebots_ws/install/rtabmap_conversions/lib:/home/echedey/Desktop/TFG/TFGwebots_ws/install/rtabmap_msgs/lib:${LD_LIBRARY_PATH} PYTHONPATH=/home/echedey/Desktop/TFG/TFGwebots_ws/install/rtabmap_msgs/local/lib/python3.10/dist-packages:${PYTHONPATH} /usr/bin/cmake /home/echedey/Desktop/TFG/TFGwebots_ws/src/rtabmap_ros/rtabmap_sync -DCMAKE_INSTALL_PREFIX=/home/echedey/Desktop/TFG/TFGwebots_ws/install/rtabmap_sync
[1.991s] Invoking command in '/home/echedey/Desktop/TFG/TFGwebots_ws/build/rtabmap_sync': AMENT_PREFIX_PATH=/home/echedey/Desktop/TFG/TFGwebots_ws/install/rtabmap_conversions:/home/echedey/Desktop/TFG/TFGwebots_ws/install/rtabmap_msgs:${AMENT_PREFIX_PATH} CMAKE_PREFIX_PATH=/home/echedey/Desktop/TFG/TFGwebots_ws/install/rtabmap_conversions:/home/echedey/Desktop/TFG/TFGwebots_ws/install/rtabmap_msgs:/home/echedey/Desktop/TFG/TFG_ws/install/turtlebot4_simulator:/home/echedey/Desktop/TFG/TFG_ws/install/turtlebot4_gz_bringup:/home/echedey/Desktop/TFG/TFG_ws/install/turtlebot4_gz_toolbox:/home/echedey/Desktop/TFG/TFG_ws/install/turtlebot4_description:/home/echedey/Desktop/TFG/TFG_ws/install/room3:/opt/ros/humble LD_LIBRARY_PATH=/home/echedey/Desktop/TFG/TFGwebots_ws/install/rtabmap_conversions/lib:/home/echedey/Desktop/TFG/TFGwebots_ws/install/rtabmap_msgs/lib:${LD_LIBRARY_PATH} PYTHONPATH=/home/echedey/Desktop/TFG/TFGwebots_ws/install/rtabmap_msgs/local/lib/python3.10/dist-packages:${PYTHONPATH} /usr/bin/cmake --build /home/echedey/Desktop/TFG/TFGwebots_ws/build/rtabmap_sync -- -j16 -l16
[2.057s] [ 30%] [32mBuilding CXX object CMakeFiles/rtabmap_sync_plugins.dir/src/nodelets/rgb_sync.cpp.o[0m
[2.059s] [ 30%] [32mBuilding CXX object CMakeFiles/rtabmap_sync.dir/src/impl/CommonDataSubscriberStereo.cpp.o[0m
[2.059s] [ 30%] [32mBuilding CXX object CMakeFiles/rtabmap_sync.dir/src/impl/CommonDataSubscriberRGB.cpp.o[0m
[2.059s] [ 34%] [32mBuilding CXX object CMakeFiles/rtabmap_sync.dir/src/impl/CommonDataSubscriberDepth.cpp.o[0m
[2.059s] [ 34%] [32mBuilding CXX object CMakeFiles/rtabmap_sync_plugins.dir/src/nodelets/rgbd_sync.cpp.o[0m
[2.059s] [ 30%] [32mBuilding CXX object CMakeFiles/rtabmap_sync.dir/src/impl/CommonDataSubscriberRGBD.cpp.o[0m
[2.059s] [ 34%] [32mBuilding CXX object CMakeFiles/rtabmap_sync_plugins.dir/src/nodelets/rgbdx_sync.cpp.o[0m
[2.059s] [ 52%] [32mBuilding CXX object CMakeFiles/rtabmap_sync.dir/src/impl/CommonDataSubscriberScan.cpp.o[0m
[2.059s] [ 52%] [32mBuilding CXX object CMakeFiles/rtabmap_sync.dir/src/impl/CommonDataSubscriberOdom.cpp.o[0m
[2.059s] [ 52%] [32mBuilding CXX object CMakeFiles/rtabmap_sync.dir/src/CommonDataSubscriber.cpp.o[0m
[2.059s] [ 52%] [32mBuilding CXX object CMakeFiles/rtabmap_sync_plugins.dir/src/nodelets/stereo_sync.cpp.o[0m
[2.059s] [ 52%] [32mBuilding CXX object CMakeFiles/rtabmap_sync.dir/src/impl/CommonDataSubscriberRGBDX.cpp.o[0m
[2.060s] [ 56%] [32mBuilding CXX object CMakeFiles/rtabmap_sync.dir/src/impl/CommonDataSubscriberSensorData.cpp.o[0m
