[0.849s] Invoking command in '/home/echedey/Desktop/TFG/TFGwebots_ws/build/formas': PYTHONPATH=/home/echedey/Desktop/TFG/TFGwebots_ws/build/formas/prefix_override:/usr/lib/python3/dist-packages/colcon_core/task/python/colcon_distutils_commands:/home/echedey/Desktop/TFG/TFGwebots_ws/install/formas/lib/python3.10/site-packages:${PYTHONPATH} /usr/bin/python3 -W ignore:setup.py install is deprecated -W ignore:easy_install command is deprecated setup.py develop --uninstall --editable --build-directory /home/echedey/Desktop/TFG/TFGwebots_ws/build/formas/build
[1.060s] running develop
[1.200s] Removing /home/echedey/Desktop/TFG/TFGwebots_ws/install/formas/lib/python3.10/site-packages/formas.egg-link (link to .)
[1.236s] Invoked command in '/home/echedey/Desktop/TFG/TFGwebots_ws/build/formas' returned '0': PYTHONPATH=/home/echedey/Desktop/TFG/TFGwebots_ws/build/formas/prefix_override:/usr/lib/python3/dist-packages/colcon_core/task/python/colcon_distutils_commands:/home/echedey/Desktop/TFG/TFGwebots_ws/install/formas/lib/python3.10/site-packages:${PYTHONPATH} /usr/bin/python3 -W ignore:setup.py install is deprecated -W ignore:easy_install command is deprecated setup.py develop --uninstall --editable --build-directory /home/echedey/Desktop/TFG/TFGwebots_ws/build/formas/build
[1.239s] Invoking command in '/home/echedey/Desktop/TFG/TFGwebots_ws/src/formas': PYTHONPATH=/home/echedey/Desktop/TFG/TFGwebots_ws/build/formas/prefix_override:/usr/lib/python3/dist-packages/colcon_core/task/python/colcon_distutils_commands:/home/echedey/Desktop/TFG/TFGwebots_ws/install/formas/lib/python3.10/site-packages:${PYTHONPATH} /usr/bin/python3 -W ignore:setup.py install is deprecated -W ignore:easy_install command is deprecated setup.py egg_info --egg-base ../../build/formas build --build-base /home/echedey/Desktop/TFG/TFGwebots_ws/build/formas/build install --record /home/echedey/Desktop/TFG/TFGwebots_ws/build/formas/install.log --single-version-externally-managed install_data --force
[1.435s] running egg_info
[1.435s] writing ../../build/formas/formas.egg-info/PKG-INFO
[1.435s] writing dependency_links to ../../build/formas/formas.egg-info/dependency_links.txt
[1.436s] writing entry points to ../../build/formas/formas.egg-info/entry_points.txt
[1.436s] writing requirements to ../../build/formas/formas.egg-info/requires.txt
[1.436s] writing top-level names to ../../build/formas/formas.egg-info/top_level.txt
[1.437s] reading manifest file '../../build/formas/formas.egg-info/SOURCES.txt'
[1.447s] writing manifest file '../../build/formas/formas.egg-info/SOURCES.txt'
[1.447s] running build
[1.447s] running build_py
[1.447s] creating /home/echedey/Desktop/TFG/TFGwebots_ws/build/formas/build
[1.447s] creating /home/echedey/Desktop/TFG/TFGwebots_ws/build/formas/build/lib
[1.447s] creating /home/echedey/Desktop/TFG/TFGwebots_ws/build/formas/build/lib/formas
[1.447s] copying formas/__init__.py -> /home/echedey/Desktop/TFG/TFGwebots_ws/build/formas/build/lib/formas
[1.447s] copying formas/cuadrado.py -> /home/echedey/Desktop/TFG/TFGwebots_ws/build/formas/build/lib/formas
[1.447s] running install
[1.447s] running install_lib
[1.448s] creating /home/echedey/Desktop/TFG/TFGwebots_ws/install/formas/lib/python3.10/site-packages/formas
[1.448s] copying /home/echedey/Desktop/TFG/TFGwebots_ws/build/formas/build/lib/formas/__init__.py -> /home/echedey/Desktop/TFG/TFGwebots_ws/install/formas/lib/python3.10/site-packages/formas
[1.448s] copying /home/echedey/Desktop/TFG/TFGwebots_ws/build/formas/build/lib/formas/cuadrado.py -> /home/echedey/Desktop/TFG/TFGwebots_ws/install/formas/lib/python3.10/site-packages/formas
[1.449s] byte-compiling /home/echedey/Desktop/TFG/TFGwebots_ws/install/formas/lib/python3.10/site-packages/formas/__init__.py to __init__.cpython-310.pyc
[1.449s] byte-compiling /home/echedey/Desktop/TFG/TFGwebots_ws/install/formas/lib/python3.10/site-packages/formas/cuadrado.py to cuadrado.cpython-310.pyc
[1.449s] running install_data
[1.449s] copying resource/formas -> /home/echedey/Desktop/TFG/TFGwebots_ws/install/formas/share/ament_index/resource_index/packages
[1.450s] copying package.xml -> /home/echedey/Desktop/TFG/TFGwebots_ws/install/formas/share/formas
[1.450s] running install_egg_info
[1.452s] Copying ../../build/formas/formas.egg-info to /home/echedey/Desktop/TFG/TFGwebots_ws/install/formas/lib/python3.10/site-packages/formas-0.0.0-py3.10.egg-info
[1.453s] running install_scripts
[1.470s] Installing cuadrado script to /home/echedey/Desktop/TFG/TFGwebots_ws/install/formas/lib/formas
[1.470s] writing list of installed files to '/home/echedey/Desktop/TFG/TFGwebots_ws/build/formas/install.log'
[1.501s] Invoked command in '/home/echedey/Desktop/TFG/TFGwebots_ws/src/formas' returned '0': PYTHONPATH=/home/echedey/Desktop/TFG/TFGwebots_ws/build/formas/prefix_override:/usr/lib/python3/dist-packages/colcon_core/task/python/colcon_distutils_commands:/home/echedey/Desktop/TFG/TFGwebots_ws/install/formas/lib/python3.10/site-packages:${PYTHONPATH} /usr/bin/python3 -W ignore:setup.py install is deprecated -W ignore:easy_install command is deprecated setup.py egg_info --egg-base ../../build/formas build --build-base /home/echedey/Desktop/TFG/TFGwebots_ws/build/formas/build install --record /home/echedey/Desktop/TFG/TFGwebots_ws/build/formas/install.log --single-version-externally-managed install_data --force
