[0.027s] Invoking command in '/home/echedey/Desktop/TFG/TFG_ws/build/turtlebot4_custom_description': CMAKE_PREFIX_PATH=/home/echedey/Desktop/TFG/TFG_ws/install/turtlebot4_sim:/home/echedey/Desktop/TFG/TFG_ws/install/room3:/opt/ros/humble /usr/bin/cmake /home/echedey/Desktop/TFG/TFG_ws/src/turtlebot4_custom_description -DCMAKE_INSTALL_PREFIX=/home/echedey/Desktop/TFG/TFG_ws/install/turtlebot4_custom_description
[0.182s] -- The C compiler identification is GNU 11.4.0
[0.305s] -- The CXX compiler identification is GNU 11.4.0
[0.319s] -- Detecting C compiler ABI info
[0.425s] -- Detecting C compiler ABI info - done
[0.434s] -- Check for working C compiler: /usr/bin/cc - skipped
[0.435s] -- Detecting C compile features
[0.435s] -- Detecting C compile features - done
[0.440s] -- Detecting CXX compiler ABI info
[0.564s] -- Detecting CXX compiler ABI info - done
[0.574s] -- Check for working CXX compiler: /usr/bin/c++ - skipped
[0.574s] -- Detecting CXX compile features
[0.574s] -- Detecting CXX compile features - done
[0.580s] -- Found ament_cmake: 1.3.11 (/opt/ros/humble/share/ament_cmake/cmake)
[0.775s] -- Found Python3: /usr/bin/python3 (found version "3.10.12") found components: Interpreter 
[0.924s] -- Found ament_lint_auto: 0.12.12 (/opt/ros/humble/share/ament_lint_auto/cmake)
[1.034s] -- Added test 'lint_cmake' to check CMake code style
[1.037s] -- Added test 'xmllint' to check XML markup files
[1.039s] -- Configuring done
[1.043s] -- Generating done
[1.045s] -- Build files have been written to: /home/echedey/Desktop/TFG/TFG_ws/build/turtlebot4_custom_description
[1.053s] Invoked command in '/home/echedey/Desktop/TFG/TFG_ws/build/turtlebot4_custom_description' returned '0': CMAKE_PREFIX_PATH=/home/echedey/Desktop/TFG/TFG_ws/install/turtlebot4_sim:/home/echedey/Desktop/TFG/TFG_ws/install/room3:/opt/ros/humble /usr/bin/cmake /home/echedey/Desktop/TFG/TFG_ws/src/turtlebot4_custom_description -DCMAKE_INSTALL_PREFIX=/home/echedey/Desktop/TFG/TFG_ws/install/turtlebot4_custom_description
[1.054s] Invoking command in '/home/echedey/Desktop/TFG/TFG_ws/build/turtlebot4_custom_description': CMAKE_PREFIX_PATH=/home/echedey/Desktop/TFG/TFG_ws/install/turtlebot4_sim:/home/echedey/Desktop/TFG/TFG_ws/install/room3:/opt/ros/humble /usr/bin/cmake --build /home/echedey/Desktop/TFG/TFG_ws/build/turtlebot4_custom_description -- -j16 -l16
[1.113s] Invoked command in '/home/echedey/Desktop/TFG/TFG_ws/build/turtlebot4_custom_description' returned '0': CMAKE_PREFIX_PATH=/home/echedey/Desktop/TFG/TFG_ws/install/turtlebot4_sim:/home/echedey/Desktop/TFG/TFG_ws/install/room3:/opt/ros/humble /usr/bin/cmake --build /home/echedey/Desktop/TFG/TFG_ws/build/turtlebot4_custom_description -- -j16 -l16
[1.128s] Invoking command in '/home/echedey/Desktop/TFG/TFG_ws/build/turtlebot4_custom_description': CMAKE_PREFIX_PATH=/home/echedey/Desktop/TFG/TFG_ws/install/turtlebot4_sim:/home/echedey/Desktop/TFG/TFG_ws/install/room3:/opt/ros/humble /usr/bin/cmake --install /home/echedey/Desktop/TFG/TFG_ws/build/turtlebot4_custom_description
[1.139s] -- Install configuration: ""
[1.139s] -- Installing: /home/echedey/Desktop/TFG/TFG_ws/install/turtlebot4_custom_description/share/ament_index/resource_index/package_run_dependencies/turtlebot4_custom_description
[1.139s] -- Installing: /home/echedey/Desktop/TFG/TFG_ws/install/turtlebot4_custom_description/share/ament_index/resource_index/parent_prefix_path/turtlebot4_custom_description
[1.140s] -- Installing: /home/echedey/Desktop/TFG/TFG_ws/install/turtlebot4_custom_description/share/turtlebot4_custom_description/environment/ament_prefix_path.sh
[1.140s] -- Installing: /home/echedey/Desktop/TFG/TFG_ws/install/turtlebot4_custom_description/share/turtlebot4_custom_description/environment/ament_prefix_path.dsv
[1.140s] -- Installing: /home/echedey/Desktop/TFG/TFG_ws/install/turtlebot4_custom_description/share/turtlebot4_custom_description/environment/path.sh
[1.140s] -- Installing: /home/echedey/Desktop/TFG/TFG_ws/install/turtlebot4_custom_description/share/turtlebot4_custom_description/environment/path.dsv
[1.140s] -- Installing: /home/echedey/Desktop/TFG/TFG_ws/install/turtlebot4_custom_description/share/turtlebot4_custom_description/local_setup.bash
[1.141s] -- Installing: /home/echedey/Desktop/TFG/TFG_ws/install/turtlebot4_custom_description/share/turtlebot4_custom_description/local_setup.sh
[1.141s] -- Installing: /home/echedey/Desktop/TFG/TFG_ws/install/turtlebot4_custom_description/share/turtlebot4_custom_description/local_setup.zsh
[1.141s] -- Installing: /home/echedey/Desktop/TFG/TFG_ws/install/turtlebot4_custom_description/share/turtlebot4_custom_description/local_setup.dsv
[1.141s] -- Installing: /home/echedey/Desktop/TFG/TFG_ws/install/turtlebot4_custom_description/share/turtlebot4_custom_description/package.dsv
[1.142s] -- Installing: /home/echedey/Desktop/TFG/TFG_ws/install/turtlebot4_custom_description/share/ament_index/resource_index/packages/turtlebot4_custom_description
[1.142s] -- Installing: /home/echedey/Desktop/TFG/TFG_ws/install/turtlebot4_custom_description/share/turtlebot4_custom_description/cmake/turtlebot4_custom_descriptionConfig.cmake
[1.142s] -- Installing: /home/echedey/Desktop/TFG/TFG_ws/install/turtlebot4_custom_description/share/turtlebot4_custom_description/cmake/turtlebot4_custom_descriptionConfig-version.cmake
[1.142s] -- Installing: /home/echedey/Desktop/TFG/TFG_ws/install/turtlebot4_custom_description/share/turtlebot4_custom_description/package.xml
[1.146s] Invoked command in '/home/echedey/Desktop/TFG/TFG_ws/build/turtlebot4_custom_description' returned '0': CMAKE_PREFIX_PATH=/home/echedey/Desktop/TFG/TFG_ws/install/turtlebot4_sim:/home/echedey/Desktop/TFG/TFG_ws/install/room3:/opt/ros/humble /usr/bin/cmake --install /home/echedey/Desktop/TFG/TFG_ws/build/turtlebot4_custom_description
