[0.019s] Invoking command in '/home/echedey/Desktop/TFG/TFG_ws/build/turtlebot4_description': CMAKE_PREFIX_PATH=${CMAKE_PREFIX_PATH}:/opt/ros/humble /usr/bin/cmake --build /home/echedey/Desktop/TFG/TFG_ws/build/turtlebot4_description -- -j16 -l16
[0.110s] Invoked command in '/home/echedey/Desktop/TFG/TFG_ws/build/turtlebot4_description' returned '0': CMAKE_PREFIX_PATH=${CMAKE_PREFIX_PATH}:/opt/ros/humble /usr/bin/cmake --build /home/echedey/Desktop/TFG/TFG_ws/build/turtlebot4_description -- -j16 -l16
[0.127s] Invoking command in '/home/echedey/Desktop/TFG/TFG_ws/build/turtlebot4_description': CMAKE_PREFIX_PATH=${CMAKE_PREFIX_PATH}:/opt/ros/humble /usr/bin/cmake --install /home/echedey/Desktop/TFG/TFG_ws/build/turtlebot4_description
[0.138s] -- Install configuration: ""
[0.138s] -- Up-to-date: /home/echedey/Desktop/TFG/TFG_ws/install/turtlebot4_description/share/turtlebot4_description/launch
[0.139s] -- Up-to-date: /home/echedey/Desktop/TFG/TFG_ws/install/turtlebot4_description/share/turtlebot4_description/launch/robot_description.launch.py
[0.139s] -- Up-to-date: /home/echedey/Desktop/TFG/TFG_ws/install/turtlebot4_description/share/turtlebot4_description/meshes
[0.139s] -- Up-to-date: /home/echedey/Desktop/TFG/TFG_ws/install/turtlebot4_description/share/turtlebot4_description/meshes/tower.dae
[0.139s] -- Up-to-date: /home/echedey/Desktop/TFG/TFG_ws/install/turtlebot4_description/share/turtlebot4_description/meshes/shell_collision.dae
[0.140s] -- Up-to-date: /home/echedey/Desktop/TFG/TFG_ws/install/turtlebot4_description/share/turtlebot4_description/meshes/weight_block.dae
[0.140s] -- Up-to-date: /home/echedey/Desktop/TFG/TFG_ws/install/turtlebot4_description/share/turtlebot4_description/meshes/tower_sensor_plate.dae
[0.140s] -- Up-to-date: /home/echedey/Desktop/TFG/TFG_ws/install/turtlebot4_description/share/turtlebot4_description/meshes/rplidar.dae
[0.140s] -- Up-to-date: /home/echedey/Desktop/TFG/TFG_ws/install/turtlebot4_description/share/turtlebot4_description/meshes/oakd_lite.dae
[0.140s] -- Up-to-date: /home/echedey/Desktop/TFG/TFG_ws/install/turtlebot4_description/share/turtlebot4_description/meshes/oakd_pro.dae
[0.140s] -- Up-to-date: /home/echedey/Desktop/TFG/TFG_ws/install/turtlebot4_description/share/turtlebot4_description/meshes/camera_bracket.dae
[0.140s] -- Up-to-date: /home/echedey/Desktop/TFG/TFG_ws/install/turtlebot4_description/share/turtlebot4_description/meshes/tower_standoff.dae
[0.140s] -- Up-to-date: /home/echedey/Desktop/TFG/TFG_ws/install/turtlebot4_description/share/turtlebot4_description/meshes/shell.dae
[0.140s] -- Up-to-date: /home/echedey/Desktop/TFG/TFG_ws/install/turtlebot4_description/share/turtlebot4_description/urdf
[0.140s] -- Up-to-date: /home/echedey/Desktop/TFG/TFG_ws/install/turtlebot4_description/share/turtlebot4_description/urdf/standard
[0.140s] -- Up-to-date: /home/echedey/Desktop/TFG/TFG_ws/install/turtlebot4_description/share/turtlebot4_description/urdf/standard/turtlebot4.urdf.xacro
[0.141s] -- Up-to-date: /home/echedey/Desktop/TFG/TFG_ws/install/turtlebot4_description/share/turtlebot4_description/urdf/standard/tower_standoff.urdf.xacro
[0.141s] -- Up-to-date: /home/echedey/Desktop/TFG/TFG_ws/install/turtlebot4_description/share/turtlebot4_description/urdf/standard/weight_block.urdf.xacro
[0.141s] -- Up-to-date: /home/echedey/Desktop/TFG/TFG_ws/install/turtlebot4_description/share/turtlebot4_description/urdf/standard/tower_sensor_plate.urdf.xacro
[0.141s] -- Up-to-date: /home/echedey/Desktop/TFG/TFG_ws/install/turtlebot4_description/share/turtlebot4_description/urdf/sensors
[0.141s] -- Up-to-date: /home/echedey/Desktop/TFG/TFG_ws/install/turtlebot4_description/share/turtlebot4_description/urdf/sensors/camera_bracket.urdf.xacro
[0.141s] -- Up-to-date: /home/echedey/Desktop/TFG/TFG_ws/install/turtlebot4_description/share/turtlebot4_description/urdf/sensors/rplidar.urdf.xacro
[0.141s] -- Up-to-date: /home/echedey/Desktop/TFG/TFG_ws/install/turtlebot4_description/share/turtlebot4_description/urdf/sensors/oakd.urdf.xacro
[0.141s] -- Up-to-date: /home/echedey/Desktop/TFG/TFG_ws/install/turtlebot4_description/share/turtlebot4_description/urdf/lite
[0.141s] -- Up-to-date: /home/echedey/Desktop/TFG/TFG_ws/install/turtlebot4_description/share/turtlebot4_description/urdf/lite/turtlebot4.urdf.xacro
[0.141s] -- Up-to-date: /home/echedey/Desktop/TFG/TFG_ws/install/turtlebot4_description/share/ament_index/resource_index/package_run_dependencies/turtlebot4_description
[0.141s] -- Up-to-date: /home/echedey/Desktop/TFG/TFG_ws/install/turtlebot4_description/share/ament_index/resource_index/parent_prefix_path/turtlebot4_description
[0.141s] -- Up-to-date: /home/echedey/Desktop/TFG/TFG_ws/install/turtlebot4_description/share/turtlebot4_description/environment/ament_prefix_path.sh
[0.141s] -- Up-to-date: /home/echedey/Desktop/TFG/TFG_ws/install/turtlebot4_description/share/turtlebot4_description/environment/ament_prefix_path.dsv
[0.142s] -- Up-to-date: /home/echedey/Desktop/TFG/TFG_ws/install/turtlebot4_description/share/turtlebot4_description/environment/path.sh
[0.142s] -- Up-to-date: /home/echedey/Desktop/TFG/TFG_ws/install/turtlebot4_description/share/turtlebot4_description/environment/path.dsv
[0.142s] -- Up-to-date: /home/echedey/Desktop/TFG/TFG_ws/install/turtlebot4_description/share/turtlebot4_description/local_setup.bash
[0.142s] -- Up-to-date: /home/echedey/Desktop/TFG/TFG_ws/install/turtlebot4_description/share/turtlebot4_description/local_setup.sh
[0.142s] -- Up-to-date: /home/echedey/Desktop/TFG/TFG_ws/install/turtlebot4_description/share/turtlebot4_description/local_setup.zsh
[0.142s] -- Up-to-date: /home/echedey/Desktop/TFG/TFG_ws/install/turtlebot4_description/share/turtlebot4_description/local_setup.dsv
[0.142s] -- Up-to-date: /home/echedey/Desktop/TFG/TFG_ws/install/turtlebot4_description/share/turtlebot4_description/package.dsv
[0.142s] -- Up-to-date: /home/echedey/Desktop/TFG/TFG_ws/install/turtlebot4_description/share/ament_index/resource_index/packages/turtlebot4_description
[0.142s] -- Up-to-date: /home/echedey/Desktop/TFG/TFG_ws/install/turtlebot4_description/share/turtlebot4_description/cmake/turtlebot4_descriptionConfig.cmake
[0.142s] -- Up-to-date: /home/echedey/Desktop/TFG/TFG_ws/install/turtlebot4_description/share/turtlebot4_description/cmake/turtlebot4_descriptionConfig-version.cmake
[0.142s] -- Up-to-date: /home/echedey/Desktop/TFG/TFG_ws/install/turtlebot4_description/share/turtlebot4_description/package.xml
[0.145s] Invoked command in '/home/echedey/Desktop/TFG/TFG_ws/build/turtlebot4_description' returned '0': CMAKE_PREFIX_PATH=${CMAKE_PREFIX_PATH}:/opt/ros/humble /usr/bin/cmake --install /home/echedey/Desktop/TFG/TFG_ws/build/turtlebot4_description
