[0.013s] Invoking command in '/home/echedey/Desktop/TFG/TFGwebots_ws/build/depthai_bridge': CMAKE_PREFIX_PATH=/home/echedey/Desktop/TFG/TFGwebots_ws/install/depthai_ros_msgs:/home/echedey/Desktop/TFG/TFGwebots_ws/install/depthai-ros:/home/echedey/Desktop/TFG/TFGwebots_ws/install/depthai_ros_driver:/home/echedey/Desktop/TFG/TFGwebots_ws/install/depthai_filters:/home/echedey/Desktop/TFG/TFGwebots_ws/install/depthai_examples:/home/echedey/Desktop/TFG/TFGwebots_ws/install/depthai_bridge:/home/echedey/Desktop/TFG/TFGwebots_ws/install/depthai_descriptions:/home/echedey/Desktop/TFG/TFGwebots_ws/install/tb4_sim:/home/echedey/Desktop/TFG/TFGwebots_ws/install/formas:/opt/ros/humble LD_LIBRARY_PATH=/home/echedey/Desktop/TFG/TFGwebots_ws/install/depthai_ros_msgs/lib:/home/echedey/Desktop/TFG/TFGwebots_ws/install/depthai_ros_driver/lib:/home/echedey/Desktop/TFG/TFGwebots_ws/install/depthai_filters/lib:/home/echedey/Desktop/TFG/TFGwebots_ws/install/depthai_bridge/lib:/usr/lib/x86_64-linux-gnu/gazebo-11/plugins:/opt/ros/humble/opt/rviz_ogre_vendor/lib:/opt/ros/humble/lib/x86_64-linux-gnu:/opt/ros/humble/lib /usr/bin/cmake /home/echedey/Desktop/TFG/TFGwebots_ws/src/depthai-ros/depthai_bridge -DAMENT_CMAKE_SYMLINK_INSTALL=1 -DCMAKE_INSTALL_PREFIX=/home/echedey/Desktop/TFG/TFGwebots_ws/install/depthai_bridge
[0.084s] -- The CXX compiler identification is GNU 11.4.0
[0.135s] -- The C compiler identification is GNU 11.4.0
[0.144s] -- Detecting CXX compiler ABI info
[0.233s] -- Detecting CXX compiler ABI info - done
[0.239s] -- Check for working CXX compiler: /usr/bin/c++ - skipped
[0.239s] -- Detecting CXX compile features
[0.239s] -- Detecting CXX compile features - done
[0.242s] -- Detecting C compiler ABI info
[0.320s] -- Detecting C compiler ABI info - done
[0.326s] -- Check for working C compiler: /usr/bin/cc - skipped
[0.326s] -- Detecting C compile features
[0.326s] -- Detecting C compile features - done
[0.336s] -- ------------------------------------------
[0.336s] -- Depthai Bridge is being built using AMENT.
[0.336s] -- ------------------------------------------
[0.339s] -- Found ament_index_cpp: 1.4.0 (/opt/ros/humble/share/ament_index_cpp/cmake)
[0.342s] -- Found camera_info_manager: 3.1.11 (/opt/ros/humble/share/camera_info_manager/cmake)
[0.482s] -- Found Python3: /usr/bin/python3 (found version "3.10.12") found components: Interpreter 
[0.550s] -- Override CMake install command with custom implementation using symlinks instead of copying resources
[0.640s] -- Found rosidl_generator_c: 3.1.6 (/opt/ros/humble/share/rosidl_generator_c/cmake)
[0.646s] -- Found rosidl_adapter: 3.1.6 (/opt/ros/humble/share/rosidl_adapter/cmake)
[0.655s] -- Found rosidl_generator_cpp: 3.1.6 (/opt/ros/humble/share/rosidl_generator_cpp/cmake)
[0.667s] -- Using all available rosidl_typesupport_c: rosidl_typesupport_fastrtps_c;rosidl_typesupport_introspection_c
[0.684s] -- Using all available rosidl_typesupport_cpp: rosidl_typesupport_fastrtps_cpp;rosidl_typesupport_introspection_cpp
[0.753s] -- Found rmw_implementation_cmake: 6.1.2 (/opt/ros/humble/share/rmw_implementation_cmake/cmake)
[0.757s] -- Found rmw_fastrtps_cpp: 6.2.7 (/opt/ros/humble/share/rmw_fastrtps_cpp/cmake)
[0.890s] -- Found OpenSSL: /usr/lib/x86_64-linux-gnu/libcrypto.so (found version "3.0.2")  
[0.923s] -- Found FastRTPS: /opt/ros/humble/include  
[0.974s] -- Using RMW implementation 'rmw_fastrtps_cpp' as default
[0.987s] -- Looking for pthread.h
[1.068s] -- Looking for pthread.h - found
[1.068s] -- Performing Test CMAKE_HAVE_LIBC_PTHREAD
[1.152s] -- Performing Test CMAKE_HAVE_LIBC_PTHREAD - Success
[1.153s] -- Found Threads: TRUE  
[1.247s] -- Found cv_bridge: 3.2.1 (/opt/ros/humble/share/cv_bridge/cmake)
[1.249s] -- Found depthai_ros_msgs: 2.11.2 (/home/echedey/Desktop/TFG/TFGwebots_ws/install/depthai_ros_msgs/share/depthai_ros_msgs/cmake)
[1.299s] -- Found image_transport: 3.1.11 (/opt/ros/humble/share/image_transport/cmake)
[1.343s] -- Found stereo_msgs: 4.8.0 (/opt/ros/humble/share/stereo_msgs/cmake)
[1.362s] -- Found tf2_ros: 0.25.12 (/opt/ros/humble/share/tf2_ros/cmake)
[1.459s] -- Found tf2_geometry_msgs: 0.25.12 (/opt/ros/humble/share/tf2_geometry_msgs/cmake)
[1.480s] -- Found eigen3_cmake_module: 0.1.1 (/opt/ros/humble/share/eigen3_cmake_module/cmake)
[1.481s] -- Found Eigen3: TRUE (found version "3.4.0") 
[1.481s] -- Ensuring Eigen3 include directory is part of orocos-kdl CMake target
[1.485s] -- Found ffmpeg_image_transport_msgs: 1.1.2 (/opt/ros/humble/share/ffmpeg_image_transport_msgs/cmake)
[1.555s] -- --------------------------humble ---
[1.555s] -- humble
[1.733s] -- Configuring done
[1.798s] -- Generating done
[1.806s] -- Build files have been written to: /home/echedey/Desktop/TFG/TFGwebots_ws/build/depthai_bridge
[1.839s] Invoked command in '/home/echedey/Desktop/TFG/TFGwebots_ws/build/depthai_bridge' returned '0': CMAKE_PREFIX_PATH=/home/echedey/Desktop/TFG/TFGwebots_ws/install/depthai_ros_msgs:/home/echedey/Desktop/TFG/TFGwebots_ws/install/depthai-ros:/home/echedey/Desktop/TFG/TFGwebots_ws/install/depthai_ros_driver:/home/echedey/Desktop/TFG/TFGwebots_ws/install/depthai_filters:/home/echedey/Desktop/TFG/TFGwebots_ws/install/depthai_examples:/home/echedey/Desktop/TFG/TFGwebots_ws/install/depthai_bridge:/home/echedey/Desktop/TFG/TFGwebots_ws/install/depthai_descriptions:/home/echedey/Desktop/TFG/TFGwebots_ws/install/tb4_sim:/home/echedey/Desktop/TFG/TFGwebots_ws/install/formas:/opt/ros/humble LD_LIBRARY_PATH=/home/echedey/Desktop/TFG/TFGwebots_ws/install/depthai_ros_msgs/lib:/home/echedey/Desktop/TFG/TFGwebots_ws/install/depthai_ros_driver/lib:/home/echedey/Desktop/TFG/TFGwebots_ws/install/depthai_filters/lib:/home/echedey/Desktop/TFG/TFGwebots_ws/install/depthai_bridge/lib:/usr/lib/x86_64-linux-gnu/gazebo-11/plugins:/opt/ros/humble/opt/rviz_ogre_vendor/lib:/opt/ros/humble/lib/x86_64-linux-gnu:/opt/ros/humble/lib /usr/bin/cmake /home/echedey/Desktop/TFG/TFGwebots_ws/src/depthai-ros/depthai_bridge -DAMENT_CMAKE_SYMLINK_INSTALL=1 -DCMAKE_INSTALL_PREFIX=/home/echedey/Desktop/TFG/TFGwebots_ws/install/depthai_bridge
[1.842s] Invoking command in '/home/echedey/Desktop/TFG/TFGwebots_ws/build/depthai_bridge': CMAKE_PREFIX_PATH=/home/echedey/Desktop/TFG/TFGwebots_ws/install/depthai_ros_msgs:/home/echedey/Desktop/TFG/TFGwebots_ws/install/depthai-ros:/home/echedey/Desktop/TFG/TFGwebots_ws/install/depthai_ros_driver:/home/echedey/Desktop/TFG/TFGwebots_ws/install/depthai_filters:/home/echedey/Desktop/TFG/TFGwebots_ws/install/depthai_examples:/home/echedey/Desktop/TFG/TFGwebots_ws/install/depthai_bridge:/home/echedey/Desktop/TFG/TFGwebots_ws/install/depthai_descriptions:/home/echedey/Desktop/TFG/TFGwebots_ws/install/tb4_sim:/home/echedey/Desktop/TFG/TFGwebots_ws/install/formas:/opt/ros/humble LD_LIBRARY_PATH=/home/echedey/Desktop/TFG/TFGwebots_ws/install/depthai_ros_msgs/lib:/home/echedey/Desktop/TFG/TFGwebots_ws/install/depthai_ros_driver/lib:/home/echedey/Desktop/TFG/TFGwebots_ws/install/depthai_filters/lib:/home/echedey/Desktop/TFG/TFGwebots_ws/install/depthai_bridge/lib:/usr/lib/x86_64-linux-gnu/gazebo-11/plugins:/opt/ros/humble/opt/rviz_ogre_vendor/lib:/opt/ros/humble/lib/x86_64-linux-gnu:/opt/ros/humble/lib /usr/bin/cmake --build /home/echedey/Desktop/TFG/TFGwebots_ws/build/depthai_bridge -- -j16 -l16
[2.002s] [ 20%] [32mBuilding CXX object CMakeFiles/depthai_bridge.dir/src/ImgDetectionConverter.cpp.o[0m
[2.003s] [ 20%] [32mBuilding CXX object CMakeFiles/depthai_bridge.dir/src/DisparityConverter.cpp.o[0m
[2.003s] [ 30%] [32mBuilding CXX object CMakeFiles/depthai_bridge.dir/src/TFPublisher.cpp.o[0m
[2.003s] [ 40%] [32mBuilding CXX object CMakeFiles/depthai_bridge.dir/src/ImuConverter.cpp.o[0m
[2.007s] [ 50%] [32mBuilding CXX object CMakeFiles/depthai_bridge.dir/src/ImageConverter.cpp.o[0m
[2.007s] [ 60%] [32mBuilding CXX object CMakeFiles/depthai_bridge.dir/src/TrackDetectionConverter.cpp.o[0m
[2.007s] [ 70%] [32mBuilding CXX object CMakeFiles/depthai_bridge.dir/src/SpatialDetectionConverter.cpp.o[0m
[2.007s] [ 80%] [32mBuilding CXX object CMakeFiles/depthai_bridge.dir/src/TrackSpatialDetectionConverter.cpp.o[0m
[2.016s] [ 90%] [32mBuilding CXX object CMakeFiles/depthai_bridge.dir/src/TrackedFeaturesConverter.cpp.o[0m
[21.650s] [100%] [32m[1mLinking CXX shared library libdepthai_bridge.so[0m
[22.787s] [100%] Built target depthai_bridge
[22.805s] Invoked command in '/home/echedey/Desktop/TFG/TFGwebots_ws/build/depthai_bridge' returned '0': CMAKE_PREFIX_PATH=/home/echedey/Desktop/TFG/TFGwebots_ws/install/depthai_ros_msgs:/home/echedey/Desktop/TFG/TFGwebots_ws/install/depthai-ros:/home/echedey/Desktop/TFG/TFGwebots_ws/install/depthai_ros_driver:/home/echedey/Desktop/TFG/TFGwebots_ws/install/depthai_filters:/home/echedey/Desktop/TFG/TFGwebots_ws/install/depthai_examples:/home/echedey/Desktop/TFG/TFGwebots_ws/install/depthai_bridge:/home/echedey/Desktop/TFG/TFGwebots_ws/install/depthai_descriptions:/home/echedey/Desktop/TFG/TFGwebots_ws/install/tb4_sim:/home/echedey/Desktop/TFG/TFGwebots_ws/install/formas:/opt/ros/humble LD_LIBRARY_PATH=/home/echedey/Desktop/TFG/TFGwebots_ws/install/depthai_ros_msgs/lib:/home/echedey/Desktop/TFG/TFGwebots_ws/install/depthai_ros_driver/lib:/home/echedey/Desktop/TFG/TFGwebots_ws/install/depthai_filters/lib:/home/echedey/Desktop/TFG/TFGwebots_ws/install/depthai_bridge/lib:/usr/lib/x86_64-linux-gnu/gazebo-11/plugins:/opt/ros/humble/opt/rviz_ogre_vendor/lib:/opt/ros/humble/lib/x86_64-linux-gnu:/opt/ros/humble/lib /usr/bin/cmake --build /home/echedey/Desktop/TFG/TFGwebots_ws/build/depthai_bridge -- -j16 -l16
[22.807s] Invoking command in '/home/echedey/Desktop/TFG/TFGwebots_ws/build/depthai_bridge': CMAKE_PREFIX_PATH=/home/echedey/Desktop/TFG/TFGwebots_ws/install/depthai_ros_msgs:/home/echedey/Desktop/TFG/TFGwebots_ws/install/depthai-ros:/home/echedey/Desktop/TFG/TFGwebots_ws/install/depthai_ros_driver:/home/echedey/Desktop/TFG/TFGwebots_ws/install/depthai_filters:/home/echedey/Desktop/TFG/TFGwebots_ws/install/depthai_examples:/home/echedey/Desktop/TFG/TFGwebots_ws/install/depthai_bridge:/home/echedey/Desktop/TFG/TFGwebots_ws/install/depthai_descriptions:/home/echedey/Desktop/TFG/TFGwebots_ws/install/tb4_sim:/home/echedey/Desktop/TFG/TFGwebots_ws/install/formas:/opt/ros/humble LD_LIBRARY_PATH=/home/echedey/Desktop/TFG/TFGwebots_ws/install/depthai_ros_msgs/lib:/home/echedey/Desktop/TFG/TFGwebots_ws/install/depthai_ros_driver/lib:/home/echedey/Desktop/TFG/TFGwebots_ws/install/depthai_filters/lib:/home/echedey/Desktop/TFG/TFGwebots_ws/install/depthai_bridge/lib:/usr/lib/x86_64-linux-gnu/gazebo-11/plugins:/opt/ros/humble/opt/rviz_ogre_vendor/lib:/opt/ros/humble/lib/x86_64-linux-gnu:/opt/ros/humble/lib /usr/bin/cmake --install /home/echedey/Desktop/TFG/TFGwebots_ws/build/depthai_bridge
[22.816s] -- Install configuration: ""
[22.817s] -- Execute custom install script
[22.817s] -- Symlinking: /home/echedey/Desktop/TFG/TFGwebots_ws/install/depthai_bridge/share/depthai_bridge/environment/library_path.sh
[22.829s] -- Symlinking: /home/echedey/Desktop/TFG/TFGwebots_ws/install/depthai_bridge/share/depthai_bridge/environment/library_path.dsv
[22.842s] -- Symlinking: /home/echedey/Desktop/TFG/TFGwebots_ws/install/depthai_bridge/include//depthai_bridge/BridgePublisher.hpp
[22.853s] -- Symlinking: /home/echedey/Desktop/TFG/TFGwebots_ws/install/depthai_bridge/include//depthai_bridge/DisparityConverter.hpp
[22.864s] -- Symlinking: /home/echedey/Desktop/TFG/TFGwebots_ws/install/depthai_bridge/include//depthai_bridge/ImageConverter.hpp
[22.875s] -- Symlinking: /home/echedey/Desktop/TFG/TFGwebots_ws/install/depthai_bridge/include//depthai_bridge/ImgDetectionConverter.hpp
[22.887s] -- Symlinking: /home/echedey/Desktop/TFG/TFGwebots_ws/install/depthai_bridge/include//depthai_bridge/ImuConverter.hpp
[22.898s] -- Symlinking: /home/echedey/Desktop/TFG/TFGwebots_ws/install/depthai_bridge/include//depthai_bridge/SpatialDetectionConverter.hpp
[22.910s] -- Symlinking: /home/echedey/Desktop/TFG/TFGwebots_ws/install/depthai_bridge/include//depthai_bridge/TFPublisher.hpp
[22.923s] -- Symlinking: /home/echedey/Desktop/TFG/TFGwebots_ws/install/depthai_bridge/include//depthai_bridge/TrackDetectionConverter.hpp
[22.935s] -- Symlinking: /home/echedey/Desktop/TFG/TFGwebots_ws/install/depthai_bridge/include//depthai_bridge/TrackSpatialDetectionConverter.hpp
[22.948s] -- Symlinking: /home/echedey/Desktop/TFG/TFGwebots_ws/install/depthai_bridge/include//depthai_bridge/TrackedFeaturesConverter.hpp
[22.960s] -- Symlinking: /home/echedey/Desktop/TFG/TFGwebots_ws/install/depthai_bridge/include//depthai_bridge/depthaiUtility.hpp
[22.983s] -- Symlinking: /home/echedey/Desktop/TFG/TFGwebots_ws/install/depthai_bridge/share/depthai_bridge/rviz/pointCloud.rviz
[22.995s] -- Symlinking: /home/echedey/Desktop/TFG/TFGwebots_ws/install/depthai_bridge/share/ament_index/resource_index/package_run_dependencies/depthai_bridge
[23.008s] -- Symlinking: /home/echedey/Desktop/TFG/TFGwebots_ws/install/depthai_bridge/share/ament_index/resource_index/parent_prefix_path/depthai_bridge
[23.019s] -- Symlinking: /home/echedey/Desktop/TFG/TFGwebots_ws/install/depthai_bridge/share/depthai_bridge/environment/ament_prefix_path.sh
[23.032s] -- Symlinking: /home/echedey/Desktop/TFG/TFGwebots_ws/install/depthai_bridge/share/depthai_bridge/environment/ament_prefix_path.dsv
[23.044s] -- Symlinking: /home/echedey/Desktop/TFG/TFGwebots_ws/install/depthai_bridge/share/depthai_bridge/environment/path.sh
[23.055s] -- Symlinking: /home/echedey/Desktop/TFG/TFGwebots_ws/install/depthai_bridge/share/depthai_bridge/environment/path.dsv
[23.066s] -- Symlinking: /home/echedey/Desktop/TFG/TFGwebots_ws/install/depthai_bridge/share/depthai_bridge/local_setup.bash
[23.078s] -- Symlinking: /home/echedey/Desktop/TFG/TFGwebots_ws/install/depthai_bridge/share/depthai_bridge/local_setup.sh
[23.089s] -- Symlinking: /home/echedey/Desktop/TFG/TFGwebots_ws/install/depthai_bridge/share/depthai_bridge/local_setup.zsh
[23.100s] -- Symlinking: /home/echedey/Desktop/TFG/TFGwebots_ws/install/depthai_bridge/share/depthai_bridge/local_setup.dsv
[23.112s] -- Symlinking: /home/echedey/Desktop/TFG/TFGwebots_ws/install/depthai_bridge/share/depthai_bridge/package.dsv
[23.124s] -- Symlinking: /home/echedey/Desktop/TFG/TFGwebots_ws/install/depthai_bridge/share/ament_index/resource_index/packages/depthai_bridge
[23.136s] -- Symlinking: /home/echedey/Desktop/TFG/TFGwebots_ws/install/depthai_bridge/share/depthai_bridge/cmake/ament_cmake_export_targets-extras.cmake
[23.148s] -- Symlinking: /home/echedey/Desktop/TFG/TFGwebots_ws/install/depthai_bridge/share/depthai_bridge/cmake/ament_cmake_export_include_directories-extras.cmake
[23.159s] -- Symlinking: /home/echedey/Desktop/TFG/TFGwebots_ws/install/depthai_bridge/share/depthai_bridge/cmake/ament_cmake_export_libraries-extras.cmake
[23.170s] -- Symlinking: /home/echedey/Desktop/TFG/TFGwebots_ws/install/depthai_bridge/share/depthai_bridge/cmake/ament_cmake_export_dependencies-extras.cmake
[23.181s] -- Symlinking: /home/echedey/Desktop/TFG/TFGwebots_ws/install/depthai_bridge/share/depthai_bridge/cmake/depthai_bridgeConfig.cmake
[23.191s] -- Symlinking: /home/echedey/Desktop/TFG/TFGwebots_ws/install/depthai_bridge/share/depthai_bridge/cmake/depthai_bridgeConfig-version.cmake
[23.202s] -- Symlinking: /home/echedey/Desktop/TFG/TFGwebots_ws/install/depthai_bridge/share/depthai_bridge/package.xml
[23.214s] -- Installing: /home/echedey/Desktop/TFG/TFGwebots_ws/install/depthai_bridge/lib/libdepthai_bridge.so
[23.219s] -- Set runtime path of "/home/echedey/Desktop/TFG/TFGwebots_ws/install/depthai_bridge/lib/libdepthai_bridge.so" to ""
[23.219s] -- Installing: /home/echedey/Desktop/TFG/TFGwebots_ws/install/depthai_bridge/share/depthai_bridge/cmake/depthai_bridgeTargets.cmake
[23.219s] -- Installing: /home/echedey/Desktop/TFG/TFGwebots_ws/install/depthai_bridge/share/depthai_bridge/cmake/depthai_bridgeTargets-noconfig.cmake
[23.220s] -- Installing: /home/echedey/Desktop/TFG/TFGwebots_ws/install/depthai_bridge/share/depthai_bridge/cmake/depthai_bridgeTargetsExport.cmake
[23.220s] -- Installing: /home/echedey/Desktop/TFG/TFGwebots_ws/install/depthai_bridge/share/depthai_bridge/cmake/depthai_bridgeTargetsExport-noconfig.cmake
[23.223s] Invoked command in '/home/echedey/Desktop/TFG/TFGwebots_ws/build/depthai_bridge' returned '0': CMAKE_PREFIX_PATH=/home/echedey/Desktop/TFG/TFGwebots_ws/install/depthai_ros_msgs:/home/echedey/Desktop/TFG/TFGwebots_ws/install/depthai-ros:/home/echedey/Desktop/TFG/TFGwebots_ws/install/depthai_ros_driver:/home/echedey/Desktop/TFG/TFGwebots_ws/install/depthai_filters:/home/echedey/Desktop/TFG/TFGwebots_ws/install/depthai_examples:/home/echedey/Desktop/TFG/TFGwebots_ws/install/depthai_bridge:/home/echedey/Desktop/TFG/TFGwebots_ws/install/depthai_descriptions:/home/echedey/Desktop/TFG/TFGwebots_ws/install/tb4_sim:/home/echedey/Desktop/TFG/TFGwebots_ws/install/formas:/opt/ros/humble LD_LIBRARY_PATH=/home/echedey/Desktop/TFG/TFGwebots_ws/install/depthai_ros_msgs/lib:/home/echedey/Desktop/TFG/TFGwebots_ws/install/depthai_ros_driver/lib:/home/echedey/Desktop/TFG/TFGwebots_ws/install/depthai_filters/lib:/home/echedey/Desktop/TFG/TFGwebots_ws/install/depthai_bridge/lib:/usr/lib/x86_64-linux-gnu/gazebo-11/plugins:/opt/ros/humble/opt/rviz_ogre_vendor/lib:/opt/ros/humble/lib/x86_64-linux-gnu:/opt/ros/humble/lib /usr/bin/cmake --install /home/echedey/Desktop/TFG/TFGwebots_ws/build/depthai_bridge
