[0.558s] Invoking command in '/home/echedey/Desktop/TFG/TFGwebots_ws/build/tb4_sim': PYTHONPATH=/home/echedey/Desktop/TFG/TFGwebots_ws/build/tb4_sim/prefix_override:/usr/lib/python3/dist-packages/colcon_core/task/python/colcon_distutils_commands:/home/echedey/Desktop/TFG/TFGwebots_ws/install/tb4_sim/lib/python3.10/site-packages:${PYTHONPATH} /usr/bin/python3 -W ignore:setup.py install is deprecated -W ignore:easy_install command is deprecated setup.py develop --editable --build-directory /home/echedey/Desktop/TFG/TFGwebots_ws/build/tb4_sim/build --no-deps symlink_data
[0.770s] running develop
[0.909s] running egg_info
[0.909s] creating tb4_sim.egg-info
[0.910s] writing tb4_sim.egg-info/PKG-INFO
[0.910s] writing dependency_links to tb4_sim.egg-info/dependency_links.txt
[0.910s] writing entry points to tb4_sim.egg-info/entry_points.txt
[0.910s] writing requirements to tb4_sim.egg-info/requires.txt
[0.910s] writing top-level names to tb4_sim.egg-info/top_level.txt
[0.910s] writing manifest file 'tb4_sim.egg-info/SOURCES.txt'
[0.922s] reading manifest file 'tb4_sim.egg-info/SOURCES.txt'
[0.923s] writing manifest file 'tb4_sim.egg-info/SOURCES.txt'
[0.924s] running build_ext
[0.924s] Creating /home/echedey/Desktop/TFG/TFGwebots_ws/install/tb4_sim/lib/python3.10/site-packages/tb4-sim.egg-link (link to .)
[0.925s] 
[0.925s] Installed /home/echedey/Desktop/TFG/TFGwebots_ws/build/tb4_sim
[0.925s] running symlink_data
[0.925s] creating /home/echedey/Desktop/TFG/TFGwebots_ws/install/tb4_sim/share/ament_index
[0.925s] creating /home/echedey/Desktop/TFG/TFGwebots_ws/install/tb4_sim/share/ament_index/resource_index
[0.925s] creating /home/echedey/Desktop/TFG/TFGwebots_ws/install/tb4_sim/share/ament_index/resource_index/packages
[0.926s] symbolically linking /home/echedey/Desktop/TFG/TFGwebots_ws/build/tb4_sim/resource/tb4_sim -> /home/echedey/Desktop/TFG/TFGwebots_ws/install/tb4_sim/share/ament_index/resource_index/packages
[0.926s] creating /home/echedey/Desktop/TFG/TFGwebots_ws/install/tb4_sim/share/tb4_sim/launch
[0.926s] symbolically linking /home/echedey/Desktop/TFG/TFGwebots_ws/build/tb4_sim/launch/tb4_launcher.py -> /home/echedey/Desktop/TFG/TFGwebots_ws/install/tb4_sim/share/tb4_sim/launch
[0.926s] creating /home/echedey/Desktop/TFG/TFGwebots_ws/install/tb4_sim/share/tb4_sim/resource
[0.926s] symbolically linking /home/echedey/Desktop/TFG/TFGwebots_ws/build/tb4_sim/resource/tb4_raw.urdf -> /home/echedey/Desktop/TFG/TFGwebots_ws/install/tb4_sim/share/tb4_sim/resource
[0.926s] symbolically linking /home/echedey/Desktop/TFG/TFGwebots_ws/build/tb4_sim/resource/tb4_webots.xacro -> /home/echedey/Desktop/TFG/TFGwebots_ws/install/tb4_sim/share/tb4_sim/resource
[0.926s] symbolically linking /home/echedey/Desktop/TFG/TFGwebots_ws/build/tb4_sim/resource/tb4_control.yaml -> /home/echedey/Desktop/TFG/TFGwebots_ws/install/tb4_sim/share/tb4_sim/resource
[0.926s] symbolically linking /home/echedey/Desktop/TFG/TFGwebots_ws/build/tb4_sim/resource/helper.xacro -> /home/echedey/Desktop/TFG/TFGwebots_ws/install/tb4_sim/share/tb4_sim/resource
[0.926s] creating /home/echedey/Desktop/TFG/TFGwebots_ws/install/tb4_sim/share/tb4_sim/worlds
[0.926s] symbolically linking /home/echedey/Desktop/TFG/TFGwebots_ws/build/tb4_sim/worlds/house.wbt -> /home/echedey/Desktop/TFG/TFGwebots_ws/install/tb4_sim/share/tb4_sim/worlds
[0.926s] symbolically linking /home/echedey/Desktop/TFG/TFGwebots_ws/build/tb4_sim/package.xml -> /home/echedey/Desktop/TFG/TFGwebots_ws/install/tb4_sim/share/tb4_sim
[0.964s] Invoked command in '/home/echedey/Desktop/TFG/TFGwebots_ws/build/tb4_sim' returned '0': PYTHONPATH=/home/echedey/Desktop/TFG/TFGwebots_ws/build/tb4_sim/prefix_override:/usr/lib/python3/dist-packages/colcon_core/task/python/colcon_distutils_commands:/home/echedey/Desktop/TFG/TFGwebots_ws/install/tb4_sim/lib/python3.10/site-packages:${PYTHONPATH} /usr/bin/python3 -W ignore:setup.py install is deprecated -W ignore:easy_install command is deprecated setup.py develop --editable --build-directory /home/echedey/Desktop/TFG/TFGwebots_ws/build/tb4_sim/build --no-deps symlink_data
