[0.030s] Invoking command in '/home/echedey/Desktop/TFG/TFGwebots_ws/build/depthai_descriptions': CMAKE_PREFIX_PATH=${CMAKE_PREFIX_PATH}:/home/echedey/Desktop/TFG/TFGwebots_ws/install/tb4_sim:/home/echedey/Desktop/TFG/TFGwebots_ws/install/formas:/opt/ros/humble /usr/bin/cmake /home/echedey/Desktop/TFG/TFGwebots_ws/src/depthai-ros/depthai_descriptions -DAMENT_CMAKE_SYMLINK_INSTALL=1 -DCMAKE_INSTALL_PREFIX=/home/echedey/Desktop/TFG/TFGwebots_ws/install/depthai_descriptions
[0.303s] -- The C compiler identification is GNU 11.4.0
[0.303s] -- The CXX compiler identification is GNU 11.4.0
[0.303s] -- Detecting C compiler ABI info
[0.382s] -- Detecting C compiler ABI info - done
[0.389s] -- Check for working C compiler: /usr/bin/cc - skipped
[0.389s] -- Detecting C compile features
[0.389s] -- Detecting C compile features - done
[0.392s] -- Detecting CXX compiler ABI info
[0.491s] -- Detecting CXX compiler ABI info - done
[0.497s] -- Check for working CXX compiler: /usr/bin/c++ - skipped
[0.497s] -- Detecting CXX compile features
[0.498s] -- Detecting CXX compile features - done
[0.503s] -- Found ament_cmake: 1.3.11 (/opt/ros/humble/share/ament_cmake/cmake)
[0.653s] -- Found Python3: /usr/bin/python3 (found version "3.10.12") found components: Interpreter 
[0.721s] -- Override CMake install command with custom implementation using symlinks instead of copying resources
[0.835s] -- Configuring done
[0.838s] -- Generating done
[0.839s] -- Build files have been written to: /home/echedey/Desktop/TFG/TFGwebots_ws/build/depthai_descriptions
[0.844s] Invoked command in '/home/echedey/Desktop/TFG/TFGwebots_ws/build/depthai_descriptions' returned '0': CMAKE_PREFIX_PATH=${CMAKE_PREFIX_PATH}:/home/echedey/Desktop/TFG/TFGwebots_ws/install/tb4_sim:/home/echedey/Desktop/TFG/TFGwebots_ws/install/formas:/opt/ros/humble /usr/bin/cmake /home/echedey/Desktop/TFG/TFGwebots_ws/src/depthai-ros/depthai_descriptions -DAMENT_CMAKE_SYMLINK_INSTALL=1 -DCMAKE_INSTALL_PREFIX=/home/echedey/Desktop/TFG/TFGwebots_ws/install/depthai_descriptions
[0.846s] Invoking command in '/home/echedey/Desktop/TFG/TFGwebots_ws/build/depthai_descriptions': CMAKE_PREFIX_PATH=${CMAKE_PREFIX_PATH}:/home/echedey/Desktop/TFG/TFGwebots_ws/install/tb4_sim:/home/echedey/Desktop/TFG/TFGwebots_ws/install/formas:/opt/ros/humble /usr/bin/cmake --build /home/echedey/Desktop/TFG/TFGwebots_ws/build/depthai_descriptions -- -j16 -l16
[0.888s] Invoked command in '/home/echedey/Desktop/TFG/TFGwebots_ws/build/depthai_descriptions' returned '0': CMAKE_PREFIX_PATH=${CMAKE_PREFIX_PATH}:/home/echedey/Desktop/TFG/TFGwebots_ws/install/tb4_sim:/home/echedey/Desktop/TFG/TFGwebots_ws/install/formas:/opt/ros/humble /usr/bin/cmake --build /home/echedey/Desktop/TFG/TFGwebots_ws/build/depthai_descriptions -- -j16 -l16
[0.901s] Invoking command in '/home/echedey/Desktop/TFG/TFGwebots_ws/build/depthai_descriptions': CMAKE_PREFIX_PATH=${CMAKE_PREFIX_PATH}:/home/echedey/Desktop/TFG/TFGwebots_ws/install/tb4_sim:/home/echedey/Desktop/TFG/TFGwebots_ws/install/formas:/opt/ros/humble /usr/bin/cmake --install /home/echedey/Desktop/TFG/TFGwebots_ws/build/depthai_descriptions
[0.909s] -- Install configuration: ""
[0.909s] -- Execute custom install script
[0.910s] -- Symlinking: /home/echedey/Desktop/TFG/TFGwebots_ws/install/depthai_descriptions/share/depthai_descriptions/urdf/base_descr.urdf.xacro
[0.921s] -- Symlinking: /home/echedey/Desktop/TFG/TFGwebots_ws/install/depthai_descriptions/share/depthai_descriptions/urdf/depthai_descr.urdf.xacro
[0.931s] -- Symlinking: /home/echedey/Desktop/TFG/TFGwebots_ws/install/depthai_descriptions/share/depthai_descriptions/urdf/include/base_macro.urdf.xacro
[0.941s] -- Symlinking: /home/echedey/Desktop/TFG/TFGwebots_ws/install/depthai_descriptions/share/depthai_descriptions/urdf/include/depthai_macro.urdf.xacro
[0.950s] -- Symlinking: /home/echedey/Desktop/TFG/TFGwebots_ws/install/depthai_descriptions/share/depthai_descriptions/urdf/models/OAK-D-CM4-POE.stl
[0.961s] -- Symlinking: /home/echedey/Desktop/TFG/TFGwebots_ws/install/depthai_descriptions/share/depthai_descriptions/urdf/models/OAK-D-IOT-75.stl
[0.971s] -- Symlinking: /home/echedey/Desktop/TFG/TFGwebots_ws/install/depthai_descriptions/share/depthai_descriptions/urdf/models/OAK-D-LITE.stl
[0.981s] -- Symlinking: /home/echedey/Desktop/TFG/TFGwebots_ws/install/depthai_descriptions/share/depthai_descriptions/urdf/models/OAK-D-LR.stl
[0.991s] -- Symlinking: /home/echedey/Desktop/TFG/TFGwebots_ws/install/depthai_descriptions/share/depthai_descriptions/urdf/models/OAK-D-POE.stl
[1.001s] -- Symlinking: /home/echedey/Desktop/TFG/TFGwebots_ws/install/depthai_descriptions/share/depthai_descriptions/urdf/models/OAK-D-PRO-W.stl
[1.011s] -- Symlinking: /home/echedey/Desktop/TFG/TFGwebots_ws/install/depthai_descriptions/share/depthai_descriptions/urdf/models/OAK-D-PRO.stl
[1.022s] -- Symlinking: /home/echedey/Desktop/TFG/TFGwebots_ws/install/depthai_descriptions/share/depthai_descriptions/urdf/models/OAK-D-S2-POE.stl
[1.032s] -- Symlinking: /home/echedey/Desktop/TFG/TFGwebots_ws/install/depthai_descriptions/share/depthai_descriptions/urdf/models/OAK-D-S2.stl
[1.043s] -- Symlinking: /home/echedey/Desktop/TFG/TFGwebots_ws/install/depthai_descriptions/share/depthai_descriptions/urdf/models/OAK-D-SR-POE.stl
[1.053s] -- Symlinking: /home/echedey/Desktop/TFG/TFGwebots_ws/install/depthai_descriptions/share/depthai_descriptions/urdf/models/OAK-D-SR.stl
[1.063s] -- Symlinking: /home/echedey/Desktop/TFG/TFGwebots_ws/install/depthai_descriptions/share/depthai_descriptions/urdf/models/OAK-D.stl
[1.073s] -- Symlinking: /home/echedey/Desktop/TFG/TFGwebots_ws/install/depthai_descriptions/share/depthai_descriptions/urdf/models/OAK-T.stl
[1.083s] -- Symlinking: /home/echedey/Desktop/TFG/TFGwebots_ws/install/depthai_descriptions/share/depthai_descriptions/environment/depthai_descriptions.sh
[1.093s] -- Symlinking: /home/echedey/Desktop/TFG/TFGwebots_ws/install/depthai_descriptions/share/depthai_descriptions/environment/depthai_descriptions.dsv
[1.104s] -- Symlinking: /home/echedey/Desktop/TFG/TFGwebots_ws/install/depthai_descriptions/share/ament_index/resource_index/package_run_dependencies/depthai_descriptions
[1.114s] -- Symlinking: /home/echedey/Desktop/TFG/TFGwebots_ws/install/depthai_descriptions/share/ament_index/resource_index/parent_prefix_path/depthai_descriptions
[1.125s] -- Symlinking: /home/echedey/Desktop/TFG/TFGwebots_ws/install/depthai_descriptions/share/depthai_descriptions/environment/ament_prefix_path.sh
[1.136s] -- Symlinking: /home/echedey/Desktop/TFG/TFGwebots_ws/install/depthai_descriptions/share/depthai_descriptions/environment/ament_prefix_path.dsv
[1.146s] -- Symlinking: /home/echedey/Desktop/TFG/TFGwebots_ws/install/depthai_descriptions/share/depthai_descriptions/environment/path.sh
[1.157s] -- Symlinking: /home/echedey/Desktop/TFG/TFGwebots_ws/install/depthai_descriptions/share/depthai_descriptions/environment/path.dsv
[1.168s] -- Symlinking: /home/echedey/Desktop/TFG/TFGwebots_ws/install/depthai_descriptions/share/depthai_descriptions/local_setup.bash
[1.178s] -- Symlinking: /home/echedey/Desktop/TFG/TFGwebots_ws/install/depthai_descriptions/share/depthai_descriptions/local_setup.sh
[1.189s] -- Symlinking: /home/echedey/Desktop/TFG/TFGwebots_ws/install/depthai_descriptions/share/depthai_descriptions/local_setup.zsh
[1.199s] -- Symlinking: /home/echedey/Desktop/TFG/TFGwebots_ws/install/depthai_descriptions/share/depthai_descriptions/local_setup.dsv
[1.210s] -- Symlinking: /home/echedey/Desktop/TFG/TFGwebots_ws/install/depthai_descriptions/share/depthai_descriptions/package.dsv
[1.220s] -- Symlinking: /home/echedey/Desktop/TFG/TFGwebots_ws/install/depthai_descriptions/share/ament_index/resource_index/packages/depthai_descriptions
[1.231s] -- Symlinking: /home/echedey/Desktop/TFG/TFGwebots_ws/install/depthai_descriptions/share/depthai_descriptions/cmake/depthai_descriptionsConfig.cmake
[1.243s] -- Symlinking: /home/echedey/Desktop/TFG/TFGwebots_ws/install/depthai_descriptions/share/depthai_descriptions/cmake/depthai_descriptionsConfig-version.cmake
[1.253s] -- Symlinking: /home/echedey/Desktop/TFG/TFGwebots_ws/install/depthai_descriptions/share/depthai_descriptions/package.xml
[1.263s] -- Installing: /home/echedey/Desktop/TFG/TFGwebots_ws/install/depthai_descriptions/share/depthai_descriptions/launch
[1.264s] -- Installing: /home/echedey/Desktop/TFG/TFGwebots_ws/install/depthai_descriptions/share/depthai_descriptions/launch/urdf_launch.py
[1.268s] Invoked command in '/home/echedey/Desktop/TFG/TFGwebots_ws/build/depthai_descriptions' returned '0': CMAKE_PREFIX_PATH=${CMAKE_PREFIX_PATH}:/home/echedey/Desktop/TFG/TFGwebots_ws/install/tb4_sim:/home/echedey/Desktop/TFG/TFGwebots_ws/install/formas:/opt/ros/humble /usr/bin/cmake --install /home/echedey/Desktop/TFG/TFGwebots_ws/build/depthai_descriptions
