[0.031s] Invoking command in '/home/echedey/Desktop/TFG/TFGwebots_ws/build/depthai_descriptions': CMAKE_PREFIX_PATH=${CMAKE_PREFIX_PATH}:/home/echedey/Desktop/TFG/TFGwebots_ws/install/tb4_sim:/home/echedey/Desktop/TFG/TFGwebots_ws/install/formas:/opt/ros/humble /usr/bin/cmake --build /home/echedey/Desktop/TFG/TFGwebots_ws/build/depthai_descriptions -- -j16 -l16
[0.352s] Invoked command in '/home/echedey/Desktop/TFG/TFGwebots_ws/build/depthai_descriptions' returned '0': CMAKE_PREFIX_PATH=${CMAKE_PREFIX_PATH}:/home/echedey/Desktop/TFG/TFGwebots_ws/install/tb4_sim:/home/echedey/Desktop/TFG/TFGwebots_ws/install/formas:/opt/ros/humble /usr/bin/cmake --build /home/echedey/Desktop/TFG/TFGwebots_ws/build/depthai_descriptions -- -j16 -l16
[0.366s] Invoking command in '/home/echedey/Desktop/TFG/TFGwebots_ws/build/depthai_descriptions': CMAKE_PREFIX_PATH=${CMAKE_PREFIX_PATH}:/home/echedey/Desktop/TFG/TFGwebots_ws/install/tb4_sim:/home/echedey/Desktop/TFG/TFGwebots_ws/install/formas:/opt/ros/humble /usr/bin/cmake --install /home/echedey/Desktop/TFG/TFGwebots_ws/build/depthai_descriptions
[0.633s] -- Install configuration: ""
[0.634s] -- Execute custom install script
[0.634s] -- Up-to-date symlink: /home/echedey/Desktop/TFG/TFGwebots_ws/install/depthai_descriptions/share/depthai_descriptions/urdf/base_descr.urdf.xacro
[0.634s] -- Up-to-date symlink: /home/echedey/Desktop/TFG/TFGwebots_ws/install/depthai_descriptions/share/depthai_descriptions/urdf/depthai_descr.urdf.xacro
[0.635s] -- Up-to-date symlink: /home/echedey/Desktop/TFG/TFGwebots_ws/install/depthai_descriptions/share/depthai_descriptions/urdf/include/base_macro.urdf.xacro
[0.635s] -- Up-to-date symlink: /home/echedey/Desktop/TFG/TFGwebots_ws/install/depthai_descriptions/share/depthai_descriptions/urdf/include/depthai_macro.urdf.xacro
[0.635s] -- Up-to-date symlink: /home/echedey/Desktop/TFG/TFGwebots_ws/install/depthai_descriptions/share/depthai_descriptions/urdf/models/OAK-D-CM4-POE.stl
[0.636s] -- Up-to-date symlink: /home/echedey/Desktop/TFG/TFGwebots_ws/install/depthai_descriptions/share/depthai_descriptions/urdf/models/OAK-D-IOT-75.stl
[0.636s] -- Up-to-date symlink: /home/echedey/Desktop/TFG/TFGwebots_ws/install/depthai_descriptions/share/depthai_descriptions/urdf/models/OAK-D-LITE.stl
[0.636s] -- Up-to-date symlink: /home/echedey/Desktop/TFG/TFGwebots_ws/install/depthai_descriptions/share/depthai_descriptions/urdf/models/OAK-D-LR.stl
[0.636s] -- Up-to-date symlink: /home/echedey/Desktop/TFG/TFGwebots_ws/install/depthai_descriptions/share/depthai_descriptions/urdf/models/OAK-D-POE.stl
[0.636s] -- Up-to-date symlink: /home/echedey/Desktop/TFG/TFGwebots_ws/install/depthai_descriptions/share/depthai_descriptions/urdf/models/OAK-D-PRO-W.stl
[0.636s] -- Up-to-date symlink: /home/echedey/Desktop/TFG/TFGwebots_ws/install/depthai_descriptions/share/depthai_descriptions/urdf/models/OAK-D-PRO.stl
[0.636s] -- Up-to-date symlink: /home/echedey/Desktop/TFG/TFGwebots_ws/install/depthai_descriptions/share/depthai_descriptions/urdf/models/OAK-D-S2-POE.stl
[0.636s] -- Up-to-date symlink: /home/echedey/Desktop/TFG/TFGwebots_ws/install/depthai_descriptions/share/depthai_descriptions/urdf/models/OAK-D-S2.stl
[0.636s] -- Up-to-date symlink: /home/echedey/Desktop/TFG/TFGwebots_ws/install/depthai_descriptions/share/depthai_descriptions/urdf/models/OAK-D-SR-POE.stl
[0.636s] -- Up-to-date symlink: /home/echedey/Desktop/TFG/TFGwebots_ws/install/depthai_descriptions/share/depthai_descriptions/urdf/models/OAK-D-SR.stl
[0.636s] -- Up-to-date symlink: /home/echedey/Desktop/TFG/TFGwebots_ws/install/depthai_descriptions/share/depthai_descriptions/urdf/models/OAK-D.stl
[0.636s] -- Up-to-date symlink: /home/echedey/Desktop/TFG/TFGwebots_ws/install/depthai_descriptions/share/depthai_descriptions/urdf/models/OAK-T.stl
[0.636s] -- Up-to-date symlink: /home/echedey/Desktop/TFG/TFGwebots_ws/install/depthai_descriptions/share/depthai_descriptions/environment/depthai_descriptions.sh
[0.636s] -- Up-to-date symlink: /home/echedey/Desktop/TFG/TFGwebots_ws/install/depthai_descriptions/share/depthai_descriptions/environment/depthai_descriptions.dsv
[0.636s] -- Up-to-date symlink: /home/echedey/Desktop/TFG/TFGwebots_ws/install/depthai_descriptions/share/ament_index/resource_index/package_run_dependencies/depthai_descriptions
[0.637s] -- Up-to-date symlink: /home/echedey/Desktop/TFG/TFGwebots_ws/install/depthai_descriptions/share/ament_index/resource_index/parent_prefix_path/depthai_descriptions
[0.637s] -- Up-to-date symlink: /home/echedey/Desktop/TFG/TFGwebots_ws/install/depthai_descriptions/share/depthai_descriptions/environment/ament_prefix_path.sh
[0.637s] -- Up-to-date symlink: /home/echedey/Desktop/TFG/TFGwebots_ws/install/depthai_descriptions/share/depthai_descriptions/environment/ament_prefix_path.dsv
[0.637s] -- Up-to-date symlink: /home/echedey/Desktop/TFG/TFGwebots_ws/install/depthai_descriptions/share/depthai_descriptions/environment/path.sh
[0.637s] -- Up-to-date symlink: /home/echedey/Desktop/TFG/TFGwebots_ws/install/depthai_descriptions/share/depthai_descriptions/environment/path.dsv
[0.637s] -- Up-to-date symlink: /home/echedey/Desktop/TFG/TFGwebots_ws/install/depthai_descriptions/share/depthai_descriptions/local_setup.bash
[0.637s] -- Up-to-date symlink: /home/echedey/Desktop/TFG/TFGwebots_ws/install/depthai_descriptions/share/depthai_descriptions/local_setup.sh
[0.637s] -- Up-to-date symlink: /home/echedey/Desktop/TFG/TFGwebots_ws/install/depthai_descriptions/share/depthai_descriptions/local_setup.zsh
[0.637s] -- Up-to-date symlink: /home/echedey/Desktop/TFG/TFGwebots_ws/install/depthai_descriptions/share/depthai_descriptions/local_setup.dsv
[0.637s] -- Symlinking: /home/echedey/Desktop/TFG/TFGwebots_ws/install/depthai_descriptions/share/depthai_descriptions/package.dsv
[0.637s] -- Up-to-date symlink: /home/echedey/Desktop/TFG/TFGwebots_ws/install/depthai_descriptions/share/ament_index/resource_index/packages/depthai_descriptions
[0.637s] -- Up-to-date symlink: /home/echedey/Desktop/TFG/TFGwebots_ws/install/depthai_descriptions/share/depthai_descriptions/cmake/depthai_descriptionsConfig.cmake
[0.637s] -- Up-to-date symlink: /home/echedey/Desktop/TFG/TFGwebots_ws/install/depthai_descriptions/share/depthai_descriptions/cmake/depthai_descriptionsConfig-version.cmake
[0.637s] -- Up-to-date symlink: /home/echedey/Desktop/TFG/TFGwebots_ws/install/depthai_descriptions/share/depthai_descriptions/package.xml
[0.638s] -- Up-to-date: /home/echedey/Desktop/TFG/TFGwebots_ws/install/depthai_descriptions/share/depthai_descriptions/launch
[0.638s] -- Up-to-date: /home/echedey/Desktop/TFG/TFGwebots_ws/install/depthai_descriptions/share/depthai_descriptions/launch/urdf_launch.py
[0.639s] Invoked command in '/home/echedey/Desktop/TFG/TFGwebots_ws/build/depthai_descriptions' returned '0': CMAKE_PREFIX_PATH=${CMAKE_PREFIX_PATH}:/home/echedey/Desktop/TFG/TFGwebots_ws/install/tb4_sim:/home/echedey/Desktop/TFG/TFGwebots_ws/install/formas:/opt/ros/humble /usr/bin/cmake --install /home/echedey/Desktop/TFG/TFGwebots_ws/build/depthai_descriptions
