[0.018s] Invoking command in '/home/echedey/Desktop/TFG/TFG_ws/build/turtlebot4_custom_description': CMAKE_PREFIX_PATH=${CMAKE_PREFIX_PATH}:/home/echedey/Desktop/TFG/TFG_ws/install/turtlebot4_sim:/home/echedey/Desktop/TFG/TFG_ws/install/room3:/opt/ros/humble /usr/bin/cmake --build /home/echedey/Desktop/TFG/TFG_ws/build/turtlebot4_custom_description -- -j16 -l16
[0.046s] -- Found ament_cmake: 1.3.11 (/opt/ros/humble/share/ament_cmake/cmake)
[0.208s] -- Found xacro: 2.0.13 (/opt/ros/humble/share/xacro/cmake)
[0.209s] -- Found ament_lint_auto: 0.12.12 (/opt/ros/humble/share/ament_lint_auto/cmake)
[0.295s] -- Added test 'lint_cmake' to check CMake code style
[0.297s] -- Added test 'xmllint' to check XML markup files
[0.298s] -- Configuring done
[0.302s] -- Generating done
[0.305s] -- Build files have been written to: /home/echedey/Desktop/TFG/TFG_ws/build/turtlebot4_custom_description
[0.338s] Invoked command in '/home/echedey/Desktop/TFG/TFG_ws/build/turtlebot4_custom_description' returned '0': CMAKE_PREFIX_PATH=${CMAKE_PREFIX_PATH}:/home/echedey/Desktop/TFG/TFG_ws/install/turtlebot4_sim:/home/echedey/Desktop/TFG/TFG_ws/install/room3:/opt/ros/humble /usr/bin/cmake --build /home/echedey/Desktop/TFG/TFG_ws/build/turtlebot4_custom_description -- -j16 -l16
[0.354s] Invoking command in '/home/echedey/Desktop/TFG/TFG_ws/build/turtlebot4_custom_description': CMAKE_PREFIX_PATH=${CMAKE_PREFIX_PATH}:/home/echedey/Desktop/TFG/TFG_ws/install/turtlebot4_sim:/home/echedey/Desktop/TFG/TFG_ws/install/room3:/opt/ros/humble /usr/bin/cmake --install /home/echedey/Desktop/TFG/TFG_ws/build/turtlebot4_custom_description
[0.365s] -- Install configuration: ""
[0.365s] -- Installing: /home/echedey/Desktop/TFG/TFG_ws/install/turtlebot4_custom_description/share/turtlebot4_custom_description/urdf
[0.365s] -- Installing: /home/echedey/Desktop/TFG/TFG_ws/install/turtlebot4_custom_description/share/turtlebot4_custom_description/urdf/standard
[0.365s] -- Installing: /home/echedey/Desktop/TFG/TFG_ws/install/turtlebot4_custom_description/share/turtlebot4_custom_description/urdf/standard/turtlebot4.urdf.xacro
[0.366s] -- Installing: /home/echedey/Desktop/TFG/TFG_ws/install/turtlebot4_custom_description/share/turtlebot4_custom_description/urdf/standard/tower_standoff.urdf.xacro
[0.366s] -- Installing: /home/echedey/Desktop/TFG/TFG_ws/install/turtlebot4_custom_description/share/turtlebot4_custom_description/urdf/standard/weight_block.urdf.xacro
[0.366s] -- Installing: /home/echedey/Desktop/TFG/TFG_ws/install/turtlebot4_custom_description/share/turtlebot4_custom_description/urdf/standard/tower_sensor_plate.urdf.xacro
[0.366s] -- Installing: /home/echedey/Desktop/TFG/TFG_ws/install/turtlebot4_custom_description/share/turtlebot4_custom_description/urdf/standard/turtlebot4.urdf
[0.366s] -- Installing: /home/echedey/Desktop/TFG/TFG_ws/install/turtlebot4_custom_description/share/turtlebot4_custom_description/urdf/sensors
[0.366s] -- Installing: /home/echedey/Desktop/TFG/TFG_ws/install/turtlebot4_custom_description/share/turtlebot4_custom_description/urdf/sensors/camera_bracket.urdf.xacro
[0.366s] -- Installing: /home/echedey/Desktop/TFG/TFG_ws/install/turtlebot4_custom_description/share/turtlebot4_custom_description/urdf/sensors/rplidar.urdf.xacro
[0.366s] -- Installing: /home/echedey/Desktop/TFG/TFG_ws/install/turtlebot4_custom_description/share/turtlebot4_custom_description/urdf/sensors/oakd.urdf.xacro
[0.366s] -- Installing: /home/echedey/Desktop/TFG/TFG_ws/install/turtlebot4_custom_description/share/turtlebot4_custom_description/urdf/lite
[0.367s] -- Installing: /home/echedey/Desktop/TFG/TFG_ws/install/turtlebot4_custom_description/share/turtlebot4_custom_description/urdf/lite/turtlebot4.urdf.xacro
[0.367s] -- Installing: /home/echedey/Desktop/TFG/TFG_ws/install/turtlebot4_custom_description/share/ament_index/resource_index/package_run_dependencies/turtlebot4_custom_description
[0.367s] -- Installing: /home/echedey/Desktop/TFG/TFG_ws/install/turtlebot4_custom_description/share/ament_index/resource_index/parent_prefix_path/turtlebot4_custom_description
[0.367s] -- Up-to-date: /home/echedey/Desktop/TFG/TFG_ws/install/turtlebot4_custom_description/share/turtlebot4_custom_description/environment/ament_prefix_path.sh
[0.368s] -- Installing: /home/echedey/Desktop/TFG/TFG_ws/install/turtlebot4_custom_description/share/turtlebot4_custom_description/environment/ament_prefix_path.dsv
[0.368s] -- Up-to-date: /home/echedey/Desktop/TFG/TFG_ws/install/turtlebot4_custom_description/share/turtlebot4_custom_description/environment/path.sh
[0.368s] -- Installing: /home/echedey/Desktop/TFG/TFG_ws/install/turtlebot4_custom_description/share/turtlebot4_custom_description/environment/path.dsv
[0.368s] -- Up-to-date: /home/echedey/Desktop/TFG/TFG_ws/install/turtlebot4_custom_description/share/turtlebot4_custom_description/local_setup.bash
[0.368s] -- Up-to-date: /home/echedey/Desktop/TFG/TFG_ws/install/turtlebot4_custom_description/share/turtlebot4_custom_description/local_setup.sh
[0.368s] -- Up-to-date: /home/echedey/Desktop/TFG/TFG_ws/install/turtlebot4_custom_description/share/turtlebot4_custom_description/local_setup.zsh
[0.368s] -- Installing: /home/echedey/Desktop/TFG/TFG_ws/install/turtlebot4_custom_description/share/turtlebot4_custom_description/local_setup.dsv
[0.368s] -- Installing: /home/echedey/Desktop/TFG/TFG_ws/install/turtlebot4_custom_description/share/turtlebot4_custom_description/package.dsv
[0.369s] -- Up-to-date: /home/echedey/Desktop/TFG/TFG_ws/install/turtlebot4_custom_description/share/ament_index/resource_index/packages/turtlebot4_custom_description
[0.369s] -- Up-to-date: /home/echedey/Desktop/TFG/TFG_ws/install/turtlebot4_custom_description/share/turtlebot4_custom_description/cmake/turtlebot4_custom_descriptionConfig.cmake
[0.369s] -- Up-to-date: /home/echedey/Desktop/TFG/TFG_ws/install/turtlebot4_custom_description/share/turtlebot4_custom_description/cmake/turtlebot4_custom_descriptionConfig-version.cmake
[0.369s] -- Installing: /home/echedey/Desktop/TFG/TFG_ws/install/turtlebot4_custom_description/share/turtlebot4_custom_description/package.xml
[0.373s] Invoked command in '/home/echedey/Desktop/TFG/TFG_ws/build/turtlebot4_custom_description' returned '0': CMAKE_PREFIX_PATH=${CMAKE_PREFIX_PATH}:/home/echedey/Desktop/TFG/TFG_ws/install/turtlebot4_sim:/home/echedey/Desktop/TFG/TFG_ws/install/room3:/opt/ros/humble /usr/bin/cmake --install /home/echedey/Desktop/TFG/TFG_ws/build/turtlebot4_custom_description
