[0.017s] Invoking command in '/home/echedey/Desktop/TFG/TFGwebots_ws/build/depthai_bridge': CMAKE_PREFIX_PATH=/home/echedey/Desktop/TFG/TFGwebots_ws/install/depthai_ros_msgs:/home/echedey/Desktop/TFG/TFGwebots_ws/install/depthai-ros:/home/echedey/Desktop/TFG/TFGwebots_ws/install/depthai_ros_driver:/home/echedey/Desktop/TFG/TFGwebots_ws/install/depthai_filters:/home/echedey/Desktop/TFG/TFGwebots_ws/install/depthai_examples:/home/echedey/Desktop/TFG/TFGwebots_ws/install/depthai_bridge:/home/echedey/Desktop/TFG/TFGwebots_ws/install/depthai_descriptions:/home/echedey/Desktop/TFG/TFGwebots_ws/install/tb4_sim:/home/echedey/Desktop/TFG/TFGwebots_ws/install/formas:/opt/ros/humble LD_LIBRARY_PATH=/home/echedey/Desktop/TFG/TFGwebots_ws/install/depthai_ros_msgs/lib:/home/echedey/Desktop/TFG/TFGwebots_ws/install/depthai_ros_driver/lib:/home/echedey/Desktop/TFG/TFGwebots_ws/install/depthai_filters/lib:/home/echedey/Desktop/TFG/TFGwebots_ws/install/depthai_bridge/lib:/usr/lib/x86_64-linux-gnu/gazebo-11/plugins:/opt/ros/humble/opt/rviz_ogre_vendor/lib:/opt/ros/humble/lib/x86_64-linux-gnu:/opt/ros/humble/lib /usr/bin/cmake --build /home/echedey/Desktop/TFG/TFGwebots_ws/build/depthai_bridge -- -j16 -l16
[0.104s] [100%] Built target depthai_bridge
[0.124s] Invoked command in '/home/echedey/Desktop/TFG/TFGwebots_ws/build/depthai_bridge' returned '0': CMAKE_PREFIX_PATH=/home/echedey/Desktop/TFG/TFGwebots_ws/install/depthai_ros_msgs:/home/echedey/Desktop/TFG/TFGwebots_ws/install/depthai-ros:/home/echedey/Desktop/TFG/TFGwebots_ws/install/depthai_ros_driver:/home/echedey/Desktop/TFG/TFGwebots_ws/install/depthai_filters:/home/echedey/Desktop/TFG/TFGwebots_ws/install/depthai_examples:/home/echedey/Desktop/TFG/TFGwebots_ws/install/depthai_bridge:/home/echedey/Desktop/TFG/TFGwebots_ws/install/depthai_descriptions:/home/echedey/Desktop/TFG/TFGwebots_ws/install/tb4_sim:/home/echedey/Desktop/TFG/TFGwebots_ws/install/formas:/opt/ros/humble LD_LIBRARY_PATH=/home/echedey/Desktop/TFG/TFGwebots_ws/install/depthai_ros_msgs/lib:/home/echedey/Desktop/TFG/TFGwebots_ws/install/depthai_ros_driver/lib:/home/echedey/Desktop/TFG/TFGwebots_ws/install/depthai_filters/lib:/home/echedey/Desktop/TFG/TFGwebots_ws/install/depthai_bridge/lib:/usr/lib/x86_64-linux-gnu/gazebo-11/plugins:/opt/ros/humble/opt/rviz_ogre_vendor/lib:/opt/ros/humble/lib/x86_64-linux-gnu:/opt/ros/humble/lib /usr/bin/cmake --build /home/echedey/Desktop/TFG/TFGwebots_ws/build/depthai_bridge -- -j16 -l16
[0.126s] Invoking command in '/home/echedey/Desktop/TFG/TFGwebots_ws/build/depthai_bridge': CMAKE_PREFIX_PATH=/home/echedey/Desktop/TFG/TFGwebots_ws/install/depthai_ros_msgs:/home/echedey/Desktop/TFG/TFGwebots_ws/install/depthai-ros:/home/echedey/Desktop/TFG/TFGwebots_ws/install/depthai_ros_driver:/home/echedey/Desktop/TFG/TFGwebots_ws/install/depthai_filters:/home/echedey/Desktop/TFG/TFGwebots_ws/install/depthai_examples:/home/echedey/Desktop/TFG/TFGwebots_ws/install/depthai_bridge:/home/echedey/Desktop/TFG/TFGwebots_ws/install/depthai_descriptions:/home/echedey/Desktop/TFG/TFGwebots_ws/install/tb4_sim:/home/echedey/Desktop/TFG/TFGwebots_ws/install/formas:/opt/ros/humble LD_LIBRARY_PATH=/home/echedey/Desktop/TFG/TFGwebots_ws/install/depthai_ros_msgs/lib:/home/echedey/Desktop/TFG/TFGwebots_ws/install/depthai_ros_driver/lib:/home/echedey/Desktop/TFG/TFGwebots_ws/install/depthai_filters/lib:/home/echedey/Desktop/TFG/TFGwebots_ws/install/depthai_bridge/lib:/usr/lib/x86_64-linux-gnu/gazebo-11/plugins:/opt/ros/humble/opt/rviz_ogre_vendor/lib:/opt/ros/humble/lib/x86_64-linux-gnu:/opt/ros/humble/lib /usr/bin/cmake --install /home/echedey/Desktop/TFG/TFGwebots_ws/build/depthai_bridge
[0.135s] -- Install configuration: ""
[0.136s] -- Execute custom install script
[0.136s] -- Up-to-date symlink: /home/echedey/Desktop/TFG/TFGwebots_ws/install/depthai_bridge/share/depthai_bridge/environment/library_path.sh
[0.136s] -- Up-to-date symlink: /home/echedey/Desktop/TFG/TFGwebots_ws/install/depthai_bridge/share/depthai_bridge/environment/library_path.dsv
[0.136s] -- Up-to-date symlink: /home/echedey/Desktop/TFG/TFGwebots_ws/install/depthai_bridge/include//depthai_bridge/BridgePublisher.hpp
[0.137s] -- Up-to-date symlink: /home/echedey/Desktop/TFG/TFGwebots_ws/install/depthai_bridge/include//depthai_bridge/DisparityConverter.hpp
[0.137s] -- Up-to-date symlink: /home/echedey/Desktop/TFG/TFGwebots_ws/install/depthai_bridge/include//depthai_bridge/ImageConverter.hpp
[0.137s] -- Up-to-date symlink: /home/echedey/Desktop/TFG/TFGwebots_ws/install/depthai_bridge/include//depthai_bridge/ImgDetectionConverter.hpp
[0.137s] -- Up-to-date symlink: /home/echedey/Desktop/TFG/TFGwebots_ws/install/depthai_bridge/include//depthai_bridge/ImuConverter.hpp
[0.137s] -- Up-to-date symlink: /home/echedey/Desktop/TFG/TFGwebots_ws/install/depthai_bridge/include//depthai_bridge/SpatialDetectionConverter.hpp
[0.137s] -- Up-to-date symlink: /home/echedey/Desktop/TFG/TFGwebots_ws/install/depthai_bridge/include//depthai_bridge/TFPublisher.hpp
[0.137s] -- Up-to-date symlink: /home/echedey/Desktop/TFG/TFGwebots_ws/install/depthai_bridge/include//depthai_bridge/TrackDetectionConverter.hpp
[0.137s] -- Up-to-date symlink: /home/echedey/Desktop/TFG/TFGwebots_ws/install/depthai_bridge/include//depthai_bridge/TrackSpatialDetectionConverter.hpp
[0.138s] -- Up-to-date symlink: /home/echedey/Desktop/TFG/TFGwebots_ws/install/depthai_bridge/include//depthai_bridge/TrackedFeaturesConverter.hpp
[0.138s] -- Up-to-date symlink: /home/echedey/Desktop/TFG/TFGwebots_ws/install/depthai_bridge/include//depthai_bridge/depthaiUtility.hpp
[0.138s] -- Up-to-date symlink: /home/echedey/Desktop/TFG/TFGwebots_ws/install/depthai_bridge/share/depthai_bridge/rviz/pointCloud.rviz
[0.138s] -- Up-to-date symlink: /home/echedey/Desktop/TFG/TFGwebots_ws/install/depthai_bridge/share/ament_index/resource_index/package_run_dependencies/depthai_bridge
[0.138s] -- Up-to-date symlink: /home/echedey/Desktop/TFG/TFGwebots_ws/install/depthai_bridge/share/ament_index/resource_index/parent_prefix_path/depthai_bridge
[0.138s] -- Up-to-date symlink: /home/echedey/Desktop/TFG/TFGwebots_ws/install/depthai_bridge/share/depthai_bridge/environment/ament_prefix_path.sh
[0.138s] -- Up-to-date symlink: /home/echedey/Desktop/TFG/TFGwebots_ws/install/depthai_bridge/share/depthai_bridge/environment/ament_prefix_path.dsv
[0.139s] -- Up-to-date symlink: /home/echedey/Desktop/TFG/TFGwebots_ws/install/depthai_bridge/share/depthai_bridge/environment/path.sh
[0.139s] -- Up-to-date symlink: /home/echedey/Desktop/TFG/TFGwebots_ws/install/depthai_bridge/share/depthai_bridge/environment/path.dsv
[0.139s] -- Up-to-date symlink: /home/echedey/Desktop/TFG/TFGwebots_ws/install/depthai_bridge/share/depthai_bridge/local_setup.bash
[0.139s] -- Up-to-date symlink: /home/echedey/Desktop/TFG/TFGwebots_ws/install/depthai_bridge/share/depthai_bridge/local_setup.sh
[0.139s] -- Up-to-date symlink: /home/echedey/Desktop/TFG/TFGwebots_ws/install/depthai_bridge/share/depthai_bridge/local_setup.zsh
[0.139s] -- Up-to-date symlink: /home/echedey/Desktop/TFG/TFGwebots_ws/install/depthai_bridge/share/depthai_bridge/local_setup.dsv
[0.140s] -- Symlinking: /home/echedey/Desktop/TFG/TFGwebots_ws/install/depthai_bridge/share/depthai_bridge/package.dsv
[0.153s] -- Up-to-date symlink: /home/echedey/Desktop/TFG/TFGwebots_ws/install/depthai_bridge/share/ament_index/resource_index/packages/depthai_bridge
[0.153s] -- Up-to-date symlink: /home/echedey/Desktop/TFG/TFGwebots_ws/install/depthai_bridge/share/depthai_bridge/cmake/ament_cmake_export_targets-extras.cmake
[0.153s] -- Up-to-date symlink: /home/echedey/Desktop/TFG/TFGwebots_ws/install/depthai_bridge/share/depthai_bridge/cmake/ament_cmake_export_include_directories-extras.cmake
[0.154s] -- Up-to-date symlink: /home/echedey/Desktop/TFG/TFGwebots_ws/install/depthai_bridge/share/depthai_bridge/cmake/ament_cmake_export_libraries-extras.cmake
[0.154s] -- Up-to-date symlink: /home/echedey/Desktop/TFG/TFGwebots_ws/install/depthai_bridge/share/depthai_bridge/cmake/ament_cmake_export_dependencies-extras.cmake
[0.154s] -- Up-to-date symlink: /home/echedey/Desktop/TFG/TFGwebots_ws/install/depthai_bridge/share/depthai_bridge/cmake/depthai_bridgeConfig.cmake
[0.156s] -- Up-to-date symlink: /home/echedey/Desktop/TFG/TFGwebots_ws/install/depthai_bridge/share/depthai_bridge/cmake/depthai_bridgeConfig-version.cmake
[0.156s] -- Up-to-date symlink: /home/echedey/Desktop/TFG/TFGwebots_ws/install/depthai_bridge/share/depthai_bridge/package.xml
[0.156s] -- Up-to-date: /home/echedey/Desktop/TFG/TFGwebots_ws/install/depthai_bridge/lib/libdepthai_bridge.so
[0.156s] -- Up-to-date: /home/echedey/Desktop/TFG/TFGwebots_ws/install/depthai_bridge/share/depthai_bridge/cmake/depthai_bridgeTargets.cmake
[0.156s] -- Up-to-date: /home/echedey/Desktop/TFG/TFGwebots_ws/install/depthai_bridge/share/depthai_bridge/cmake/depthai_bridgeTargets-noconfig.cmake
[0.156s] -- Up-to-date: /home/echedey/Desktop/TFG/TFGwebots_ws/install/depthai_bridge/share/depthai_bridge/cmake/depthai_bridgeTargetsExport.cmake
[0.156s] -- Up-to-date: /home/echedey/Desktop/TFG/TFGwebots_ws/install/depthai_bridge/share/depthai_bridge/cmake/depthai_bridgeTargetsExport-noconfig.cmake
[0.174s] Invoked command in '/home/echedey/Desktop/TFG/TFGwebots_ws/build/depthai_bridge' returned '0': CMAKE_PREFIX_PATH=/home/echedey/Desktop/TFG/TFGwebots_ws/install/depthai_ros_msgs:/home/echedey/Desktop/TFG/TFGwebots_ws/install/depthai-ros:/home/echedey/Desktop/TFG/TFGwebots_ws/install/depthai_ros_driver:/home/echedey/Desktop/TFG/TFGwebots_ws/install/depthai_filters:/home/echedey/Desktop/TFG/TFGwebots_ws/install/depthai_examples:/home/echedey/Desktop/TFG/TFGwebots_ws/install/depthai_bridge:/home/echedey/Desktop/TFG/TFGwebots_ws/install/depthai_descriptions:/home/echedey/Desktop/TFG/TFGwebots_ws/install/tb4_sim:/home/echedey/Desktop/TFG/TFGwebots_ws/install/formas:/opt/ros/humble LD_LIBRARY_PATH=/home/echedey/Desktop/TFG/TFGwebots_ws/install/depthai_ros_msgs/lib:/home/echedey/Desktop/TFG/TFGwebots_ws/install/depthai_ros_driver/lib:/home/echedey/Desktop/TFG/TFGwebots_ws/install/depthai_filters/lib:/home/echedey/Desktop/TFG/TFGwebots_ws/install/depthai_bridge/lib:/usr/lib/x86_64-linux-gnu/gazebo-11/plugins:/opt/ros/humble/opt/rviz_ogre_vendor/lib:/opt/ros/humble/lib/x86_64-linux-gnu:/opt/ros/humble/lib /usr/bin/cmake --install /home/echedey/Desktop/TFG/TFGwebots_ws/build/depthai_bridge
