[0.870s] Invoking command in '/home/echedey/Desktop/TFG/TFGwebots_ws/build/tb4_sim': PYTHONPATH=/home/echedey/Desktop/TFG/TFGwebots_ws/build/tb4_sim/prefix_override:/usr/lib/python3/dist-packages/colcon_core/task/python/colcon_distutils_commands:/home/echedey/Desktop/TFG/TFGwebots_ws/install/tb4_sim/lib/python3.10/site-packages:${PYTHONPATH} /usr/bin/python3 -W ignore:setup.py install is deprecated -W ignore:easy_install command is deprecated setup.py develop --uninstall --editable --build-directory /home/echedey/Desktop/TFG/TFGwebots_ws/build/tb4_sim/build
[1.088s] running develop
[1.234s] Removing /home/echedey/Desktop/TFG/TFGwebots_ws/install/tb4_sim/lib/python3.10/site-packages/tb4-sim.egg-link (link to .)
[1.278s] Invoked command in '/home/echedey/Desktop/TFG/TFGwebots_ws/build/tb4_sim' returned '0': PYTHONPATH=/home/echedey/Desktop/TFG/TFGwebots_ws/build/tb4_sim/prefix_override:/usr/lib/python3/dist-packages/colcon_core/task/python/colcon_distutils_commands:/home/echedey/Desktop/TFG/TFGwebots_ws/install/tb4_sim/lib/python3.10/site-packages:${PYTHONPATH} /usr/bin/python3 -W ignore:setup.py install is deprecated -W ignore:easy_install command is deprecated setup.py develop --uninstall --editable --build-directory /home/echedey/Desktop/TFG/TFGwebots_ws/build/tb4_sim/build
[1.280s] Invoking command in '/home/echedey/Desktop/TFG/TFGwebots_ws/tb4_sim': PYTHONPATH=/home/echedey/Desktop/TFG/TFGwebots_ws/build/tb4_sim/prefix_override:/usr/lib/python3/dist-packages/colcon_core/task/python/colcon_distutils_commands:/home/echedey/Desktop/TFG/TFGwebots_ws/install/tb4_sim/lib/python3.10/site-packages:${PYTHONPATH} /usr/bin/python3 -W ignore:setup.py install is deprecated -W ignore:easy_install command is deprecated setup.py egg_info --egg-base ../build/tb4_sim build --build-base /home/echedey/Desktop/TFG/TFGwebots_ws/build/tb4_sim/build install --record /home/echedey/Desktop/TFG/TFGwebots_ws/build/tb4_sim/install.log --single-version-externally-managed install_data --force
[1.498s] running egg_info
[1.498s] writing ../build/tb4_sim/tb4_sim.egg-info/PKG-INFO
[1.499s] writing dependency_links to ../build/tb4_sim/tb4_sim.egg-info/dependency_links.txt
[1.499s] writing entry points to ../build/tb4_sim/tb4_sim.egg-info/entry_points.txt
[1.499s] writing requirements to ../build/tb4_sim/tb4_sim.egg-info/requires.txt
[1.499s] writing top-level names to ../build/tb4_sim/tb4_sim.egg-info/top_level.txt
[1.502s] reading manifest file '../build/tb4_sim/tb4_sim.egg-info/SOURCES.txt'
[1.503s] writing manifest file '../build/tb4_sim/tb4_sim.egg-info/SOURCES.txt'
[1.503s] running build
[1.503s] running build_py
[1.503s] creating /home/echedey/Desktop/TFG/TFGwebots_ws/build/tb4_sim/build
[1.503s] creating /home/echedey/Desktop/TFG/TFGwebots_ws/build/tb4_sim/build/lib
[1.503s] creating /home/echedey/Desktop/TFG/TFGwebots_ws/build/tb4_sim/build/lib/tb4_sim
[1.503s] copying tb4_sim/__init__.py -> /home/echedey/Desktop/TFG/TFGwebots_ws/build/tb4_sim/build/lib/tb4_sim
[1.504s] running install
[1.504s] running install_lib
[1.505s] creating /home/echedey/Desktop/TFG/TFGwebots_ws/install/tb4_sim/lib/python3.10/site-packages/tb4_sim
[1.505s] copying /home/echedey/Desktop/TFG/TFGwebots_ws/build/tb4_sim/build/lib/tb4_sim/__init__.py -> /home/echedey/Desktop/TFG/TFGwebots_ws/install/tb4_sim/lib/python3.10/site-packages/tb4_sim
[1.506s] byte-compiling /home/echedey/Desktop/TFG/TFGwebots_ws/install/tb4_sim/lib/python3.10/site-packages/tb4_sim/__init__.py to __init__.cpython-310.pyc
[1.506s] running install_data
[1.506s] copying resource/tb4_sim -> /home/echedey/Desktop/TFG/TFGwebots_ws/install/tb4_sim/share/ament_index/resource_index/packages
[1.506s] copying launch/tb4_launcher.py -> /home/echedey/Desktop/TFG/TFGwebots_ws/install/tb4_sim/share/tb4_sim/launch
[1.506s] copying resource/tb4_raw.urdf -> /home/echedey/Desktop/TFG/TFGwebots_ws/install/tb4_sim/share/tb4_sim/resource
[1.507s] copying resource/tb4_webots.xacro -> /home/echedey/Desktop/TFG/TFGwebots_ws/install/tb4_sim/share/tb4_sim/resource
[1.507s] copying resource/tb4_control.yaml -> /home/echedey/Desktop/TFG/TFGwebots_ws/install/tb4_sim/share/tb4_sim/resource
[1.507s] copying resource/helper.xacro -> /home/echedey/Desktop/TFG/TFGwebots_ws/install/tb4_sim/share/tb4_sim/resource
[1.507s] copying worlds/house.wbt -> /home/echedey/Desktop/TFG/TFGwebots_ws/install/tb4_sim/share/tb4_sim/worlds
[1.507s] copying package.xml -> /home/echedey/Desktop/TFG/TFGwebots_ws/install/tb4_sim/share/tb4_sim
[1.507s] running install_egg_info
[1.510s] Copying ../build/tb4_sim/tb4_sim.egg-info to /home/echedey/Desktop/TFG/TFGwebots_ws/install/tb4_sim/lib/python3.10/site-packages/tb4_sim-0.1.0-py3.10.egg-info
[1.511s] running install_scripts
[1.530s] writing list of installed files to '/home/echedey/Desktop/TFG/TFGwebots_ws/build/tb4_sim/install.log'
[1.570s] Invoked command in '/home/echedey/Desktop/TFG/TFGwebots_ws/tb4_sim' returned '0': PYTHONPATH=/home/echedey/Desktop/TFG/TFGwebots_ws/build/tb4_sim/prefix_override:/usr/lib/python3/dist-packages/colcon_core/task/python/colcon_distutils_commands:/home/echedey/Desktop/TFG/TFGwebots_ws/install/tb4_sim/lib/python3.10/site-packages:${PYTHONPATH} /usr/bin/python3 -W ignore:setup.py install is deprecated -W ignore:easy_install command is deprecated setup.py egg_info --egg-base ../build/tb4_sim build --build-base /home/echedey/Desktop/TFG/TFGwebots_ws/build/tb4_sim/build install --record /home/echedey/Desktop/TFG/TFGwebots_ws/build/tb4_sim/install.log --single-version-externally-managed install_data --force
