[0.017s] Invoking command in '/home/echedey/Desktop/TFG/TFGwebots_ws/build/rtabmap_conversions': CMAKE_PREFIX_PATH=/home/echedey/Desktop/TFG/TFGwebots_ws/install/rtabmap_msgs:/home/echedey/Desktop/TFG/TFGwebots_ws/install/rtabmap_ros:/home/echedey/Desktop/TFG/TFGwebots_ws/install/rtabmap_rviz_plugins:/home/echedey/Desktop/TFG/TFGwebots_ws/install/rtabmap_conversions:/home/echedey/Desktop/TFG/TFG_ws/install/turtlebot4_simulator:/home/echedey/Desktop/TFG/TFG_ws/install/turtlebot4_gz_bringup:/home/echedey/Desktop/TFG/TFG_ws/install/turtlebot4_gz_toolbox:/home/echedey/Desktop/TFG/TFG_ws/install/turtlebot4_description:/home/echedey/Desktop/TFG/TFG_ws/install/room3:/home/echedey/Desktop/TFG/TFGwebots_ws/install/tb4_sim:/home/echedey/Desktop/TFG/TFGwebots_ws/install/rtabmap_python:/opt/ros/humble LD_LIBRARY_PATH=/home/echedey/Desktop/TFG/TFGwebots_ws/install/rtabmap_msgs/lib:/home/echedey/Desktop/TFG/TFGwebots_ws/install/rtabmap_rviz_plugins/lib:/home/echedey/Desktop/TFG/TFGwebots_ws/install/rtabmap_conversions/lib:/usr/lib/x86_64-linux-gnu/gazebo-11/plugins:/opt/ros/humble/opt/rviz_ogre_vendor/lib:/opt/ros/humble/lib/x86_64-linux-gnu:/opt/ros/humble/lib /usr/bin/cmake --build /home/echedey/Desktop/TFG/TFGwebots_ws/build/rtabmap_conversions -- -j16 -l16
[0.089s] [35m[1mConsolidate compiler generated dependencies of target rtabmap_conversions[0m
[0.155s] [100%] Built target rtabmap_conversions
[0.171s] Invoked command in '/home/echedey/Desktop/TFG/TFGwebots_ws/build/rtabmap_conversions' returned '0': CMAKE_PREFIX_PATH=/home/echedey/Desktop/TFG/TFGwebots_ws/install/rtabmap_msgs:/home/echedey/Desktop/TFG/TFGwebots_ws/install/rtabmap_ros:/home/echedey/Desktop/TFG/TFGwebots_ws/install/rtabmap_rviz_plugins:/home/echedey/Desktop/TFG/TFGwebots_ws/install/rtabmap_conversions:/home/echedey/Desktop/TFG/TFG_ws/install/turtlebot4_simulator:/home/echedey/Desktop/TFG/TFG_ws/install/turtlebot4_gz_bringup:/home/echedey/Desktop/TFG/TFG_ws/install/turtlebot4_gz_toolbox:/home/echedey/Desktop/TFG/TFG_ws/install/turtlebot4_description:/home/echedey/Desktop/TFG/TFG_ws/install/room3:/home/echedey/Desktop/TFG/TFGwebots_ws/install/tb4_sim:/home/echedey/Desktop/TFG/TFGwebots_ws/install/rtabmap_python:/opt/ros/humble LD_LIBRARY_PATH=/home/echedey/Desktop/TFG/TFGwebots_ws/install/rtabmap_msgs/lib:/home/echedey/Desktop/TFG/TFGwebots_ws/install/rtabmap_rviz_plugins/lib:/home/echedey/Desktop/TFG/TFGwebots_ws/install/rtabmap_conversions/lib:/usr/lib/x86_64-linux-gnu/gazebo-11/plugins:/opt/ros/humble/opt/rviz_ogre_vendor/lib:/opt/ros/humble/lib/x86_64-linux-gnu:/opt/ros/humble/lib /usr/bin/cmake --build /home/echedey/Desktop/TFG/TFGwebots_ws/build/rtabmap_conversions -- -j16 -l16
[0.173s] Invoking command in '/home/echedey/Desktop/TFG/TFGwebots_ws/build/rtabmap_conversions': CMAKE_PREFIX_PATH=/home/echedey/Desktop/TFG/TFGwebots_ws/install/rtabmap_msgs:/home/echedey/Desktop/TFG/TFGwebots_ws/install/rtabmap_ros:/home/echedey/Desktop/TFG/TFGwebots_ws/install/rtabmap_rviz_plugins:/home/echedey/Desktop/TFG/TFGwebots_ws/install/rtabmap_conversions:/home/echedey/Desktop/TFG/TFG_ws/install/turtlebot4_simulator:/home/echedey/Desktop/TFG/TFG_ws/install/turtlebot4_gz_bringup:/home/echedey/Desktop/TFG/TFG_ws/install/turtlebot4_gz_toolbox:/home/echedey/Desktop/TFG/TFG_ws/install/turtlebot4_description:/home/echedey/Desktop/TFG/TFG_ws/install/room3:/home/echedey/Desktop/TFG/TFGwebots_ws/install/tb4_sim:/home/echedey/Desktop/TFG/TFGwebots_ws/install/rtabmap_python:/opt/ros/humble LD_LIBRARY_PATH=/home/echedey/Desktop/TFG/TFGwebots_ws/install/rtabmap_msgs/lib:/home/echedey/Desktop/TFG/TFGwebots_ws/install/rtabmap_rviz_plugins/lib:/home/echedey/Desktop/TFG/TFGwebots_ws/install/rtabmap_conversions/lib:/usr/lib/x86_64-linux-gnu/gazebo-11/plugins:/opt/ros/humble/opt/rviz_ogre_vendor/lib:/opt/ros/humble/lib/x86_64-linux-gnu:/opt/ros/humble/lib /usr/bin/cmake --install /home/echedey/Desktop/TFG/TFGwebots_ws/build/rtabmap_conversions
[0.182s] -- Install configuration: ""
[0.183s] -- Execute custom install script
[0.183s] -- Up-to-date symlink: /home/echedey/Desktop/TFG/TFGwebots_ws/install/rtabmap_conversions/share/rtabmap_conversions/environment/library_path.sh
[0.184s] -- Up-to-date symlink: /home/echedey/Desktop/TFG/TFGwebots_ws/install/rtabmap_conversions/share/rtabmap_conversions/environment/library_path.dsv
[0.184s] -- Up-to-date symlink: /home/echedey/Desktop/TFG/TFGwebots_ws/install/rtabmap_conversions/share/ament_index/resource_index/package_run_dependencies/rtabmap_conversions
[0.184s] -- Up-to-date symlink: /home/echedey/Desktop/TFG/TFGwebots_ws/install/rtabmap_conversions/share/ament_index/resource_index/parent_prefix_path/rtabmap_conversions
[0.184s] -- Up-to-date symlink: /home/echedey/Desktop/TFG/TFGwebots_ws/install/rtabmap_conversions/share/rtabmap_conversions/environment/ament_prefix_path.sh
[0.185s] -- Up-to-date symlink: /home/echedey/Desktop/TFG/TFGwebots_ws/install/rtabmap_conversions/share/rtabmap_conversions/environment/ament_prefix_path.dsv
[0.185s] -- Up-to-date symlink: /home/echedey/Desktop/TFG/TFGwebots_ws/install/rtabmap_conversions/share/rtabmap_conversions/environment/path.sh
[0.185s] -- Up-to-date symlink: /home/echedey/Desktop/TFG/TFGwebots_ws/install/rtabmap_conversions/share/rtabmap_conversions/environment/path.dsv
[0.185s] -- Up-to-date symlink: /home/echedey/Desktop/TFG/TFGwebots_ws/install/rtabmap_conversions/share/rtabmap_conversions/local_setup.bash
[0.185s] -- Up-to-date symlink: /home/echedey/Desktop/TFG/TFGwebots_ws/install/rtabmap_conversions/share/rtabmap_conversions/local_setup.sh
[0.186s] -- Up-to-date symlink: /home/echedey/Desktop/TFG/TFGwebots_ws/install/rtabmap_conversions/share/rtabmap_conversions/local_setup.zsh
[0.186s] -- Up-to-date symlink: /home/echedey/Desktop/TFG/TFGwebots_ws/install/rtabmap_conversions/share/rtabmap_conversions/local_setup.dsv
[0.186s] -- Symlinking: /home/echedey/Desktop/TFG/TFGwebots_ws/install/rtabmap_conversions/share/rtabmap_conversions/package.dsv
[0.196s] -- Up-to-date symlink: /home/echedey/Desktop/TFG/TFGwebots_ws/install/rtabmap_conversions/share/ament_index/resource_index/packages/rtabmap_conversions
[0.196s] -- Up-to-date symlink: /home/echedey/Desktop/TFG/TFGwebots_ws/install/rtabmap_conversions/share/rtabmap_conversions/cmake/ament_cmake_export_dependencies-extras.cmake
[0.197s] -- Up-to-date symlink: /home/echedey/Desktop/TFG/TFGwebots_ws/install/rtabmap_conversions/share/rtabmap_conversions/cmake/ament_cmake_export_include_directories-extras.cmake
[0.197s] -- Up-to-date symlink: /home/echedey/Desktop/TFG/TFGwebots_ws/install/rtabmap_conversions/share/rtabmap_conversions/cmake/ament_cmake_export_targets-extras.cmake
[0.197s] -- Up-to-date symlink: /home/echedey/Desktop/TFG/TFGwebots_ws/install/rtabmap_conversions/share/rtabmap_conversions/cmake/ament_cmake_export_libraries-extras.cmake
[0.197s] -- Up-to-date symlink: /home/echedey/Desktop/TFG/TFGwebots_ws/install/rtabmap_conversions/share/rtabmap_conversions/cmake/rtabmap_conversionsConfig.cmake
[0.197s] -- Up-to-date symlink: /home/echedey/Desktop/TFG/TFGwebots_ws/install/rtabmap_conversions/share/rtabmap_conversions/cmake/rtabmap_conversionsConfig-version.cmake
[0.197s] -- Up-to-date symlink: /home/echedey/Desktop/TFG/TFGwebots_ws/install/rtabmap_conversions/share/rtabmap_conversions/package.xml
[0.198s] -- Up-to-date: /home/echedey/Desktop/TFG/TFGwebots_ws/install/rtabmap_conversions/lib/librtabmap_conversions.so
[0.198s] -- Up-to-date: /home/echedey/Desktop/TFG/TFGwebots_ws/install/rtabmap_conversions/include
[0.198s] -- Up-to-date: /home/echedey/Desktop/TFG/TFGwebots_ws/install/rtabmap_conversions/include/rtabmap_conversions
[0.199s] -- Up-to-date: /home/echedey/Desktop/TFG/TFGwebots_ws/install/rtabmap_conversions/include/rtabmap_conversions/MsgConversion.h
[0.199s] -- Up-to-date: /home/echedey/Desktop/TFG/TFGwebots_ws/install/rtabmap_conversions/share/rtabmap_conversions/cmake/rtabmap_conversionsExport.cmake
[0.199s] -- Up-to-date: /home/echedey/Desktop/TFG/TFGwebots_ws/install/rtabmap_conversions/share/rtabmap_conversions/cmake/rtabmap_conversionsExport-noconfig.cmake
[0.202s] Invoked command in '/home/echedey/Desktop/TFG/TFGwebots_ws/build/rtabmap_conversions' returned '0': CMAKE_PREFIX_PATH=/home/echedey/Desktop/TFG/TFGwebots_ws/install/rtabmap_msgs:/home/echedey/Desktop/TFG/TFGwebots_ws/install/rtabmap_ros:/home/echedey/Desktop/TFG/TFGwebots_ws/install/rtabmap_rviz_plugins:/home/echedey/Desktop/TFG/TFGwebots_ws/install/rtabmap_conversions:/home/echedey/Desktop/TFG/TFG_ws/install/turtlebot4_simulator:/home/echedey/Desktop/TFG/TFG_ws/install/turtlebot4_gz_bringup:/home/echedey/Desktop/TFG/TFG_ws/install/turtlebot4_gz_toolbox:/home/echedey/Desktop/TFG/TFG_ws/install/turtlebot4_description:/home/echedey/Desktop/TFG/TFG_ws/install/room3:/home/echedey/Desktop/TFG/TFGwebots_ws/install/tb4_sim:/home/echedey/Desktop/TFG/TFGwebots_ws/install/rtabmap_python:/opt/ros/humble LD_LIBRARY_PATH=/home/echedey/Desktop/TFG/TFGwebots_ws/install/rtabmap_msgs/lib:/home/echedey/Desktop/TFG/TFGwebots_ws/install/rtabmap_rviz_plugins/lib:/home/echedey/Desktop/TFG/TFGwebots_ws/install/rtabmap_conversions/lib:/usr/lib/x86_64-linux-gnu/gazebo-11/plugins:/opt/ros/humble/opt/rviz_ogre_vendor/lib:/opt/ros/humble/lib/x86_64-linux-gnu:/opt/ros/humble/lib /usr/bin/cmake --install /home/echedey/Desktop/TFG/TFGwebots_ws/build/rtabmap_conversions
