[0.773s] Invoking command in '/home/echedey/Desktop/TFG/TFG_ws/src/turtlebot4_sim': PYTHONPATH=/home/echedey/Desktop/TFG/TFG_ws/build/turtlebot4_sim/prefix_override:/usr/lib/python3/dist-packages/colcon_core/task/python/colcon_distutils_commands:/home/echedey/Desktop/TFG/TFG_ws/install/turtlebot4_sim/lib/python3.10/site-packages:${PYTHONPATH} /usr/bin/python3 -W ignore:setup.py install is deprecated -W ignore:easy_install command is deprecated setup.py egg_info --egg-base ../../build/turtlebot4_sim build --build-base /home/echedey/Desktop/TFG/TFG_ws/build/turtlebot4_sim/build install --record /home/echedey/Desktop/TFG/TFG_ws/build/turtlebot4_sim/install.log --single-version-externally-managed install_data
[0.967s] running egg_info
[0.968s] writing ../../build/turtlebot4_sim/turtlebot4_sim.egg-info/PKG-INFO
[0.968s] writing dependency_links to ../../build/turtlebot4_sim/turtlebot4_sim.egg-info/dependency_links.txt
[0.968s] writing entry points to ../../build/turtlebot4_sim/turtlebot4_sim.egg-info/entry_points.txt
[0.969s] writing requirements to ../../build/turtlebot4_sim/turtlebot4_sim.egg-info/requires.txt
[0.969s] writing top-level names to ../../build/turtlebot4_sim/turtlebot4_sim.egg-info/top_level.txt
[0.970s] reading manifest file '../../build/turtlebot4_sim/turtlebot4_sim.egg-info/SOURCES.txt'
[0.971s] writing manifest file '../../build/turtlebot4_sim/turtlebot4_sim.egg-info/SOURCES.txt'
[0.971s] running build
[0.971s] running build_py
[0.971s] running install
[0.972s] running install_lib
[0.974s] running install_data
[0.974s] copying launch/launch_gazebo_robot.py -> /home/echedey/Desktop/TFG/TFG_ws/install/turtlebot4_sim/share/turtlebot4_sim/launch
[0.974s] running install_egg_info
[0.976s] removing '/home/echedey/Desktop/TFG/TFG_ws/install/turtlebot4_sim/lib/python3.10/site-packages/turtlebot4_sim-0.0.0-py3.10.egg-info' (and everything under it)
[0.976s] Copying ../../build/turtlebot4_sim/turtlebot4_sim.egg-info to /home/echedey/Desktop/TFG/TFG_ws/install/turtlebot4_sim/lib/python3.10/site-packages/turtlebot4_sim-0.0.0-py3.10.egg-info
[0.977s] running install_scripts
[0.997s] writing list of installed files to '/home/echedey/Desktop/TFG/TFG_ws/build/turtlebot4_sim/install.log'
[1.049s] Invoked command in '/home/echedey/Desktop/TFG/TFG_ws/src/turtlebot4_sim' returned '0': PYTHONPATH=/home/echedey/Desktop/TFG/TFG_ws/build/turtlebot4_sim/prefix_override:/usr/lib/python3/dist-packages/colcon_core/task/python/colcon_distutils_commands:/home/echedey/Desktop/TFG/TFG_ws/install/turtlebot4_sim/lib/python3.10/site-packages:${PYTHONPATH} /usr/bin/python3 -W ignore:setup.py install is deprecated -W ignore:easy_install command is deprecated setup.py egg_info --egg-base ../../build/turtlebot4_sim build --build-base /home/echedey/Desktop/TFG/TFG_ws/build/turtlebot4_sim/build install --record /home/echedey/Desktop/TFG/TFG_ws/build/turtlebot4_sim/install.log --single-version-externally-managed install_data
