[0.797s] Invoking command in '/home/echedey/Desktop/TFG/TFG_ws/src/turtlebot4_sim': PYTHONPATH=/home/echedey/Desktop/TFG/TFG_ws/build/turtlebot4_sim/prefix_override:/usr/lib/python3/dist-packages/colcon_core/task/python/colcon_distutils_commands:/home/echedey/Desktop/TFG/TFG_ws/install/turtlebot4_sim/lib/python3.10/site-packages:${PYTHONPATH} /usr/bin/python3 -W ignore:setup.py install is deprecated -W ignore:easy_install command is deprecated setup.py egg_info --egg-base ../../build/turtlebot4_sim build --build-base /home/echedey/Desktop/TFG/TFG_ws/build/turtlebot4_sim/build install --record /home/echedey/Desktop/TFG/TFG_ws/build/turtlebot4_sim/install.log --single-version-externally-managed install_data
[1.080s] running egg_info
[1.081s] writing ../../build/turtlebot4_sim/turtlebot4_sim.egg-info/PKG-INFO
[1.081s] writing dependency_links to ../../build/turtlebot4_sim/turtlebot4_sim.egg-info/dependency_links.txt
[1.082s] writing entry points to ../../build/turtlebot4_sim/turtlebot4_sim.egg-info/entry_points.txt
[1.082s] writing requirements to ../../build/turtlebot4_sim/turtlebot4_sim.egg-info/requires.txt
[1.082s] writing top-level names to ../../build/turtlebot4_sim/turtlebot4_sim.egg-info/top_level.txt
[1.084s] reading manifest file '../../build/turtlebot4_sim/turtlebot4_sim.egg-info/SOURCES.txt'
[1.085s] writing manifest file '../../build/turtlebot4_sim/turtlebot4_sim.egg-info/SOURCES.txt'
[1.085s] running build
[1.085s] running build_py
[1.085s] running install
[1.086s] running install_lib
[1.089s] running install_data
[1.090s] copying launch/launch_gazebo_robot.py -> /home/echedey/Desktop/TFG/TFG_ws/install/turtlebot4_sim/share/turtlebot4_sim/launch
[1.090s] running install_egg_info
[1.092s] removing '/home/echedey/Desktop/TFG/TFG_ws/install/turtlebot4_sim/lib/python3.10/site-packages/turtlebot4_sim-0.0.0-py3.10.egg-info' (and everything under it)
[1.092s] Copying ../../build/turtlebot4_sim/turtlebot4_sim.egg-info to /home/echedey/Desktop/TFG/TFG_ws/install/turtlebot4_sim/lib/python3.10/site-packages/turtlebot4_sim-0.0.0-py3.10.egg-info
[1.093s] running install_scripts
[1.119s] writing list of installed files to '/home/echedey/Desktop/TFG/TFG_ws/build/turtlebot4_sim/install.log'
[1.158s] Invoked command in '/home/echedey/Desktop/TFG/TFG_ws/src/turtlebot4_sim' returned '0': PYTHONPATH=/home/echedey/Desktop/TFG/TFG_ws/build/turtlebot4_sim/prefix_override:/usr/lib/python3/dist-packages/colcon_core/task/python/colcon_distutils_commands:/home/echedey/Desktop/TFG/TFG_ws/install/turtlebot4_sim/lib/python3.10/site-packages:${PYTHONPATH} /usr/bin/python3 -W ignore:setup.py install is deprecated -W ignore:easy_install command is deprecated setup.py egg_info --egg-base ../../build/turtlebot4_sim build --build-base /home/echedey/Desktop/TFG/TFG_ws/build/turtlebot4_sim/build install --record /home/echedey/Desktop/TFG/TFG_ws/build/turtlebot4_sim/install.log --single-version-externally-managed install_data
