[0.012s] Invoking command in '/home/echedey/Desktop/TFG/TFGwebots_ws/build/rtabmap_ros': CMAKE_PREFIX_PATH=${CMAKE_PREFIX_PATH}:/opt/ros/humble /usr/bin/cmake /home/echedey/Desktop/TFG/TFGwebots_ws/src/rtabmap_ros/rtabmap_ros -DAMENT_CMAKE_SYMLINK_INSTALL=1 -DCMAKE_INSTALL_PREFIX=/home/echedey/Desktop/TFG/TFGwebots_ws/install/rtabmap_ros
[0.138s] -- The C compiler identification is GNU 11.4.0
[0.227s] -- The CXX compiler identification is GNU 11.4.0
[0.237s] -- Detecting C compiler ABI info
[0.313s] -- Detecting C compiler ABI info - done
[0.320s] -- Check for working C compiler: /usr/bin/cc - skipped
[0.320s] -- Detecting C compile features
[0.321s] -- Detecting C compile features - done
[0.324s] -- Detecting CXX compiler ABI info
[0.406s] -- Detecting CXX compiler ABI info - done
[0.412s] -- Check for working CXX compiler: /usr/bin/c++ - skipped
[0.412s] -- Detecting CXX compile features
[0.413s] -- Detecting CXX compile features - done
[0.418s] -- Found ament_cmake: 1.3.11 (/opt/ros/humble/share/ament_cmake/cmake)
[0.555s] -- Found Python3: /usr/bin/python3 (found version "3.10.12") found components: Interpreter 
[0.621s] -- Override CMake install command with custom implementation using symlinks instead of copying resources
[0.724s] -- Configuring done
[0.726s] -- Generating done
[0.728s] -- Build files have been written to: /home/echedey/Desktop/TFG/TFGwebots_ws/build/rtabmap_ros
[0.732s] Invoked command in '/home/echedey/Desktop/TFG/TFGwebots_ws/build/rtabmap_ros' returned '0': CMAKE_PREFIX_PATH=${CMAKE_PREFIX_PATH}:/opt/ros/humble /usr/bin/cmake /home/echedey/Desktop/TFG/TFGwebots_ws/src/rtabmap_ros/rtabmap_ros -DAMENT_CMAKE_SYMLINK_INSTALL=1 -DCMAKE_INSTALL_PREFIX=/home/echedey/Desktop/TFG/TFGwebots_ws/install/rtabmap_ros
[0.735s] Invoking command in '/home/echedey/Desktop/TFG/TFGwebots_ws/build/rtabmap_ros': CMAKE_PREFIX_PATH=${CMAKE_PREFIX_PATH}:/opt/ros/humble /usr/bin/cmake --build /home/echedey/Desktop/TFG/TFGwebots_ws/build/rtabmap_ros -- -j16 -l16
[0.778s] Invoked command in '/home/echedey/Desktop/TFG/TFGwebots_ws/build/rtabmap_ros' returned '0': CMAKE_PREFIX_PATH=${CMAKE_PREFIX_PATH}:/opt/ros/humble /usr/bin/cmake --build /home/echedey/Desktop/TFG/TFGwebots_ws/build/rtabmap_ros -- -j16 -l16
[0.790s] Invoking command in '/home/echedey/Desktop/TFG/TFGwebots_ws/build/rtabmap_ros': CMAKE_PREFIX_PATH=${CMAKE_PREFIX_PATH}:/opt/ros/humble /usr/bin/cmake --install /home/echedey/Desktop/TFG/TFGwebots_ws/build/rtabmap_ros
[0.797s] -- Install configuration: ""
[0.797s] -- Execute custom install script
[0.798s] -- Symlinking: /home/echedey/Desktop/TFG/TFGwebots_ws/install/rtabmap_ros/share/ament_index/resource_index/package_run_dependencies/rtabmap_ros
[0.807s] -- Symlinking: /home/echedey/Desktop/TFG/TFGwebots_ws/install/rtabmap_ros/share/ament_index/resource_index/parent_prefix_path/rtabmap_ros
[0.819s] -- Symlinking: /home/echedey/Desktop/TFG/TFGwebots_ws/install/rtabmap_ros/share/rtabmap_ros/environment/ament_prefix_path.sh
[0.829s] -- Symlinking: /home/echedey/Desktop/TFG/TFGwebots_ws/install/rtabmap_ros/share/rtabmap_ros/environment/ament_prefix_path.dsv
[0.839s] -- Symlinking: /home/echedey/Desktop/TFG/TFGwebots_ws/install/rtabmap_ros/share/rtabmap_ros/environment/path.sh
[0.849s] -- Symlinking: /home/echedey/Desktop/TFG/TFGwebots_ws/install/rtabmap_ros/share/rtabmap_ros/environment/path.dsv
[0.859s] -- Symlinking: /home/echedey/Desktop/TFG/TFGwebots_ws/install/rtabmap_ros/share/rtabmap_ros/local_setup.bash
[0.869s] -- Symlinking: /home/echedey/Desktop/TFG/TFGwebots_ws/install/rtabmap_ros/share/rtabmap_ros/local_setup.sh
[0.880s] -- Symlinking: /home/echedey/Desktop/TFG/TFGwebots_ws/install/rtabmap_ros/share/rtabmap_ros/local_setup.zsh
[0.890s] -- Symlinking: /home/echedey/Desktop/TFG/TFGwebots_ws/install/rtabmap_ros/share/rtabmap_ros/local_setup.dsv
[0.900s] -- Symlinking: /home/echedey/Desktop/TFG/TFGwebots_ws/install/rtabmap_ros/share/rtabmap_ros/package.dsv
[0.910s] -- Symlinking: /home/echedey/Desktop/TFG/TFGwebots_ws/install/rtabmap_ros/share/ament_index/resource_index/packages/rtabmap_ros
[0.921s] -- Symlinking: /home/echedey/Desktop/TFG/TFGwebots_ws/install/rtabmap_ros/share/rtabmap_ros/cmake/rtabmap_rosConfig.cmake
[0.930s] -- Symlinking: /home/echedey/Desktop/TFG/TFGwebots_ws/install/rtabmap_ros/share/rtabmap_ros/cmake/rtabmap_rosConfig-version.cmake
[0.940s] -- Symlinking: /home/echedey/Desktop/TFG/TFGwebots_ws/install/rtabmap_ros/share/rtabmap_ros/package.xml
[0.953s] Invoked command in '/home/echedey/Desktop/TFG/TFGwebots_ws/build/rtabmap_ros' returned '0': CMAKE_PREFIX_PATH=${CMAKE_PREFIX_PATH}:/opt/ros/humble /usr/bin/cmake --install /home/echedey/Desktop/TFG/TFGwebots_ws/build/rtabmap_ros
