-- Install configuration: ""
-- Up-to-date: /home/echedey/Desktop/TFG/TFG_ws/install/room3/share/room3//maps
-- Up-to-date: /home/echedey/Desktop/TFG/TFG_ws/install/room3/share/room3//maps/room_with_walls_2
-- Up-to-date: /home/echedey/Desktop/TFG/TFG_ws/install/room3/share/room3//maps/room_with_walls_2/room3
-- Up-to-date: /home/echedey/Desktop/TFG/TFG_ws/install/room3/share/room3//maps/room_with_walls_2/room3/model.config
-- Up-to-date: /home/echedey/Desktop/TFG/TFG_ws/install/room3/share/room3//maps/room_with_walls_2/room3/model.sdf
-- Up-to-date: /home/echedey/Desktop/TFG/TFG_ws/install/room3/share/room3//maps/room_with_walls_2/map_0.1m-px.png
-- Up-to-date: /home/echedey/Desktop/TFG/TFG_ws/install/room3/share/room3//maps/room_with_walls_2/map.yaml
-- Up-to-date: /home/echedey/Desktop/TFG/TFG_ws/install/room3/share/room3//maps/room_with_walls_2/map_0.05m-px.png
-- Up-to-date: /home/echedey/Desktop/TFG/TFG_ws/install/room3/share/room3//launch
-- Up-to-date: /home/echedey/Desktop/TFG/TFG_ws/install/room3/share/room3//launch/turtlebot4_empty.launch.py
-- Up-to-date: /home/echedey/Desktop/TFG/TFG_ws/install/room3/share/room3//launch/room3_sim.launch.py
-- Up-to-date: /home/echedey/Desktop/TFG/TFG_ws/install/room3/share/ament_index/resource_index/package_run_dependencies/room3
-- Up-to-date: /home/echedey/Desktop/TFG/TFG_ws/install/room3/share/ament_index/resource_index/parent_prefix_path/room3
-- Up-to-date: /home/echedey/Desktop/TFG/TFG_ws/install/room3/share/room3/environment/ament_prefix_path.sh
-- Up-to-date: /home/echedey/Desktop/TFG/TFG_ws/install/room3/share/room3/environment/ament_prefix_path.dsv
-- Up-to-date: /home/echedey/Desktop/TFG/TFG_ws/install/room3/share/room3/environment/path.sh
-- Up-to-date: /home/echedey/Desktop/TFG/TFG_ws/install/room3/share/room3/environment/path.dsv
-- Up-to-date: /home/echedey/Desktop/TFG/TFG_ws/install/room3/share/room3/local_setup.bash
-- Up-to-date: /home/echedey/Desktop/TFG/TFG_ws/install/room3/share/room3/local_setup.sh
-- Up-to-date: /home/echedey/Desktop/TFG/TFG_ws/install/room3/share/room3/local_setup.zsh
-- Up-to-date: /home/echedey/Desktop/TFG/TFG_ws/install/room3/share/room3/local_setup.dsv
-- Installing: /home/echedey/Desktop/TFG/TFG_ws/install/room3/share/room3/package.dsv
-- Up-to-date: /home/echedey/Desktop/TFG/TFG_ws/install/room3/share/ament_index/resource_index/packages/room3
-- Up-to-date: /home/echedey/Desktop/TFG/TFG_ws/install/room3/share/room3/cmake/room3Config.cmake
-- Up-to-date: /home/echedey/Desktop/TFG/TFG_ws/install/room3/share/room3/cmake/room3Config-version.cmake
-- Up-to-date: /home/echedey/Desktop/TFG/TFG_ws/install/room3/share/room3/package.xml
