[0.024s] Invoking command in '/home/echedey/Desktop/TFG/TFG_ws/build/room3': CMAKE_PREFIX_PATH=${CMAKE_PREFIX_PATH}:/opt/ros/humble /usr/bin/cmake /home/echedey/Desktop/TFG/TFG_ws/src/room3 -DCMAKE_INSTALL_PREFIX=/home/echedey/Desktop/TFG/TFG_ws/install/room3
[0.156s] -- The C compiler identification is GNU 11.4.0
[0.268s] -- The CXX compiler identification is GNU 11.4.0
[0.280s] -- Detecting C compiler ABI info
[0.385s] -- Detecting C compiler ABI info - done
[0.395s] -- Check for working C compiler: /usr/bin/cc - skipped
[0.396s] -- Detecting C compile features
[0.396s] -- Detecting C compile features - done
[0.401s] -- Detecting CXX compiler ABI info
[0.530s] -- Detecting CXX compiler ABI info - done
[0.541s] -- Check for working CXX compiler: /usr/bin/c++ - skipped
[0.541s] -- Detecting CXX compile features
[0.541s] -- Detecting CXX compile features - done
[0.547s] -- Found ament_cmake: 1.3.11 (/opt/ros/humble/share/ament_cmake/cmake)
[0.748s] -- Found Python3: /usr/bin/python3 (found version "3.10.12") found components: Interpreter 
[0.880s] -- Found ament_lint_auto: 0.12.12 (/opt/ros/humble/share/ament_lint_auto/cmake)
[0.965s] -- Configuring done
[0.969s] -- Generating done
[0.971s] -- Build files have been written to: /home/echedey/Desktop/TFG/TFG_ws/build/room3
[0.978s] Invoked command in '/home/echedey/Desktop/TFG/TFG_ws/build/room3' returned '0': CMAKE_PREFIX_PATH=${CMAKE_PREFIX_PATH}:/opt/ros/humble /usr/bin/cmake /home/echedey/Desktop/TFG/TFG_ws/src/room3 -DCMAKE_INSTALL_PREFIX=/home/echedey/Desktop/TFG/TFG_ws/install/room3
[0.981s] Invoking command in '/home/echedey/Desktop/TFG/TFG_ws/build/room3': CMAKE_PREFIX_PATH=${CMAKE_PREFIX_PATH}:/opt/ros/humble /usr/bin/cmake --build /home/echedey/Desktop/TFG/TFG_ws/build/room3 -- -j16 -l16
[1.043s] Invoked command in '/home/echedey/Desktop/TFG/TFG_ws/build/room3' returned '0': CMAKE_PREFIX_PATH=${CMAKE_PREFIX_PATH}:/opt/ros/humble /usr/bin/cmake --build /home/echedey/Desktop/TFG/TFG_ws/build/room3 -- -j16 -l16
[1.059s] Invoking command in '/home/echedey/Desktop/TFG/TFG_ws/build/room3': CMAKE_PREFIX_PATH=${CMAKE_PREFIX_PATH}:/opt/ros/humble /usr/bin/cmake --install /home/echedey/Desktop/TFG/TFG_ws/build/room3
[1.069s] -- Install configuration: ""
[1.069s] -- Installing: /home/echedey/Desktop/TFG/TFG_ws/install/room3/share/room3//maps
[1.069s] -- Installing: /home/echedey/Desktop/TFG/TFG_ws/install/room3/share/room3//maps/room_with_walls_2
[1.070s] -- Installing: /home/echedey/Desktop/TFG/TFG_ws/install/room3/share/room3//maps/room_with_walls_2/room3
[1.070s] -- Installing: /home/echedey/Desktop/TFG/TFG_ws/install/room3/share/room3//maps/room_with_walls_2/room3/model.config
[1.070s] -- Installing: /home/echedey/Desktop/TFG/TFG_ws/install/room3/share/room3//maps/room_with_walls_2/room3/model.sdf
[1.070s] -- Installing: /home/echedey/Desktop/TFG/TFG_ws/install/room3/share/room3//maps/room_with_walls_2/map_0.1m-px.png
[1.071s] -- Installing: /home/echedey/Desktop/TFG/TFG_ws/install/room3/share/room3//maps/room_with_walls_2/map.yaml
[1.071s] -- Installing: /home/echedey/Desktop/TFG/TFG_ws/install/room3/share/room3//maps/room_with_walls_2/map_0.05m-px.png
[1.071s] -- Installing: /home/echedey/Desktop/TFG/TFG_ws/install/room3/share/room3//launch
[1.071s] -- Installing: /home/echedey/Desktop/TFG/TFG_ws/install/room3/share/room3//launch/turtlebot4_empty.launch.py
[1.071s] -- Installing: /home/echedey/Desktop/TFG/TFG_ws/install/room3/share/room3//launch/room3_sim.launch.py
[1.072s] -- Installing: /home/echedey/Desktop/TFG/TFG_ws/install/room3/share/ament_index/resource_index/package_run_dependencies/room3
[1.072s] -- Installing: /home/echedey/Desktop/TFG/TFG_ws/install/room3/share/ament_index/resource_index/parent_prefix_path/room3
[1.072s] -- Installing: /home/echedey/Desktop/TFG/TFG_ws/install/room3/share/room3/environment/ament_prefix_path.sh
[1.073s] -- Installing: /home/echedey/Desktop/TFG/TFG_ws/install/room3/share/room3/environment/ament_prefix_path.dsv
[1.073s] -- Installing: /home/echedey/Desktop/TFG/TFG_ws/install/room3/share/room3/environment/path.sh
[1.073s] -- Installing: /home/echedey/Desktop/TFG/TFG_ws/install/room3/share/room3/environment/path.dsv
[1.073s] -- Installing: /home/echedey/Desktop/TFG/TFG_ws/install/room3/share/room3/local_setup.bash
[1.073s] -- Installing: /home/echedey/Desktop/TFG/TFG_ws/install/room3/share/room3/local_setup.sh
[1.074s] -- Installing: /home/echedey/Desktop/TFG/TFG_ws/install/room3/share/room3/local_setup.zsh
[1.074s] -- Installing: /home/echedey/Desktop/TFG/TFG_ws/install/room3/share/room3/local_setup.dsv
[1.074s] -- Installing: /home/echedey/Desktop/TFG/TFG_ws/install/room3/share/room3/package.dsv
[1.074s] -- Installing: /home/echedey/Desktop/TFG/TFG_ws/install/room3/share/ament_index/resource_index/packages/room3
[1.075s] -- Installing: /home/echedey/Desktop/TFG/TFG_ws/install/room3/share/room3/cmake/room3Config.cmake
[1.075s] -- Installing: /home/echedey/Desktop/TFG/TFG_ws/install/room3/share/room3/cmake/room3Config-version.cmake
[1.075s] -- Installing: /home/echedey/Desktop/TFG/TFG_ws/install/room3/share/room3/package.xml
[1.079s] Invoked command in '/home/echedey/Desktop/TFG/TFG_ws/build/room3' returned '0': CMAKE_PREFIX_PATH=${CMAKE_PREFIX_PATH}:/opt/ros/humble /usr/bin/cmake --install /home/echedey/Desktop/TFG/TFG_ws/build/room3
