[0.634s] Invoking command in '/home/echedey/Desktop/TFG/TFGwebots_ws/build/rtabmap_python': PYTHONPATH=/home/echedey/Desktop/TFG/TFGwebots_ws/build/rtabmap_python/prefix_override:/usr/lib/python3/dist-packages/colcon_core/task/python/colcon_distutils_commands:/home/echedey/Desktop/TFG/TFGwebots_ws/install/rtabmap_python/lib/python3.10/site-packages:${PYTHONPATH} /usr/bin/python3 -W ignore:setup.py install is deprecated -W ignore:easy_install command is deprecated setup.py develop --editable --build-directory /home/echedey/Desktop/TFG/TFGwebots_ws/build/rtabmap_python/build --no-deps symlink_data
[0.862s] running develop
[1.003s] running egg_info
[1.003s] creating rtabmap_python.egg-info
[1.004s] writing rtabmap_python.egg-info/PKG-INFO
[1.004s] writing dependency_links to rtabmap_python.egg-info/dependency_links.txt
[1.004s] writing entry points to rtabmap_python.egg-info/entry_points.txt
[1.004s] writing requirements to rtabmap_python.egg-info/requires.txt
[1.004s] writing top-level names to rtabmap_python.egg-info/top_level.txt
[1.004s] writing manifest file 'rtabmap_python.egg-info/SOURCES.txt'
[1.016s] reading manifest file 'rtabmap_python.egg-info/SOURCES.txt'
[1.017s] writing manifest file 'rtabmap_python.egg-info/SOURCES.txt'
[1.018s] running build_ext
[1.018s] Creating /home/echedey/Desktop/TFG/TFGwebots_ws/install/rtabmap_python/lib/python3.10/site-packages/rtabmap-python.egg-link (link to .)
[1.019s] 
[1.019s] Installed /home/echedey/Desktop/TFG/TFGwebots_ws/build/rtabmap_python
[1.019s] running symlink_data
[1.019s] creating /home/echedey/Desktop/TFG/TFGwebots_ws/install/rtabmap_python/share/ament_index
[1.019s] creating /home/echedey/Desktop/TFG/TFGwebots_ws/install/rtabmap_python/share/ament_index/resource_index
[1.020s] creating /home/echedey/Desktop/TFG/TFGwebots_ws/install/rtabmap_python/share/ament_index/resource_index/packages
[1.020s] symbolically linking /home/echedey/Desktop/TFG/TFGwebots_ws/build/rtabmap_python/resource/rtabmap_python -> /home/echedey/Desktop/TFG/TFGwebots_ws/install/rtabmap_python/share/ament_index/resource_index/packages
[1.020s] symbolically linking /home/echedey/Desktop/TFG/TFGwebots_ws/build/rtabmap_python/package.xml -> /home/echedey/Desktop/TFG/TFGwebots_ws/install/rtabmap_python/share/rtabmap_python
[1.057s] Invoked command in '/home/echedey/Desktop/TFG/TFGwebots_ws/build/rtabmap_python' returned '0': PYTHONPATH=/home/echedey/Desktop/TFG/TFGwebots_ws/build/rtabmap_python/prefix_override:/usr/lib/python3/dist-packages/colcon_core/task/python/colcon_distutils_commands:/home/echedey/Desktop/TFG/TFGwebots_ws/install/rtabmap_python/lib/python3.10/site-packages:${PYTHONPATH} /usr/bin/python3 -W ignore:setup.py install is deprecated -W ignore:easy_install command is deprecated setup.py develop --editable --build-directory /home/echedey/Desktop/TFG/TFGwebots_ws/build/rtabmap_python/build --no-deps symlink_data
