[0.086s] DEBUG:colcon:Command line arguments: ['/usr/bin/colcon', 'build']
[0.087s] DEBUG:colcon:Parsed command line arguments: Namespace(log_base=None, log_level=None, verb_name='build', build_base='build', install_base='install', merge_install=False, symlink_install=False, test_result_base=None, continue_on_error=False, executor='parallel', parallel_workers=16, event_handlers=None, ignore_user_meta=False, metas=['./colcon.meta'], base_paths=['.'], packages_ignore=None, packages_ignore_regex=None, paths=None, packages_up_to=None, packages_up_to_regex=None, packages_above=None, packages_above_and_dependencies=None, packages_above_depth=None, packages_select_by_dep=None, packages_skip_by_dep=None, packages_skip_up_to=None, packages_select_build_failed=False, packages_skip_build_finished=False, packages_select_test_failures=False, packages_skip_test_passed=False, packages_select=None, packages_skip=None, packages_select_regex=None, packages_skip_regex=None, packages_start=None, packages_end=None, allow_overriding=[], cmake_args=None, cmake_target=None, cmake_target_skip_unavailable=False, cmake_clean_cache=False, cmake_clean_first=False, cmake_force_configure=False, ament_cmake_args=None, catkin_cmake_args=None, catkin_skip_building_tests=False, mixin_files=None, mixin=None, verb_parser=<colcon_mixin.mixin.mixin_argument.MixinArgumentDecorator object at 0x7f37edeca350>, verb_extension=<colcon_core.verb.build.BuildVerb object at 0x7f37ee0d3a00>, main=<bound method BuildVerb.main of <colcon_core.verb.build.BuildVerb object at 0x7f37ee0d3a00>>, mixin_verb=('build',))
[0.223s] Level 1:colcon.colcon_core.package_discovery:discover_packages(colcon_meta) check parameters
[0.223s] Level 1:colcon.colcon_core.package_discovery:discover_packages(recursive) check parameters
[0.223s] Level 1:colcon.colcon_core.package_discovery:discover_packages(ignore) check parameters
[0.223s] Level 1:colcon.colcon_core.package_discovery:discover_packages(path) check parameters
[0.223s] Level 1:colcon.colcon_core.package_discovery:discover_packages(colcon_meta) discover
[0.223s] Level 1:colcon.colcon_core.package_discovery:discover_packages(recursive) discover
[0.223s] INFO:colcon.colcon_core.package_discovery:Crawling recursively for packages in '/home/echedey/Desktop/TFG/TFG_ws'
[0.223s] Level 1:colcon.colcon_core.package_identification:_identify(.) by extensions ['ignore', 'ignore_ament_install']
[0.224s] Level 1:colcon.colcon_core.package_identification:_identify(.) by extension 'ignore'
[0.224s] Level 1:colcon.colcon_core.package_identification:_identify(.) by extension 'ignore_ament_install'
[0.224s] Level 1:colcon.colcon_core.package_identification:_identify(.) by extensions ['colcon_pkg']
[0.224s] Level 1:colcon.colcon_core.package_identification:_identify(.) by extension 'colcon_pkg'
[0.224s] Level 1:colcon.colcon_core.package_identification:_identify(.) by extensions ['colcon_meta']
[0.224s] Level 1:colcon.colcon_core.package_identification:_identify(.) by extension 'colcon_meta'
[0.224s] Level 1:colcon.colcon_core.package_identification:_identify(.) by extensions ['ros']
[0.224s] Level 1:colcon.colcon_core.package_identification:_identify(.) by extension 'ros'
[0.232s] Level 1:colcon.colcon_core.package_identification:_identify(.) by extensions ['cmake', 'python']
[0.232s] Level 1:colcon.colcon_core.package_identification:_identify(.) by extension 'cmake'
[0.233s] Level 1:colcon.colcon_core.package_identification:_identify(.) by extension 'python'
[0.233s] Level 1:colcon.colcon_core.package_identification:_identify(.) by extensions ['python_setup_py']
[0.233s] Level 1:colcon.colcon_core.package_identification:_identify(.) by extension 'python_setup_py'
[0.233s] Level 1:colcon.colcon_core.package_identification:_identify(build) by extensions ['ignore', 'ignore_ament_install']
[0.233s] Level 1:colcon.colcon_core.package_identification:_identify(build) by extension 'ignore'
[0.233s] Level 1:colcon.colcon_core.package_identification:_identify(build) ignored
[0.233s] Level 1:colcon.colcon_core.package_identification:_identify(install) by extensions ['ignore', 'ignore_ament_install']
[0.233s] Level 1:colcon.colcon_core.package_identification:_identify(install) by extension 'ignore'
[0.233s] Level 1:colcon.colcon_core.package_identification:_identify(install) ignored
[0.233s] Level 1:colcon.colcon_core.package_identification:_identify(log) by extensions ['ignore', 'ignore_ament_install']
[0.233s] Level 1:colcon.colcon_core.package_identification:_identify(log) by extension 'ignore'
[0.233s] Level 1:colcon.colcon_core.package_identification:_identify(log) ignored
[0.233s] Level 1:colcon.colcon_core.package_identification:_identify(room3) by extensions ['ignore', 'ignore_ament_install']
[0.233s] Level 1:colcon.colcon_core.package_identification:_identify(room3) by extension 'ignore'
[0.233s] Level 1:colcon.colcon_core.package_identification:_identify(room3) by extension 'ignore_ament_install'
[0.233s] Level 1:colcon.colcon_core.package_identification:_identify(room3) by extensions ['colcon_pkg']
[0.233s] Level 1:colcon.colcon_core.package_identification:_identify(room3) by extension 'colcon_pkg'
[0.233s] Level 1:colcon.colcon_core.package_identification:_identify(room3) by extensions ['colcon_meta']
[0.233s] Level 1:colcon.colcon_core.package_identification:_identify(room3) by extension 'colcon_meta'
[0.233s] Level 1:colcon.colcon_core.package_identification:_identify(room3) by extensions ['ros']
[0.233s] Level 1:colcon.colcon_core.package_identification:_identify(room3) by extension 'ros'
[0.235s] DEBUG:colcon.colcon_core.package_identification:Package 'room3' with type 'ros.ament_python' and name 'room3'
[0.235s] Level 1:colcon.colcon_core.package_identification:_identify(src) by extensions ['ignore', 'ignore_ament_install']
[0.236s] Level 1:colcon.colcon_core.package_identification:_identify(src) by extension 'ignore'
[0.236s] Level 1:colcon.colcon_core.package_identification:_identify(src) by extension 'ignore_ament_install'
[0.236s] Level 1:colcon.colcon_core.package_identification:_identify(src) by extensions ['colcon_pkg']
[0.236s] Level 1:colcon.colcon_core.package_identification:_identify(src) by extension 'colcon_pkg'
[0.236s] Level 1:colcon.colcon_core.package_identification:_identify(src) by extensions ['colcon_meta']
[0.236s] Level 1:colcon.colcon_core.package_identification:_identify(src) by extension 'colcon_meta'
[0.236s] Level 1:colcon.colcon_core.package_identification:_identify(src) by extensions ['ros']
[0.236s] Level 1:colcon.colcon_core.package_identification:_identify(src) by extension 'ros'
[0.236s] Level 1:colcon.colcon_core.package_identification:_identify(src) by extensions ['cmake', 'python']
[0.236s] Level 1:colcon.colcon_core.package_identification:_identify(src) by extension 'cmake'
[0.236s] Level 1:colcon.colcon_core.package_identification:_identify(src) by extension 'python'
[0.236s] Level 1:colcon.colcon_core.package_identification:_identify(src) by extensions ['python_setup_py']
[0.236s] Level 1:colcon.colcon_core.package_identification:_identify(src) by extension 'python_setup_py'
[0.236s] Level 1:colcon.colcon_core.package_identification:_identify(src/turtlebot4_sim) by extensions ['ignore', 'ignore_ament_install']
[0.236s] Level 1:colcon.colcon_core.package_identification:_identify(src/turtlebot4_sim) by extension 'ignore'
[0.236s] Level 1:colcon.colcon_core.package_identification:_identify(src/turtlebot4_sim) by extension 'ignore_ament_install'
[0.236s] Level 1:colcon.colcon_core.package_identification:_identify(src/turtlebot4_sim) by extensions ['colcon_pkg']
[0.236s] Level 1:colcon.colcon_core.package_identification:_identify(src/turtlebot4_sim) by extension 'colcon_pkg'
[0.236s] Level 1:colcon.colcon_core.package_identification:_identify(src/turtlebot4_sim) by extensions ['colcon_meta']
[0.236s] Level 1:colcon.colcon_core.package_identification:_identify(src/turtlebot4_sim) by extension 'colcon_meta'
[0.236s] Level 1:colcon.colcon_core.package_identification:_identify(src/turtlebot4_sim) by extensions ['ros']
[0.236s] Level 1:colcon.colcon_core.package_identification:_identify(src/turtlebot4_sim) by extension 'ros'
[0.237s] DEBUG:colcon.colcon_core.package_identification:Package 'src/turtlebot4_sim' with type 'ros.ament_python' and name 'turtlebot4_sim'
[0.237s] Level 1:colcon.colcon_core.package_discovery:discover_packages(recursive) using defaults
[0.237s] Level 1:colcon.colcon_core.package_discovery:discover_packages(ignore) discover
[0.237s] Level 1:colcon.colcon_core.package_discovery:discover_packages(ignore) using defaults
[0.237s] Level 1:colcon.colcon_core.package_discovery:discover_packages(path) discover
[0.237s] Level 1:colcon.colcon_core.package_discovery:discover_packages(path) using defaults
[0.266s] Level 1:colcon.colcon_core.package_discovery:discover_packages(prefix_path) check parameters
[0.267s] Level 1:colcon.colcon_core.package_discovery:discover_packages(prefix_path) discover
[0.268s] DEBUG:colcon.colcon_installed_package_information.package_discovery:Found 2 installed packages in /home/echedey/Desktop/TFG/TFG_ws/install
[0.269s] DEBUG:colcon.colcon_installed_package_information.package_discovery:Found 410 installed packages in /opt/ros/humble
[0.271s] Level 1:colcon.colcon_core.package_discovery:discover_packages(prefix_path) using defaults
[0.309s] Level 5:colcon.colcon_core.verb:set package 'room3' build argument 'cmake_args' from command line to 'None'
[0.309s] Level 5:colcon.colcon_core.verb:set package 'room3' build argument 'cmake_target' from command line to 'None'
[0.309s] Level 5:colcon.colcon_core.verb:set package 'room3' build argument 'cmake_target_skip_unavailable' from command line to 'False'
[0.309s] Level 5:colcon.colcon_core.verb:set package 'room3' build argument 'cmake_clean_cache' from command line to 'False'
[0.309s] Level 5:colcon.colcon_core.verb:set package 'room3' build argument 'cmake_clean_first' from command line to 'False'
[0.309s] Level 5:colcon.colcon_core.verb:set package 'room3' build argument 'cmake_force_configure' from command line to 'False'
[0.309s] Level 5:colcon.colcon_core.verb:set package 'room3' build argument 'ament_cmake_args' from command line to 'None'
[0.309s] Level 5:colcon.colcon_core.verb:set package 'room3' build argument 'catkin_cmake_args' from command line to 'None'
[0.309s] Level 5:colcon.colcon_core.verb:set package 'room3' build argument 'catkin_skip_building_tests' from command line to 'False'
[0.309s] DEBUG:colcon.colcon_core.verb:Building package 'room3' with the following arguments: {'ament_cmake_args': None, 'build_base': '/home/echedey/Desktop/TFG/TFG_ws/build/room3', 'catkin_cmake_args': None, 'catkin_skip_building_tests': False, 'cmake_args': None, 'cmake_clean_cache': False, 'cmake_clean_first': False, 'cmake_force_configure': False, 'cmake_target': None, 'cmake_target_skip_unavailable': False, 'install_base': '/home/echedey/Desktop/TFG/TFG_ws/install/room3', 'merge_install': False, 'path': '/home/echedey/Desktop/TFG/TFG_ws/room3', 'symlink_install': False, 'test_result_base': None}
[0.309s] Level 5:colcon.colcon_core.verb:set package 'turtlebot4_sim' build argument 'cmake_args' from command line to 'None'
[0.309s] Level 5:colcon.colcon_core.verb:set package 'turtlebot4_sim' build argument 'cmake_target' from command line to 'None'
[0.309s] Level 5:colcon.colcon_core.verb:set package 'turtlebot4_sim' build argument 'cmake_target_skip_unavailable' from command line to 'False'
[0.309s] Level 5:colcon.colcon_core.verb:set package 'turtlebot4_sim' build argument 'cmake_clean_cache' from command line to 'False'
[0.309s] Level 5:colcon.colcon_core.verb:set package 'turtlebot4_sim' build argument 'cmake_clean_first' from command line to 'False'
[0.309s] Level 5:colcon.colcon_core.verb:set package 'turtlebot4_sim' build argument 'cmake_force_configure' from command line to 'False'
[0.309s] Level 5:colcon.colcon_core.verb:set package 'turtlebot4_sim' build argument 'ament_cmake_args' from command line to 'None'
[0.309s] Level 5:colcon.colcon_core.verb:set package 'turtlebot4_sim' build argument 'catkin_cmake_args' from command line to 'None'
[0.309s] Level 5:colcon.colcon_core.verb:set package 'turtlebot4_sim' build argument 'catkin_skip_building_tests' from command line to 'False'
[0.309s] DEBUG:colcon.colcon_core.verb:Building package 'turtlebot4_sim' with the following arguments: {'ament_cmake_args': None, 'build_base': '/home/echedey/Desktop/TFG/TFG_ws/build/turtlebot4_sim', 'catkin_cmake_args': None, 'catkin_skip_building_tests': False, 'cmake_args': None, 'cmake_clean_cache': False, 'cmake_clean_first': False, 'cmake_force_configure': False, 'cmake_target': None, 'cmake_target_skip_unavailable': False, 'install_base': '/home/echedey/Desktop/TFG/TFG_ws/install/turtlebot4_sim', 'merge_install': False, 'path': '/home/echedey/Desktop/TFG/TFG_ws/src/turtlebot4_sim', 'symlink_install': False, 'test_result_base': None}
[0.309s] INFO:colcon.colcon_core.executor:Executing jobs using 'parallel' executor
[0.310s] DEBUG:colcon.colcon_parallel_executor.executor.parallel:run_until_complete
[0.310s] INFO:colcon.colcon_ros.task.ament_python.build:Building ROS package in '/home/echedey/Desktop/TFG/TFG_ws/room3' with build type 'ament_python'
[0.310s] Level 1:colcon.colcon_core.shell:create_environment_hook('room3', 'ament_prefix_path')
[0.312s] INFO:colcon.colcon_core.plugin_system:Skipping extension 'colcon_core.shell.bat': Not used on non-Windows systems
[0.312s] INFO:colcon.colcon_core.shell:Creating environment hook '/home/echedey/Desktop/TFG/TFG_ws/install/room3/share/room3/hook/ament_prefix_path.ps1'
[0.313s] INFO:colcon.colcon_core.shell:Creating environment descriptor '/home/echedey/Desktop/TFG/TFG_ws/install/room3/share/room3/hook/ament_prefix_path.dsv'
[0.313s] INFO:colcon.colcon_core.shell:Creating environment hook '/home/echedey/Desktop/TFG/TFG_ws/install/room3/share/room3/hook/ament_prefix_path.sh'
[0.314s] INFO:colcon.colcon_core.shell:Skip shell extension 'powershell' for command environment: Not usable outside of PowerShell
[0.314s] DEBUG:colcon.colcon_core.shell:Skip shell extension 'dsv' for command environment
[0.317s] INFO:colcon.colcon_ros.task.ament_python.build:Building ROS package in '/home/echedey/Desktop/TFG/TFG_ws/src/turtlebot4_sim' with build type 'ament_python'
[0.318s] Level 1:colcon.colcon_core.shell:create_environment_hook('turtlebot4_sim', 'ament_prefix_path')
[0.318s] INFO:colcon.colcon_core.shell:Creating environment hook '/home/echedey/Desktop/TFG/TFG_ws/install/turtlebot4_sim/share/turtlebot4_sim/hook/ament_prefix_path.ps1'
[0.318s] INFO:colcon.colcon_core.shell:Creating environment descriptor '/home/echedey/Desktop/TFG/TFG_ws/install/turtlebot4_sim/share/turtlebot4_sim/hook/ament_prefix_path.dsv'
[0.319s] INFO:colcon.colcon_core.shell:Creating environment hook '/home/echedey/Desktop/TFG/TFG_ws/install/turtlebot4_sim/share/turtlebot4_sim/hook/ament_prefix_path.sh'
[0.319s] INFO:colcon.colcon_core.shell:Skip shell extension 'powershell' for command environment: Not usable outside of PowerShell
[0.319s] DEBUG:colcon.colcon_core.shell:Skip shell extension 'dsv' for command environment
[0.552s] INFO:colcon.colcon_core.task.python.build:Building Python package in '/home/echedey/Desktop/TFG/TFG_ws/room3'
[0.552s] INFO:colcon.colcon_core.shell:Skip shell extension 'powershell' for command environment: Not usable outside of PowerShell
[0.552s] DEBUG:colcon.colcon_core.shell:Skip shell extension 'dsv' for command environment
[0.783s] INFO:colcon.colcon_core.task.python.build:Building Python package in '/home/echedey/Desktop/TFG/TFG_ws/src/turtlebot4_sim'
[0.783s] INFO:colcon.colcon_core.shell:Skip shell extension 'powershell' for command environment: Not usable outside of PowerShell
[0.783s] DEBUG:colcon.colcon_core.shell:Skip shell extension 'dsv' for command environment
[1.091s] DEBUG:colcon.colcon_core.event_handler.log_command:Invoking command in '/home/echedey/Desktop/TFG/TFG_ws/src/turtlebot4_sim': PYTHONPATH=/home/echedey/Desktop/TFG/TFG_ws/build/turtlebot4_sim/prefix_override:/usr/lib/python3/dist-packages/colcon_core/task/python/colcon_distutils_commands:/home/echedey/Desktop/TFG/TFG_ws/install/turtlebot4_sim/lib/python3.10/site-packages:${PYTHONPATH} /usr/bin/python3 -W ignore:setup.py install is deprecated -W ignore:easy_install command is deprecated setup.py egg_info --egg-base ../../build/turtlebot4_sim build --build-base /home/echedey/Desktop/TFG/TFG_ws/build/turtlebot4_sim/build install --record /home/echedey/Desktop/TFG/TFG_ws/build/turtlebot4_sim/install.log --single-version-externally-managed install_data
[1.113s] DEBUG:colcon.colcon_core.event_handler.log_command:Invoking command in '/home/echedey/Desktop/TFG/TFG_ws/room3': PYTHONPATH=/home/echedey/Desktop/TFG/TFG_ws/build/room3/prefix_override:/usr/lib/python3/dist-packages/colcon_core/task/python/colcon_distutils_commands:/home/echedey/Desktop/TFG/TFG_ws/install/room3/lib/python3.10/site-packages:${PYTHONPATH} /usr/bin/python3 -W ignore:setup.py install is deprecated -W ignore:easy_install command is deprecated setup.py egg_info --egg-base ../build/room3 build --build-base /home/echedey/Desktop/TFG/TFG_ws/build/room3/build install --record /home/echedey/Desktop/TFG/TFG_ws/build/room3/install.log --single-version-externally-managed install_data
[1.367s] DEBUG:colcon.colcon_core.event_handler.log_command:Invoked command in '/home/echedey/Desktop/TFG/TFG_ws/src/turtlebot4_sim' returned '0': PYTHONPATH=/home/echedey/Desktop/TFG/TFG_ws/build/turtlebot4_sim/prefix_override:/usr/lib/python3/dist-packages/colcon_core/task/python/colcon_distutils_commands:/home/echedey/Desktop/TFG/TFG_ws/install/turtlebot4_sim/lib/python3.10/site-packages:${PYTHONPATH} /usr/bin/python3 -W ignore:setup.py install is deprecated -W ignore:easy_install command is deprecated setup.py egg_info --egg-base ../../build/turtlebot4_sim build --build-base /home/echedey/Desktop/TFG/TFG_ws/build/turtlebot4_sim/build install --record /home/echedey/Desktop/TFG/TFG_ws/build/turtlebot4_sim/install.log --single-version-externally-managed install_data
[1.369s] Level 1:colcon.colcon_core.environment:checking '/home/echedey/Desktop/TFG/TFG_ws/install/turtlebot4_sim' for CMake module files
[1.369s] Level 1:colcon.colcon_core.environment:checking '/home/echedey/Desktop/TFG/TFG_ws/install/turtlebot4_sim' for CMake config files
[1.370s] Level 1:colcon.colcon_core.environment:checking '/home/echedey/Desktop/TFG/TFG_ws/install/turtlebot4_sim/lib'
[1.370s] Level 1:colcon.colcon_core.environment:checking '/home/echedey/Desktop/TFG/TFG_ws/install/turtlebot4_sim/bin'
[1.370s] Level 1:colcon.colcon_core.environment:checking '/home/echedey/Desktop/TFG/TFG_ws/install/turtlebot4_sim/lib/pkgconfig/turtlebot4_sim.pc'
[1.370s] Level 1:colcon.colcon_core.environment:checking '/home/echedey/Desktop/TFG/TFG_ws/install/turtlebot4_sim/lib/python3.10/site-packages'
[1.370s] Level 1:colcon.colcon_core.shell:create_environment_hook('turtlebot4_sim', 'pythonpath')
[1.371s] INFO:colcon.colcon_core.shell:Creating environment hook '/home/echedey/Desktop/TFG/TFG_ws/install/turtlebot4_sim/share/turtlebot4_sim/hook/pythonpath.ps1'
[1.371s] INFO:colcon.colcon_core.shell:Creating environment descriptor '/home/echedey/Desktop/TFG/TFG_ws/install/turtlebot4_sim/share/turtlebot4_sim/hook/pythonpath.dsv'
[1.372s] INFO:colcon.colcon_core.shell:Creating environment hook '/home/echedey/Desktop/TFG/TFG_ws/install/turtlebot4_sim/share/turtlebot4_sim/hook/pythonpath.sh'
[1.372s] Level 1:colcon.colcon_core.environment:checking '/home/echedey/Desktop/TFG/TFG_ws/install/turtlebot4_sim/bin'
[1.373s] Level 1:colcon.colcon_core.environment:create_environment_scripts_only(turtlebot4_sim)
[1.373s] INFO:colcon.colcon_core.shell:Creating package script '/home/echedey/Desktop/TFG/TFG_ws/install/turtlebot4_sim/share/turtlebot4_sim/package.ps1'
[1.374s] INFO:colcon.colcon_core.shell:Creating package descriptor '/home/echedey/Desktop/TFG/TFG_ws/install/turtlebot4_sim/share/turtlebot4_sim/package.dsv'
[1.374s] INFO:colcon.colcon_core.shell:Creating package script '/home/echedey/Desktop/TFG/TFG_ws/install/turtlebot4_sim/share/turtlebot4_sim/package.sh'
[1.375s] INFO:colcon.colcon_core.shell:Creating package script '/home/echedey/Desktop/TFG/TFG_ws/install/turtlebot4_sim/share/turtlebot4_sim/package.bash'
[1.376s] INFO:colcon.colcon_core.shell:Creating package script '/home/echedey/Desktop/TFG/TFG_ws/install/turtlebot4_sim/share/turtlebot4_sim/package.zsh'
[1.377s] Level 1:colcon.colcon_core.environment:create_file_with_runtime_dependencies(/home/echedey/Desktop/TFG/TFG_ws/install/turtlebot4_sim/share/colcon-core/packages/turtlebot4_sim)
[1.407s] Level 1:colcon.colcon_core.environment:checking '/home/echedey/Desktop/TFG/TFG_ws/install/room3' for CMake module files
[1.408s] DEBUG:colcon.colcon_core.event_handler.log_command:Invoked command in '/home/echedey/Desktop/TFG/TFG_ws/room3' returned '0': PYTHONPATH=/home/echedey/Desktop/TFG/TFG_ws/build/room3/prefix_override:/usr/lib/python3/dist-packages/colcon_core/task/python/colcon_distutils_commands:/home/echedey/Desktop/TFG/TFG_ws/install/room3/lib/python3.10/site-packages:${PYTHONPATH} /usr/bin/python3 -W ignore:setup.py install is deprecated -W ignore:easy_install command is deprecated setup.py egg_info --egg-base ../build/room3 build --build-base /home/echedey/Desktop/TFG/TFG_ws/build/room3/build install --record /home/echedey/Desktop/TFG/TFG_ws/build/room3/install.log --single-version-externally-managed install_data
[1.408s] Level 1:colcon.colcon_core.environment:checking '/home/echedey/Desktop/TFG/TFG_ws/install/room3' for CMake config files
[1.409s] Level 1:colcon.colcon_core.environment:checking '/home/echedey/Desktop/TFG/TFG_ws/install/room3/lib'
[1.409s] Level 1:colcon.colcon_core.environment:checking '/home/echedey/Desktop/TFG/TFG_ws/install/room3/bin'
[1.409s] Level 1:colcon.colcon_core.environment:checking '/home/echedey/Desktop/TFG/TFG_ws/install/room3/lib/pkgconfig/room3.pc'
[1.409s] Level 1:colcon.colcon_core.environment:checking '/home/echedey/Desktop/TFG/TFG_ws/install/room3/lib/python3.10/site-packages'
[1.409s] Level 1:colcon.colcon_core.shell:create_environment_hook('room3', 'pythonpath')
[1.409s] INFO:colcon.colcon_core.shell:Creating environment hook '/home/echedey/Desktop/TFG/TFG_ws/install/room3/share/room3/hook/pythonpath.ps1'
[1.410s] INFO:colcon.colcon_core.shell:Creating environment descriptor '/home/echedey/Desktop/TFG/TFG_ws/install/room3/share/room3/hook/pythonpath.dsv'
[1.411s] INFO:colcon.colcon_core.shell:Creating environment hook '/home/echedey/Desktop/TFG/TFG_ws/install/room3/share/room3/hook/pythonpath.sh'
[1.412s] Level 1:colcon.colcon_core.environment:checking '/home/echedey/Desktop/TFG/TFG_ws/install/room3/bin'
[1.412s] Level 1:colcon.colcon_core.environment:create_environment_scripts_only(room3)
[1.412s] INFO:colcon.colcon_core.shell:Creating package script '/home/echedey/Desktop/TFG/TFG_ws/install/room3/share/room3/package.ps1'
[1.414s] INFO:colcon.colcon_core.shell:Creating package descriptor '/home/echedey/Desktop/TFG/TFG_ws/install/room3/share/room3/package.dsv'
[1.415s] INFO:colcon.colcon_core.shell:Creating package script '/home/echedey/Desktop/TFG/TFG_ws/install/room3/share/room3/package.sh'
[1.415s] INFO:colcon.colcon_core.shell:Creating package script '/home/echedey/Desktop/TFG/TFG_ws/install/room3/share/room3/package.bash'
[1.416s] INFO:colcon.colcon_core.shell:Creating package script '/home/echedey/Desktop/TFG/TFG_ws/install/room3/share/room3/package.zsh'
[1.416s] Level 1:colcon.colcon_core.environment:create_file_with_runtime_dependencies(/home/echedey/Desktop/TFG/TFG_ws/install/room3/share/colcon-core/packages/room3)
[1.416s] DEBUG:colcon.colcon_parallel_executor.executor.parallel:closing loop
[1.417s] DEBUG:colcon.colcon_parallel_executor.executor.parallel:loop closed
[1.417s] DEBUG:colcon.colcon_parallel_executor.executor.parallel:run_until_complete finished with '0'
[1.417s] DEBUG:colcon.colcon_core.event_reactor:joining thread
[1.422s] INFO:colcon.colcon_core.plugin_system:Skipping extension 'colcon_notification.desktop_notification.terminal_notifier': Not used on non-Darwin systems
[1.422s] INFO:colcon.colcon_core.plugin_system:Skipping extension 'colcon_notification.desktop_notification.win32': Not used on non-Windows systems
[1.422s] INFO:colcon.colcon_notification.desktop_notification:Sending desktop notification using 'notify2'
[1.454s] DEBUG:colcon.colcon_core.event_reactor:joined thread
[1.455s] INFO:colcon.colcon_core.shell:Creating prefix script '/home/echedey/Desktop/TFG/TFG_ws/install/local_setup.ps1'
[1.456s] INFO:colcon.colcon_core.shell:Creating prefix util module '/home/echedey/Desktop/TFG/TFG_ws/install/_local_setup_util_ps1.py'
[1.457s] INFO:colcon.colcon_core.shell:Creating prefix chain script '/home/echedey/Desktop/TFG/TFG_ws/install/setup.ps1'
[1.458s] INFO:colcon.colcon_core.shell:Creating prefix script '/home/echedey/Desktop/TFG/TFG_ws/install/local_setup.sh'
[1.459s] INFO:colcon.colcon_core.shell:Creating prefix util module '/home/echedey/Desktop/TFG/TFG_ws/install/_local_setup_util_sh.py'
[1.460s] INFO:colcon.colcon_core.shell:Creating prefix chain script '/home/echedey/Desktop/TFG/TFG_ws/install/setup.sh'
[1.461s] INFO:colcon.colcon_core.shell:Creating prefix script '/home/echedey/Desktop/TFG/TFG_ws/install/local_setup.bash'
[1.461s] INFO:colcon.colcon_core.shell:Creating prefix chain script '/home/echedey/Desktop/TFG/TFG_ws/install/setup.bash'
[1.462s] INFO:colcon.colcon_core.shell:Creating prefix script '/home/echedey/Desktop/TFG/TFG_ws/install/local_setup.zsh'
[1.462s] INFO:colcon.colcon_core.shell:Creating prefix chain script '/home/echedey/Desktop/TFG/TFG_ws/install/setup.zsh'
