-- Install configuration: ""
-- Up-to-date: /home/echedey/Desktop/TFG/TFG_ws/install/turtlebot4_custom_description/share/turtlebot4_custom_description/urdf
-- Up-to-date: /home/echedey/Desktop/TFG/TFG_ws/install/turtlebot4_custom_description/share/turtlebot4_custom_description/urdf/standard
-- Up-to-date: /home/echedey/Desktop/TFG/TFG_ws/install/turtlebot4_custom_description/share/turtlebot4_custom_description/urdf/standard/turtlebot4.urdf.xacro
-- Up-to-date: /home/echedey/Desktop/TFG/TFG_ws/install/turtlebot4_custom_description/share/turtlebot4_custom_description/urdf/standard/tower_standoff.urdf.xacro
-- Up-to-date: /home/echedey/Desktop/TFG/TFG_ws/install/turtlebot4_custom_description/share/turtlebot4_custom_description/urdf/standard/weight_block.urdf.xacro
-- Up-to-date: /home/echedey/Desktop/TFG/TFG_ws/install/turtlebot4_custom_description/share/turtlebot4_custom_description/urdf/standard/tower_sensor_plate.urdf.xacro
-- Up-to-date: /home/echedey/Desktop/TFG/TFG_ws/install/turtlebot4_custom_description/share/turtlebot4_custom_description/urdf/standard/turtlebot4.urdf
-- Up-to-date: /home/echedey/Desktop/TFG/TFG_ws/install/turtlebot4_custom_description/share/turtlebot4_custom_description/urdf/sensors
-- Up-to-date: /home/echedey/Desktop/TFG/TFG_ws/install/turtlebot4_custom_description/share/turtlebot4_custom_description/urdf/sensors/camera_bracket.urdf.xacro
-- Up-to-date: /home/echedey/Desktop/TFG/TFG_ws/install/turtlebot4_custom_description/share/turtlebot4_custom_description/urdf/sensors/rplidar.urdf.xacro
-- Up-to-date: /home/echedey/Desktop/TFG/TFG_ws/install/turtlebot4_custom_description/share/turtlebot4_custom_description/urdf/sensors/oakd.urdf.xacro
-- Up-to-date: /home/echedey/Desktop/TFG/TFG_ws/install/turtlebot4_custom_description/share/turtlebot4_custom_description/urdf/lite
-- Up-to-date: /home/echedey/Desktop/TFG/TFG_ws/install/turtlebot4_custom_description/share/turtlebot4_custom_description/urdf/lite/turtlebot4.urdf.xacro
-- Up-to-date: /home/echedey/Desktop/TFG/TFG_ws/install/turtlebot4_custom_description/share/ament_index/resource_index/package_run_dependencies/turtlebot4_custom_description
-- Up-to-date: /home/echedey/Desktop/TFG/TFG_ws/install/turtlebot4_custom_description/share/ament_index/resource_index/parent_prefix_path/turtlebot4_custom_description
-- Up-to-date: /home/echedey/Desktop/TFG/TFG_ws/install/turtlebot4_custom_description/share/turtlebot4_custom_description/environment/ament_prefix_path.sh
-- Up-to-date: /home/echedey/Desktop/TFG/TFG_ws/install/turtlebot4_custom_description/share/turtlebot4_custom_description/environment/ament_prefix_path.dsv
-- Up-to-date: /home/echedey/Desktop/TFG/TFG_ws/install/turtlebot4_custom_description/share/turtlebot4_custom_description/environment/path.sh
-- Up-to-date: /home/echedey/Desktop/TFG/TFG_ws/install/turtlebot4_custom_description/share/turtlebot4_custom_description/environment/path.dsv
-- Up-to-date: /home/echedey/Desktop/TFG/TFG_ws/install/turtlebot4_custom_description/share/turtlebot4_custom_description/local_setup.bash
-- Up-to-date: /home/echedey/Desktop/TFG/TFG_ws/install/turtlebot4_custom_description/share/turtlebot4_custom_description/local_setup.sh
-- Up-to-date: /home/echedey/Desktop/TFG/TFG_ws/install/turtlebot4_custom_description/share/turtlebot4_custom_description/local_setup.zsh
-- Up-to-date: /home/echedey/Desktop/TFG/TFG_ws/install/turtlebot4_custom_description/share/turtlebot4_custom_description/local_setup.dsv
-- Up-to-date: /home/echedey/Desktop/TFG/TFG_ws/install/turtlebot4_custom_description/share/turtlebot4_custom_description/package.dsv
-- Up-to-date: /home/echedey/Desktop/TFG/TFG_ws/install/turtlebot4_custom_description/share/ament_index/resource_index/packages/turtlebot4_custom_description
-- Up-to-date: /home/echedey/Desktop/TFG/TFG_ws/install/turtlebot4_custom_description/share/turtlebot4_custom_description/cmake/turtlebot4_custom_descriptionConfig.cmake
-- Up-to-date: /home/echedey/Desktop/TFG/TFG_ws/install/turtlebot4_custom_description/share/turtlebot4_custom_description/cmake/turtlebot4_custom_descriptionConfig-version.cmake
-- Up-to-date: /home/echedey/Desktop/TFG/TFG_ws/install/turtlebot4_custom_description/share/turtlebot4_custom_description/package.xml
