[0.016s] Invoking command in '/home/echedey/Desktop/TFG/TFG_ws/build/turtlebot4_custom_description': CMAKE_PREFIX_PATH=/home/echedey/Desktop/TFG/TFG_ws/install/turtlebot4_sim:/home/echedey/Desktop/TFG/TFG_ws/install/room3:/opt/ros/humble /usr/bin/cmake --build /home/echedey/Desktop/TFG/TFG_ws/build/turtlebot4_custom_description -- -j16 -l16
[0.078s] Invoked command in '/home/echedey/Desktop/TFG/TFG_ws/build/turtlebot4_custom_description' returned '0': CMAKE_PREFIX_PATH=/home/echedey/Desktop/TFG/TFG_ws/install/turtlebot4_sim:/home/echedey/Desktop/TFG/TFG_ws/install/room3:/opt/ros/humble /usr/bin/cmake --build /home/echedey/Desktop/TFG/TFG_ws/build/turtlebot4_custom_description -- -j16 -l16
[0.093s] Invoking command in '/home/echedey/Desktop/TFG/TFG_ws/build/turtlebot4_custom_description': CMAKE_PREFIX_PATH=/home/echedey/Desktop/TFG/TFG_ws/install/turtlebot4_sim:/home/echedey/Desktop/TFG/TFG_ws/install/room3:/opt/ros/humble /usr/bin/cmake --install /home/echedey/Desktop/TFG/TFG_ws/build/turtlebot4_custom_description
[0.105s] -- Install configuration: ""
[0.105s] -- Up-to-date: /home/echedey/Desktop/TFG/TFG_ws/install/turtlebot4_custom_description/share/turtlebot4_custom_description/urdf
[0.106s] -- Up-to-date: /home/echedey/Desktop/TFG/TFG_ws/install/turtlebot4_custom_description/share/turtlebot4_custom_description/urdf/standard
[0.106s] -- Up-to-date: /home/echedey/Desktop/TFG/TFG_ws/install/turtlebot4_custom_description/share/turtlebot4_custom_description/urdf/standard/turtlebot4.urdf.xacro
[0.106s] -- Up-to-date: /home/echedey/Desktop/TFG/TFG_ws/install/turtlebot4_custom_description/share/turtlebot4_custom_description/urdf/standard/tower_standoff.urdf.xacro
[0.106s] -- Up-to-date: /home/echedey/Desktop/TFG/TFG_ws/install/turtlebot4_custom_description/share/turtlebot4_custom_description/urdf/standard/weight_block.urdf.xacro
[0.106s] -- Up-to-date: /home/echedey/Desktop/TFG/TFG_ws/install/turtlebot4_custom_description/share/turtlebot4_custom_description/urdf/standard/tower_sensor_plate.urdf.xacro
[0.107s] -- Up-to-date: /home/echedey/Desktop/TFG/TFG_ws/install/turtlebot4_custom_description/share/turtlebot4_custom_description/urdf/standard/turtlebot4.urdf
[0.107s] -- Up-to-date: /home/echedey/Desktop/TFG/TFG_ws/install/turtlebot4_custom_description/share/turtlebot4_custom_description/urdf/sensors
[0.107s] -- Up-to-date: /home/echedey/Desktop/TFG/TFG_ws/install/turtlebot4_custom_description/share/turtlebot4_custom_description/urdf/sensors/camera_bracket.urdf.xacro
[0.107s] -- Up-to-date: /home/echedey/Desktop/TFG/TFG_ws/install/turtlebot4_custom_description/share/turtlebot4_custom_description/urdf/sensors/rplidar.urdf.xacro
[0.107s] -- Up-to-date: /home/echedey/Desktop/TFG/TFG_ws/install/turtlebot4_custom_description/share/turtlebot4_custom_description/urdf/sensors/oakd.urdf.xacro
[0.107s] -- Up-to-date: /home/echedey/Desktop/TFG/TFG_ws/install/turtlebot4_custom_description/share/turtlebot4_custom_description/urdf/lite
[0.107s] -- Up-to-date: /home/echedey/Desktop/TFG/TFG_ws/install/turtlebot4_custom_description/share/turtlebot4_custom_description/urdf/lite/turtlebot4.urdf.xacro
[0.107s] -- Up-to-date: /home/echedey/Desktop/TFG/TFG_ws/install/turtlebot4_custom_description/share/ament_index/resource_index/package_run_dependencies/turtlebot4_custom_description
[0.108s] -- Up-to-date: /home/echedey/Desktop/TFG/TFG_ws/install/turtlebot4_custom_description/share/ament_index/resource_index/parent_prefix_path/turtlebot4_custom_description
[0.108s] -- Up-to-date: /home/echedey/Desktop/TFG/TFG_ws/install/turtlebot4_custom_description/share/turtlebot4_custom_description/environment/ament_prefix_path.sh
[0.108s] -- Up-to-date: /home/echedey/Desktop/TFG/TFG_ws/install/turtlebot4_custom_description/share/turtlebot4_custom_description/environment/ament_prefix_path.dsv
[0.108s] -- Up-to-date: /home/echedey/Desktop/TFG/TFG_ws/install/turtlebot4_custom_description/share/turtlebot4_custom_description/environment/path.sh
[0.108s] -- Up-to-date: /home/echedey/Desktop/TFG/TFG_ws/install/turtlebot4_custom_description/share/turtlebot4_custom_description/environment/path.dsv
[0.108s] -- Up-to-date: /home/echedey/Desktop/TFG/TFG_ws/install/turtlebot4_custom_description/share/turtlebot4_custom_description/local_setup.bash
[0.108s] -- Up-to-date: /home/echedey/Desktop/TFG/TFG_ws/install/turtlebot4_custom_description/share/turtlebot4_custom_description/local_setup.sh
[0.108s] -- Up-to-date: /home/echedey/Desktop/TFG/TFG_ws/install/turtlebot4_custom_description/share/turtlebot4_custom_description/local_setup.zsh
[0.108s] -- Up-to-date: /home/echedey/Desktop/TFG/TFG_ws/install/turtlebot4_custom_description/share/turtlebot4_custom_description/local_setup.dsv
[0.108s] -- Up-to-date: /home/echedey/Desktop/TFG/TFG_ws/install/turtlebot4_custom_description/share/turtlebot4_custom_description/package.dsv
[0.108s] -- Up-to-date: /home/echedey/Desktop/TFG/TFG_ws/install/turtlebot4_custom_description/share/ament_index/resource_index/packages/turtlebot4_custom_description
[0.108s] -- Up-to-date: /home/echedey/Desktop/TFG/TFG_ws/install/turtlebot4_custom_description/share/turtlebot4_custom_description/cmake/turtlebot4_custom_descriptionConfig.cmake
[0.108s] -- Up-to-date: /home/echedey/Desktop/TFG/TFG_ws/install/turtlebot4_custom_description/share/turtlebot4_custom_description/cmake/turtlebot4_custom_descriptionConfig-version.cmake
[0.108s] -- Up-to-date: /home/echedey/Desktop/TFG/TFG_ws/install/turtlebot4_custom_description/share/turtlebot4_custom_description/package.xml
[0.110s] Invoked command in '/home/echedey/Desktop/TFG/TFG_ws/build/turtlebot4_custom_description' returned '0': CMAKE_PREFIX_PATH=/home/echedey/Desktop/TFG/TFG_ws/install/turtlebot4_sim:/home/echedey/Desktop/TFG/TFG_ws/install/room3:/opt/ros/humble /usr/bin/cmake --install /home/echedey/Desktop/TFG/TFG_ws/build/turtlebot4_custom_description
